[ 2017-04-11T11:15:01+08:00 ] ::1 ::1 GET /tp5/public/index.php/demo/hello/hello.html
[ log ] localhost/tp5/public/index.php/demo/hello/hello.html [运行时间：1.388079s][吞吐率：0.72req/s] [内存消耗：1,418.05kb] [文件加载：38]
[ info ] [ LANG ] C:\xampp\htdocs\tp5\thinkphp\lang\zh-cn.php
[ info ] [ ROUTE ] array (
  'type' => 'module',
  'module' => 
  array (
    0 => 'demo',
    1 => 'hello',
    2 => 'hello',
  ),
)
[ info ] [ HEADER ] array (
  'host' => 'localhost',
  'connection' => 'keep-alive',
  'upgrade-insecure-requests' => '1',
  'user-agent' => 'Mozilla/5.0 (Windows NT 6.1; Win64; x64) AppleWebKit/537.36 (KHTML, like Gecko) Chrome/57.0.2987.133 Safari/537.36',
  'accept' => 'text/html,application/xhtml+xml,application/xml;q=0.9,image/webp,*/*;q=0.8',
  'accept-encoding' => 'gzip, deflate, sdch, br',
  'accept-language' => 'zh-CN,zh;q=0.8',
  'cookie' => 'pgv_pvi=1445688320; Phpstorm-e4311aeb=e3ecb2d2-64ad-427e-a502-9b52cf11c2cf',
)
[ info ] [ PARAM ] array (
)
[ info ] [ RUN ] app\demo\controller\Hello->hello[ C:\xampp\htdocs\tp5\application\demo\controller\Hello.php ]
[ info ] [ VIEW ] C:\xampp\htdocs\tp5\public/../application/demo\view\hello\hello.html [ array (
) ]
[ info ] [ LOG ] INIT File

---------------------------------------------------------------
[ 2017-04-11T11:15:04+08:00 ] ::1 ::1 POST /tp5/public/index.php/demo/hello/reload
[ log ] localhost/tp5/public/index.php/demo/hello/reload [运行时间：0.037002s][吞吐率：27.03req/s] [内存消耗：1,358.40kb] [文件加载：36]
[ info ] [ LANG ] C:\xampp\htdocs\tp5\thinkphp\lang\zh-cn.php
[ info ] [ ROUTE ] array (
  'type' => 'module',
  'module' => 
  array (
    0 => 'demo',
    1 => 'hello',
    2 => 'reload',
  ),
)
[ info ] [ HEADER ] array (
  'host' => 'localhost',
  'connection' => 'keep-alive',
  'content-length' => '8',
  'accept' => '*/*',
  'origin' => 'http://localhost',
  'x-requested-with' => 'XMLHttpRequest',
  'user-agent' => 'Mozilla/5.0 (Windows NT 6.1; Win64; x64) AppleWebKit/537.36 (KHTML, like Gecko) Chrome/57.0.2987.133 Safari/537.36',
  'content-type' => 'application/x-www-form-urlencoded; charset=UTF-8',
  'referer' => 'http://localhost/tp5/public/index.php/demo/hello/hello.html',
  'accept-encoding' => 'gzip, deflate, br',
  'accept-language' => 'zh-CN,zh;q=0.8',
  'cookie' => 'pgv_pvi=1445688320; Phpstorm-e4311aeb=e3ecb2d2-64ad-427e-a502-9b52cf11c2cf',
)
[ info ] [ PARAM ] array (
  'name' => 'set',
)
[ info ] [ RUN ] app\demo\controller\Hello->reload[ C:\xampp\htdocs\tp5\application\demo\controller\Hello.php ]
[ info ] [ LOG ] INIT File

---------------------------------------------------------------
[ 2017-04-11T11:15:04+08:00 ] ::1 ::1 GET /tp5/public/index.php/demo/hello/setattr.html
[ log ] localhost/tp5/public/index.php/demo/hello/setattr.html [运行时间：0.305018s][吞吐率：3.28req/s] [内存消耗：1,638.06kb] [文件加载：42]
[ info ] [ LANG ] C:\xampp\htdocs\tp5\thinkphp\lang\zh-cn.php
[ info ] [ ROUTE ] array (
  'type' => 'module',
  'module' => 
  array (
    0 => 'demo',
    1 => 'hello',
    2 => 'setattr',
  ),
)
[ info ] [ HEADER ] array (
  'host' => 'localhost',
  'connection' => 'keep-alive',
  'upgrade-insecure-requests' => '1',
  'user-agent' => 'Mozilla/5.0 (Windows NT 6.1; Win64; x64) AppleWebKit/537.36 (KHTML, like Gecko) Chrome/57.0.2987.133 Safari/537.36',
  'accept' => 'text/html,application/xhtml+xml,application/xml;q=0.9,image/webp,*/*;q=0.8',
  'referer' => 'http://localhost/tp5/public/index.php/demo/hello/hello.html',
  'accept-encoding' => 'gzip, deflate, sdch, br',
  'accept-language' => 'zh-CN,zh;q=0.8',
  'cookie' => 'pgv_pvi=1445688320; Phpstorm-e4311aeb=e3ecb2d2-64ad-427e-a502-9b52cf11c2cf',
)
[ info ] [ PARAM ] array (
)
[ info ] [ RUN ] app\demo\controller\Hello->setattr[ C:\xampp\htdocs\tp5\application\demo\controller\Hello.php ]
[ info ] [ DB ] INIT mysql
[ info ] [ VIEW ] C:\xampp\htdocs\tp5\public/../application/demo\view\hello\setattr.html [ array (
  0 => 'game_type',
  1 => 'terminal_type',
  2 => 'sex',
  3 => 'age_group',
  4 => 'game_experience',
  5 => 'game_year',
) ]
[ info ] [ LOG ] INIT File
[ sql ] [ DB ] CONNECT:[ UseTime:0.027002s ] mysql:dbname=sort;host=localhost;port=3306;charset=utf8
[ sql ] [ SQL ] select id,value from attr where name = "game_type" [ RunTime:0.039002s ]
[ sql ] [ SQL ] select id,value from attr where name = "terminal_type" [ RunTime:0.001000s ]
[ sql ] [ SQL ] select id,value from attr where name = "sex_type" [ RunTime:0.001000s ]
[ sql ] [ SQL ] select id,value from attr where name = "age_type" [ RunTime:0.001000s ]
[ sql ] [ SQL ] select id,value from attr where name = "game_experience" [ RunTime:0.001000s ]
[ sql ] [ SQL ] select id,value from attr where name = "game_year" [ RunTime:0.001000s ]

---------------------------------------------------------------
[ 2017-04-11T11:15:07+08:00 ] ::1 ::1 GET /tp5/public/index.php/demo/hello/project.html
[ log ] localhost/tp5/public/index.php/demo/hello/project.html [运行时间：0.103006s][吞吐率：9.71req/s] [内存消耗：1,630.51kb] [文件加载：42]
[ info ] [ LANG ] C:\xampp\htdocs\tp5\thinkphp\lang\zh-cn.php
[ info ] [ ROUTE ] array (
  'type' => 'module',
  'module' => 
  array (
    0 => 'demo',
    1 => 'hello',
    2 => 'project',
  ),
)
[ info ] [ HEADER ] array (
  'host' => 'localhost',
  'connection' => 'keep-alive',
  'upgrade-insecure-requests' => '1',
  'user-agent' => 'Mozilla/5.0 (Windows NT 6.1; Win64; x64) AppleWebKit/537.36 (KHTML, like Gecko) Chrome/57.0.2987.133 Safari/537.36',
  'accept' => 'text/html,application/xhtml+xml,application/xml;q=0.9,image/webp,*/*;q=0.8',
  'referer' => 'http://localhost/tp5/public/index.php/demo/hello/setattr.html',
  'accept-encoding' => 'gzip, deflate, sdch, br',
  'accept-language' => 'zh-CN,zh;q=0.8',
  'cookie' => 'pgv_pvi=1445688320; Phpstorm-e4311aeb=e3ecb2d2-64ad-427e-a502-9b52cf11c2cf',
)
[ info ] [ PARAM ] array (
)
[ info ] [ RUN ] app\demo\controller\Hello->project[ C:\xampp\htdocs\tp5\application\demo\controller\Hello.php ]
[ info ] [ DB ] INIT mysql
[ info ] [ VIEW ] C:\xampp\htdocs\tp5\public/../application/demo\view\hello\project.html [ array (
  0 => 'project_name',
) ]
[ info ] [ LOG ] INIT File
[ sql ] [ DB ] CONNECT:[ UseTime:0.002000s ] mysql:dbname=sort;host=localhost;port=3306;charset=utf8
[ sql ] [ SQL ] select project_name from project [ RunTime:0.037003s ]

---------------------------------------------------------------
[ 2017-04-11T11:15:09+08:00 ] ::1 ::1 GET /tp5/public/index.php/demo/hello/group.html
[ log ] localhost/tp5/public/index.php/demo/hello/group.html [运行时间：0.162009s][吞吐率：6.17req/s] [内存消耗：1,658.12kb] [文件加载：43]
[ info ] [ LANG ] C:\xampp\htdocs\tp5\thinkphp\lang\zh-cn.php
[ info ] [ ROUTE ] array (
  'type' => 'module',
  'module' => 
  array (
    0 => 'demo',
    1 => 'hello',
    2 => 'group',
  ),
)
[ info ] [ HEADER ] array (
  'host' => 'localhost',
  'connection' => 'keep-alive',
  'upgrade-insecure-requests' => '1',
  'user-agent' => 'Mozilla/5.0 (Windows NT 6.1; Win64; x64) AppleWebKit/537.36 (KHTML, like Gecko) Chrome/57.0.2987.133 Safari/537.36',
  'accept' => 'text/html,application/xhtml+xml,application/xml;q=0.9,image/webp,*/*;q=0.8',
  'referer' => 'http://localhost/tp5/public/index.php/demo/hello/project.html',
  'accept-encoding' => 'gzip, deflate, sdch, br',
  'accept-language' => 'zh-CN,zh;q=0.8',
  'cookie' => 'project_name=p1; pgv_pvi=1445688320; Phpstorm-e4311aeb=e3ecb2d2-64ad-427e-a502-9b52cf11c2cf',
)
[ info ] [ PARAM ] array (
)
[ info ] [ RUN ] app\demo\controller\Hello->group[ C:\xampp\htdocs\tp5\application\demo\controller\Hello.php ]
[ info ] [ DB ] INIT mysql
[ info ] [ VIEW ] C:\xampp\htdocs\tp5\public/../application/demo\view\hello\group.html [ array (
  0 => 'project_n',
  1 => 'project_id',
  2 => 'group_name',
) ]
[ info ] [ LOG ] INIT File
[ sql ] [ DB ] CONNECT:[ UseTime:0.012001s ] mysql:dbname=sort;host=localhost;port=3306;charset=utf8
[ sql ] [ SQL ] select project_id from project WHERE project_name = 'p1' [ RunTime:0.000000s ]
[ sql ] [ SQL ] select group_name from group_ WHERE group_id IN (SELECT group_id FROM project_group WHERE project_id = '5') [ RunTime:0.046003s ]

---------------------------------------------------------------
[ 2017-04-11T11:15:13+08:00 ] ::1 ::1 GET /tp5/public/index.php/demo/hello/group.html
[ log ] localhost/tp5/public/index.php/demo/hello/group.html [运行时间：0.050002s][吞吐率：20.00req/s] [内存消耗：1,658.12kb] [文件加载：43]
[ info ] [ LANG ] C:\xampp\htdocs\tp5\thinkphp\lang\zh-cn.php
[ info ] [ ROUTE ] array (
  'type' => 'module',
  'module' => 
  array (
    0 => 'demo',
    1 => 'hello',
    2 => 'group',
  ),
)
[ info ] [ HEADER ] array (
  'host' => 'localhost',
  'connection' => 'keep-alive',
  'upgrade-insecure-requests' => '1',
  'user-agent' => 'Mozilla/5.0 (Windows NT 6.1; Win64; x64) AppleWebKit/537.36 (KHTML, like Gecko) Chrome/57.0.2987.133 Safari/537.36',
  'accept' => 'text/html,application/xhtml+xml,application/xml;q=0.9,image/webp,*/*;q=0.8',
  'referer' => 'http://localhost/tp5/public/index.php/demo/hello/project.html',
  'accept-encoding' => 'gzip, deflate, sdch, br',
  'accept-language' => 'zh-CN,zh;q=0.8',
  'cookie' => 'project_name=p1; pgv_pvi=1445688320; Phpstorm-e4311aeb=e3ecb2d2-64ad-427e-a502-9b52cf11c2cf',
)
[ info ] [ PARAM ] array (
)
[ info ] [ RUN ] app\demo\controller\Hello->group[ C:\xampp\htdocs\tp5\application\demo\controller\Hello.php ]
[ info ] [ DB ] INIT mysql
[ info ] [ VIEW ] C:\xampp\htdocs\tp5\public/../application/demo\view\hello\group.html [ array (
  0 => 'project_n',
  1 => 'project_id',
  2 => 'group_name',
) ]
[ info ] [ LOG ] INIT File
[ sql ] [ DB ] CONNECT:[ UseTime:0.003000s ] mysql:dbname=sort;host=localhost;port=3306;charset=utf8
[ sql ] [ SQL ] select project_id from project WHERE project_name = 'p1' [ RunTime:0.001000s ]
[ sql ] [ SQL ] select group_name from group_ WHERE group_id IN (SELECT group_id FROM project_group WHERE project_id = '5') [ RunTime:0.000000s ]

---------------------------------------------------------------
[ 2017-04-11T11:16:13+08:00 ] ::1 ::1 GET /tp5/public/index.php/demo/hello/group.html
[ log ] localhost/tp5/public/index.php/demo/hello/group.html [运行时间：0.048003s][吞吐率：20.83req/s] [内存消耗：1,658.13kb] [文件加载：43]
[ info ] [ LANG ] C:\xampp\htdocs\tp5\thinkphp\lang\zh-cn.php
[ info ] [ ROUTE ] array (
  'type' => 'module',
  'module' => 
  array (
    0 => 'demo',
    1 => 'hello',
    2 => 'group',
  ),
)
[ info ] [ HEADER ] array (
  'host' => 'localhost',
  'connection' => 'keep-alive',
  'upgrade-insecure-requests' => '1',
  'user-agent' => 'Mozilla/5.0 (Windows NT 6.1; Win64; x64) AppleWebKit/537.36 (KHTML, like Gecko) Chrome/57.0.2987.133 Safari/537.36',
  'accept' => 'text/html,application/xhtml+xml,application/xml;q=0.9,image/webp,*/*;q=0.8',
  'referer' => 'http://localhost/tp5/public/index.php/demo/hello/project.html',
  'accept-encoding' => 'gzip, deflate, sdch, br',
  'accept-language' => 'zh-CN,zh;q=0.8',
  'cookie' => 'project_name=p1; pgv_pvi=1445688320; Phpstorm-e4311aeb=e3ecb2d2-64ad-427e-a502-9b52cf11c2cf',
)
[ info ] [ PARAM ] array (
)
[ info ] [ RUN ] app\demo\controller\Hello->group[ C:\xampp\htdocs\tp5\application\demo\controller\Hello.php ]
[ info ] [ DB ] INIT mysql
[ info ] [ VIEW ] C:\xampp\htdocs\tp5\public/../application/demo\view\hello\group.html [ array (
  0 => 'project_n',
  1 => 'project_id',
  2 => 'group_name',
) ]
[ info ] [ LOG ] INIT File
[ sql ] [ DB ] CONNECT:[ UseTime:0.004000s ] mysql:dbname=sort;host=localhost;port=3306;charset=utf8
[ sql ] [ SQL ] select project_id from project WHERE project_name = 'p1' [ RunTime:0.001000s ]
[ sql ] [ SQL ] select group_name from group_ WHERE group_id IN (SELECT group_id FROM project_group WHERE project_id = '5') [ RunTime:0.001000s ]

---------------------------------------------------------------
[ 2017-04-11T11:25:18+08:00 ] ::1 ::1 GET /tp5/public/index.php/demo/hello/project.html
[ log ] localhost/tp5/public/index.php/demo/hello/project.html [运行时间：0.059003s][吞吐率：16.95req/s] [内存消耗：1,775.25kb] [文件加载：44]
[ info ] [ LANG ] C:\xampp\htdocs\tp5\thinkphp\lang\zh-cn.php
[ info ] [ ROUTE ] array (
  'type' => 'module',
  'module' => 
  array (
    0 => 'demo',
    1 => 'hello',
    2 => 'project',
  ),
)
[ info ] [ HEADER ] array (
  'host' => 'localhost',
  'connection' => 'keep-alive',
  'cache-control' => 'max-age=0',
  'upgrade-insecure-requests' => '1',
  'user-agent' => 'Mozilla/5.0 (Windows NT 6.1; Win64; x64) AppleWebKit/537.36 (KHTML, like Gecko) Chrome/57.0.2987.133 Safari/537.36',
  'accept' => 'text/html,application/xhtml+xml,application/xml;q=0.9,image/webp,*/*;q=0.8',
  'referer' => 'http://localhost/tp5/public/index.php/demo/hello/setattr.html',
  'accept-encoding' => 'gzip, deflate, sdch, br',
  'accept-language' => 'zh-CN,zh;q=0.8',
  'cookie' => 'project_name=p1; pgv_pvi=1445688320; Phpstorm-e4311aeb=e3ecb2d2-64ad-427e-a502-9b52cf11c2cf',
)
[ info ] [ PARAM ] array (
)
[ info ] [ RUN ] app\demo\controller\Hello->project[ C:\xampp\htdocs\tp5\application\demo\controller\Hello.php ]
[ info ] [ DB ] INIT mysql
[ info ] [ VIEW ] C:\xampp\htdocs\tp5\public/../application/demo\view\hello\project.html [ array (
  0 => 'project_name',
) ]
[ info ] [ LOG ] INIT File
[ sql ] [ DB ] CONNECT:[ UseTime:0.002001s ] mysql:dbname=sort;host=localhost;port=3306;charset=utf8
[ sql ] [ SQL ] select project_name from project [ RunTime:0.000000s ]

---------------------------------------------------------------
[ 2017-04-11T11:25:40+08:00 ] ::1 ::1 GET /tp5/public/index.php/demo/hello/project.html
[ log ] localhost/tp5/public/index.php/demo/hello/project.html [运行时间：0.056004s][吞吐率：17.86req/s] [内存消耗：1,775.20kb] [文件加载：44]
[ info ] [ LANG ] C:\xampp\htdocs\tp5\thinkphp\lang\zh-cn.php
[ info ] [ ROUTE ] array (
  'type' => 'module',
  'module' => 
  array (
    0 => 'demo',
    1 => 'hello',
    2 => 'project',
  ),
)
[ info ] [ HEADER ] array (
  'host' => 'localhost',
  'connection' => 'keep-alive',
  'cache-control' => 'max-age=0',
  'upgrade-insecure-requests' => '1',
  'user-agent' => 'Mozilla/5.0 (Windows NT 6.1; Win64; x64) AppleWebKit/537.36 (KHTML, like Gecko) Chrome/57.0.2987.133 Safari/537.36',
  'accept' => 'text/html,application/xhtml+xml,application/xml;q=0.9,image/webp,*/*;q=0.8',
  'referer' => 'http://localhost/tp5/public/index.php/demo/hello/setattr.html',
  'accept-encoding' => 'gzip, deflate, sdch, br',
  'accept-language' => 'zh-CN,zh;q=0.8',
  'cookie' => 'project_name=p1; pgv_pvi=1445688320; Phpstorm-e4311aeb=e3ecb2d2-64ad-427e-a502-9b52cf11c2cf',
)
[ info ] [ PARAM ] array (
)
[ info ] [ RUN ] app\demo\controller\Hello->project[ C:\xampp\htdocs\tp5\application\demo\controller\Hello.php ]
[ info ] [ DB ] INIT mysql
[ info ] [ VIEW ] C:\xampp\htdocs\tp5\public/../application/demo\view\hello\project.html [ array (
  0 => 'project_name',
) ]
[ info ] [ LOG ] INIT File
[ sql ] [ DB ] CONNECT:[ UseTime:0.012000s ] mysql:dbname=sort;host=localhost;port=3306;charset=utf8
[ sql ] [ SQL ] select project_name from project [ RunTime:0.001000s ]

---------------------------------------------------------------
[ 2017-04-11T11:25:42+08:00 ] ::1 ::1 GET /tp5/public/index.php/demo/hello/group.html
[ log ] localhost/tp5/public/index.php/demo/hello/group.html [运行时间：0.086005s][吞吐率：11.63req/s] [内存消耗：1,639.74kb] [文件加载：45]
[ info ] [ LANG ] C:\xampp\htdocs\tp5\thinkphp\lang\zh-cn.php
[ info ] [ ROUTE ] array (
  'type' => 'module',
  'module' => 
  array (
    0 => 'demo',
    1 => 'hello',
    2 => 'group',
  ),
)
[ info ] [ HEADER ] array (
  'host' => 'localhost',
  'connection' => 'keep-alive',
  'upgrade-insecure-requests' => '1',
  'user-agent' => 'Mozilla/5.0 (Windows NT 6.1; Win64; x64) AppleWebKit/537.36 (KHTML, like Gecko) Chrome/57.0.2987.133 Safari/537.36',
  'accept' => 'text/html,application/xhtml+xml,application/xml;q=0.9,image/webp,*/*;q=0.8',
  'referer' => 'http://localhost/tp5/public/index.php/demo/hello/project.html',
  'accept-encoding' => 'gzip, deflate, sdch, br',
  'accept-language' => 'zh-CN,zh;q=0.8',
  'cookie' => 'project_name=p1%20%20%20%20%20%20%20%20%20%20%20%20%20%20%20%E5%88%A0%E9%99%A4%0A%20%20%20%20%20%20%20%20%20%20%20; pgv_pvi=1445688320; Phpstorm-e4311aeb=e3ecb2d2-64ad-427e-a502-9b52cf11c2cf',
)
[ info ] [ PARAM ] array (
)
[ info ] [ RUN ] app\demo\controller\Hello->group[ C:\xampp\htdocs\tp5\application\demo\controller\Hello.php ]
[ info ] [ DB ] INIT mysql
[ info ] [ LOG ] INIT File
[ sql ] [ DB ] CONNECT:[ UseTime:0.012000s ] mysql:dbname=sort;host=localhost;port=3306;charset=utf8
[ sql ] [ SQL ] select project_id from project WHERE project_name = 'p1               删除
           ' [ RunTime:0.001001s ]
[ error ] [8]未定义数组下标: 0[C:\xampp\htdocs\tp5\application\demo\controller\Hello.php:404]

---------------------------------------------------------------
[ 2017-04-11T11:25:48+08:00 ] ::1 ::1 GET /tp5/public/index.php/demo/hello/group.html
[ log ] localhost/tp5/public/index.php/demo/hello/group.html [运行时间：0.061003s][吞吐率：16.39req/s] [内存消耗：1,639.74kb] [文件加载：45]
[ info ] [ LANG ] C:\xampp\htdocs\tp5\thinkphp\lang\zh-cn.php
[ info ] [ ROUTE ] array (
  'type' => 'module',
  'module' => 
  array (
    0 => 'demo',
    1 => 'hello',
    2 => 'group',
  ),
)
[ info ] [ HEADER ] array (
  'host' => 'localhost',
  'connection' => 'keep-alive',
  'upgrade-insecure-requests' => '1',
  'user-agent' => 'Mozilla/5.0 (Windows NT 6.1; Win64; x64) AppleWebKit/537.36 (KHTML, like Gecko) Chrome/57.0.2987.133 Safari/537.36',
  'accept' => 'text/html,application/xhtml+xml,application/xml;q=0.9,image/webp,*/*;q=0.8',
  'referer' => 'http://localhost/tp5/public/index.php/demo/hello/project.html',
  'accept-encoding' => 'gzip, deflate, sdch, br',
  'accept-language' => 'zh-CN,zh;q=0.8',
  'cookie' => 'project_name=p2%20%20%20%20%20%20%20%20%20%20%20%20%20%20%20%E5%88%A0%E9%99%A4%0A%20%20%20%20%20%20%20%20%20%20%20; pgv_pvi=1445688320; Phpstorm-e4311aeb=e3ecb2d2-64ad-427e-a502-9b52cf11c2cf',
)
[ info ] [ PARAM ] array (
)
[ info ] [ RUN ] app\demo\controller\Hello->group[ C:\xampp\htdocs\tp5\application\demo\controller\Hello.php ]
[ info ] [ DB ] INIT mysql
[ info ] [ LOG ] INIT File
[ sql ] [ DB ] CONNECT:[ UseTime:0.012001s ] mysql:dbname=sort;host=localhost;port=3306;charset=utf8
[ sql ] [ SQL ] select project_id from project WHERE project_name = 'p2               删除
           ' [ RunTime:0.000000s ]
[ error ] [8]未定义数组下标: 0[C:\xampp\htdocs\tp5\application\demo\controller\Hello.php:404]

---------------------------------------------------------------
[ 2017-04-11T11:28:05+08:00 ] ::1 ::1 GET /tp5/public/index.php/demo/hello/project.html
[ log ] localhost/tp5/public/index.php/demo/hello/project.html [运行时间：0.052003s][吞吐率：19.23req/s] [内存消耗：1,775.48kb] [文件加载：44]
[ info ] [ LANG ] C:\xampp\htdocs\tp5\thinkphp\lang\zh-cn.php
[ info ] [ ROUTE ] array (
  'type' => 'module',
  'module' => 
  array (
    0 => 'demo',
    1 => 'hello',
    2 => 'project',
  ),
)
[ info ] [ HEADER ] array (
  'host' => 'localhost',
  'connection' => 'keep-alive',
  'cache-control' => 'max-age=0',
  'upgrade-insecure-requests' => '1',
  'user-agent' => 'Mozilla/5.0 (Windows NT 6.1; Win64; x64) AppleWebKit/537.36 (KHTML, like Gecko) Chrome/57.0.2987.133 Safari/537.36',
  'accept' => 'text/html,application/xhtml+xml,application/xml;q=0.9,image/webp,*/*;q=0.8',
  'referer' => 'http://localhost/tp5/public/index.php/demo/hello/setattr.html',
  'accept-encoding' => 'gzip, deflate, sdch, br',
  'accept-language' => 'zh-CN,zh;q=0.8',
  'cookie' => 'project_name=p2%20%20%20%20%20%20%20%20%20%20%20%20%20%20%20%E5%88%A0%E9%99%A4%0A%20%20%20%20%20%20%20%20%20%20%20; pgv_pvi=1445688320; Phpstorm-e4311aeb=e3ecb2d2-64ad-427e-a502-9b52cf11c2cf',
)
[ info ] [ PARAM ] array (
)
[ info ] [ RUN ] app\demo\controller\Hello->project[ C:\xampp\htdocs\tp5\application\demo\controller\Hello.php ]
[ info ] [ DB ] INIT mysql
[ info ] [ VIEW ] C:\xampp\htdocs\tp5\public/../application/demo\view\hello\project.html [ array (
  0 => 'project_name',
) ]
[ info ] [ LOG ] INIT File
[ sql ] [ DB ] CONNECT:[ UseTime:0.003000s ] mysql:dbname=sort;host=localhost;port=3306;charset=utf8
[ sql ] [ SQL ] select project_name from project [ RunTime:0.001000s ]

---------------------------------------------------------------
[ 2017-04-11T11:28:29+08:00 ] ::1 ::1 GET /tp5/public/index.php/demo/hello/group.html
[ log ] localhost/tp5/public/index.php/demo/hello/group.html [运行时间：0.044002s][吞吐率：22.73req/s] [内存消耗：1,639.74kb] [文件加载：45]
[ info ] [ LANG ] C:\xampp\htdocs\tp5\thinkphp\lang\zh-cn.php
[ info ] [ ROUTE ] array (
  'type' => 'module',
  'module' => 
  array (
    0 => 'demo',
    1 => 'hello',
    2 => 'group',
  ),
)
[ info ] [ HEADER ] array (
  'host' => 'localhost',
  'connection' => 'keep-alive',
  'upgrade-insecure-requests' => '1',
  'user-agent' => 'Mozilla/5.0 (Windows NT 6.1; Win64; x64) AppleWebKit/537.36 (KHTML, like Gecko) Chrome/57.0.2987.133 Safari/537.36',
  'accept' => 'text/html,application/xhtml+xml,application/xml;q=0.9,image/webp,*/*;q=0.8',
  'referer' => 'http://localhost/tp5/public/index.php/demo/hello/project.html',
  'accept-encoding' => 'gzip, deflate, sdch, br',
  'accept-language' => 'zh-CN,zh;q=0.8',
  'cookie' => 'project_name=p1%20%20%20%20%20%20%20%20%20%20%20%20%20%20%20%E5%88%A0%E9%99%A4%0A%20%20%20%20%20%20%20%20%20%20%20; pgv_pvi=1445688320; Phpstorm-e4311aeb=e3ecb2d2-64ad-427e-a502-9b52cf11c2cf',
)
[ info ] [ PARAM ] array (
)
[ info ] [ RUN ] app\demo\controller\Hello->group[ C:\xampp\htdocs\tp5\application\demo\controller\Hello.php ]
[ info ] [ DB ] INIT mysql
[ info ] [ LOG ] INIT File
[ sql ] [ DB ] CONNECT:[ UseTime:0.011001s ] mysql:dbname=sort;host=localhost;port=3306;charset=utf8
[ sql ] [ SQL ] select project_id from project WHERE project_name = 'p1               删除
           ' [ RunTime:0.001000s ]
[ error ] [8]未定义数组下标: 0[C:\xampp\htdocs\tp5\application\demo\controller\Hello.php:404]

---------------------------------------------------------------
[ 2017-04-11T11:29:11+08:00 ] ::1 ::1 GET /tp5/public/index.php/demo/hello/project.html
[ log ] localhost/tp5/public/index.php/demo/hello/project.html [运行时间：0.045002s][吞吐率：22.22req/s] [内存消耗：1,775.61kb] [文件加载：44]
[ info ] [ LANG ] C:\xampp\htdocs\tp5\thinkphp\lang\zh-cn.php
[ info ] [ ROUTE ] array (
  'type' => 'module',
  'module' => 
  array (
    0 => 'demo',
    1 => 'hello',
    2 => 'project',
  ),
)
[ info ] [ HEADER ] array (
  'host' => 'localhost',
  'connection' => 'keep-alive',
  'cache-control' => 'max-age=0',
  'upgrade-insecure-requests' => '1',
  'user-agent' => 'Mozilla/5.0 (Windows NT 6.1; Win64; x64) AppleWebKit/537.36 (KHTML, like Gecko) Chrome/57.0.2987.133 Safari/537.36',
  'accept' => 'text/html,application/xhtml+xml,application/xml;q=0.9,image/webp,*/*;q=0.8',
  'referer' => 'http://localhost/tp5/public/index.php/demo/hello/setattr.html',
  'accept-encoding' => 'gzip, deflate, sdch, br',
  'accept-language' => 'zh-CN,zh;q=0.8',
  'cookie' => 'project_name=p1%20%20%20%20%20%20%20%20%20%20%20%20%20%20%20%E5%88%A0%E9%99%A4%0A%20%20%20%20%20%20%20%20%20%20%20; pgv_pvi=1445688320; Phpstorm-e4311aeb=e3ecb2d2-64ad-427e-a502-9b52cf11c2cf',
)
[ info ] [ PARAM ] array (
)
[ info ] [ RUN ] app\demo\controller\Hello->project[ C:\xampp\htdocs\tp5\application\demo\controller\Hello.php ]
[ info ] [ DB ] INIT mysql
[ info ] [ VIEW ] C:\xampp\htdocs\tp5\public/../application/demo\view\hello\project.html [ array (
  0 => 'project_name',
) ]
[ info ] [ LOG ] INIT File
[ sql ] [ DB ] CONNECT:[ UseTime:0.012001s ] mysql:dbname=sort;host=localhost;port=3306;charset=utf8
[ sql ] [ SQL ] select project_name from project [ RunTime:0.000000s ]

---------------------------------------------------------------
[ 2017-04-11T11:30:28+08:00 ] ::1 ::1 GET /tp5/public/index.php/demo/hello/project.html
[ log ] localhost/tp5/public/index.php/demo/hello/project.html [运行时间：2.463141s][吞吐率：0.41req/s] [内存消耗：1,775.51kb] [文件加载：44]
[ info ] [ LANG ] C:\xampp\htdocs\tp5\thinkphp\lang\zh-cn.php
[ info ] [ ROUTE ] array (
  'type' => 'module',
  'module' => 
  array (
    0 => 'demo',
    1 => 'hello',
    2 => 'project',
  ),
)
[ info ] [ HEADER ] array (
  'host' => 'localhost',
  'connection' => 'keep-alive',
  'cache-control' => 'max-age=0',
  'upgrade-insecure-requests' => '1',
  'user-agent' => 'Mozilla/5.0 (Windows NT 6.1; Win64; x64) AppleWebKit/537.36 (KHTML, like Gecko) Chrome/57.0.2987.133 Safari/537.36',
  'accept' => 'text/html,application/xhtml+xml,application/xml;q=0.9,image/webp,*/*;q=0.8',
  'referer' => 'http://localhost/tp5/public/index.php/demo/hello/setattr.html',
  'accept-encoding' => 'gzip, deflate, sdch, br',
  'accept-language' => 'zh-CN,zh;q=0.8',
  'cookie' => 'project_name=p1%20%20%20%20%20%20%20%20%20%20%20%20%20%20%20%E5%88%A0%E9%99%A4%0A%20%20%20%20%20%20%20%20%20%20%20; pgv_pvi=1445688320; Phpstorm-e4311aeb=e3ecb2d2-64ad-427e-a502-9b52cf11c2cf',
)
[ info ] [ PARAM ] array (
)
[ info ] [ RUN ] app\demo\controller\Hello->project[ C:\xampp\htdocs\tp5\application\demo\controller\Hello.php ]
[ info ] [ DB ] INIT mysql
[ info ] [ VIEW ] C:\xampp\htdocs\tp5\public/../application/demo\view\hello\project.html [ array (
  0 => 'project_name',
) ]
[ info ] [ LOG ] INIT File
[ sql ] [ DB ] CONNECT:[ UseTime:0.012000s ] mysql:dbname=sort;host=localhost;port=3306;charset=utf8
[ sql ] [ SQL ] select project_name from project [ RunTime:0.002001s ]

---------------------------------------------------------------
[ 2017-04-11T11:30:30+08:00 ] ::1 ::1 GET /tp5/public/index.php/demo/hello/project.html
[ log ] localhost/tp5/public/index.php/demo/hello/project.html [运行时间：0.048003s][吞吐率：20.83req/s] [内存消耗：1,630.96kb] [文件加载：42]
[ info ] [ LANG ] C:\xampp\htdocs\tp5\thinkphp\lang\zh-cn.php
[ info ] [ ROUTE ] array (
  'type' => 'module',
  'module' => 
  array (
    0 => 'demo',
    1 => 'hello',
    2 => 'project',
  ),
)
[ info ] [ HEADER ] array (
  'host' => 'localhost',
  'connection' => 'keep-alive',
  'cache-control' => 'max-age=0',
  'upgrade-insecure-requests' => '1',
  'user-agent' => 'Mozilla/5.0 (Windows NT 6.1; Win64; x64) AppleWebKit/537.36 (KHTML, like Gecko) Chrome/57.0.2987.133 Safari/537.36',
  'accept' => 'text/html,application/xhtml+xml,application/xml;q=0.9,image/webp,*/*;q=0.8',
  'referer' => 'http://localhost/tp5/public/index.php/demo/hello/setattr.html',
  'accept-encoding' => 'gzip, deflate, sdch, br',
  'accept-language' => 'zh-CN,zh;q=0.8',
  'cookie' => 'project_name=p1%20%20%20%20%20%20%20%20%20%20%20%20%20%20%20%E5%88%A0%E9%99%A4%0A%20%20%20%20%20%20%20%20%20%20%20; pgv_pvi=1445688320; Phpstorm-e4311aeb=e3ecb2d2-64ad-427e-a502-9b52cf11c2cf',
)
[ info ] [ PARAM ] array (
)
[ info ] [ RUN ] app\demo\controller\Hello->project[ C:\xampp\htdocs\tp5\application\demo\controller\Hello.php ]
[ info ] [ DB ] INIT mysql
[ info ] [ VIEW ] C:\xampp\htdocs\tp5\public/../application/demo\view\hello\project.html [ array (
  0 => 'project_name',
) ]
[ info ] [ LOG ] INIT File
[ sql ] [ DB ] CONNECT:[ UseTime:0.012000s ] mysql:dbname=sort;host=localhost;port=3306;charset=utf8
[ sql ] [ SQL ] select project_name from project [ RunTime:0.000000s ]

---------------------------------------------------------------
[ 2017-04-11T11:30:31+08:00 ] ::1 ::1 GET /tp5/public/index.php/demo/hello/group.html
[ log ] localhost/tp5/public/index.php/demo/hello/group.html [运行时间：0.058004s][吞吐率：17.24req/s] [内存消耗：1,658.12kb] [文件加载：43]
[ info ] [ LANG ] C:\xampp\htdocs\tp5\thinkphp\lang\zh-cn.php
[ info ] [ ROUTE ] array (
  'type' => 'module',
  'module' => 
  array (
    0 => 'demo',
    1 => 'hello',
    2 => 'group',
  ),
)
[ info ] [ HEADER ] array (
  'host' => 'localhost',
  'connection' => 'keep-alive',
  'upgrade-insecure-requests' => '1',
  'user-agent' => 'Mozilla/5.0 (Windows NT 6.1; Win64; x64) AppleWebKit/537.36 (KHTML, like Gecko) Chrome/57.0.2987.133 Safari/537.36',
  'accept' => 'text/html,application/xhtml+xml,application/xml;q=0.9,image/webp,*/*;q=0.8',
  'referer' => 'http://localhost/tp5/public/index.php/demo/hello/project.html',
  'accept-encoding' => 'gzip, deflate, sdch, br',
  'accept-language' => 'zh-CN,zh;q=0.8',
  'cookie' => 'project_name=p1; pgv_pvi=1445688320; Phpstorm-e4311aeb=e3ecb2d2-64ad-427e-a502-9b52cf11c2cf',
)
[ info ] [ PARAM ] array (
)
[ info ] [ RUN ] app\demo\controller\Hello->group[ C:\xampp\htdocs\tp5\application\demo\controller\Hello.php ]
[ info ] [ DB ] INIT mysql
[ info ] [ VIEW ] C:\xampp\htdocs\tp5\public/../application/demo\view\hello\group.html [ array (
  0 => 'project_n',
  1 => 'project_id',
  2 => 'group_name',
) ]
[ info ] [ LOG ] INIT File
[ sql ] [ DB ] CONNECT:[ UseTime:0.012000s ] mysql:dbname=sort;host=localhost;port=3306;charset=utf8
[ sql ] [ SQL ] select project_id from project WHERE project_name = 'p1' [ RunTime:0.001000s ]
[ sql ] [ SQL ] select group_name from group_ WHERE group_id IN (SELECT group_id FROM project_group WHERE project_id = '5') [ RunTime:0.000000s ]

---------------------------------------------------------------
[ 2017-04-11T11:30:34+08:00 ] ::1 ::1 GET /tp5/public/index.php/demo/hello/group.html
[ log ] localhost/tp5/public/index.php/demo/hello/group.html [运行时间：0.043003s][吞吐率：23.25req/s] [内存消耗：1,658.12kb] [文件加载：43]
[ info ] [ LANG ] C:\xampp\htdocs\tp5\thinkphp\lang\zh-cn.php
[ info ] [ ROUTE ] array (
  'type' => 'module',
  'module' => 
  array (
    0 => 'demo',
    1 => 'hello',
    2 => 'group',
  ),
)
[ info ] [ HEADER ] array (
  'host' => 'localhost',
  'connection' => 'keep-alive',
  'upgrade-insecure-requests' => '1',
  'user-agent' => 'Mozilla/5.0 (Windows NT 6.1; Win64; x64) AppleWebKit/537.36 (KHTML, like Gecko) Chrome/57.0.2987.133 Safari/537.36',
  'accept' => 'text/html,application/xhtml+xml,application/xml;q=0.9,image/webp,*/*;q=0.8',
  'referer' => 'http://localhost/tp5/public/index.php/demo/hello/project.html',
  'accept-encoding' => 'gzip, deflate, sdch, br',
  'accept-language' => 'zh-CN,zh;q=0.8',
  'cookie' => 'project_name=p1; pgv_pvi=1445688320; Phpstorm-e4311aeb=e3ecb2d2-64ad-427e-a502-9b52cf11c2cf',
)
[ info ] [ PARAM ] array (
)
[ info ] [ RUN ] app\demo\controller\Hello->group[ C:\xampp\htdocs\tp5\application\demo\controller\Hello.php ]
[ info ] [ DB ] INIT mysql
[ info ] [ VIEW ] C:\xampp\htdocs\tp5\public/../application/demo\view\hello\group.html [ array (
  0 => 'project_n',
  1 => 'project_id',
  2 => 'group_name',
) ]
[ info ] [ LOG ] INIT File
[ sql ] [ DB ] CONNECT:[ UseTime:0.011001s ] mysql:dbname=sort;host=localhost;port=3306;charset=utf8
[ sql ] [ SQL ] select project_id from project WHERE project_name = 'p1' [ RunTime:0.001000s ]
[ sql ] [ SQL ] select group_name from group_ WHERE group_id IN (SELECT group_id FROM project_group WHERE project_id = '5') [ RunTime:0.000000s ]

---------------------------------------------------------------
[ 2017-04-11T16:01:48+08:00 ] ::1 ::1 GET /tp5/public/index.php/demo/hello/group.html
[ log ] localhost/tp5/public/index.php/demo/hello/group.html [运行时间：0.975056s][吞吐率：1.03req/s] [内存消耗：1,658.12kb] [文件加载：43]
[ info ] [ LANG ] C:\xampp\htdocs\tp5\thinkphp\lang\zh-cn.php
[ info ] [ ROUTE ] array (
  'type' => 'module',
  'module' => 
  array (
    0 => 'demo',
    1 => 'hello',
    2 => 'group',
  ),
)
[ info ] [ HEADER ] array (
  'host' => 'localhost',
  'connection' => 'keep-alive',
  'upgrade-insecure-requests' => '1',
  'user-agent' => 'Mozilla/5.0 (Windows NT 6.1; Win64; x64) AppleWebKit/537.36 (KHTML, like Gecko) Chrome/57.0.2987.133 Safari/537.36',
  'accept' => 'text/html,application/xhtml+xml,application/xml;q=0.9,image/webp,*/*;q=0.8',
  'referer' => 'http://localhost/tp5/public/index.php/demo/hello/project.html',
  'accept-encoding' => 'gzip, deflate, sdch, br',
  'accept-language' => 'zh-CN,zh;q=0.8',
  'cookie' => 'project_name=p1; pgv_pvi=1445688320; Phpstorm-e4311aeb=e3ecb2d2-64ad-427e-a502-9b52cf11c2cf',
)
[ info ] [ PARAM ] array (
)
[ info ] [ RUN ] app\demo\controller\Hello->group[ C:\xampp\htdocs\tp5\application\demo\controller\Hello.php ]
[ info ] [ DB ] INIT mysql
[ info ] [ VIEW ] C:\xampp\htdocs\tp5\public/../application/demo\view\hello\group.html [ array (
  0 => 'project_n',
  1 => 'project_id',
  2 => 'group_name',
) ]
[ info ] [ LOG ] INIT File
[ sql ] [ DB ] CONNECT:[ UseTime:0.042002s ] mysql:dbname=sort;host=localhost;port=3306;charset=utf8
[ sql ] [ SQL ] select project_id from project WHERE project_name = 'p1' [ RunTime:0.053003s ]
[ sql ] [ SQL ] select group_name from group_ WHERE group_id IN (SELECT group_id FROM project_group WHERE project_id = '5') [ RunTime:0.002000s ]

---------------------------------------------------------------
[ 2017-04-11T16:15:13+08:00 ] ::1 ::1 GET /tp5/public/index.php/demo/hello/project.html
[ log ] localhost/tp5/public/index.php/demo/hello/project.html [运行时间：0.084005s][吞吐率：11.90req/s] [内存消耗：1,775.31kb] [文件加载：44]
[ info ] [ LANG ] C:\xampp\htdocs\tp5\thinkphp\lang\zh-cn.php
[ info ] [ ROUTE ] array (
  'type' => 'module',
  'module' => 
  array (
    0 => 'demo',
    1 => 'hello',
    2 => 'project',
  ),
)
[ info ] [ HEADER ] array (
  'host' => 'localhost',
  'connection' => 'keep-alive',
  'cache-control' => 'max-age=0',
  'upgrade-insecure-requests' => '1',
  'user-agent' => 'Mozilla/5.0 (Windows NT 6.1; Win64; x64) AppleWebKit/537.36 (KHTML, like Gecko) Chrome/57.0.2987.133 Safari/537.36',
  'accept' => 'text/html,application/xhtml+xml,application/xml;q=0.9,image/webp,*/*;q=0.8',
  'referer' => 'http://localhost/tp5/public/index.php/demo/hello/setattr.html',
  'accept-encoding' => 'gzip, deflate, sdch, br',
  'accept-language' => 'zh-CN,zh;q=0.8',
  'cookie' => 'project_name=p1; pgv_pvi=1445688320; Phpstorm-e4311aeb=e3ecb2d2-64ad-427e-a502-9b52cf11c2cf',
)
[ info ] [ PARAM ] array (
)
[ info ] [ RUN ] app\demo\controller\Hello->project[ C:\xampp\htdocs\tp5\application\demo\controller\Hello.php ]
[ info ] [ DB ] INIT mysql
[ info ] [ VIEW ] C:\xampp\htdocs\tp5\public/../application/demo\view\hello\project.html [ array (
  0 => 'project_name',
) ]
[ info ] [ LOG ] INIT File
[ sql ] [ DB ] CONNECT:[ UseTime:0.004000s ] mysql:dbname=sort;host=localhost;port=3306;charset=utf8
[ sql ] [ SQL ] select project_name from project [ RunTime:0.001000s ]

---------------------------------------------------------------
[ 2017-04-11T16:17:51+08:00 ] ::1 ::1 GET /tp5/public/index.php/demo/hello/project.html
[ log ] localhost/tp5/public/index.php/demo/hello/project.html [运行时间：0.048003s][吞吐率：20.83req/s] [内存消耗：1,775.56kb] [文件加载：44]
[ info ] [ LANG ] C:\xampp\htdocs\tp5\thinkphp\lang\zh-cn.php
[ info ] [ ROUTE ] array (
  'type' => 'module',
  'module' => 
  array (
    0 => 'demo',
    1 => 'hello',
    2 => 'project',
  ),
)
[ info ] [ HEADER ] array (
  'host' => 'localhost',
  'connection' => 'keep-alive',
  'cache-control' => 'max-age=0',
  'upgrade-insecure-requests' => '1',
  'user-agent' => 'Mozilla/5.0 (Windows NT 6.1; Win64; x64) AppleWebKit/537.36 (KHTML, like Gecko) Chrome/57.0.2987.133 Safari/537.36',
  'accept' => 'text/html,application/xhtml+xml,application/xml;q=0.9,image/webp,*/*;q=0.8',
  'referer' => 'http://localhost/tp5/public/index.php/demo/hello/setattr.html',
  'accept-encoding' => 'gzip, deflate, sdch, br',
  'accept-language' => 'zh-CN,zh;q=0.8',
  'cookie' => 'project_name=p1; pgv_pvi=1445688320; Phpstorm-e4311aeb=e3ecb2d2-64ad-427e-a502-9b52cf11c2cf',
)
[ info ] [ PARAM ] array (
)
[ info ] [ RUN ] app\demo\controller\Hello->project[ C:\xampp\htdocs\tp5\application\demo\controller\Hello.php ]
[ info ] [ DB ] INIT mysql
[ info ] [ VIEW ] C:\xampp\htdocs\tp5\public/../application/demo\view\hello\project.html [ array (
  0 => 'project_name',
) ]
[ info ] [ LOG ] INIT File
[ sql ] [ DB ] CONNECT:[ UseTime:0.002001s ] mysql:dbname=sort;host=localhost;port=3306;charset=utf8
[ sql ] [ SQL ] select project_name from project [ RunTime:0.000000s ]

---------------------------------------------------------------
[ 2017-04-11T16:18:17+08:00 ] ::1 ::1 GET /tp5/public/index.php/demo/hello/project.html
[ log ] localhost/tp5/public/index.php/demo/hello/project.html [运行时间：0.062004s][吞吐率：16.13req/s] [内存消耗：1,775.56kb] [文件加载：44]
[ info ] [ LANG ] C:\xampp\htdocs\tp5\thinkphp\lang\zh-cn.php
[ info ] [ ROUTE ] array (
  'type' => 'module',
  'module' => 
  array (
    0 => 'demo',
    1 => 'hello',
    2 => 'project',
  ),
)
[ info ] [ HEADER ] array (
  'host' => 'localhost',
  'connection' => 'keep-alive',
  'cache-control' => 'max-age=0',
  'upgrade-insecure-requests' => '1',
  'user-agent' => 'Mozilla/5.0 (Windows NT 6.1; Win64; x64) AppleWebKit/537.36 (KHTML, like Gecko) Chrome/57.0.2987.133 Safari/537.36',
  'accept' => 'text/html,application/xhtml+xml,application/xml;q=0.9,image/webp,*/*;q=0.8',
  'referer' => 'http://localhost/tp5/public/index.php/demo/hello/setattr.html',
  'accept-encoding' => 'gzip, deflate, sdch, br',
  'accept-language' => 'zh-CN,zh;q=0.8',
  'cookie' => 'project_name=p1; pgv_pvi=1445688320; Phpstorm-e4311aeb=e3ecb2d2-64ad-427e-a502-9b52cf11c2cf',
)
[ info ] [ PARAM ] array (
)
[ info ] [ RUN ] app\demo\controller\Hello->project[ C:\xampp\htdocs\tp5\application\demo\controller\Hello.php ]
[ info ] [ DB ] INIT mysql
[ info ] [ VIEW ] C:\xampp\htdocs\tp5\public/../application/demo\view\hello\project.html [ array (
  0 => 'project_name',
) ]
[ info ] [ LOG ] INIT File
[ sql ] [ DB ] CONNECT:[ UseTime:0.013001s ] mysql:dbname=sort;host=localhost;port=3306;charset=utf8
[ sql ] [ SQL ] select project_name from project [ RunTime:0.001000s ]

---------------------------------------------------------------
[ 2017-04-11T16:18:19+08:00 ] ::1 ::1 GET /tp5/public/index.php/demo/hello/group.html
[ log ] localhost/tp5/public/index.php/demo/hello/group.html [运行时间：0.080005s][吞吐率：12.50req/s] [内存消耗：1,658.12kb] [文件加载：43]
[ info ] [ LANG ] C:\xampp\htdocs\tp5\thinkphp\lang\zh-cn.php
[ info ] [ ROUTE ] array (
  'type' => 'module',
  'module' => 
  array (
    0 => 'demo',
    1 => 'hello',
    2 => 'group',
  ),
)
[ info ] [ HEADER ] array (
  'host' => 'localhost',
  'connection' => 'keep-alive',
  'upgrade-insecure-requests' => '1',
  'user-agent' => 'Mozilla/5.0 (Windows NT 6.1; Win64; x64) AppleWebKit/537.36 (KHTML, like Gecko) Chrome/57.0.2987.133 Safari/537.36',
  'accept' => 'text/html,application/xhtml+xml,application/xml;q=0.9,image/webp,*/*;q=0.8',
  'referer' => 'http://localhost/tp5/public/index.php/demo/hello/project.html',
  'accept-encoding' => 'gzip, deflate, sdch, br',
  'accept-language' => 'zh-CN,zh;q=0.8',
  'cookie' => 'project_name=p1; pgv_pvi=1445688320; Phpstorm-e4311aeb=e3ecb2d2-64ad-427e-a502-9b52cf11c2cf',
)
[ info ] [ PARAM ] array (
)
[ info ] [ RUN ] app\demo\controller\Hello->group[ C:\xampp\htdocs\tp5\application\demo\controller\Hello.php ]
[ info ] [ DB ] INIT mysql
[ info ] [ VIEW ] C:\xampp\htdocs\tp5\public/../application/demo\view\hello\group.html [ array (
  0 => 'project_n',
  1 => 'project_id',
  2 => 'group_name',
) ]
[ info ] [ LOG ] INIT File
[ sql ] [ DB ] CONNECT:[ UseTime:0.005000s ] mysql:dbname=sort;host=localhost;port=3306;charset=utf8
[ sql ] [ SQL ] select project_id from project WHERE project_name = 'p1' [ RunTime:0.001000s ]
[ sql ] [ SQL ] select group_name from group_ WHERE group_id IN (SELECT group_id FROM project_group WHERE project_id = '5') [ RunTime:0.001000s ]

---------------------------------------------------------------
[ 2017-04-11T16:18:22+08:00 ] ::1 ::1 GET /tp5/public/index.php/demo/hello/group.html
[ log ] localhost/tp5/public/index.php/demo/hello/group.html [运行时间：0.022001s][吞吐率：45.45req/s] [内存消耗：1,658.12kb] [文件加载：43]
[ info ] [ LANG ] C:\xampp\htdocs\tp5\thinkphp\lang\zh-cn.php
[ info ] [ ROUTE ] array (
  'type' => 'module',
  'module' => 
  array (
    0 => 'demo',
    1 => 'hello',
    2 => 'group',
  ),
)
[ info ] [ HEADER ] array (
  'host' => 'localhost',
  'connection' => 'keep-alive',
  'upgrade-insecure-requests' => '1',
  'user-agent' => 'Mozilla/5.0 (Windows NT 6.1; Win64; x64) AppleWebKit/537.36 (KHTML, like Gecko) Chrome/57.0.2987.133 Safari/537.36',
  'accept' => 'text/html,application/xhtml+xml,application/xml;q=0.9,image/webp,*/*;q=0.8',
  'referer' => 'http://localhost/tp5/public/index.php/demo/hello/project.html',
  'accept-encoding' => 'gzip, deflate, sdch, br',
  'accept-language' => 'zh-CN,zh;q=0.8',
  'cookie' => 'project_name=p1; pgv_pvi=1445688320; Phpstorm-e4311aeb=e3ecb2d2-64ad-427e-a502-9b52cf11c2cf',
)
[ info ] [ PARAM ] array (
)
[ info ] [ RUN ] app\demo\controller\Hello->group[ C:\xampp\htdocs\tp5\application\demo\controller\Hello.php ]
[ info ] [ DB ] INIT mysql
[ info ] [ VIEW ] C:\xampp\htdocs\tp5\public/../application/demo\view\hello\group.html [ array (
  0 => 'project_n',
  1 => 'project_id',
  2 => 'group_name',
) ]
[ info ] [ LOG ] INIT File
[ sql ] [ DB ] CONNECT:[ UseTime:0.002000s ] mysql:dbname=sort;host=localhost;port=3306;charset=utf8
[ sql ] [ SQL ] select project_id from project WHERE project_name = 'p1' [ RunTime:0.001000s ]
[ sql ] [ SQL ] select group_name from group_ WHERE group_id IN (SELECT group_id FROM project_group WHERE project_id = '5') [ RunTime:0.000000s ]

---------------------------------------------------------------
[ 2017-04-11T16:19:46+08:00 ] ::1 ::1 GET /tp5/public/index.php/demo/hello/project.html
[ log ] localhost/tp5/public/index.php/demo/hello/project.html [运行时间：0.057004s][吞吐率：17.54req/s] [内存消耗：1,775.80kb] [文件加载：44]
[ info ] [ LANG ] C:\xampp\htdocs\tp5\thinkphp\lang\zh-cn.php
[ info ] [ ROUTE ] array (
  'type' => 'module',
  'module' => 
  array (
    0 => 'demo',
    1 => 'hello',
    2 => 'project',
  ),
)
[ info ] [ HEADER ] array (
  'host' => 'localhost',
  'connection' => 'keep-alive',
  'cache-control' => 'max-age=0',
  'upgrade-insecure-requests' => '1',
  'user-agent' => 'Mozilla/5.0 (Windows NT 6.1; Win64; x64) AppleWebKit/537.36 (KHTML, like Gecko) Chrome/57.0.2987.133 Safari/537.36',
  'accept' => 'text/html,application/xhtml+xml,application/xml;q=0.9,image/webp,*/*;q=0.8',
  'referer' => 'http://localhost/tp5/public/index.php/demo/hello/setattr.html',
  'accept-encoding' => 'gzip, deflate, sdch, br',
  'accept-language' => 'zh-CN,zh;q=0.8',
  'cookie' => 'project_name=p1; pgv_pvi=1445688320; Phpstorm-e4311aeb=e3ecb2d2-64ad-427e-a502-9b52cf11c2cf',
)
[ info ] [ PARAM ] array (
)
[ info ] [ RUN ] app\demo\controller\Hello->project[ C:\xampp\htdocs\tp5\application\demo\controller\Hello.php ]
[ info ] [ DB ] INIT mysql
[ info ] [ VIEW ] C:\xampp\htdocs\tp5\public/../application/demo\view\hello\project.html [ array (
  0 => 'project_name',
) ]
[ info ] [ LOG ] INIT File
[ sql ] [ DB ] CONNECT:[ UseTime:0.023001s ] mysql:dbname=sort;host=localhost;port=3306;charset=utf8
[ sql ] [ SQL ] select project_name from project [ RunTime:0.001000s ]

---------------------------------------------------------------
[ 2017-04-11T16:20:35+08:00 ] ::1 ::1 GET /tp5/public/index.php/demo/hello/project.html
[ log ] localhost/tp5/public/index.php/demo/hello/project.html [运行时间：0.051002s][吞吐率：19.61req/s] [内存消耗：1,775.56kb] [文件加载：44]
[ info ] [ LANG ] C:\xampp\htdocs\tp5\thinkphp\lang\zh-cn.php
[ info ] [ ROUTE ] array (
  'type' => 'module',
  'module' => 
  array (
    0 => 'demo',
    1 => 'hello',
    2 => 'project',
  ),
)
[ info ] [ HEADER ] array (
  'host' => 'localhost',
  'connection' => 'keep-alive',
  'cache-control' => 'max-age=0',
  'upgrade-insecure-requests' => '1',
  'user-agent' => 'Mozilla/5.0 (Windows NT 6.1; Win64; x64) AppleWebKit/537.36 (KHTML, like Gecko) Chrome/57.0.2987.133 Safari/537.36',
  'accept' => 'text/html,application/xhtml+xml,application/xml;q=0.9,image/webp,*/*;q=0.8',
  'referer' => 'http://localhost/tp5/public/index.php/demo/hello/setattr.html',
  'accept-encoding' => 'gzip, deflate, sdch, br',
  'accept-language' => 'zh-CN,zh;q=0.8',
  'cookie' => 'project_name=p1; pgv_pvi=1445688320; Phpstorm-e4311aeb=e3ecb2d2-64ad-427e-a502-9b52cf11c2cf',
)
[ info ] [ PARAM ] array (
)
[ info ] [ RUN ] app\demo\controller\Hello->project[ C:\xampp\htdocs\tp5\application\demo\controller\Hello.php ]
[ info ] [ DB ] INIT mysql
[ info ] [ VIEW ] C:\xampp\htdocs\tp5\public/../application/demo\view\hello\project.html [ array (
  0 => 'project_name',
) ]
[ info ] [ LOG ] INIT File
[ sql ] [ DB ] CONNECT:[ UseTime:0.012001s ] mysql:dbname=sort;host=localhost;port=3306;charset=utf8
[ sql ] [ SQL ] select project_name from project [ RunTime:0.000000s ]

---------------------------------------------------------------
[ 2017-04-11T16:20:56+08:00 ] ::1 ::1 GET /tp5/public/index.php/demo/hello/group.html
[ log ] localhost/tp5/public/index.php/demo/hello/group.html [运行时间：0.034002s][吞吐率：29.41req/s] [内存消耗：1,658.12kb] [文件加载：43]
[ info ] [ LANG ] C:\xampp\htdocs\tp5\thinkphp\lang\zh-cn.php
[ info ] [ ROUTE ] array (
  'type' => 'module',
  'module' => 
  array (
    0 => 'demo',
    1 => 'hello',
    2 => 'group',
  ),
)
[ info ] [ HEADER ] array (
  'host' => 'localhost',
  'connection' => 'keep-alive',
  'upgrade-insecure-requests' => '1',
  'user-agent' => 'Mozilla/5.0 (Windows NT 6.1; Win64; x64) AppleWebKit/537.36 (KHTML, like Gecko) Chrome/57.0.2987.133 Safari/537.36',
  'accept' => 'text/html,application/xhtml+xml,application/xml;q=0.9,image/webp,*/*;q=0.8',
  'referer' => 'http://localhost/tp5/public/index.php/demo/hello/project.html',
  'accept-encoding' => 'gzip, deflate, sdch, br',
  'accept-language' => 'zh-CN,zh;q=0.8',
  'cookie' => 'project_name=p1; pgv_pvi=1445688320; Phpstorm-e4311aeb=e3ecb2d2-64ad-427e-a502-9b52cf11c2cf',
)
[ info ] [ PARAM ] array (
)
[ info ] [ RUN ] app\demo\controller\Hello->group[ C:\xampp\htdocs\tp5\application\demo\controller\Hello.php ]
[ info ] [ DB ] INIT mysql
[ info ] [ VIEW ] C:\xampp\htdocs\tp5\public/../application/demo\view\hello\group.html [ array (
  0 => 'project_n',
  1 => 'project_id',
  2 => 'group_name',
) ]
[ info ] [ LOG ] INIT File
[ sql ] [ DB ] CONNECT:[ UseTime:0.002000s ] mysql:dbname=sort;host=localhost;port=3306;charset=utf8
[ sql ] [ SQL ] select project_id from project WHERE project_name = 'p1' [ RunTime:0.000000s ]
[ sql ] [ SQL ] select group_name from group_ WHERE group_id IN (SELECT group_id FROM project_group WHERE project_id = '5') [ RunTime:0.000000s ]

---------------------------------------------------------------
[ 2017-04-11T16:25:08+08:00 ] ::1 ::1 GET /tp5/public/index.php/demo/hello/project.html
[ log ] localhost/tp5/public/index.php/demo/hello/project.html [运行时间：0.049003s][吞吐率：20.41req/s] [内存消耗：1,775.84kb] [文件加载：44]
[ info ] [ LANG ] C:\xampp\htdocs\tp5\thinkphp\lang\zh-cn.php
[ info ] [ ROUTE ] array (
  'type' => 'module',
  'module' => 
  array (
    0 => 'demo',
    1 => 'hello',
    2 => 'project',
  ),
)
[ info ] [ HEADER ] array (
  'host' => 'localhost',
  'connection' => 'keep-alive',
  'cache-control' => 'max-age=0',
  'upgrade-insecure-requests' => '1',
  'user-agent' => 'Mozilla/5.0 (Windows NT 6.1; Win64; x64) AppleWebKit/537.36 (KHTML, like Gecko) Chrome/57.0.2987.133 Safari/537.36',
  'accept' => 'text/html,application/xhtml+xml,application/xml;q=0.9,image/webp,*/*;q=0.8',
  'referer' => 'http://localhost/tp5/public/index.php/demo/hello/setattr.html',
  'accept-encoding' => 'gzip, deflate, sdch, br',
  'accept-language' => 'zh-CN,zh;q=0.8',
  'cookie' => 'project_name=p1; pgv_pvi=1445688320; Phpstorm-e4311aeb=e3ecb2d2-64ad-427e-a502-9b52cf11c2cf',
)
[ info ] [ PARAM ] array (
)
[ info ] [ RUN ] app\demo\controller\Hello->project[ C:\xampp\htdocs\tp5\application\demo\controller\Hello.php ]
[ info ] [ DB ] INIT mysql
[ info ] [ VIEW ] C:\xampp\htdocs\tp5\public/../application/demo\view\hello\project.html [ array (
  0 => 'project_name',
) ]
[ info ] [ LOG ] INIT File
[ sql ] [ DB ] CONNECT:[ UseTime:0.011000s ] mysql:dbname=sort;host=localhost;port=3306;charset=utf8
[ sql ] [ SQL ] select project_name from project [ RunTime:0.001000s ]

---------------------------------------------------------------
[ 2017-04-11T16:25:22+08:00 ] ::1 ::1 GET /tp5/public/index.php/demo/hello/project.html
[ log ] localhost/tp5/public/index.php/demo/hello/project.html [运行时间：0.047003s][吞吐率：21.28req/s] [内存消耗：1,775.84kb] [文件加载：44]
[ info ] [ LANG ] C:\xampp\htdocs\tp5\thinkphp\lang\zh-cn.php
[ info ] [ ROUTE ] array (
  'type' => 'module',
  'module' => 
  array (
    0 => 'demo',
    1 => 'hello',
    2 => 'project',
  ),
)
[ info ] [ HEADER ] array (
  'host' => 'localhost',
  'connection' => 'keep-alive',
  'cache-control' => 'max-age=0',
  'upgrade-insecure-requests' => '1',
  'user-agent' => 'Mozilla/5.0 (Windows NT 6.1; Win64; x64) AppleWebKit/537.36 (KHTML, like Gecko) Chrome/57.0.2987.133 Safari/537.36',
  'accept' => 'text/html,application/xhtml+xml,application/xml;q=0.9,image/webp,*/*;q=0.8',
  'referer' => 'http://localhost/tp5/public/index.php/demo/hello/setattr.html',
  'accept-encoding' => 'gzip, deflate, sdch, br',
  'accept-language' => 'zh-CN,zh;q=0.8',
  'cookie' => 'project_name=p1; pgv_pvi=1445688320; Phpstorm-e4311aeb=e3ecb2d2-64ad-427e-a502-9b52cf11c2cf',
)
[ info ] [ PARAM ] array (
)
[ info ] [ RUN ] app\demo\controller\Hello->project[ C:\xampp\htdocs\tp5\application\demo\controller\Hello.php ]
[ info ] [ DB ] INIT mysql
[ info ] [ VIEW ] C:\xampp\htdocs\tp5\public/../application/demo\view\hello\project.html [ array (
  0 => 'project_name',
) ]
[ info ] [ LOG ] INIT File
[ sql ] [ DB ] CONNECT:[ UseTime:0.012000s ] mysql:dbname=sort;host=localhost;port=3306;charset=utf8
[ sql ] [ SQL ] select project_name from project [ RunTime:0.001000s ]

---------------------------------------------------------------
[ 2017-04-11T16:25:35+08:00 ] ::1 ::1 GET /tp5/public/index.php/demo/hello/project.html
[ log ] localhost/tp5/public/index.php/demo/hello/project.html [运行时间：0.058003s][吞吐率：17.24req/s] [内存消耗：1,775.79kb] [文件加载：44]
[ info ] [ LANG ] C:\xampp\htdocs\tp5\thinkphp\lang\zh-cn.php
[ info ] [ ROUTE ] array (
  'type' => 'module',
  'module' => 
  array (
    0 => 'demo',
    1 => 'hello',
    2 => 'project',
  ),
)
[ info ] [ HEADER ] array (
  'host' => 'localhost',
  'connection' => 'keep-alive',
  'cache-control' => 'max-age=0',
  'upgrade-insecure-requests' => '1',
  'user-agent' => 'Mozilla/5.0 (Windows NT 6.1; Win64; x64) AppleWebKit/537.36 (KHTML, like Gecko) Chrome/57.0.2987.133 Safari/537.36',
  'accept' => 'text/html,application/xhtml+xml,application/xml;q=0.9,image/webp,*/*;q=0.8',
  'referer' => 'http://localhost/tp5/public/index.php/demo/hello/setattr.html',
  'accept-encoding' => 'gzip, deflate, sdch, br',
  'accept-language' => 'zh-CN,zh;q=0.8',
  'cookie' => 'project_name=p1; pgv_pvi=1445688320; Phpstorm-e4311aeb=e3ecb2d2-64ad-427e-a502-9b52cf11c2cf',
)
[ info ] [ PARAM ] array (
)
[ info ] [ RUN ] app\demo\controller\Hello->project[ C:\xampp\htdocs\tp5\application\demo\controller\Hello.php ]
[ info ] [ DB ] INIT mysql
[ info ] [ VIEW ] C:\xampp\htdocs\tp5\public/../application/demo\view\hello\project.html [ array (
  0 => 'project_name',
) ]
[ info ] [ LOG ] INIT File
[ sql ] [ DB ] CONNECT:[ UseTime:0.012001s ] mysql:dbname=sort;host=localhost;port=3306;charset=utf8
[ sql ] [ SQL ] select project_name from project [ RunTime:0.001000s ]

---------------------------------------------------------------
[ 2017-04-11T16:25:38+08:00 ] ::1 ::1 GET /tp5/public/index.php/demo/hello/group.html
[ log ] localhost/tp5/public/index.php/demo/hello/group.html [运行时间：0.044002s][吞吐率：22.73req/s] [内存消耗：1,658.12kb] [文件加载：43]
[ info ] [ LANG ] C:\xampp\htdocs\tp5\thinkphp\lang\zh-cn.php
[ info ] [ ROUTE ] array (
  'type' => 'module',
  'module' => 
  array (
    0 => 'demo',
    1 => 'hello',
    2 => 'group',
  ),
)
[ info ] [ HEADER ] array (
  'host' => 'localhost',
  'connection' => 'keep-alive',
  'upgrade-insecure-requests' => '1',
  'user-agent' => 'Mozilla/5.0 (Windows NT 6.1; Win64; x64) AppleWebKit/537.36 (KHTML, like Gecko) Chrome/57.0.2987.133 Safari/537.36',
  'accept' => 'text/html,application/xhtml+xml,application/xml;q=0.9,image/webp,*/*;q=0.8',
  'referer' => 'http://localhost/tp5/public/index.php/demo/hello/project.html',
  'accept-encoding' => 'gzip, deflate, sdch, br',
  'accept-language' => 'zh-CN,zh;q=0.8',
  'cookie' => 'project_name=p1; pgv_pvi=1445688320; Phpstorm-e4311aeb=e3ecb2d2-64ad-427e-a502-9b52cf11c2cf',
)
[ info ] [ PARAM ] array (
)
[ info ] [ RUN ] app\demo\controller\Hello->group[ C:\xampp\htdocs\tp5\application\demo\controller\Hello.php ]
[ info ] [ DB ] INIT mysql
[ info ] [ VIEW ] C:\xampp\htdocs\tp5\public/../application/demo\view\hello\group.html [ array (
  0 => 'project_n',
  1 => 'project_id',
  2 => 'group_name',
) ]
[ info ] [ LOG ] INIT File
[ sql ] [ DB ] CONNECT:[ UseTime:0.012001s ] mysql:dbname=sort;host=localhost;port=3306;charset=utf8
[ sql ] [ SQL ] select project_id from project WHERE project_name = 'p1' [ RunTime:0.001000s ]
[ sql ] [ SQL ] select group_name from group_ WHERE group_id IN (SELECT group_id FROM project_group WHERE project_id = '5') [ RunTime:0.000000s ]

---------------------------------------------------------------
