[ 2017-06-21T14:18:13+08:00 ] ::1 ::1 GET /tp5/index.php/demo/hello/hello.html
[ log ] localhost/tp5/index.php/demo/hello/hello.html [运行时间：0.125008s][吞吐率：8.00req/s] [内存消耗：1,468.77kb] [文件加载：38]
[ info ] [ LANG ] C:\xampp\htdocs\tp5\thinkphp\lang\zh-cn.php
[ info ] [ ROUTE ] array (
  'type' => 'module',
  'module' => 
  array (
    0 => 'demo',
    1 => 'hello',
    2 => 'hello',
  ),
)
[ info ] [ HEADER ] array (
  'host' => 'localhost',
  'connection' => 'keep-alive',
  'upgrade-insecure-requests' => '1',
  'user-agent' => 'Mozilla/5.0 (Windows NT 6.1; Win64; x64) AppleWebKit/537.36 (KHTML, like Gecko) Chrome/59.0.3071.86 Safari/537.36',
  'accept' => 'text/html,application/xhtml+xml,application/xml;q=0.9,image/webp,image/apng,*/*;q=0.8',
  'accept-encoding' => 'gzip, deflate, br',
  'accept-language' => 'zh-CN,zh;q=0.8',
  'cookie' => 'pgv_pvi=1445688320; Phpstorm-e4311aeb=e3ecb2d2-64ad-427e-a502-9b52cf11c2cf',
)
[ info ] [ PARAM ] array (
)
[ info ] [ RUN ] app\demo\controller\Hello->hello[ C:\xampp\htdocs\tp5\application\demo\controller\Hello.php ]
[ info ] [ VIEW ] C:\xampp\htdocs\tp5/application/demo\view\hello\hello.html [ array (
) ]
[ info ] [ LOG ] INIT File

---------------------------------------------------------------
[ 2017-06-21T14:18:16+08:00 ] ::1 ::1 GET /tp5/index.php/demo/hello/project.html
[ log ] localhost/tp5/index.php/demo/hello/project.html [运行时间：0.082004s][吞吐率：12.19req/s] [内存消耗：1,828.55kb] [文件加载：44]
[ info ] [ LANG ] C:\xampp\htdocs\tp5\thinkphp\lang\zh-cn.php
[ info ] [ ROUTE ] array (
  'type' => 'module',
  'module' => 
  array (
    0 => 'demo',
    1 => 'hello',
    2 => 'project',
  ),
)
[ info ] [ HEADER ] array (
  'host' => 'localhost',
  'connection' => 'keep-alive',
  'upgrade-insecure-requests' => '1',
  'user-agent' => 'Mozilla/5.0 (Windows NT 6.1; Win64; x64) AppleWebKit/537.36 (KHTML, like Gecko) Chrome/59.0.3071.86 Safari/537.36',
  'accept' => 'text/html,application/xhtml+xml,application/xml;q=0.9,image/webp,image/apng,*/*;q=0.8',
  'referer' => 'http://localhost/tp5/index.php/demo/hello/hello.html',
  'accept-encoding' => 'gzip, deflate, br',
  'accept-language' => 'zh-CN,zh;q=0.8',
  'cookie' => 'pgv_pvi=1445688320; Phpstorm-e4311aeb=e3ecb2d2-64ad-427e-a502-9b52cf11c2cf',
)
[ info ] [ PARAM ] array (
)
[ info ] [ RUN ] app\demo\controller\Hello->project[ C:\xampp\htdocs\tp5\application\demo\controller\Hello.php ]
[ info ] [ DB ] INIT mysql
[ info ] [ VIEW ] C:\xampp\htdocs\tp5/application/demo\view\hello\project.html [ array (
  0 => 'project_name',
) ]
[ info ] [ LOG ] INIT File
[ sql ] [ DB ] CONNECT:[ UseTime:0.001000s ] mysql:dbname=sort;host=localhost;port=3306;charset=utf8
[ sql ] [ SQL ] select project_name from project [ RunTime:0.000000s ]

---------------------------------------------------------------
[ 2017-06-21T14:20:38+08:00 ] ::1 ::1 GET /tp5/index.php/demo/hello/project.html
[ log ] localhost/tp5/index.php/demo/hello/project.html [运行时间：0.034002s][吞吐率：29.41req/s] [内存消耗：1,828.95kb] [文件加载：44]
[ info ] [ LANG ] C:\xampp\htdocs\tp5\thinkphp\lang\zh-cn.php
[ info ] [ ROUTE ] array (
  'type' => 'module',
  'module' => 
  array (
    0 => 'demo',
    1 => 'hello',
    2 => 'project',
  ),
)
[ info ] [ HEADER ] array (
  'host' => 'localhost',
  'connection' => 'keep-alive',
  'cache-control' => 'max-age=0',
  'upgrade-insecure-requests' => '1',
  'user-agent' => 'Mozilla/5.0 (Windows NT 6.1; Win64; x64) AppleWebKit/537.36 (KHTML, like Gecko) Chrome/59.0.3071.86 Safari/537.36',
  'accept' => 'text/html,application/xhtml+xml,application/xml;q=0.9,image/webp,image/apng,*/*;q=0.8',
  'referer' => 'http://localhost/tp5/index.php/demo/hello/hello.html',
  'accept-encoding' => 'gzip, deflate, br',
  'accept-language' => 'zh-CN,zh;q=0.8',
  'cookie' => 'pgv_pvi=1445688320; Phpstorm-e4311aeb=e3ecb2d2-64ad-427e-a502-9b52cf11c2cf',
)
[ info ] [ PARAM ] array (
)
[ info ] [ RUN ] app\demo\controller\Hello->project[ C:\xampp\htdocs\tp5\application\demo\controller\Hello.php ]
[ info ] [ DB ] INIT mysql
[ info ] [ VIEW ] C:\xampp\htdocs\tp5/application/demo\view\hello\project.html [ array (
  0 => 'project_name',
) ]
[ info ] [ LOG ] INIT File
[ sql ] [ DB ] CONNECT:[ UseTime:0.002001s ] mysql:dbname=sort;host=localhost;port=3306;charset=utf8
[ sql ] [ SQL ] select project_name from project [ RunTime:0.001000s ]

---------------------------------------------------------------
[ 2017-06-21T14:20:40+08:00 ] ::1 ::1 POST /tp5/index.php/demo/hello/addproject.html
[ log ] localhost/tp5/index.php/demo/hello/addproject.html [运行时间：0.074004s][吞吐率：13.51req/s] [内存消耗：1,617.99kb] [文件加载：40]
[ info ] [ LANG ] C:\xampp\htdocs\tp5\thinkphp\lang\zh-cn.php
[ info ] [ ROUTE ] array (
  'type' => 'module',
  'module' => 
  array (
    0 => 'demo',
    1 => 'hello',
    2 => 'addproject',
  ),
)
[ info ] [ HEADER ] array (
  'host' => 'localhost',
  'connection' => 'keep-alive',
  'content-length' => '13',
  'accept' => 'application/json, text/javascript, */*; q=0.01',
  'origin' => 'http://localhost',
  'x-requested-with' => 'XMLHttpRequest',
  'user-agent' => 'Mozilla/5.0 (Windows NT 6.1; Win64; x64) AppleWebKit/537.36 (KHTML, like Gecko) Chrome/59.0.3071.86 Safari/537.36',
  'content-type' => 'application/x-www-form-urlencoded; charset=UTF-8',
  'referer' => 'http://localhost/tp5/index.php/demo/hello/project.html',
  'accept-encoding' => 'gzip, deflate, br',
  'accept-language' => 'zh-CN,zh;q=0.8',
  'cookie' => 'pgv_pvi=1445688320; Phpstorm-e4311aeb=e3ecb2d2-64ad-427e-a502-9b52cf11c2cf',
)
[ info ] [ PARAM ] array (
  'project_name' => '',
)
[ info ] [ RUN ] app\demo\controller\Hello->addProject[ C:\xampp\htdocs\tp5\application\demo\controller\Hello.php ]
[ info ] [ DB ] INIT mysql
[ info ] [ LOG ] INIT File
[ sql ] [ DB ] CONNECT:[ UseTime:0.001000s ] mysql:dbname=sort;host=localhost;port=3306;charset=utf8
[ sql ] [ SQL ] insert into project (project_name) VALUE ('') [ RunTime:0.034002s ]

---------------------------------------------------------------
[ 2017-06-21T14:20:43+08:00 ] ::1 ::1 GET /tp5/index.php/demo/hello/project.html
[ log ] localhost/tp5/index.php/demo/hello/project.html [运行时间：0.062004s][吞吐率：16.13req/s] [内存消耗：1,681.74kb] [文件加载：42]
[ info ] [ LANG ] C:\xampp\htdocs\tp5\thinkphp\lang\zh-cn.php
[ info ] [ ROUTE ] array (
  'type' => 'module',
  'module' => 
  array (
    0 => 'demo',
    1 => 'hello',
    2 => 'project',
  ),
)
[ info ] [ HEADER ] array (
  'host' => 'localhost',
  'connection' => 'keep-alive',
  'cache-control' => 'max-age=0',
  'upgrade-insecure-requests' => '1',
  'user-agent' => 'Mozilla/5.0 (Windows NT 6.1; Win64; x64) AppleWebKit/537.36 (KHTML, like Gecko) Chrome/59.0.3071.86 Safari/537.36',
  'accept' => 'text/html,application/xhtml+xml,application/xml;q=0.9,image/webp,image/apng,*/*;q=0.8',
  'referer' => 'http://localhost/tp5/index.php/demo/hello/project.html',
  'accept-encoding' => 'gzip, deflate, br',
  'accept-language' => 'zh-CN,zh;q=0.8',
  'cookie' => 'pgv_pvi=1445688320; Phpstorm-e4311aeb=e3ecb2d2-64ad-427e-a502-9b52cf11c2cf',
)
[ info ] [ PARAM ] array (
)
[ info ] [ RUN ] app\demo\controller\Hello->project[ C:\xampp\htdocs\tp5\application\demo\controller\Hello.php ]
[ info ] [ DB ] INIT mysql
[ info ] [ VIEW ] C:\xampp\htdocs\tp5/application/demo\view\hello\project.html [ array (
  0 => 'project_name',
) ]
[ info ] [ LOG ] INIT File
[ sql ] [ DB ] CONNECT:[ UseTime:0.001000s ] mysql:dbname=sort;host=localhost;port=3306;charset=utf8
[ sql ] [ SQL ] select project_name from project [ RunTime:0.000000s ]

---------------------------------------------------------------
[ 2017-06-21T14:20:46+08:00 ] ::1 ::1 POST /tp5/index.php/demo/hello/del_project.html
[ log ] localhost/tp5/index.php/demo/hello/del_project.html [运行时间：0.179010s][吞吐率：5.59req/s] [内存消耗：1,628.10kb] [文件加载：41]
[ info ] [ LANG ] C:\xampp\htdocs\tp5\thinkphp\lang\zh-cn.php
[ info ] [ ROUTE ] array (
  'type' => 'module',
  'module' => 
  array (
    0 => 'demo',
    1 => 'hello',
    2 => 'del_project',
  ),
)
[ info ] [ HEADER ] array (
  'host' => 'localhost',
  'connection' => 'keep-alive',
  'content-length' => '4',
  'accept' => '*/*',
  'origin' => 'http://localhost',
  'x-requested-with' => 'XMLHttpRequest',
  'user-agent' => 'Mozilla/5.0 (Windows NT 6.1; Win64; x64) AppleWebKit/537.36 (KHTML, like Gecko) Chrome/59.0.3071.86 Safari/537.36',
  'content-type' => 'application/x-www-form-urlencoded; charset=UTF-8',
  'referer' => 'http://localhost/tp5/index.php/demo/hello/project.html',
  'accept-encoding' => 'gzip, deflate, br',
  'accept-language' => 'zh-CN,zh;q=0.8',
  'cookie' => 'pgv_pvi=1445688320; Phpstorm-e4311aeb=e3ecb2d2-64ad-427e-a502-9b52cf11c2cf',
)
[ info ] [ PARAM ] array (
  'p_n' => '',
)
[ info ] [ RUN ] app\demo\controller\Hello->del_project[ C:\xampp\htdocs\tp5\application\demo\controller\Hello.php ]
[ info ] [ DB ] INIT mysql
[ info ] [ LOG ] INIT File
[ sql ] [ DB ] CONNECT:[ UseTime:0.012001s ] mysql:dbname=sort;host=localhost;port=3306;charset=utf8
[ sql ] [ SQL ] SELECT project_id FROM project WHERE project_name = '' [ RunTime:0.000000s ]
[ sql ] [ SQL ] SELECT COUNT(*) AS num FROM project WHERE project.project_id  = '5' [ RunTime:0.000000s ]
[ sql ] [ SQL ] SELECT COUNT(*) AS num FROM group_ WHERE group_id IN (SELECT group_id FROM project_group WHERE project_id = '5') [ RunTime:0.000000s ]
[ sql ] [ SQL ] SELECT COUNT(*) AS num FROM group_test WHERE group_id IN (SELECT group_id FROM project_group WHERE project_id = '5') [ RunTime:0.000000s ]
[ sql ] [ SQL ] SELECT COUNT(*) AS num FROM project_group WHERE project_id = '5' [ RunTime:0.000000s ]
[ sql ] [ SQL ] DELETE FROM group_ WHERE group_id IN (SELECT group_id FROM project_group WHERE project_id = '5') [ RunTime:0.001000s ]
[ sql ] [ SQL ] DELETE FROM group_test WHERE group_id IN (SELECT group_id FROM project_group WHERE project_id = '5') [ RunTime:0.007001s ]
[ sql ] [ SQL ] DELETE FROM project_group WHERE project_id = '5' [ RunTime:0.001000s ]
[ sql ] [ SQL ] DELETE  FROM project WHERE project.project_id  = '5' [ RunTime:0.087005s ]

---------------------------------------------------------------
[ 2017-06-21T14:20:47+08:00 ] ::1 ::1 GET /tp5/index.php/demo/hello/project.html
[ log ] localhost/tp5/index.php/demo/hello/project.html [运行时间：0.072004s][吞吐率：13.89req/s] [内存消耗：1,681.41kb] [文件加载：42]
[ info ] [ LANG ] C:\xampp\htdocs\tp5\thinkphp\lang\zh-cn.php
[ info ] [ ROUTE ] array (
  'type' => 'module',
  'module' => 
  array (
    0 => 'demo',
    1 => 'hello',
    2 => 'project',
  ),
)
[ info ] [ HEADER ] array (
  'host' => 'localhost',
  'connection' => 'keep-alive',
  'cache-control' => 'max-age=0',
  'upgrade-insecure-requests' => '1',
  'user-agent' => 'Mozilla/5.0 (Windows NT 6.1; Win64; x64) AppleWebKit/537.36 (KHTML, like Gecko) Chrome/59.0.3071.86 Safari/537.36',
  'accept' => 'text/html,application/xhtml+xml,application/xml;q=0.9,image/webp,image/apng,*/*;q=0.8',
  'referer' => 'http://localhost/tp5/index.php/demo/hello/project.html',
  'accept-encoding' => 'gzip, deflate, br',
  'accept-language' => 'zh-CN,zh;q=0.8',
  'cookie' => 'pgv_pvi=1445688320; Phpstorm-e4311aeb=e3ecb2d2-64ad-427e-a502-9b52cf11c2cf',
)
[ info ] [ PARAM ] array (
)
[ info ] [ RUN ] app\demo\controller\Hello->project[ C:\xampp\htdocs\tp5\application\demo\controller\Hello.php ]
[ info ] [ DB ] INIT mysql
[ info ] [ VIEW ] C:\xampp\htdocs\tp5/application/demo\view\hello\project.html [ array (
  0 => 'project_name',
) ]
[ info ] [ LOG ] INIT File
[ sql ] [ DB ] CONNECT:[ UseTime:0.003000s ] mysql:dbname=sort;host=localhost;port=3306;charset=utf8
[ sql ] [ SQL ] select project_name from project [ RunTime:0.001000s ]

---------------------------------------------------------------
[ 2017-06-21T14:21:02+08:00 ] ::1 ::1 GET /tp5/index.php/demo/hello/project.html
[ log ] localhost/tp5/index.php/demo/hello/project.html [运行时间：0.072004s][吞吐率：13.89req/s] [内存消耗：1,829.05kb] [文件加载：44]
[ info ] [ LANG ] C:\xampp\htdocs\tp5\thinkphp\lang\zh-cn.php
[ info ] [ ROUTE ] array (
  'type' => 'module',
  'module' => 
  array (
    0 => 'demo',
    1 => 'hello',
    2 => 'project',
  ),
)
[ info ] [ HEADER ] array (
  'host' => 'localhost',
  'connection' => 'keep-alive',
  'cache-control' => 'max-age=0',
  'upgrade-insecure-requests' => '1',
  'user-agent' => 'Mozilla/5.0 (Windows NT 6.1; Win64; x64) AppleWebKit/537.36 (KHTML, like Gecko) Chrome/59.0.3071.86 Safari/537.36',
  'accept' => 'text/html,application/xhtml+xml,application/xml;q=0.9,image/webp,image/apng,*/*;q=0.8',
  'referer' => 'http://localhost/tp5/index.php/demo/hello/project.html',
  'accept-encoding' => 'gzip, deflate, br',
  'accept-language' => 'zh-CN,zh;q=0.8',
  'cookie' => 'pgv_pvi=1445688320; Phpstorm-e4311aeb=e3ecb2d2-64ad-427e-a502-9b52cf11c2cf',
)
[ info ] [ PARAM ] array (
)
[ info ] [ RUN ] app\demo\controller\Hello->project[ C:\xampp\htdocs\tp5\application\demo\controller\Hello.php ]
[ info ] [ DB ] INIT mysql
[ info ] [ VIEW ] C:\xampp\htdocs\tp5/application/demo\view\hello\project.html [ array (
  0 => 'project_name',
) ]
[ info ] [ LOG ] INIT File
[ sql ] [ DB ] CONNECT:[ UseTime:0.003000s ] mysql:dbname=sort;host=localhost;port=3306;charset=utf8
[ sql ] [ SQL ] select project_name from project [ RunTime:0.000000s ]

---------------------------------------------------------------
[ 2017-06-21T14:21:25+08:00 ] ::1 ::1 GET /tp5/index.php/demo/hello/group.html
[ log ] localhost/tp5/index.php/demo/hello/group.html [运行时间：0.067004s][吞吐率：14.92req/s] [内存消耗：1,713.16kb] [文件加载：43]
[ info ] [ LANG ] C:\xampp\htdocs\tp5\thinkphp\lang\zh-cn.php
[ info ] [ ROUTE ] array (
  'type' => 'module',
  'module' => 
  array (
    0 => 'demo',
    1 => 'hello',
    2 => 'group',
  ),
)
[ info ] [ HEADER ] array (
  'host' => 'localhost',
  'connection' => 'keep-alive',
  'upgrade-insecure-requests' => '1',
  'user-agent' => 'Mozilla/5.0 (Windows NT 6.1; Win64; x64) AppleWebKit/537.36 (KHTML, like Gecko) Chrome/59.0.3071.86 Safari/537.36',
  'accept' => 'text/html,application/xhtml+xml,application/xml;q=0.9,image/webp,image/apng,*/*;q=0.8',
  'referer' => 'http://localhost/tp5/index.php/demo/hello/project.html',
  'accept-encoding' => 'gzip, deflate, br',
  'accept-language' => 'zh-CN,zh;q=0.8',
  'cookie' => 'project_name=%E5%8F%A3%E5%91%B3%E6%B5%8B%E8%AF%95; pgv_pvi=1445688320; Phpstorm-e4311aeb=e3ecb2d2-64ad-427e-a502-9b52cf11c2cf',
)
[ info ] [ PARAM ] array (
)
[ info ] [ RUN ] app\demo\controller\Hello->group[ C:\xampp\htdocs\tp5\application\demo\controller\Hello.php ]
[ info ] [ DB ] INIT mysql
[ info ] [ VIEW ] C:\xampp\htdocs\tp5/application/demo\view\hello\group.html [ array (
  0 => 'project_n',
  1 => 'project_id',
  2 => 'group_name',
) ]
[ info ] [ LOG ] INIT File
[ sql ] [ DB ] CONNECT:[ UseTime:0.011001s ] mysql:dbname=sort;host=localhost;port=3306;charset=utf8
[ sql ] [ SQL ] select project_id from project WHERE project_name = '口味测试' [ RunTime:0.000000s ]
[ sql ] [ SQL ] select group_name from group_ WHERE group_id IN (SELECT group_id FROM project_group WHERE project_id = '4') [ RunTime:0.001000s ]

---------------------------------------------------------------
[ 2017-06-21T14:49:33+08:00 ] ::1 ::1 GET /tp5/index.php/demo/hello/group.html
[ log ] localhost/tp5/index.php/demo/hello/group.html [运行时间：0.044002s][吞吐率：22.73req/s] [内存消耗：1,863.74kb] [文件加载：45]
[ info ] [ LANG ] C:\xampp\htdocs\tp5\thinkphp\lang\zh-cn.php
[ info ] [ ROUTE ] array (
  'type' => 'module',
  'module' => 
  array (
    0 => 'demo',
    1 => 'hello',
    2 => 'group',
  ),
)
[ info ] [ HEADER ] array (
  'host' => 'localhost',
  'connection' => 'keep-alive',
  'cache-control' => 'max-age=0',
  'upgrade-insecure-requests' => '1',
  'user-agent' => 'Mozilla/5.0 (Windows NT 6.1; Win64; x64) AppleWebKit/537.36 (KHTML, like Gecko) Chrome/59.0.3071.86 Safari/537.36',
  'accept' => 'text/html,application/xhtml+xml,application/xml;q=0.9,image/webp,image/apng,*/*;q=0.8',
  'referer' => 'http://localhost/tp5/index.php/demo/hello/project.html',
  'accept-encoding' => 'gzip, deflate, br',
  'accept-language' => 'zh-CN,zh;q=0.8',
  'cookie' => 'project_name=%E5%8F%A3%E5%91%B3%E6%B5%8B%E8%AF%95; pgv_pvi=1445688320; Phpstorm-e4311aeb=e3ecb2d2-64ad-427e-a502-9b52cf11c2cf',
)
[ info ] [ PARAM ] array (
)
[ info ] [ RUN ] app\demo\controller\Hello->group[ C:\xampp\htdocs\tp5\application\demo\controller\Hello.php ]
[ info ] [ DB ] INIT mysql
[ info ] [ VIEW ] C:\xampp\htdocs\tp5/application/demo\view\hello\group.html [ array (
  0 => 'project_n',
  1 => 'project_id',
  2 => 'group_name',
) ]
[ info ] [ LOG ] INIT File
[ sql ] [ DB ] CONNECT:[ UseTime:0.002000s ] mysql:dbname=sort;host=localhost;port=3306;charset=utf8
[ sql ] [ SQL ] select project_id from project WHERE project_name = '口味测试' [ RunTime:0.000000s ]
[ sql ] [ SQL ] select group_name from group_ WHERE group_id IN (SELECT group_id FROM project_group WHERE project_id = '4') [ RunTime:0.001000s ]

---------------------------------------------------------------
[ 2017-06-21T14:49:52+08:00 ] ::1 ::1 GET /tp5/index.php/demo/hello/group.html
[ log ] localhost/tp5/index.php/demo/hello/group.html [运行时间：0.051003s][吞吐率：19.61req/s] [内存消耗：1,863.80kb] [文件加载：45]
[ info ] [ LANG ] C:\xampp\htdocs\tp5\thinkphp\lang\zh-cn.php
[ info ] [ ROUTE ] array (
  'type' => 'module',
  'module' => 
  array (
    0 => 'demo',
    1 => 'hello',
    2 => 'group',
  ),
)
[ info ] [ HEADER ] array (
  'host' => 'localhost',
  'connection' => 'keep-alive',
  'cache-control' => 'max-age=0',
  'upgrade-insecure-requests' => '1',
  'user-agent' => 'Mozilla/5.0 (Windows NT 6.1; Win64; x64) AppleWebKit/537.36 (KHTML, like Gecko) Chrome/59.0.3071.86 Safari/537.36',
  'accept' => 'text/html,application/xhtml+xml,application/xml;q=0.9,image/webp,image/apng,*/*;q=0.8',
  'referer' => 'http://localhost/tp5/index.php/demo/hello/project.html',
  'accept-encoding' => 'gzip, deflate, br',
  'accept-language' => 'zh-CN,zh;q=0.8',
  'cookie' => 'project_name=%E5%8F%A3%E5%91%B3%E6%B5%8B%E8%AF%95; pgv_pvi=1445688320; Phpstorm-e4311aeb=e3ecb2d2-64ad-427e-a502-9b52cf11c2cf',
)
[ info ] [ PARAM ] array (
)
[ info ] [ RUN ] app\demo\controller\Hello->group[ C:\xampp\htdocs\tp5\application\demo\controller\Hello.php ]
[ info ] [ DB ] INIT mysql
[ info ] [ VIEW ] C:\xampp\htdocs\tp5/application/demo\view\hello\group.html [ array (
  0 => 'project_n',
  1 => 'project_id',
  2 => 'group_name',
) ]
[ info ] [ LOG ] INIT File
[ sql ] [ DB ] CONNECT:[ UseTime:0.011001s ] mysql:dbname=sort;host=localhost;port=3306;charset=utf8
[ sql ] [ SQL ] select project_id from project WHERE project_name = '口味测试' [ RunTime:0.001000s ]
[ sql ] [ SQL ] select group_name from group_ WHERE group_id IN (SELECT group_id FROM project_group WHERE project_id = '4') [ RunTime:0.000000s ]

---------------------------------------------------------------
[ 2017-06-21T14:49:55+08:00 ] ::1 ::1 POST /tp5/index.php/demo/hello/del_group.html
[ log ] localhost/tp5/index.php/demo/hello/del_group.html [运行时间：0.042002s][吞吐率：23.81req/s] [内存消耗：1,410.34kb] [文件加载：36]
[ info ] [ LANG ] C:\xampp\htdocs\tp5\thinkphp\lang\zh-cn.php
[ info ] [ ROUTE ] array (
  'type' => 'module',
  'module' => 
  array (
    0 => 'demo',
    1 => 'hello',
    2 => 'del_group',
  ),
)
[ info ] [ HEADER ] array (
  'host' => 'localhost',
  'connection' => 'keep-alive',
  'content-length' => '45',
  'origin' => 'http://localhost',
  'user-agent' => 'Mozilla/5.0 (Windows NT 6.1; Win64; x64) AppleWebKit/537.36 (KHTML, like Gecko) Chrome/59.0.3071.86 Safari/537.36',
  'content-type' => 'application/x-www-form-urlencoded; charset=UTF-8',
  'accept' => '*/*',
  'x-requested-with' => 'XMLHttpRequest',
  'referer' => 'http://localhost/tp5/index.php/demo/hello/group.html',
  'accept-encoding' => 'gzip, deflate, br',
  'accept-language' => 'zh-CN,zh;q=0.8',
  'cookie' => 'project_name=%E5%8F%A3%E5%91%B3%E6%B5%8B%E8%AF%95; pgv_pvi=1445688320; Phpstorm-e4311aeb=e3ecb2d2-64ad-427e-a502-9b52cf11c2cf',
)
[ info ] [ PARAM ] array (
  'p_n' => '口味测试',
  'g_n' => '',
)
[ info ] [ RUN ] app\demo\controller\Hello->del_group[ C:\xampp\htdocs\tp5\application\demo\controller\Hello.php ]
[ info ] [ LOG ] INIT File

---------------------------------------------------------------
[ 2017-06-21T14:50:03+08:00 ] ::1 ::1 POST /tp5/index.php/demo/hello/del_group.html
[ log ] localhost/tp5/index.php/demo/hello/del_group.html [运行时间：0.052003s][吞吐率：19.23req/s] [内存消耗：1,410.34kb] [文件加载：36]
[ info ] [ LANG ] C:\xampp\htdocs\tp5\thinkphp\lang\zh-cn.php
[ info ] [ ROUTE ] array (
  'type' => 'module',
  'module' => 
  array (
    0 => 'demo',
    1 => 'hello',
    2 => 'del_group',
  ),
)
[ info ] [ HEADER ] array (
  'host' => 'localhost',
  'connection' => 'keep-alive',
  'content-length' => '45',
  'origin' => 'http://localhost',
  'user-agent' => 'Mozilla/5.0 (Windows NT 6.1; Win64; x64) AppleWebKit/537.36 (KHTML, like Gecko) Chrome/59.0.3071.86 Safari/537.36',
  'content-type' => 'application/x-www-form-urlencoded; charset=UTF-8',
  'accept' => '*/*',
  'x-requested-with' => 'XMLHttpRequest',
  'referer' => 'http://localhost/tp5/index.php/demo/hello/group.html',
  'accept-encoding' => 'gzip, deflate, br',
  'accept-language' => 'zh-CN,zh;q=0.8',
  'cookie' => 'project_name=%E5%8F%A3%E5%91%B3%E6%B5%8B%E8%AF%95; pgv_pvi=1445688320; Phpstorm-e4311aeb=e3ecb2d2-64ad-427e-a502-9b52cf11c2cf',
)
[ info ] [ PARAM ] array (
  'p_n' => '口味测试',
  'g_n' => '',
)
[ info ] [ RUN ] app\demo\controller\Hello->del_group[ C:\xampp\htdocs\tp5\application\demo\controller\Hello.php ]
[ info ] [ LOG ] INIT File

---------------------------------------------------------------
[ 2017-06-21T14:50:03+08:00 ] ::1 ::1 POST /tp5/index.php/demo/hello/del_group.html
[ log ] localhost/tp5/index.php/demo/hello/del_group.html [运行时间：0.022001s][吞吐率：45.45req/s] [内存消耗：1,410.34kb] [文件加载：36]
[ info ] [ LANG ] C:\xampp\htdocs\tp5\thinkphp\lang\zh-cn.php
[ info ] [ ROUTE ] array (
  'type' => 'module',
  'module' => 
  array (
    0 => 'demo',
    1 => 'hello',
    2 => 'del_group',
  ),
)
[ info ] [ HEADER ] array (
  'host' => 'localhost',
  'connection' => 'keep-alive',
  'content-length' => '45',
  'origin' => 'http://localhost',
  'user-agent' => 'Mozilla/5.0 (Windows NT 6.1; Win64; x64) AppleWebKit/537.36 (KHTML, like Gecko) Chrome/59.0.3071.86 Safari/537.36',
  'content-type' => 'application/x-www-form-urlencoded; charset=UTF-8',
  'accept' => '*/*',
  'x-requested-with' => 'XMLHttpRequest',
  'referer' => 'http://localhost/tp5/index.php/demo/hello/group.html',
  'accept-encoding' => 'gzip, deflate, br',
  'accept-language' => 'zh-CN,zh;q=0.8',
  'cookie' => 'project_name=%E5%8F%A3%E5%91%B3%E6%B5%8B%E8%AF%95; pgv_pvi=1445688320; Phpstorm-e4311aeb=e3ecb2d2-64ad-427e-a502-9b52cf11c2cf',
)
[ info ] [ PARAM ] array (
  'p_n' => '口味测试',
  'g_n' => '',
)
[ info ] [ RUN ] app\demo\controller\Hello->del_group[ C:\xampp\htdocs\tp5\application\demo\controller\Hello.php ]
[ info ] [ LOG ] INIT File

---------------------------------------------------------------
[ 2017-06-21T14:50:04+08:00 ] ::1 ::1 POST /tp5/index.php/demo/hello/del_group.html
[ log ] localhost/tp5/index.php/demo/hello/del_group.html [运行时间：0.047003s][吞吐率：21.28req/s] [内存消耗：1,410.34kb] [文件加载：36]
[ info ] [ LANG ] C:\xampp\htdocs\tp5\thinkphp\lang\zh-cn.php
[ info ] [ ROUTE ] array (
  'type' => 'module',
  'module' => 
  array (
    0 => 'demo',
    1 => 'hello',
    2 => 'del_group',
  ),
)
[ info ] [ HEADER ] array (
  'host' => 'localhost',
  'connection' => 'keep-alive',
  'content-length' => '45',
  'origin' => 'http://localhost',
  'user-agent' => 'Mozilla/5.0 (Windows NT 6.1; Win64; x64) AppleWebKit/537.36 (KHTML, like Gecko) Chrome/59.0.3071.86 Safari/537.36',
  'content-type' => 'application/x-www-form-urlencoded; charset=UTF-8',
  'accept' => '*/*',
  'x-requested-with' => 'XMLHttpRequest',
  'referer' => 'http://localhost/tp5/index.php/demo/hello/group.html',
  'accept-encoding' => 'gzip, deflate, br',
  'accept-language' => 'zh-CN,zh;q=0.8',
  'cookie' => 'project_name=%E5%8F%A3%E5%91%B3%E6%B5%8B%E8%AF%95; pgv_pvi=1445688320; Phpstorm-e4311aeb=e3ecb2d2-64ad-427e-a502-9b52cf11c2cf',
)
[ info ] [ PARAM ] array (
  'p_n' => '口味测试',
  'g_n' => '',
)
[ info ] [ RUN ] app\demo\controller\Hello->del_group[ C:\xampp\htdocs\tp5\application\demo\controller\Hello.php ]
[ info ] [ LOG ] INIT File

---------------------------------------------------------------
[ 2017-06-21T14:50:32+08:00 ] ::1 ::1 GET /tp5/index.php/demo/hello/group.html
[ log ] localhost/tp5/index.php/demo/hello/group.html [运行时间：0.029002s][吞吐率：34.48req/s] [内存消耗：1,714.50kb] [文件加载：43]
[ info ] [ LANG ] C:\xampp\htdocs\tp5\thinkphp\lang\zh-cn.php
[ info ] [ ROUTE ] array (
  'type' => 'module',
  'module' => 
  array (
    0 => 'demo',
    1 => 'hello',
    2 => 'group',
  ),
)
[ info ] [ HEADER ] array (
  'host' => 'localhost',
  'connection' => 'keep-alive',
  'cache-control' => 'max-age=0',
  'upgrade-insecure-requests' => '1',
  'user-agent' => 'Mozilla/5.0 (Windows NT 6.1; Win64; x64) AppleWebKit/537.36 (KHTML, like Gecko) Chrome/59.0.3071.86 Safari/537.36',
  'accept' => 'text/html,application/xhtml+xml,application/xml;q=0.9,image/webp,image/apng,*/*;q=0.8',
  'referer' => 'http://localhost/tp5/index.php/demo/hello/project.html',
  'accept-encoding' => 'gzip, deflate, br',
  'accept-language' => 'zh-CN,zh;q=0.8',
  'cookie' => 'project_name=%E5%8F%A3%E5%91%B3%E6%B5%8B%E8%AF%95; pgv_pvi=1445688320; Phpstorm-e4311aeb=e3ecb2d2-64ad-427e-a502-9b52cf11c2cf',
)
[ info ] [ PARAM ] array (
)
[ info ] [ RUN ] app\demo\controller\Hello->group[ C:\xampp\htdocs\tp5\application\demo\controller\Hello.php ]
[ info ] [ DB ] INIT mysql
[ info ] [ VIEW ] C:\xampp\htdocs\tp5/application/demo\view\hello\group.html [ array (
  0 => 'project_n',
  1 => 'project_id',
  2 => 'group_name',
) ]
[ info ] [ LOG ] INIT File
[ sql ] [ DB ] CONNECT:[ UseTime:0.002001s ] mysql:dbname=sort;host=localhost;port=3306;charset=utf8
[ sql ] [ SQL ] select project_id from project WHERE project_name = '口味测试' [ RunTime:0.001000s ]
[ sql ] [ SQL ] select group_name from group_ WHERE group_id IN (SELECT group_id FROM project_group WHERE project_id = '4') [ RunTime:0.000000s ]

---------------------------------------------------------------
[ 2017-06-21T14:50:35+08:00 ] ::1 ::1 POST /tp5/index.php/demo/hello/del_group.html
[ log ] localhost/tp5/index.php/demo/hello/del_group.html [运行时间：0.031001s][吞吐率：32.26req/s] [内存消耗：1,410.55kb] [文件加载：36]
[ info ] [ LANG ] C:\xampp\htdocs\tp5\thinkphp\lang\zh-cn.php
[ info ] [ ROUTE ] array (
  'type' => 'module',
  'module' => 
  array (
    0 => 'demo',
    1 => 'hello',
    2 => 'del_group',
  ),
)
[ info ] [ HEADER ] array (
  'host' => 'localhost',
  'connection' => 'keep-alive',
  'content-length' => '45',
  'origin' => 'http://localhost',
  'user-agent' => 'Mozilla/5.0 (Windows NT 6.1; Win64; x64) AppleWebKit/537.36 (KHTML, like Gecko) Chrome/59.0.3071.86 Safari/537.36',
  'content-type' => 'application/x-www-form-urlencoded; charset=UTF-8',
  'accept' => '*/*',
  'x-requested-with' => 'XMLHttpRequest',
  'referer' => 'http://localhost/tp5/index.php/demo/hello/group.html',
  'accept-encoding' => 'gzip, deflate, br',
  'accept-language' => 'zh-CN,zh;q=0.8',
  'cookie' => 'project_name=%E5%8F%A3%E5%91%B3%E6%B5%8B%E8%AF%95; pgv_pvi=1445688320; Phpstorm-e4311aeb=e3ecb2d2-64ad-427e-a502-9b52cf11c2cf',
)
[ info ] [ PARAM ] array (
  'p_n' => '口味测试',
  'g_n' => '',
)
[ info ] [ RUN ] app\demo\controller\Hello->del_group[ C:\xampp\htdocs\tp5\application\demo\controller\Hello.php ]
[ info ] [ LOG ] INIT File

---------------------------------------------------------------
[ 2017-06-21T14:50:40+08:00 ] ::1 ::1 POST /tp5/index.php/demo/hello/del_group.html
[ log ] localhost/tp5/index.php/demo/hello/del_group.html [运行时间：0.045003s][吞吐率：22.22req/s] [内存消耗：1,410.55kb] [文件加载：36]
[ info ] [ LANG ] C:\xampp\htdocs\tp5\thinkphp\lang\zh-cn.php
[ info ] [ ROUTE ] array (
  'type' => 'module',
  'module' => 
  array (
    0 => 'demo',
    1 => 'hello',
    2 => 'del_group',
  ),
)
[ info ] [ HEADER ] array (
  'host' => 'localhost',
  'connection' => 'keep-alive',
  'content-length' => '45',
  'origin' => 'http://localhost',
  'user-agent' => 'Mozilla/5.0 (Windows NT 6.1; Win64; x64) AppleWebKit/537.36 (KHTML, like Gecko) Chrome/59.0.3071.86 Safari/537.36',
  'content-type' => 'application/x-www-form-urlencoded; charset=UTF-8',
  'accept' => '*/*',
  'x-requested-with' => 'XMLHttpRequest',
  'referer' => 'http://localhost/tp5/index.php/demo/hello/group.html',
  'accept-encoding' => 'gzip, deflate, br',
  'accept-language' => 'zh-CN,zh;q=0.8',
  'cookie' => 'project_name=%E5%8F%A3%E5%91%B3%E6%B5%8B%E8%AF%95; pgv_pvi=1445688320; Phpstorm-e4311aeb=e3ecb2d2-64ad-427e-a502-9b52cf11c2cf',
)
[ info ] [ PARAM ] array (
  'p_n' => '口味测试',
  'g_n' => '',
)
[ info ] [ RUN ] app\demo\controller\Hello->del_group[ C:\xampp\htdocs\tp5\application\demo\controller\Hello.php ]
[ info ] [ LOG ] INIT File

---------------------------------------------------------------
[ 2017-06-21T14:50:42+08:00 ] ::1 ::1 GET /tp5/index.php/demo/hello/group.html
[ log ] localhost/tp5/index.php/demo/hello/group.html [运行时间：0.057004s][吞吐率：17.54req/s] [内存消耗：1,714.50kb] [文件加载：43]
[ info ] [ LANG ] C:\xampp\htdocs\tp5\thinkphp\lang\zh-cn.php
[ info ] [ ROUTE ] array (
  'type' => 'module',
  'module' => 
  array (
    0 => 'demo',
    1 => 'hello',
    2 => 'group',
  ),
)
[ info ] [ HEADER ] array (
  'host' => 'localhost',
  'connection' => 'keep-alive',
  'cache-control' => 'max-age=0',
  'upgrade-insecure-requests' => '1',
  'user-agent' => 'Mozilla/5.0 (Windows NT 6.1; Win64; x64) AppleWebKit/537.36 (KHTML, like Gecko) Chrome/59.0.3071.86 Safari/537.36',
  'accept' => 'text/html,application/xhtml+xml,application/xml;q=0.9,image/webp,image/apng,*/*;q=0.8',
  'referer' => 'http://localhost/tp5/index.php/demo/hello/project.html',
  'accept-encoding' => 'gzip, deflate, br',
  'accept-language' => 'zh-CN,zh;q=0.8',
  'cookie' => 'project_name=%E5%8F%A3%E5%91%B3%E6%B5%8B%E8%AF%95; pgv_pvi=1445688320; Phpstorm-e4311aeb=e3ecb2d2-64ad-427e-a502-9b52cf11c2cf',
)
[ info ] [ PARAM ] array (
)
[ info ] [ RUN ] app\demo\controller\Hello->group[ C:\xampp\htdocs\tp5\application\demo\controller\Hello.php ]
[ info ] [ DB ] INIT mysql
[ info ] [ VIEW ] C:\xampp\htdocs\tp5/application/demo\view\hello\group.html [ array (
  0 => 'project_n',
  1 => 'project_id',
  2 => 'group_name',
) ]
[ info ] [ LOG ] INIT File
[ sql ] [ DB ] CONNECT:[ UseTime:0.002000s ] mysql:dbname=sort;host=localhost;port=3306;charset=utf8
[ sql ] [ SQL ] select project_id from project WHERE project_name = '口味测试' [ RunTime:0.000000s ]
[ sql ] [ SQL ] select group_name from group_ WHERE group_id IN (SELECT group_id FROM project_group WHERE project_id = '4') [ RunTime:0.001000s ]

---------------------------------------------------------------
[ 2017-06-21T14:50:56+08:00 ] ::1 ::1 POST /tp5/index.php/demo/hello/del_group.html
[ log ] localhost/tp5/index.php/demo/hello/del_group.html [运行时间：0.059004s][吞吐率：16.95req/s] [内存消耗：1,410.58kb] [文件加载：36]
[ info ] [ LANG ] C:\xampp\htdocs\tp5\thinkphp\lang\zh-cn.php
[ info ] [ ROUTE ] array (
  'type' => 'module',
  'module' => 
  array (
    0 => 'demo',
    1 => 'hello',
    2 => 'del_group',
  ),
)
[ info ] [ HEADER ] array (
  'host' => 'localhost',
  'connection' => 'keep-alive',
  'content-length' => '49',
  'origin' => 'http://localhost',
  'user-agent' => 'Mozilla/5.0 (Windows NT 6.1; Win64; x64) AppleWebKit/537.36 (KHTML, like Gecko) Chrome/59.0.3071.86 Safari/537.36',
  'content-type' => 'application/x-www-form-urlencoded; charset=UTF-8',
  'accept' => '*/*',
  'x-requested-with' => 'XMLHttpRequest',
  'referer' => 'http://localhost/tp5/index.php/demo/hello/group.html',
  'accept-encoding' => 'gzip, deflate, br',
  'accept-language' => 'zh-CN,zh;q=0.8',
  'cookie' => 'project_name=%E5%8F%A3%E5%91%B3%E6%B5%8B%E8%AF%95; pgv_pvi=1445688320; Phpstorm-e4311aeb=e3ecb2d2-64ad-427e-a502-9b52cf11c2cf',
)
[ info ] [ PARAM ] array (
  'p_n' => '口味测试',
  'g_n' => 'tlsq',
)
[ info ] [ RUN ] app\demo\controller\Hello->del_group[ C:\xampp\htdocs\tp5\application\demo\controller\Hello.php ]
[ info ] [ LOG ] INIT File

---------------------------------------------------------------
[ 2017-06-21T14:51:00+08:00 ] ::1 ::1 GET /tp5/index.php/demo/hello/group.html
[ log ] localhost/tp5/index.php/demo/hello/group.html [运行时间：0.052003s][吞吐率：19.23req/s] [内存消耗：1,714.50kb] [文件加载：43]
[ info ] [ LANG ] C:\xampp\htdocs\tp5\thinkphp\lang\zh-cn.php
[ info ] [ ROUTE ] array (
  'type' => 'module',
  'module' => 
  array (
    0 => 'demo',
    1 => 'hello',
    2 => 'group',
  ),
)
[ info ] [ HEADER ] array (
  'host' => 'localhost',
  'connection' => 'keep-alive',
  'cache-control' => 'max-age=0',
  'upgrade-insecure-requests' => '1',
  'user-agent' => 'Mozilla/5.0 (Windows NT 6.1; Win64; x64) AppleWebKit/537.36 (KHTML, like Gecko) Chrome/59.0.3071.86 Safari/537.36',
  'accept' => 'text/html,application/xhtml+xml,application/xml;q=0.9,image/webp,image/apng,*/*;q=0.8',
  'referer' => 'http://localhost/tp5/index.php/demo/hello/project.html',
  'accept-encoding' => 'gzip, deflate, br',
  'accept-language' => 'zh-CN,zh;q=0.8',
  'cookie' => 'project_name=%E5%8F%A3%E5%91%B3%E6%B5%8B%E8%AF%95; pgv_pvi=1445688320; Phpstorm-e4311aeb=e3ecb2d2-64ad-427e-a502-9b52cf11c2cf',
)
[ info ] [ PARAM ] array (
)
[ info ] [ RUN ] app\demo\controller\Hello->group[ C:\xampp\htdocs\tp5\application\demo\controller\Hello.php ]
[ info ] [ DB ] INIT mysql
[ info ] [ VIEW ] C:\xampp\htdocs\tp5/application/demo\view\hello\group.html [ array (
  0 => 'project_n',
  1 => 'project_id',
  2 => 'group_name',
) ]
[ info ] [ LOG ] INIT File
[ sql ] [ DB ] CONNECT:[ UseTime:0.002000s ] mysql:dbname=sort;host=localhost;port=3306;charset=utf8
[ sql ] [ SQL ] select project_id from project WHERE project_name = '口味测试' [ RunTime:0.001000s ]
[ sql ] [ SQL ] select group_name from group_ WHERE group_id IN (SELECT group_id FROM project_group WHERE project_id = '4') [ RunTime:0.000000s ]

---------------------------------------------------------------
[ 2017-06-21T14:51:19+08:00 ] ::1 ::1 POST /tp5/index.php/demo/hello/del_group.html
[ log ] localhost/tp5/index.php/demo/hello/del_group.html [运行时间：0.057003s][吞吐率：17.54req/s] [内存消耗：1,410.34kb] [文件加载：36]
[ info ] [ LANG ] C:\xampp\htdocs\tp5\thinkphp\lang\zh-cn.php
[ info ] [ ROUTE ] array (
  'type' => 'module',
  'module' => 
  array (
    0 => 'demo',
    1 => 'hello',
    2 => 'del_group',
  ),
)
[ info ] [ HEADER ] array (
  'host' => 'localhost',
  'connection' => 'keep-alive',
  'content-length' => '49',
  'origin' => 'http://localhost',
  'user-agent' => 'Mozilla/5.0 (Windows NT 6.1; Win64; x64) AppleWebKit/537.36 (KHTML, like Gecko) Chrome/59.0.3071.86 Safari/537.36',
  'content-type' => 'application/x-www-form-urlencoded; charset=UTF-8',
  'accept' => '*/*',
  'x-requested-with' => 'XMLHttpRequest',
  'referer' => 'http://localhost/tp5/index.php/demo/hello/group.html',
  'accept-encoding' => 'gzip, deflate, br',
  'accept-language' => 'zh-CN,zh;q=0.8',
  'cookie' => 'project_name=%E5%8F%A3%E5%91%B3%E6%B5%8B%E8%AF%95; pgv_pvi=1445688320; Phpstorm-e4311aeb=e3ecb2d2-64ad-427e-a502-9b52cf11c2cf',
)
[ info ] [ PARAM ] array (
  'p_n' => '口味测试',
  'g_n' => 'tlsq',
)
[ info ] [ RUN ] app\demo\controller\Hello->del_group[ C:\xampp\htdocs\tp5\application\demo\controller\Hello.php ]
[ info ] [ LOG ] INIT File

---------------------------------------------------------------
[ 2017-06-21T14:51:20+08:00 ] ::1 ::1 POST /tp5/index.php/demo/hello/del_group.html
[ log ] localhost/tp5/index.php/demo/hello/del_group.html [运行时间：0.048003s][吞吐率：20.83req/s] [内存消耗：1,410.34kb] [文件加载：36]
[ info ] [ LANG ] C:\xampp\htdocs\tp5\thinkphp\lang\zh-cn.php
[ info ] [ ROUTE ] array (
  'type' => 'module',
  'module' => 
  array (
    0 => 'demo',
    1 => 'hello',
    2 => 'del_group',
  ),
)
[ info ] [ HEADER ] array (
  'host' => 'localhost',
  'connection' => 'keep-alive',
  'content-length' => '49',
  'origin' => 'http://localhost',
  'user-agent' => 'Mozilla/5.0 (Windows NT 6.1; Win64; x64) AppleWebKit/537.36 (KHTML, like Gecko) Chrome/59.0.3071.86 Safari/537.36',
  'content-type' => 'application/x-www-form-urlencoded; charset=UTF-8',
  'accept' => '*/*',
  'x-requested-with' => 'XMLHttpRequest',
  'referer' => 'http://localhost/tp5/index.php/demo/hello/group.html',
  'accept-encoding' => 'gzip, deflate, br',
  'accept-language' => 'zh-CN,zh;q=0.8',
  'cookie' => 'project_name=%E5%8F%A3%E5%91%B3%E6%B5%8B%E8%AF%95; pgv_pvi=1445688320; Phpstorm-e4311aeb=e3ecb2d2-64ad-427e-a502-9b52cf11c2cf',
)
[ info ] [ PARAM ] array (
  'p_n' => '口味测试',
  'g_n' => 'tlsq',
)
[ info ] [ RUN ] app\demo\controller\Hello->del_group[ C:\xampp\htdocs\tp5\application\demo\controller\Hello.php ]
[ info ] [ LOG ] INIT File

---------------------------------------------------------------
[ 2017-06-21T14:51:21+08:00 ] ::1 ::1 POST /tp5/index.php/demo/hello/del_group.html
[ log ] localhost/tp5/index.php/demo/hello/del_group.html [运行时间：0.049003s][吞吐率：20.41req/s] [内存消耗：1,410.34kb] [文件加载：36]
[ info ] [ LANG ] C:\xampp\htdocs\tp5\thinkphp\lang\zh-cn.php
[ info ] [ ROUTE ] array (
  'type' => 'module',
  'module' => 
  array (
    0 => 'demo',
    1 => 'hello',
    2 => 'del_group',
  ),
)
[ info ] [ HEADER ] array (
  'host' => 'localhost',
  'connection' => 'keep-alive',
  'content-length' => '49',
  'origin' => 'http://localhost',
  'user-agent' => 'Mozilla/5.0 (Windows NT 6.1; Win64; x64) AppleWebKit/537.36 (KHTML, like Gecko) Chrome/59.0.3071.86 Safari/537.36',
  'content-type' => 'application/x-www-form-urlencoded; charset=UTF-8',
  'accept' => '*/*',
  'x-requested-with' => 'XMLHttpRequest',
  'referer' => 'http://localhost/tp5/index.php/demo/hello/group.html',
  'accept-encoding' => 'gzip, deflate, br',
  'accept-language' => 'zh-CN,zh;q=0.8',
  'cookie' => 'project_name=%E5%8F%A3%E5%91%B3%E6%B5%8B%E8%AF%95; pgv_pvi=1445688320; Phpstorm-e4311aeb=e3ecb2d2-64ad-427e-a502-9b52cf11c2cf',
)
[ info ] [ PARAM ] array (
  'p_n' => '口味测试',
  'g_n' => 'tlsq',
)
[ info ] [ RUN ] app\demo\controller\Hello->del_group[ C:\xampp\htdocs\tp5\application\demo\controller\Hello.php ]
[ info ] [ LOG ] INIT File

---------------------------------------------------------------
[ 2017-06-21T14:51:23+08:00 ] ::1 ::1 GET /tp5/index.php/demo/hello/group.html
[ log ] localhost/tp5/index.php/demo/hello/group.html [运行时间：0.055003s][吞吐率：18.18req/s] [内存消耗：1,714.20kb] [文件加载：43]
[ info ] [ LANG ] C:\xampp\htdocs\tp5\thinkphp\lang\zh-cn.php
[ info ] [ ROUTE ] array (
  'type' => 'module',
  'module' => 
  array (
    0 => 'demo',
    1 => 'hello',
    2 => 'group',
  ),
)
[ info ] [ HEADER ] array (
  'host' => 'localhost',
  'connection' => 'keep-alive',
  'cache-control' => 'max-age=0',
  'upgrade-insecure-requests' => '1',
  'user-agent' => 'Mozilla/5.0 (Windows NT 6.1; Win64; x64) AppleWebKit/537.36 (KHTML, like Gecko) Chrome/59.0.3071.86 Safari/537.36',
  'accept' => 'text/html,application/xhtml+xml,application/xml;q=0.9,image/webp,image/apng,*/*;q=0.8',
  'referer' => 'http://localhost/tp5/index.php/demo/hello/project.html',
  'accept-encoding' => 'gzip, deflate, br',
  'accept-language' => 'zh-CN,zh;q=0.8',
  'cookie' => 'project_name=%E5%8F%A3%E5%91%B3%E6%B5%8B%E8%AF%95; pgv_pvi=1445688320; Phpstorm-e4311aeb=e3ecb2d2-64ad-427e-a502-9b52cf11c2cf',
)
[ info ] [ PARAM ] array (
)
[ info ] [ RUN ] app\demo\controller\Hello->group[ C:\xampp\htdocs\tp5\application\demo\controller\Hello.php ]
[ info ] [ DB ] INIT mysql
[ info ] [ VIEW ] C:\xampp\htdocs\tp5/application/demo\view\hello\group.html [ array (
  0 => 'project_n',
  1 => 'project_id',
  2 => 'group_name',
) ]
[ info ] [ LOG ] INIT File
[ sql ] [ DB ] CONNECT:[ UseTime:0.002000s ] mysql:dbname=sort;host=localhost;port=3306;charset=utf8
[ sql ] [ SQL ] select project_id from project WHERE project_name = '口味测试' [ RunTime:0.001000s ]
[ sql ] [ SQL ] select group_name from group_ WHERE group_id IN (SELECT group_id FROM project_group WHERE project_id = '4') [ RunTime:0.000000s ]

---------------------------------------------------------------
[ 2017-06-21T14:51:26+08:00 ] ::1 ::1 POST /tp5/index.php/demo/hello/del_group.html
[ log ] localhost/tp5/index.php/demo/hello/del_group.html [运行时间：0.052003s][吞吐率：19.23req/s] [内存消耗：1,410.34kb] [文件加载：36]
[ info ] [ LANG ] C:\xampp\htdocs\tp5\thinkphp\lang\zh-cn.php
[ info ] [ ROUTE ] array (
  'type' => 'module',
  'module' => 
  array (
    0 => 'demo',
    1 => 'hello',
    2 => 'del_group',
  ),
)
[ info ] [ HEADER ] array (
  'host' => 'localhost',
  'connection' => 'keep-alive',
  'content-length' => '48',
  'origin' => 'http://localhost',
  'user-agent' => 'Mozilla/5.0 (Windows NT 6.1; Win64; x64) AppleWebKit/537.36 (KHTML, like Gecko) Chrome/59.0.3071.86 Safari/537.36',
  'content-type' => 'application/x-www-form-urlencoded; charset=UTF-8',
  'accept' => '*/*',
  'x-requested-with' => 'XMLHttpRequest',
  'referer' => 'http://localhost/tp5/index.php/demo/hello/group.html',
  'accept-encoding' => 'gzip, deflate, br',
  'accept-language' => 'zh-CN,zh;q=0.8',
  'cookie' => 'project_name=%E5%8F%A3%E5%91%B3%E6%B5%8B%E8%AF%95; pgv_pvi=1445688320; Phpstorm-e4311aeb=e3ecb2d2-64ad-427e-a502-9b52cf11c2cf',
)
[ info ] [ PARAM ] array (
  'p_n' => '口味测试',
  'g_n' => 'ajq',
)
[ info ] [ RUN ] app\demo\controller\Hello->del_group[ C:\xampp\htdocs\tp5\application\demo\controller\Hello.php ]
[ info ] [ LOG ] INIT File

---------------------------------------------------------------
[ 2017-06-21T15:17:37+08:00 ] ::1 ::1 GET /tp5/index.php/demo/hello/group.html
[ log ] localhost/tp5/index.php/demo/hello/group.html [运行时间：0.065003s][吞吐率：15.38req/s] [内存消耗：1,715.66kb] [文件加载：43]
[ info ] [ LANG ] C:\xampp\htdocs\tp5\thinkphp\lang\zh-cn.php
[ info ] [ ROUTE ] array (
  'type' => 'module',
  'module' => 
  array (
    0 => 'demo',
    1 => 'hello',
    2 => 'group',
  ),
)
[ info ] [ HEADER ] array (
  'host' => 'localhost',
  'connection' => 'keep-alive',
  'cache-control' => 'max-age=0',
  'upgrade-insecure-requests' => '1',
  'user-agent' => 'Mozilla/5.0 (Windows NT 6.1; Win64; x64) AppleWebKit/537.36 (KHTML, like Gecko) Chrome/59.0.3071.86 Safari/537.36',
  'accept' => 'text/html,application/xhtml+xml,application/xml;q=0.9,image/webp,image/apng,*/*;q=0.8',
  'referer' => 'http://localhost/tp5/index.php/demo/hello/project.html',
  'accept-encoding' => 'gzip, deflate, br',
  'accept-language' => 'zh-CN,zh;q=0.8',
  'cookie' => 'project_name=%E5%8F%A3%E5%91%B3%E6%B5%8B%E8%AF%95; pgv_pvi=1445688320; Phpstorm-e4311aeb=e3ecb2d2-64ad-427e-a502-9b52cf11c2cf',
)
[ info ] [ PARAM ] array (
)
[ info ] [ RUN ] app\demo\controller\Hello->group[ C:\xampp\htdocs\tp5\application\demo\controller\Hello.php ]
[ info ] [ DB ] INIT mysql
[ info ] [ VIEW ] C:\xampp\htdocs\tp5/application/demo\view\hello\group.html [ array (
  0 => 'project_n',
  1 => 'project_id',
  2 => 'group_name',
) ]
[ info ] [ LOG ] INIT File
[ sql ] [ DB ] CONNECT:[ UseTime:0.002000s ] mysql:dbname=sort;host=localhost;port=3306;charset=utf8
[ sql ] [ SQL ] select project_id from project WHERE project_name = '口味测试' [ RunTime:0.000000s ]
[ sql ] [ SQL ] select group_name from group_ WHERE group_id IN (SELECT group_id FROM project_group WHERE project_id = '4') [ RunTime:0.001000s ]

---------------------------------------------------------------
[ 2017-06-21T15:17:40+08:00 ] ::1 ::1 POST /tp5/index.php/demo/hello/del_group.html
[ log ] localhost/tp5/index.php/demo/hello/del_group.html [运行时间：0.141008s][吞吐率：7.09req/s] [内存消耗：1,665.00kb] [文件加载：45]
[ info ] [ LANG ] C:\xampp\htdocs\tp5\thinkphp\lang\zh-cn.php
[ info ] [ ROUTE ] array (
  'type' => 'module',
  'module' => 
  array (
    0 => 'demo',
    1 => 'hello',
    2 => 'del_group',
  ),
)
[ info ] [ HEADER ] array (
  'host' => 'localhost',
  'connection' => 'keep-alive',
  'content-length' => '45',
  'origin' => 'http://localhost',
  'user-agent' => 'Mozilla/5.0 (Windows NT 6.1; Win64; x64) AppleWebKit/537.36 (KHTML, like Gecko) Chrome/59.0.3071.86 Safari/537.36',
  'content-type' => 'application/x-www-form-urlencoded; charset=UTF-8',
  'accept' => '*/*',
  'x-requested-with' => 'XMLHttpRequest',
  'referer' => 'http://localhost/tp5/index.php/demo/hello/group.html',
  'accept-encoding' => 'gzip, deflate, br',
  'accept-language' => 'zh-CN,zh;q=0.8',
  'cookie' => 'project_name=%E5%8F%A3%E5%91%B3%E6%B5%8B%E8%AF%95; pgv_pvi=1445688320; Phpstorm-e4311aeb=e3ecb2d2-64ad-427e-a502-9b52cf11c2cf',
)
[ info ] [ PARAM ] array (
  'p_n' => '口味测试',
  'g_n' => '',
)
[ info ] [ RUN ] app\demo\controller\Hello->del_group[ C:\xampp\htdocs\tp5\application\demo\controller\Hello.php ]
[ info ] [ DB ] INIT mysql
[ info ] [ LOG ] INIT File
[ sql ] [ DB ] CONNECT:[ UseTime:0.013000s ] mysql:dbname=sort;host=localhost;port=3306;charset=utf8
[ error ] [10501]SQLSTATE[42S22]: Column not found: 1054 Unknown column 'projcet_name' in 'where clause'[C:\xampp\htdocs\tp5\thinkphp\library\think\db\Connection.php:399]

---------------------------------------------------------------
[ 2017-06-21T15:19:22+08:00 ] ::1 ::1 GET /tp5/index.php/demo/hello/group.html
[ log ] localhost/tp5/index.php/demo/hello/group.html [运行时间：0.055003s][吞吐率：18.18req/s] [内存消耗：1,716.02kb] [文件加载：43]
[ info ] [ LANG ] C:\xampp\htdocs\tp5\thinkphp\lang\zh-cn.php
[ info ] [ ROUTE ] array (
  'type' => 'module',
  'module' => 
  array (
    0 => 'demo',
    1 => 'hello',
    2 => 'group',
  ),
)
[ info ] [ HEADER ] array (
  'host' => 'localhost',
  'connection' => 'keep-alive',
  'cache-control' => 'max-age=0',
  'upgrade-insecure-requests' => '1',
  'user-agent' => 'Mozilla/5.0 (Windows NT 6.1; Win64; x64) AppleWebKit/537.36 (KHTML, like Gecko) Chrome/59.0.3071.86 Safari/537.36',
  'accept' => 'text/html,application/xhtml+xml,application/xml;q=0.9,image/webp,image/apng,*/*;q=0.8',
  'referer' => 'http://localhost/tp5/index.php/demo/hello/project.html',
  'accept-encoding' => 'gzip, deflate, br',
  'accept-language' => 'zh-CN,zh;q=0.8',
  'cookie' => 'project_name=%E5%8F%A3%E5%91%B3%E6%B5%8B%E8%AF%95; pgv_pvi=1445688320; Phpstorm-e4311aeb=e3ecb2d2-64ad-427e-a502-9b52cf11c2cf',
)
[ info ] [ PARAM ] array (
)
[ info ] [ RUN ] app\demo\controller\Hello->group[ C:\xampp\htdocs\tp5\application\demo\controller\Hello.php ]
[ info ] [ DB ] INIT mysql
[ info ] [ VIEW ] C:\xampp\htdocs\tp5/application/demo\view\hello\group.html [ array (
  0 => 'project_n',
  1 => 'project_id',
  2 => 'group_name',
) ]
[ info ] [ LOG ] INIT File
[ sql ] [ DB ] CONNECT:[ UseTime:0.012000s ] mysql:dbname=sort;host=localhost;port=3306;charset=utf8
[ sql ] [ SQL ] select project_id from project WHERE project_name = '口味测试' [ RunTime:0.000000s ]
[ sql ] [ SQL ] select group_name from group_ WHERE group_id IN (SELECT group_id FROM project_group WHERE project_id = '4') [ RunTime:0.001000s ]

---------------------------------------------------------------
[ 2017-06-21T15:19:24+08:00 ] ::1 ::1 POST /tp5/index.php/demo/hello/del_group.html
[ log ] localhost/tp5/index.php/demo/hello/del_group.html [运行时间：0.052003s][吞吐率：19.23req/s] [内存消耗：1,665.45kb] [文件加载：45]
[ info ] [ LANG ] C:\xampp\htdocs\tp5\thinkphp\lang\zh-cn.php
[ info ] [ ROUTE ] array (
  'type' => 'module',
  'module' => 
  array (
    0 => 'demo',
    1 => 'hello',
    2 => 'del_group',
  ),
)
[ info ] [ HEADER ] array (
  'host' => 'localhost',
  'connection' => 'keep-alive',
  'content-length' => '45',
  'origin' => 'http://localhost',
  'user-agent' => 'Mozilla/5.0 (Windows NT 6.1; Win64; x64) AppleWebKit/537.36 (KHTML, like Gecko) Chrome/59.0.3071.86 Safari/537.36',
  'content-type' => 'application/x-www-form-urlencoded; charset=UTF-8',
  'accept' => '*/*',
  'x-requested-with' => 'XMLHttpRequest',
  'referer' => 'http://localhost/tp5/index.php/demo/hello/group.html',
  'accept-encoding' => 'gzip, deflate, br',
  'accept-language' => 'zh-CN,zh;q=0.8',
  'cookie' => 'project_name=%E5%8F%A3%E5%91%B3%E6%B5%8B%E8%AF%95; pgv_pvi=1445688320; Phpstorm-e4311aeb=e3ecb2d2-64ad-427e-a502-9b52cf11c2cf',
)
[ info ] [ PARAM ] array (
  'p_n' => '口味测试',
  'g_n' => '',
)
[ info ] [ RUN ] app\demo\controller\Hello->del_group[ C:\xampp\htdocs\tp5\application\demo\controller\Hello.php ]
[ info ] [ DB ] INIT mysql
[ info ] [ LOG ] INIT File
[ sql ] [ DB ] CONNECT:[ UseTime:0.002001s ] mysql:dbname=sort;host=localhost;port=3306;charset=utf8
[ error ] [10501]SQLSTATE[42S22]: Column not found: 1054 Unknown column 'projcet_name' in 'where clause'[C:\xampp\htdocs\tp5\thinkphp\library\think\db\Connection.php:399]

---------------------------------------------------------------
[ 2017-06-21T15:42:23+08:00 ] ::1 ::1 POST /tp5/index.php/demo/hello/del_group.html
[ log ] localhost/tp5/index.php/demo/hello/del_group.html [运行时间：0.043002s][吞吐率：23.25req/s] [内存消耗：1,623.55kb] [文件加载：40]
[ info ] [ LANG ] C:\xampp\htdocs\tp5\thinkphp\lang\zh-cn.php
[ info ] [ ROUTE ] array (
  'type' => 'module',
  'module' => 
  array (
    0 => 'demo',
    1 => 'hello',
    2 => 'del_group',
  ),
)
[ info ] [ HEADER ] array (
  'host' => 'localhost',
  'connection' => 'keep-alive',
  'content-length' => '45',
  'origin' => 'http://localhost',
  'user-agent' => 'Mozilla/5.0 (Windows NT 6.1; Win64; x64) AppleWebKit/537.36 (KHTML, like Gecko) Chrome/59.0.3071.86 Safari/537.36',
  'content-type' => 'application/x-www-form-urlencoded; charset=UTF-8',
  'accept' => '*/*',
  'x-requested-with' => 'XMLHttpRequest',
  'referer' => 'http://localhost/tp5/index.php/demo/hello/group.html',
  'accept-encoding' => 'gzip, deflate, br',
  'accept-language' => 'zh-CN,zh;q=0.8',
  'cookie' => 'project_name=%E5%8F%A3%E5%91%B3%E6%B5%8B%E8%AF%95; pgv_pvi=1445688320; Phpstorm-e4311aeb=e3ecb2d2-64ad-427e-a502-9b52cf11c2cf',
)
[ info ] [ PARAM ] array (
  'p_n' => '口味测试',
  'g_n' => '',
)
[ info ] [ RUN ] app\demo\controller\Hello->del_group[ C:\xampp\htdocs\tp5\application\demo\controller\Hello.php ]
[ info ] [ DB ] INIT mysql
[ info ] [ LOG ] INIT File
[ sql ] [ DB ] CONNECT:[ UseTime:0.012001s ] mysql:dbname=sort;host=localhost;port=3306;charset=utf8
[ sql ] [ SQL ] SELECT project_id FROM project WHERE project_name = '口味测试' [ RunTime:0.001000s ]
[ sql ] [ SQL ] SELECT group_id FROM project_group WHERE project_id = '4' AND group_id 
                      IN(SELECT group_id FROM group_ WHERE group_name = '') [ RunTime:0.000000s ]

---------------------------------------------------------------
[ 2017-06-21T15:42:30+08:00 ] ::1 ::1 GET /tp5/index.php/demo/hello/group.html
[ log ] localhost/tp5/index.php/demo/hello/group.html [运行时间：0.039002s][吞吐率：25.64req/s] [内存消耗：1,716.02kb] [文件加载：43]
[ info ] [ LANG ] C:\xampp\htdocs\tp5\thinkphp\lang\zh-cn.php
[ info ] [ ROUTE ] array (
  'type' => 'module',
  'module' => 
  array (
    0 => 'demo',
    1 => 'hello',
    2 => 'group',
  ),
)
[ info ] [ HEADER ] array (
  'host' => 'localhost',
  'connection' => 'keep-alive',
  'cache-control' => 'max-age=0',
  'upgrade-insecure-requests' => '1',
  'user-agent' => 'Mozilla/5.0 (Windows NT 6.1; Win64; x64) AppleWebKit/537.36 (KHTML, like Gecko) Chrome/59.0.3071.86 Safari/537.36',
  'accept' => 'text/html,application/xhtml+xml,application/xml;q=0.9,image/webp,image/apng,*/*;q=0.8',
  'referer' => 'http://localhost/tp5/index.php/demo/hello/project.html',
  'accept-encoding' => 'gzip, deflate, br',
  'accept-language' => 'zh-CN,zh;q=0.8',
  'cookie' => 'project_name=%E5%8F%A3%E5%91%B3%E6%B5%8B%E8%AF%95; pgv_pvi=1445688320; Phpstorm-e4311aeb=e3ecb2d2-64ad-427e-a502-9b52cf11c2cf',
)
[ info ] [ PARAM ] array (
)
[ info ] [ RUN ] app\demo\controller\Hello->group[ C:\xampp\htdocs\tp5\application\demo\controller\Hello.php ]
[ info ] [ DB ] INIT mysql
[ info ] [ VIEW ] C:\xampp\htdocs\tp5/application/demo\view\hello\group.html [ array (
  0 => 'project_n',
  1 => 'project_id',
  2 => 'group_name',
) ]
[ info ] [ LOG ] INIT File
[ sql ] [ DB ] CONNECT:[ UseTime:0.002000s ] mysql:dbname=sort;host=localhost;port=3306;charset=utf8
[ sql ] [ SQL ] select project_id from project WHERE project_name = '口味测试' [ RunTime:0.001000s ]
[ sql ] [ SQL ] select group_name from group_ WHERE group_id IN (SELECT group_id FROM project_group WHERE project_id = '4') [ RunTime:0.000000s ]

---------------------------------------------------------------
[ 2017-06-21T15:42:33+08:00 ] ::1 ::1 POST /tp5/index.php/demo/hello/del_group.html
[ log ] localhost/tp5/index.php/demo/hello/del_group.html [运行时间：0.078004s][吞吐率：12.82req/s] [内存消耗：1,623.55kb] [文件加载：40]
[ info ] [ LANG ] C:\xampp\htdocs\tp5\thinkphp\lang\zh-cn.php
[ info ] [ ROUTE ] array (
  'type' => 'module',
  'module' => 
  array (
    0 => 'demo',
    1 => 'hello',
    2 => 'del_group',
  ),
)
[ info ] [ HEADER ] array (
  'host' => 'localhost',
  'connection' => 'keep-alive',
  'content-length' => '45',
  'origin' => 'http://localhost',
  'user-agent' => 'Mozilla/5.0 (Windows NT 6.1; Win64; x64) AppleWebKit/537.36 (KHTML, like Gecko) Chrome/59.0.3071.86 Safari/537.36',
  'content-type' => 'application/x-www-form-urlencoded; charset=UTF-8',
  'accept' => '*/*',
  'x-requested-with' => 'XMLHttpRequest',
  'referer' => 'http://localhost/tp5/index.php/demo/hello/group.html',
  'accept-encoding' => 'gzip, deflate, br',
  'accept-language' => 'zh-CN,zh;q=0.8',
  'cookie' => 'project_name=%E5%8F%A3%E5%91%B3%E6%B5%8B%E8%AF%95; pgv_pvi=1445688320; Phpstorm-e4311aeb=e3ecb2d2-64ad-427e-a502-9b52cf11c2cf',
)
[ info ] [ PARAM ] array (
  'p_n' => '口味测试',
  'g_n' => '',
)
[ info ] [ RUN ] app\demo\controller\Hello->del_group[ C:\xampp\htdocs\tp5\application\demo\controller\Hello.php ]
[ info ] [ DB ] INIT mysql
[ info ] [ LOG ] INIT File
[ sql ] [ DB ] CONNECT:[ UseTime:0.012001s ] mysql:dbname=sort;host=localhost;port=3306;charset=utf8
[ sql ] [ SQL ] SELECT project_id FROM project WHERE project_name = '口味测试' [ RunTime:0.000000s ]
[ sql ] [ SQL ] SELECT group_id FROM project_group WHERE project_id = '4' AND group_id 
                      IN(SELECT group_id FROM group_ WHERE group_name = '') [ RunTime:0.000000s ]

---------------------------------------------------------------
[ 2017-06-21T16:07:00+08:00 ] ::1 ::1 GET /tp5/index.php/demo/hello/group.html
[ log ] localhost/tp5/index.php/demo/hello/group.html [运行时间：0.043002s][吞吐率：23.25req/s] [内存消耗：1,720.17kb] [文件加载：43]
[ info ] [ LANG ] C:\xampp\htdocs\tp5\thinkphp\lang\zh-cn.php
[ info ] [ ROUTE ] array (
  'type' => 'module',
  'module' => 
  array (
    0 => 'demo',
    1 => 'hello',
    2 => 'group',
  ),
)
[ info ] [ HEADER ] array (
  'host' => 'localhost',
  'connection' => 'keep-alive',
  'cache-control' => 'max-age=0',
  'upgrade-insecure-requests' => '1',
  'user-agent' => 'Mozilla/5.0 (Windows NT 6.1; Win64; x64) AppleWebKit/537.36 (KHTML, like Gecko) Chrome/59.0.3071.86 Safari/537.36',
  'accept' => 'text/html,application/xhtml+xml,application/xml;q=0.9,image/webp,image/apng,*/*;q=0.8',
  'referer' => 'http://localhost/tp5/index.php/demo/hello/project.html',
  'accept-encoding' => 'gzip, deflate, br',
  'accept-language' => 'zh-CN,zh;q=0.8',
  'cookie' => 'project_name=%E5%8F%A3%E5%91%B3%E6%B5%8B%E8%AF%95; pgv_pvi=1445688320; Phpstorm-e4311aeb=e3ecb2d2-64ad-427e-a502-9b52cf11c2cf',
)
[ info ] [ PARAM ] array (
)
[ info ] [ RUN ] app\demo\controller\Hello->group[ C:\xampp\htdocs\tp5\application\demo\controller\Hello.php ]
[ info ] [ DB ] INIT mysql
[ info ] [ VIEW ] C:\xampp\htdocs\tp5/application/demo\view\hello\group.html [ array (
  0 => 'project_n',
  1 => 'project_id',
  2 => 'group_name',
) ]
[ info ] [ LOG ] INIT File
[ sql ] [ DB ] CONNECT:[ UseTime:0.002000s ] mysql:dbname=sort;host=localhost;port=3306;charset=utf8
[ sql ] [ SQL ] select project_id from project WHERE project_name = '口味测试' [ RunTime:0.001000s ]
[ sql ] [ SQL ] select group_name from group_ WHERE group_id IN (SELECT group_id FROM project_group WHERE project_id = '4') [ RunTime:0.000000s ]

---------------------------------------------------------------
[ 2017-06-21T16:07:03+08:00 ] ::1 ::1 POST /tp5/index.php/demo/hello/del_group.html
[ log ] localhost/tp5/index.php/demo/hello/del_group.html [运行时间：0.236014s][吞吐率：4.24req/s] [内存消耗：1,635.01kb] [文件加载：41]
[ info ] [ LANG ] C:\xampp\htdocs\tp5\thinkphp\lang\zh-cn.php
[ info ] [ ROUTE ] array (
  'type' => 'module',
  'module' => 
  array (
    0 => 'demo',
    1 => 'hello',
    2 => 'del_group',
  ),
)
[ info ] [ HEADER ] array (
  'host' => 'localhost',
  'connection' => 'keep-alive',
  'content-length' => '45',
  'origin' => 'http://localhost',
  'user-agent' => 'Mozilla/5.0 (Windows NT 6.1; Win64; x64) AppleWebKit/537.36 (KHTML, like Gecko) Chrome/59.0.3071.86 Safari/537.36',
  'content-type' => 'application/x-www-form-urlencoded; charset=UTF-8',
  'accept' => '*/*',
  'x-requested-with' => 'XMLHttpRequest',
  'referer' => 'http://localhost/tp5/index.php/demo/hello/group.html',
  'accept-encoding' => 'gzip, deflate, br',
  'accept-language' => 'zh-CN,zh;q=0.8',
  'cookie' => 'project_name=%E5%8F%A3%E5%91%B3%E6%B5%8B%E8%AF%95; pgv_pvi=1445688320; Phpstorm-e4311aeb=e3ecb2d2-64ad-427e-a502-9b52cf11c2cf',
)
[ info ] [ PARAM ] array (
  'p_n' => '口味测试',
  'g_n' => '',
)
[ info ] [ RUN ] app\demo\controller\Hello->del_group[ C:\xampp\htdocs\tp5\application\demo\controller\Hello.php ]
[ info ] [ DB ] INIT mysql
[ info ] [ LOG ] INIT File
[ sql ] [ DB ] CONNECT:[ UseTime:0.001000s ] mysql:dbname=sort;host=localhost;port=3306;charset=utf8
[ sql ] [ SQL ] SELECT project_id FROM project WHERE project_name = '口味测试' [ RunTime:0.000000s ]
[ sql ] [ SQL ] SELECT group_id FROM project_group WHERE project_id = '4' AND group_id 
                      IN(SELECT group_id FROM group_ WHERE group_name = '') [ RunTime:0.000000s ]
[ sql ] [ SQL ] SELECT COUNT(*) AS num FROM project_group WHERE group_id = '36' [ RunTime:0.000000s ]
[ sql ] [ SQL ] SELECT COUNT(*) AS num FROM group_test WHERE group_id = '36' [ RunTime:0.000000s ]
[ sql ] [ SQL ] SELECT COUNT(*) AS num FROM group_ WHERE group_id = '36' [ RunTime:0.000000s ]
[ sql ] [ SQL ] DELETE FROM project_group WHERE group_id = '36' [ RunTime:0.069004s ]
[ sql ] [ SQL ] DELETE FROM group_test WHERE group_id = '36' [ RunTime:0.001000s ]
[ sql ] [ SQL ] DELETE FROM group_ WHERE group_id = '36' [ RunTime:0.089005s ]

---------------------------------------------------------------
[ 2017-06-21T16:07:05+08:00 ] ::1 ::1 GET /tp5/index.php/demo/hello/group.html
[ log ] localhost/tp5/index.php/demo/hello/group.html [运行时间：0.061004s][吞吐率：16.39req/s] [内存消耗：1,719.91kb] [文件加载：43]
[ info ] [ LANG ] C:\xampp\htdocs\tp5\thinkphp\lang\zh-cn.php
[ info ] [ ROUTE ] array (
  'type' => 'module',
  'module' => 
  array (
    0 => 'demo',
    1 => 'hello',
    2 => 'group',
  ),
)
[ info ] [ HEADER ] array (
  'host' => 'localhost',
  'connection' => 'keep-alive',
  'cache-control' => 'max-age=0',
  'upgrade-insecure-requests' => '1',
  'user-agent' => 'Mozilla/5.0 (Windows NT 6.1; Win64; x64) AppleWebKit/537.36 (KHTML, like Gecko) Chrome/59.0.3071.86 Safari/537.36',
  'accept' => 'text/html,application/xhtml+xml,application/xml;q=0.9,image/webp,image/apng,*/*;q=0.8',
  'referer' => 'http://localhost/tp5/index.php/demo/hello/project.html',
  'accept-encoding' => 'gzip, deflate, br',
  'accept-language' => 'zh-CN,zh;q=0.8',
  'cookie' => 'project_name=%E5%8F%A3%E5%91%B3%E6%B5%8B%E8%AF%95; pgv_pvi=1445688320; Phpstorm-e4311aeb=e3ecb2d2-64ad-427e-a502-9b52cf11c2cf',
)
[ info ] [ PARAM ] array (
)
[ info ] [ RUN ] app\demo\controller\Hello->group[ C:\xampp\htdocs\tp5\application\demo\controller\Hello.php ]
[ info ] [ DB ] INIT mysql
[ info ] [ VIEW ] C:\xampp\htdocs\tp5/application/demo\view\hello\group.html [ array (
  0 => 'project_n',
  1 => 'project_id',
  2 => 'group_name',
) ]
[ info ] [ LOG ] INIT File
[ sql ] [ DB ] CONNECT:[ UseTime:0.012000s ] mysql:dbname=sort;host=localhost;port=3306;charset=utf8
[ sql ] [ SQL ] select project_id from project WHERE project_name = '口味测试' [ RunTime:0.000000s ]
[ sql ] [ SQL ] select group_name from group_ WHERE group_id IN (SELECT group_id FROM project_group WHERE project_id = '4') [ RunTime:0.000000s ]

---------------------------------------------------------------
[ 2017-06-21T16:11:03+08:00 ] ::1 ::1 GET /tp5/index.php/demo/hello/group.html
[ log ] localhost/tp5/index.php/demo/hello/group.html [运行时间：0.087005s][吞吐率：11.49req/s] [内存消耗：1,869.59kb] [文件加载：45]
[ info ] [ LANG ] C:\xampp\htdocs\tp5\thinkphp\lang\zh-cn.php
[ info ] [ ROUTE ] array (
  'type' => 'module',
  'module' => 
  array (
    0 => 'demo',
    1 => 'hello',
    2 => 'group',
  ),
)
[ info ] [ HEADER ] array (
  'host' => 'localhost',
  'connection' => 'keep-alive',
  'cache-control' => 'max-age=0',
  'upgrade-insecure-requests' => '1',
  'user-agent' => 'Mozilla/5.0 (Windows NT 6.1; Win64; x64) AppleWebKit/537.36 (KHTML, like Gecko) Chrome/59.0.3071.86 Safari/537.36',
  'accept' => 'text/html,application/xhtml+xml,application/xml;q=0.9,image/webp,image/apng,*/*;q=0.8',
  'referer' => 'http://localhost/tp5/index.php/demo/hello/project.html',
  'accept-encoding' => 'gzip, deflate, br',
  'accept-language' => 'zh-CN,zh;q=0.8',
  'cookie' => 'project_name=%E5%8F%A3%E5%91%B3%E6%B5%8B%E8%AF%95; pgv_pvi=1445688320; Phpstorm-e4311aeb=e3ecb2d2-64ad-427e-a502-9b52cf11c2cf',
)
[ info ] [ PARAM ] array (
)
[ info ] [ RUN ] app\demo\controller\Hello->group[ C:\xampp\htdocs\tp5\application\demo\controller\Hello.php ]
[ info ] [ DB ] INIT mysql
[ info ] [ VIEW ] C:\xampp\htdocs\tp5/application/demo\view\hello\group.html [ array (
  0 => 'project_n',
  1 => 'project_id',
  2 => 'group_name',
) ]
[ info ] [ LOG ] INIT File
[ sql ] [ DB ] CONNECT:[ UseTime:0.012001s ] mysql:dbname=sort;host=localhost;port=3306;charset=utf8
[ sql ] [ SQL ] select project_id from project WHERE project_name = '口味测试' [ RunTime:0.000000s ]
[ sql ] [ SQL ] select group_name from group_ WHERE group_id IN (SELECT group_id FROM project_group WHERE project_id = '4') [ RunTime:0.001000s ]

---------------------------------------------------------------
[ 2017-06-21T16:11:05+08:00 ] ::1 ::1 GET /tp5/index.php/demo/hello/project.html
[ log ] localhost/tp5/index.php/demo/hello/project.html [运行时间：0.048003s][吞吐率：20.83req/s] [内存消耗：1,688.13kb] [文件加载：42]
[ info ] [ LANG ] C:\xampp\htdocs\tp5\thinkphp\lang\zh-cn.php
[ info ] [ ROUTE ] array (
  'type' => 'module',
  'module' => 
  array (
    0 => 'demo',
    1 => 'hello',
    2 => 'project',
  ),
)
[ info ] [ HEADER ] array (
  'host' => 'localhost',
  'connection' => 'keep-alive',
  'upgrade-insecure-requests' => '1',
  'user-agent' => 'Mozilla/5.0 (Windows NT 6.1; Win64; x64) AppleWebKit/537.36 (KHTML, like Gecko) Chrome/59.0.3071.86 Safari/537.36',
  'accept' => 'text/html,application/xhtml+xml,application/xml;q=0.9,image/webp,image/apng,*/*;q=0.8',
  'referer' => 'http://localhost/tp5/index.php/demo/hello/group.html',
  'accept-encoding' => 'gzip, deflate, br',
  'accept-language' => 'zh-CN,zh;q=0.8',
  'cookie' => 'project_name=%E5%8F%A3%E5%91%B3%E6%B5%8B%E8%AF%95; pgv_pvi=1445688320; Phpstorm-e4311aeb=e3ecb2d2-64ad-427e-a502-9b52cf11c2cf',
)
[ info ] [ PARAM ] array (
)
[ info ] [ RUN ] app\demo\controller\Hello->project[ C:\xampp\htdocs\tp5\application\demo\controller\Hello.php ]
[ info ] [ DB ] INIT mysql
[ info ] [ VIEW ] C:\xampp\htdocs\tp5/application/demo\view\hello\project.html [ array (
  0 => 'project_name',
) ]
[ info ] [ LOG ] INIT File
[ sql ] [ DB ] CONNECT:[ UseTime:0.011001s ] mysql:dbname=sort;host=localhost;port=3306;charset=utf8
[ sql ] [ SQL ] select project_name from project [ RunTime:0.001000s ]

---------------------------------------------------------------
[ 2017-06-21T16:11:08+08:00 ] ::1 ::1 GET /tp5/index.php/demo/hello/group.html
[ log ] localhost/tp5/index.php/demo/hello/group.html [运行时间：0.048002s][吞吐率：20.83req/s] [内存消耗：1,719.72kb] [文件加载：43]
[ info ] [ LANG ] C:\xampp\htdocs\tp5\thinkphp\lang\zh-cn.php
[ info ] [ ROUTE ] array (
  'type' => 'module',
  'module' => 
  array (
    0 => 'demo',
    1 => 'hello',
    2 => 'group',
  ),
)
[ info ] [ HEADER ] array (
  'host' => 'localhost',
  'connection' => 'keep-alive',
  'upgrade-insecure-requests' => '1',
  'user-agent' => 'Mozilla/5.0 (Windows NT 6.1; Win64; x64) AppleWebKit/537.36 (KHTML, like Gecko) Chrome/59.0.3071.86 Safari/537.36',
  'accept' => 'text/html,application/xhtml+xml,application/xml;q=0.9,image/webp,image/apng,*/*;q=0.8',
  'referer' => 'http://localhost/tp5/index.php/demo/hello/project.html',
  'accept-encoding' => 'gzip, deflate, br',
  'accept-language' => 'zh-CN,zh;q=0.8',
  'cookie' => 'project_name=%E6%8E%92%E5%BA%8F; pgv_pvi=1445688320; Phpstorm-e4311aeb=e3ecb2d2-64ad-427e-a502-9b52cf11c2cf',
)
[ info ] [ PARAM ] array (
)
[ info ] [ RUN ] app\demo\controller\Hello->group[ C:\xampp\htdocs\tp5\application\demo\controller\Hello.php ]
[ info ] [ DB ] INIT mysql
[ info ] [ VIEW ] C:\xampp\htdocs\tp5/application/demo\view\hello\group.html [ array (
  0 => 'project_n',
  1 => 'project_id',
  2 => 'group_name',
) ]
[ info ] [ LOG ] INIT File
[ sql ] [ DB ] CONNECT:[ UseTime:0.011001s ] mysql:dbname=sort;host=localhost;port=3306;charset=utf8
[ sql ] [ SQL ] select project_id from project WHERE project_name = '排序' [ RunTime:0.001000s ]
[ sql ] [ SQL ] select group_name from group_ WHERE group_id IN (SELECT group_id FROM project_group WHERE project_id = '1') [ RunTime:0.000000s ]

---------------------------------------------------------------
[ 2017-06-21T16:11:11+08:00 ] ::1 ::1 GET /tp5/index.php/demo/hello/sortnew.html
[ log ] localhost/tp5/index.php/demo/hello/sortnew.html [运行时间：0.100005s][吞吐率：10.00req/s] [内存消耗：1,730.30kb] [文件加载：43]
[ info ] [ LANG ] C:\xampp\htdocs\tp5\thinkphp\lang\zh-cn.php
[ info ] [ ROUTE ] array (
  'type' => 'module',
  'module' => 
  array (
    0 => 'demo',
    1 => 'hello',
    2 => 'sortnew',
  ),
)
[ info ] [ HEADER ] array (
  'host' => 'localhost',
  'connection' => 'keep-alive',
  'upgrade-insecure-requests' => '1',
  'user-agent' => 'Mozilla/5.0 (Windows NT 6.1; Win64; x64) AppleWebKit/537.36 (KHTML, like Gecko) Chrome/59.0.3071.86 Safari/537.36',
  'accept' => 'text/html,application/xhtml+xml,application/xml;q=0.9,image/webp,image/apng,*/*;q=0.8',
  'referer' => 'http://localhost/tp5/index.php/demo/hello/group.html',
  'accept-encoding' => 'gzip, deflate, br',
  'accept-language' => 'zh-CN,zh;q=0.8',
  'cookie' => 'project_name=%E6%8E%92%E5%BA%8F; group_name=%E5%B0%8F%E9%95%87%E6%83%8A%E9%AD%82; project_id=1; pgv_pvi=1445688320; Phpstorm-e4311aeb=e3ecb2d2-64ad-427e-a502-9b52cf11c2cf',
)
[ info ] [ PARAM ] array (
)
[ info ] [ RUN ] app\demo\controller\Hello->sortNew[ C:\xampp\htdocs\tp5\application\demo\controller\Hello.php ]
[ info ] [ DB ] INIT mysql
[ info ] [ VIEW ] C:\xampp\htdocs\tp5/application/demo\view\hello\sortnew.html [ array (
  0 => 'game',
  1 => 'group_n',
  2 => 'data',
) ]
[ info ] [ LOG ] INIT File
[ sql ] [ DB ] CONNECT:[ UseTime:0.011000s ] mysql:dbname=sort;host=localhost;port=3306;charset=utf8
[ sql ] [ SQL ] select g_id,g_name from game [ RunTime:0.000000s ]
[ sql ] [ SQL ] select group_id from group_ WHERE group_name = '小镇惊魂' [ RunTime:0.000000s ]
[ sql ] [ SQL ] select game.g_name,data_.emoi,data_.scl,data_.High_alpha,data_.gamma,data_.tag 
                     FROM data_ LEFT JOIN test ON(data_.test_id = test.test_id) 
                     LEFT JOIN game ON (test.g_id = game.g_id) WHERE data_.id IN 
                     (SELECT test_id FROM group_test WHERE group_id = '15') [ RunTime:0.025001s ]

---------------------------------------------------------------
[ 2017-06-21T16:13:43+08:00 ] ::1 ::1 POST /tp5/index.php/demo/hello/sortdatanew.html
[ log ] localhost/tp5/index.php/demo/hello/sortdatanew.html [运行时间：0.067004s][吞吐率：14.92req/s] [内存消耗：1,630.94kb] [文件加载：40]
[ info ] [ LANG ] C:\xampp\htdocs\tp5\thinkphp\lang\zh-cn.php
[ info ] [ ROUTE ] array (
  'type' => 'module',
  'module' => 
  array (
    0 => 'demo',
    1 => 'hello',
    2 => 'sortdatanew',
  ),
)
[ info ] [ HEADER ] array (
  'host' => 'localhost',
  'connection' => 'keep-alive',
  'content-length' => '6',
  'origin' => 'http://localhost',
  'user-agent' => 'Mozilla/5.0 (Windows NT 6.1; Win64; x64) AppleWebKit/537.36 (KHTML, like Gecko) Chrome/59.0.3071.86 Safari/537.36',
  'content-type' => 'application/x-www-form-urlencoded; charset=UTF-8',
  'accept' => 'application/json, text/javascript, */*; q=0.01',
  'x-requested-with' => 'XMLHttpRequest',
  'referer' => 'http://localhost/tp5/index.php/demo/hello/sortnew.html',
  'accept-encoding' => 'gzip, deflate, br',
  'accept-language' => 'zh-CN,zh;q=0.8',
  'cookie' => 'project_name=%E6%8E%92%E5%BA%8F; group_name=%E5%B0%8F%E9%95%87%E6%83%8A%E9%AD%82; project_id=1; pgv_pvi=1445688320; Phpstorm-e4311aeb=e3ecb2d2-64ad-427e-a502-9b52cf11c2cf',
)
[ info ] [ PARAM ] array (
  'game' => '5',
)
[ info ] [ RUN ] app\demo\controller\Hello->sortDataNew[ C:\xampp\htdocs\tp5\application\demo\controller\Hello.php ]
[ info ] [ DB ] INIT mysql
[ info ] [ LOG ] INIT File
[ sql ] [ DB ] CONNECT:[ UseTime:0.002000s ] mysql:dbname=sort;host=localhost;port=3306;charset=utf8
[ sql ] [ SQL ] SELECT id,emoi,scl,High_alpha,gamma,tag FROM 
                  data_ INNER JOIN test ON (data_.test_id = test.test_id)
                  WHERE test.g_id = '5' [ RunTime:0.022001s ]

---------------------------------------------------------------
[ 2017-06-21T16:13:49+08:00 ] ::1 ::1 POST /tp5/index.php/demo/hello/sortdatanew.html
[ log ] localhost/tp5/index.php/demo/hello/sortdatanew.html [运行时间：0.082005s][吞吐率：12.19req/s] [内存消耗：2,065.96kb] [文件加载：40]
[ info ] [ LANG ] C:\xampp\htdocs\tp5\thinkphp\lang\zh-cn.php
[ info ] [ ROUTE ] array (
  'type' => 'module',
  'module' => 
  array (
    0 => 'demo',
    1 => 'hello',
    2 => 'sortdatanew',
  ),
)
[ info ] [ HEADER ] array (
  'host' => 'localhost',
  'connection' => 'keep-alive',
  'content-length' => '7',
  'origin' => 'http://localhost',
  'user-agent' => 'Mozilla/5.0 (Windows NT 6.1; Win64; x64) AppleWebKit/537.36 (KHTML, like Gecko) Chrome/59.0.3071.86 Safari/537.36',
  'content-type' => 'application/x-www-form-urlencoded; charset=UTF-8',
  'accept' => 'application/json, text/javascript, */*; q=0.01',
  'x-requested-with' => 'XMLHttpRequest',
  'referer' => 'http://localhost/tp5/index.php/demo/hello/sortnew.html',
  'accept-encoding' => 'gzip, deflate, br',
  'accept-language' => 'zh-CN,zh;q=0.8',
  'cookie' => 'project_name=%E6%8E%92%E5%BA%8F; group_name=%E5%B0%8F%E9%95%87%E6%83%8A%E9%AD%82; project_id=1; pgv_pvi=1445688320; Phpstorm-e4311aeb=e3ecb2d2-64ad-427e-a502-9b52cf11c2cf',
)
[ info ] [ PARAM ] array (
  'game' => '16',
)
[ info ] [ RUN ] app\demo\controller\Hello->sortDataNew[ C:\xampp\htdocs\tp5\application\demo\controller\Hello.php ]
[ info ] [ DB ] INIT mysql
[ info ] [ LOG ] INIT File
[ sql ] [ DB ] CONNECT:[ UseTime:0.012001s ] mysql:dbname=sort;host=localhost;port=3306;charset=utf8
[ sql ] [ SQL ] SELECT id,emoi,scl,High_alpha,gamma,tag FROM 
                  data_ INNER JOIN test ON (data_.test_id = test.test_id)
                  WHERE test.g_id = '16' [ RunTime:0.006001s ]

---------------------------------------------------------------
[ 2017-06-21T16:14:56+08:00 ] ::1 ::1 GET /tp5/index.php/demo/hello/sortnew.html
[ log ] localhost/tp5/index.php/demo/hello/sortnew.html [运行时间：0.053003s][吞吐率：18.87req/s] [内存消耗：1,887.63kb] [文件加载：45]
[ info ] [ LANG ] C:\xampp\htdocs\tp5\thinkphp\lang\zh-cn.php
[ info ] [ ROUTE ] array (
  'type' => 'module',
  'module' => 
  array (
    0 => 'demo',
    1 => 'hello',
    2 => 'sortnew',
  ),
)
[ info ] [ HEADER ] array (
  'host' => 'localhost',
  'connection' => 'keep-alive',
  'cache-control' => 'max-age=0',
  'upgrade-insecure-requests' => '1',
  'user-agent' => 'Mozilla/5.0 (Windows NT 6.1; Win64; x64) AppleWebKit/537.36 (KHTML, like Gecko) Chrome/59.0.3071.86 Safari/537.36',
  'accept' => 'text/html,application/xhtml+xml,application/xml;q=0.9,image/webp,image/apng,*/*;q=0.8',
  'referer' => 'http://localhost/tp5/index.php/demo/hello/group.html',
  'accept-encoding' => 'gzip, deflate, br',
  'accept-language' => 'zh-CN,zh;q=0.8',
  'cookie' => 'project_name=%E6%8E%92%E5%BA%8F; group_name=%E5%B0%8F%E9%95%87%E6%83%8A%E9%AD%82; project_id=1; pgv_pvi=1445688320; Phpstorm-e4311aeb=e3ecb2d2-64ad-427e-a502-9b52cf11c2cf',
)
[ info ] [ PARAM ] array (
)
[ info ] [ RUN ] app\demo\controller\Hello->sortNew[ C:\xampp\htdocs\tp5\application\demo\controller\Hello.php ]
[ info ] [ DB ] INIT mysql
[ info ] [ VIEW ] C:\xampp\htdocs\tp5/application/demo\view\hello\sortnew.html [ array (
  0 => 'game',
  1 => 'group_n',
  2 => 'data',
) ]
[ info ] [ LOG ] INIT File
[ sql ] [ DB ] CONNECT:[ UseTime:0.003000s ] mysql:dbname=sort;host=localhost;port=3306;charset=utf8
[ sql ] [ SQL ] select g_id,g_name from game [ RunTime:0.001000s ]
[ sql ] [ SQL ] select group_id from group_ WHERE group_name = '小镇惊魂' [ RunTime:0.000000s ]
[ sql ] [ SQL ] select game.g_name,data_.emoi,data_.scl,data_.High_alpha,data_.gamma,data_.tag 
                     FROM data_ LEFT JOIN test ON(data_.test_id = test.test_id) 
                     LEFT JOIN game ON (test.g_id = game.g_id) WHERE data_.id IN 
                     (SELECT test_id FROM group_test WHERE group_id = '15') [ RunTime:0.000000s ]

---------------------------------------------------------------
[ 2017-06-21T16:14:59+08:00 ] ::1 ::1 POST /tp5/index.php/demo/hello/sortdatanew.html
[ log ] localhost/tp5/index.php/demo/hello/sortdatanew.html [运行时间：0.041002s][吞吐率：24.39req/s] [内存消耗：1,630.92kb] [文件加载：40]
[ info ] [ LANG ] C:\xampp\htdocs\tp5\thinkphp\lang\zh-cn.php
[ info ] [ ROUTE ] array (
  'type' => 'module',
  'module' => 
  array (
    0 => 'demo',
    1 => 'hello',
    2 => 'sortdatanew',
  ),
)
[ info ] [ HEADER ] array (
  'host' => 'localhost',
  'connection' => 'keep-alive',
  'content-length' => '6',
  'origin' => 'http://localhost',
  'user-agent' => 'Mozilla/5.0 (Windows NT 6.1; Win64; x64) AppleWebKit/537.36 (KHTML, like Gecko) Chrome/59.0.3071.86 Safari/537.36',
  'content-type' => 'application/x-www-form-urlencoded; charset=UTF-8',
  'accept' => 'application/json, text/javascript, */*; q=0.01',
  'x-requested-with' => 'XMLHttpRequest',
  'referer' => 'http://localhost/tp5/index.php/demo/hello/sortnew.html',
  'accept-encoding' => 'gzip, deflate, br',
  'accept-language' => 'zh-CN,zh;q=0.8',
  'cookie' => 'project_name=%E6%8E%92%E5%BA%8F; group_name=%E5%B0%8F%E9%95%87%E6%83%8A%E9%AD%82; project_id=1; pgv_pvi=1445688320; Phpstorm-e4311aeb=e3ecb2d2-64ad-427e-a502-9b52cf11c2cf',
)
[ info ] [ PARAM ] array (
  'game' => '1',
)
[ info ] [ RUN ] app\demo\controller\Hello->sortDataNew[ C:\xampp\htdocs\tp5\application\demo\controller\Hello.php ]
[ info ] [ DB ] INIT mysql
[ info ] [ LOG ] INIT File
[ sql ] [ DB ] CONNECT:[ UseTime:0.002000s ] mysql:dbname=sort;host=localhost;port=3306;charset=utf8
[ sql ] [ SQL ] SELECT id,emoi,scl,High_alpha,gamma,tag FROM 
                  data_ INNER JOIN test ON (data_.test_id = test.test_id)
                  WHERE test.g_id = '1' [ RunTime:0.001000s ]

---------------------------------------------------------------
[ 2017-06-21T16:15:06+08:00 ] ::1 ::1 POST /tp5/index.php/demo/hello/sortdatanew.html
[ log ] localhost/tp5/index.php/demo/hello/sortdatanew.html [运行时间：0.066004s][吞吐率：15.15req/s] [内存消耗：2,065.96kb] [文件加载：40]
[ info ] [ LANG ] C:\xampp\htdocs\tp5\thinkphp\lang\zh-cn.php
[ info ] [ ROUTE ] array (
  'type' => 'module',
  'module' => 
  array (
    0 => 'demo',
    1 => 'hello',
    2 => 'sortdatanew',
  ),
)
[ info ] [ HEADER ] array (
  'host' => 'localhost',
  'connection' => 'keep-alive',
  'content-length' => '7',
  'origin' => 'http://localhost',
  'user-agent' => 'Mozilla/5.0 (Windows NT 6.1; Win64; x64) AppleWebKit/537.36 (KHTML, like Gecko) Chrome/59.0.3071.86 Safari/537.36',
  'content-type' => 'application/x-www-form-urlencoded; charset=UTF-8',
  'accept' => 'application/json, text/javascript, */*; q=0.01',
  'x-requested-with' => 'XMLHttpRequest',
  'referer' => 'http://localhost/tp5/index.php/demo/hello/sortnew.html',
  'accept-encoding' => 'gzip, deflate, br',
  'accept-language' => 'zh-CN,zh;q=0.8',
  'cookie' => 'project_name=%E6%8E%92%E5%BA%8F; group_name=%E5%B0%8F%E9%95%87%E6%83%8A%E9%AD%82; project_id=1; pgv_pvi=1445688320; Phpstorm-e4311aeb=e3ecb2d2-64ad-427e-a502-9b52cf11c2cf',
)
[ info ] [ PARAM ] array (
  'game' => '16',
)
[ info ] [ RUN ] app\demo\controller\Hello->sortDataNew[ C:\xampp\htdocs\tp5\application\demo\controller\Hello.php ]
[ info ] [ DB ] INIT mysql
[ info ] [ LOG ] INIT File
[ sql ] [ DB ] CONNECT:[ UseTime:0.012001s ] mysql:dbname=sort;host=localhost;port=3306;charset=utf8
[ sql ] [ SQL ] SELECT id,emoi,scl,High_alpha,gamma,tag FROM 
                  data_ INNER JOIN test ON (data_.test_id = test.test_id)
                  WHERE test.g_id = '16' [ RunTime:0.004000s ]

---------------------------------------------------------------
[ 2017-06-21T16:23:09+08:00 ] ::1 ::1 GET /tp5/index.php/demo/hello/sortnew.html
[ log ] localhost/tp5/index.php/demo/hello/sortnew.html [运行时间：0.074005s][吞吐率：13.51req/s] [内存消耗：1,887.65kb] [文件加载：45]
[ info ] [ LANG ] C:\xampp\htdocs\tp5\thinkphp\lang\zh-cn.php
[ info ] [ ROUTE ] array (
  'type' => 'module',
  'module' => 
  array (
    0 => 'demo',
    1 => 'hello',
    2 => 'sortnew',
  ),
)
[ info ] [ HEADER ] array (
  'host' => 'localhost',
  'connection' => 'keep-alive',
  'cache-control' => 'max-age=0',
  'upgrade-insecure-requests' => '1',
  'user-agent' => 'Mozilla/5.0 (Windows NT 6.1; Win64; x64) AppleWebKit/537.36 (KHTML, like Gecko) Chrome/59.0.3071.86 Safari/537.36',
  'accept' => 'text/html,application/xhtml+xml,application/xml;q=0.9,image/webp,image/apng,*/*;q=0.8',
  'referer' => 'http://localhost/tp5/index.php/demo/hello/group.html',
  'accept-encoding' => 'gzip, deflate, br',
  'accept-language' => 'zh-CN,zh;q=0.8',
  'cookie' => 'project_name=%E6%8E%92%E5%BA%8F; group_name=%E5%B0%8F%E9%95%87%E6%83%8A%E9%AD%82; project_id=1; pgv_pvi=1445688320; Phpstorm-e4311aeb=e3ecb2d2-64ad-427e-a502-9b52cf11c2cf',
)
[ info ] [ PARAM ] array (
)
[ info ] [ RUN ] app\demo\controller\Hello->sortNew[ C:\xampp\htdocs\tp5\application\demo\controller\Hello.php ]
[ info ] [ DB ] INIT mysql
[ info ] [ VIEW ] C:\xampp\htdocs\tp5/application/demo\view\hello\sortnew.html [ array (
  0 => 'game',
  1 => 'group_n',
  2 => 'data',
) ]
[ info ] [ LOG ] INIT File
[ sql ] [ DB ] CONNECT:[ UseTime:0.012000s ] mysql:dbname=sort;host=localhost;port=3306;charset=utf8
[ sql ] [ SQL ] select g_id,g_name from game [ RunTime:0.000000s ]
[ sql ] [ SQL ] select group_id from group_ WHERE group_name = '小镇惊魂' [ RunTime:0.001000s ]
[ sql ] [ SQL ] select game.g_name,data_.emoi,data_.scl,data_.High_alpha,data_.gamma,data_.tag 
                     FROM data_ LEFT JOIN test ON(data_.test_id = test.test_id) 
                     LEFT JOIN game ON (test.g_id = game.g_id) WHERE data_.id IN 
                     (SELECT test_id FROM group_test WHERE group_id = '15') [ RunTime:0.000000s ]

---------------------------------------------------------------
[ 2017-06-21T16:23:12+08:00 ] ::1 ::1 POST /tp5/index.php/demo/hello/sortdatanew.html
[ log ] localhost/tp5/index.php/demo/hello/sortdatanew.html [运行时间：0.054003s][吞吐率：18.52req/s] [内存消耗：1,630.92kb] [文件加载：40]
[ info ] [ LANG ] C:\xampp\htdocs\tp5\thinkphp\lang\zh-cn.php
[ info ] [ ROUTE ] array (
  'type' => 'module',
  'module' => 
  array (
    0 => 'demo',
    1 => 'hello',
    2 => 'sortdatanew',
  ),
)
[ info ] [ HEADER ] array (
  'host' => 'localhost',
  'connection' => 'keep-alive',
  'content-length' => '6',
  'origin' => 'http://localhost',
  'user-agent' => 'Mozilla/5.0 (Windows NT 6.1; Win64; x64) AppleWebKit/537.36 (KHTML, like Gecko) Chrome/59.0.3071.86 Safari/537.36',
  'content-type' => 'application/x-www-form-urlencoded; charset=UTF-8',
  'accept' => 'application/json, text/javascript, */*; q=0.01',
  'x-requested-with' => 'XMLHttpRequest',
  'referer' => 'http://localhost/tp5/index.php/demo/hello/sortnew.html',
  'accept-encoding' => 'gzip, deflate, br',
  'accept-language' => 'zh-CN,zh;q=0.8',
  'cookie' => 'project_name=%E6%8E%92%E5%BA%8F; group_name=%E5%B0%8F%E9%95%87%E6%83%8A%E9%AD%82; project_id=1; pgv_pvi=1445688320; Phpstorm-e4311aeb=e3ecb2d2-64ad-427e-a502-9b52cf11c2cf',
)
[ info ] [ PARAM ] array (
  'game' => '1',
)
[ info ] [ RUN ] app\demo\controller\Hello->sortDataNew[ C:\xampp\htdocs\tp5\application\demo\controller\Hello.php ]
[ info ] [ DB ] INIT mysql
[ info ] [ LOG ] INIT File
[ sql ] [ DB ] CONNECT:[ UseTime:0.011000s ] mysql:dbname=sort;host=localhost;port=3306;charset=utf8
[ sql ] [ SQL ] SELECT id,emoi,scl,High_alpha,gamma,tag FROM 
                  data_ INNER JOIN test ON (data_.test_id = test.test_id)
                  WHERE test.g_id = '1' [ RunTime:0.001000s ]

---------------------------------------------------------------
[ 2017-06-21T16:23:17+08:00 ] ::1 ::1 POST /tp5/index.php/demo/hello/sortdatanew.html
[ log ] localhost/tp5/index.php/demo/hello/sortdatanew.html [运行时间：0.067004s][吞吐率：14.92req/s] [内存消耗：2,065.96kb] [文件加载：40]
[ info ] [ LANG ] C:\xampp\htdocs\tp5\thinkphp\lang\zh-cn.php
[ info ] [ ROUTE ] array (
  'type' => 'module',
  'module' => 
  array (
    0 => 'demo',
    1 => 'hello',
    2 => 'sortdatanew',
  ),
)
[ info ] [ HEADER ] array (
  'host' => 'localhost',
  'connection' => 'keep-alive',
  'content-length' => '7',
  'origin' => 'http://localhost',
  'user-agent' => 'Mozilla/5.0 (Windows NT 6.1; Win64; x64) AppleWebKit/537.36 (KHTML, like Gecko) Chrome/59.0.3071.86 Safari/537.36',
  'content-type' => 'application/x-www-form-urlencoded; charset=UTF-8',
  'accept' => 'application/json, text/javascript, */*; q=0.01',
  'x-requested-with' => 'XMLHttpRequest',
  'referer' => 'http://localhost/tp5/index.php/demo/hello/sortnew.html',
  'accept-encoding' => 'gzip, deflate, br',
  'accept-language' => 'zh-CN,zh;q=0.8',
  'cookie' => 'project_name=%E6%8E%92%E5%BA%8F; group_name=%E5%B0%8F%E9%95%87%E6%83%8A%E9%AD%82; project_id=1; pgv_pvi=1445688320; Phpstorm-e4311aeb=e3ecb2d2-64ad-427e-a502-9b52cf11c2cf',
)
[ info ] [ PARAM ] array (
  'game' => '16',
)
[ info ] [ RUN ] app\demo\controller\Hello->sortDataNew[ C:\xampp\htdocs\tp5\application\demo\controller\Hello.php ]
[ info ] [ DB ] INIT mysql
[ info ] [ LOG ] INIT File
[ sql ] [ DB ] CONNECT:[ UseTime:0.002000s ] mysql:dbname=sort;host=localhost;port=3306;charset=utf8
[ sql ] [ SQL ] SELECT id,emoi,scl,High_alpha,gamma,tag FROM 
                  data_ INNER JOIN test ON (data_.test_id = test.test_id)
                  WHERE test.g_id = '16' [ RunTime:0.004000s ]

---------------------------------------------------------------
