[ 2017-02-09T16:14:00+08:00 ] ::1 ::1 GET /tp5/public/index.php/demo/hello/hello.html
[ log ] localhost/tp5/public/index.php/demo/hello/hello.html [运行时间：0.318019s][吞吐率：3.14req/s] [内存消耗：1,261.94kb] [文件加载：34]
[ info ] [ LANG ] C:\xampp\htdocs\tp5\thinkphp\lang\zh-cn.php
[ info ] [ ROUTE ] array (
  'type' => 'module',
  'module' => 
  array (
    0 => 'demo',
    1 => 'hello',
    2 => 'hello',
  ),
)
[ info ] [ HEADER ] array (
  'host' => 'localhost',
  'connection' => 'keep-alive',
  'upgrade-insecure-requests' => '1',
  'user-agent' => 'Mozilla/5.0 (Windows NT 6.1; WOW64) AppleWebKit/537.36 (KHTML, like Gecko) Chrome/53.0.2785.89 Safari/537.36',
  'accept' => 'text/html,application/xhtml+xml,application/xml;q=0.9,image/webp,*/*;q=0.8',
  'accept-encoding' => 'gzip, deflate, sdch',
  'accept-language' => 'zh-CN,zh;q=0.8',
  'cookie' => 'pgv_pvi=1445688320',
)
[ info ] [ PARAM ] array (
)
[ info ] [ RUN ] app\demo\controller\Hello->hello[ C:\xampp\htdocs\tp5\application\demo\controller\Hello.php ]
[ info ] [ VIEW ] C:\xampp\htdocs\tp5\public/../application/demo\view\hello\hello.html [ array (
) ]
[ info ] [ LOG ] INIT File

---------------------------------------------------------------
[ 2017-02-09T16:14:02+08:00 ] ::1 ::1 POST /tp5/public/index.php/demo/hello/reload
[ log ] localhost/tp5/public/index.php/demo/hello/reload [运行时间：0.046003s][吞吐率：21.74req/s] [内存消耗：1,260.76kb] [文件加载：33]
[ info ] [ LANG ] C:\xampp\htdocs\tp5\thinkphp\lang\zh-cn.php
[ info ] [ ROUTE ] array (
  'type' => 'module',
  'module' => 
  array (
    0 => 'demo',
    1 => 'hello',
    2 => 'reload',
  ),
)
[ info ] [ HEADER ] array (
  'host' => 'localhost',
  'connection' => 'keep-alive',
  'content-length' => '8',
  'accept' => '*/*',
  'origin' => 'http://localhost',
  'x-requested-with' => 'XMLHttpRequest',
  'user-agent' => 'Mozilla/5.0 (Windows NT 6.1; WOW64) AppleWebKit/537.36 (KHTML, like Gecko) Chrome/53.0.2785.89 Safari/537.36',
  'content-type' => 'application/x-www-form-urlencoded; charset=UTF-8',
  'referer' => 'http://localhost/tp5/public/index.php/demo/hello/hello.html',
  'accept-encoding' => 'gzip, deflate',
  'accept-language' => 'zh-CN,zh;q=0.8',
  'cookie' => 'pgv_pvi=1445688320',
)
[ info ] [ PARAM ] array (
  'name' => 'set',
)
[ info ] [ RUN ] app\demo\controller\Hello->reload[ C:\xampp\htdocs\tp5\application\demo\controller\Hello.php ]
[ info ] [ LOG ] INIT File

---------------------------------------------------------------
[ 2017-02-09T16:14:02+08:00 ] ::1 ::1 GET /tp5/public/index.php/demo/hello/setattr.html
[ log ] localhost/tp5/public/index.php/demo/hello/setattr.html [运行时间：0.097005s][吞吐率：10.31req/s] [内存消耗：1,532.55kb] [文件加载：39]
[ info ] [ LANG ] C:\xampp\htdocs\tp5\thinkphp\lang\zh-cn.php
[ info ] [ ROUTE ] array (
  'type' => 'module',
  'module' => 
  array (
    0 => 'demo',
    1 => 'hello',
    2 => 'setattr',
  ),
)
[ info ] [ HEADER ] array (
  'host' => 'localhost',
  'connection' => 'keep-alive',
  'upgrade-insecure-requests' => '1',
  'user-agent' => 'Mozilla/5.0 (Windows NT 6.1; WOW64) AppleWebKit/537.36 (KHTML, like Gecko) Chrome/53.0.2785.89 Safari/537.36',
  'accept' => 'text/html,application/xhtml+xml,application/xml;q=0.9,image/webp,*/*;q=0.8',
  'referer' => 'http://localhost/tp5/public/index.php/demo/hello/hello.html',
  'accept-encoding' => 'gzip, deflate, sdch',
  'accept-language' => 'zh-CN,zh;q=0.8',
  'cookie' => 'pgv_pvi=1445688320',
)
[ info ] [ PARAM ] array (
)
[ info ] [ RUN ] app\demo\controller\Hello->setattr[ C:\xampp\htdocs\tp5\application\demo\controller\Hello.php ]
[ info ] [ DB ] INIT mysql
[ info ] [ VIEW ] C:\xampp\htdocs\tp5\public/../application/demo\view\hello\setattr.html [ array (
  0 => 'game_type',
  1 => 'terminal_type',
  2 => 'sex',
  3 => 'age_group',
  4 => 'game_experience',
  5 => 'game_year',
) ]
[ info ] [ LOG ] INIT File
[ sql ] [ DB ] CONNECT:[ UseTime:0.006000s ] mysql:dbname=sort;host=localhost;port=3306;charset=utf8
[ sql ] [ SQL ] select id,value from attr where name = "game_type" [ RunTime:0.001000s ]
[ sql ] [ SQL ] select id,value from attr where name = "terminal_type" [ RunTime:0.000000s ]
[ sql ] [ SQL ] select id,value from attr where name = "sex_type" [ RunTime:0.000000s ]
[ sql ] [ SQL ] select id,value from attr where name = "age_type" [ RunTime:0.000000s ]
[ sql ] [ SQL ] select id,value from attr where name = "game_experience" [ RunTime:0.001000s ]
[ sql ] [ SQL ] select id,value from attr where name = "game_year" [ RunTime:0.000000s ]

---------------------------------------------------------------
[ 2017-02-09T16:16:33+08:00 ] ::1 ::1 GET /tp5/public/index.php/demo/hello/setattr.html
[ log ] localhost/tp5/public/index.php/demo/hello/setattr.html [运行时间：0.066003s][吞吐率：15.15req/s] [内存消耗：1,692.15kb] [文件加载：41]
[ info ] [ LANG ] C:\xampp\htdocs\tp5\thinkphp\lang\zh-cn.php
[ info ] [ ROUTE ] array (
  'type' => 'module',
  'module' => 
  array (
    0 => 'demo',
    1 => 'hello',
    2 => 'setattr',
  ),
)
[ info ] [ HEADER ] array (
  'host' => 'localhost',
  'connection' => 'keep-alive',
  'cache-control' => 'max-age=0',
  'upgrade-insecure-requests' => '1',
  'user-agent' => 'Mozilla/5.0 (Windows NT 6.1; WOW64) AppleWebKit/537.36 (KHTML, like Gecko) Chrome/53.0.2785.89 Safari/537.36',
  'accept' => 'text/html,application/xhtml+xml,application/xml;q=0.9,image/webp,*/*;q=0.8',
  'referer' => 'http://localhost/tp5/public/index.php/demo/hello/hello.html',
  'accept-encoding' => 'gzip, deflate, sdch',
  'accept-language' => 'zh-CN,zh;q=0.8',
  'cookie' => 'pgv_pvi=1445688320',
)
[ info ] [ PARAM ] array (
)
[ info ] [ RUN ] app\demo\controller\Hello->setattr[ C:\xampp\htdocs\tp5\application\demo\controller\Hello.php ]
[ info ] [ DB ] INIT mysql
[ info ] [ VIEW ] C:\xampp\htdocs\tp5\public/../application/demo\view\hello\setattr.html [ array (
  0 => 'game_type',
  1 => 'terminal_type',
  2 => 'sex',
  3 => 'age_group',
  4 => 'game_experience',
  5 => 'game_year',
) ]
[ info ] [ LOG ] INIT File
[ sql ] [ DB ] CONNECT:[ UseTime:0.001000s ] mysql:dbname=sort;host=localhost;port=3306;charset=utf8
[ sql ] [ SQL ] select id,value from attr where name = "game_type" [ RunTime:0.001001s ]
[ sql ] [ SQL ] select id,value from attr where name = "terminal_type" [ RunTime:0.000000s ]
[ sql ] [ SQL ] select id,value from attr where name = "sex_type" [ RunTime:0.000000s ]
[ sql ] [ SQL ] select id,value from attr where name = "age_type" [ RunTime:0.000000s ]
[ sql ] [ SQL ] select id,value from attr where name = "game_experience" [ RunTime:0.000000s ]
[ sql ] [ SQL ] select id,value from attr where name = "game_year" [ RunTime:0.000000s ]

---------------------------------------------------------------
[ 2017-02-09T16:16:34+08:00 ] ::1 ::1 GET /tp5/public/index.php/demo/hello/upload.html
[ log ] localhost/tp5/public/index.php/demo/hello/upload.html [运行时间：0.045002s][吞吐率：22.22req/s] [内存消耗：1,474.16kb] [文件加载：38]
[ info ] [ LANG ] C:\xampp\htdocs\tp5\thinkphp\lang\zh-cn.php
[ info ] [ ROUTE ] array (
  'type' => 'module',
  'module' => 
  array (
    0 => 'demo',
    1 => 'hello',
    2 => 'upload',
  ),
)
[ info ] [ HEADER ] array (
  'host' => 'localhost',
  'connection' => 'keep-alive',
  'upgrade-insecure-requests' => '1',
  'user-agent' => 'Mozilla/5.0 (Windows NT 6.1; WOW64) AppleWebKit/537.36 (KHTML, like Gecko) Chrome/53.0.2785.89 Safari/537.36',
  'accept' => 'text/html,application/xhtml+xml,application/xml;q=0.9,image/webp,*/*;q=0.8',
  'referer' => 'http://localhost/tp5/public/index.php/demo/hello/setattr.html',
  'accept-encoding' => 'gzip, deflate, sdch',
  'accept-language' => 'zh-CN,zh;q=0.8',
  'cookie' => 'pgv_pvi=1445688320',
)
[ info ] [ PARAM ] array (
)
[ info ] [ RUN ] app\demo\controller\Hello->upload[ C:\xampp\htdocs\tp5\application\demo\controller\Hello.php ]
[ info ] [ DB ] INIT mysql
[ info ] [ VIEW ] C:\xampp\htdocs\tp5\public/../application/demo\view\hello\upload.html [ array (
  0 => 'game_type',
  1 => 'terminal_type',
  2 => 'sex',
  3 => 'age_group',
  4 => 'game_experience',
  5 => 'game_year',
) ]
[ info ] [ LOG ] INIT File
[ sql ] [ DB ] CONNECT:[ UseTime:0.002000s ] mysql:dbname=sort;host=localhost;port=3306;charset=utf8
[ sql ] [ SQL ] select id,value from attr where name = "game_type" [ RunTime:0.000000s ]
[ sql ] [ SQL ] select id,value from attr where name = "terminal_type" [ RunTime:0.001000s ]
[ sql ] [ SQL ] select id,value from attr where name = "sex_type" [ RunTime:0.000000s ]
[ sql ] [ SQL ] select id,value from attr where name = "age_type" [ RunTime:0.000000s ]
[ sql ] [ SQL ] select id,value from attr where name = "game_experience" [ RunTime:0.000000s ]
[ sql ] [ SQL ] select id,value from attr where name = "game_year" [ RunTime:0.000000s ]

---------------------------------------------------------------
