[ 2017-02-13T10:45:33+08:00 ] ::1 ::1 GET /tp5/public/index.php/demo/hello/hello.html
[ log ] localhost/tp5/public/index.php/demo/hello/hello.html [运行时间：0.124008s][吞吐率：8.06req/s] [内存消耗：1,262.74kb] [文件加载：34]
[ info ] [ LANG ] C:\xampp\htdocs\tp5\thinkphp\lang\zh-cn.php
[ info ] [ ROUTE ] array (
  'type' => 'module',
  'module' => 
  array (
    0 => 'demo',
    1 => 'hello',
    2 => 'hello',
  ),
)
[ info ] [ HEADER ] array (
  'host' => 'localhost',
  'connection' => 'keep-alive',
  'upgrade-insecure-requests' => '1',
  'user-agent' => 'Mozilla/5.0 (Windows NT 6.1; WOW64) AppleWebKit/537.36 (KHTML, like Gecko) Chrome/53.0.2785.89 Safari/537.36',
  'accept' => 'text/html,application/xhtml+xml,application/xml;q=0.9,image/webp,*/*;q=0.8',
  'accept-encoding' => 'gzip, deflate, sdch',
  'accept-language' => 'zh-CN,zh;q=0.8',
  'cookie' => 'pgv_pvi=1445688320; Phpstorm-e4311aeb=e3ecb2d2-64ad-427e-a502-9b52cf11c2cf',
)
[ info ] [ PARAM ] array (
)
[ info ] [ RUN ] app\demo\controller\Hello->hello[ C:\xampp\htdocs\tp5\application\demo\controller\Hello.php ]
[ info ] [ VIEW ] C:\xampp\htdocs\tp5\public/../application/demo\view\hello\hello.html [ array (
) ]
[ info ] [ LOG ] INIT File

---------------------------------------------------------------
[ 2017-02-13T10:45:44+08:00 ] ::1 ::1 GET /tp5/public/index.php/demo/hello/testerandgame.html
[ log ] localhost/tp5/public/index.php/demo/hello/testerandgame.html [运行时间：0.134008s][吞吐率：7.46req/s] [内存消耗：1,611.02kb] [文件加载：40]
[ info ] [ LANG ] C:\xampp\htdocs\tp5\thinkphp\lang\zh-cn.php
[ info ] [ ROUTE ] array (
  'type' => 'module',
  'module' => 
  array (
    0 => 'demo',
    1 => 'hello',
    2 => 'testerandgame',
  ),
)
[ info ] [ HEADER ] array (
  'host' => 'localhost',
  'connection' => 'keep-alive',
  'upgrade-insecure-requests' => '1',
  'user-agent' => 'Mozilla/5.0 (Windows NT 6.1; WOW64) AppleWebKit/537.36 (KHTML, like Gecko) Chrome/53.0.2785.89 Safari/537.36',
  'accept' => 'text/html,application/xhtml+xml,application/xml;q=0.9,image/webp,*/*;q=0.8',
  'accept-encoding' => 'gzip, deflate, sdch',
  'accept-language' => 'zh-CN,zh;q=0.8',
  'cookie' => 'pgv_pvi=1445688320; Phpstorm-e4311aeb=e3ecb2d2-64ad-427e-a502-9b52cf11c2cf',
)
[ info ] [ PARAM ] array (
)
[ info ] [ RUN ] app\demo\controller\Hello->testerandgame[ C:\xampp\htdocs\tp5\application\demo\controller\Hello.php ]
[ info ] [ DB ] INIT mysql
[ info ] [ VIEW ] C:\xampp\htdocs\tp5\public/../application/demo\view\hello\testerandgame.html [ array (
  0 => 'sex',
  1 => 'age_group',
  2 => 'game_experience',
  3 => 'game_year',
) ]
[ info ] [ LOG ] INIT File
[ sql ] [ DB ] CONNECT:[ UseTime:0.038002s ] mysql:dbname=sort;host=localhost;port=3306;charset=utf8
[ sql ] [ SQL ] select id,value from attr where name = "sex_type" [ RunTime:0.014001s ]
[ sql ] [ SQL ] select id,value from attr where name = "age_type" [ RunTime:0.000000s ]
[ sql ] [ SQL ] select id,value from attr where name = "game_experience" [ RunTime:0.000000s ]
[ sql ] [ SQL ] select id,value from attr where name = "game_year" [ RunTime:0.001000s ]

---------------------------------------------------------------
[ 2017-02-13T10:46:33+08:00 ] ::1 ::1 GET /tp5/public/index.php/demo/hello/testerandgame.html
[ log ] localhost/tp5/public/index.php/demo/hello/testerandgame.html [运行时间：0.071004s][吞吐率：14.08req/s] [内存消耗：1,611.13kb] [文件加载：40]
[ info ] [ LANG ] C:\xampp\htdocs\tp5\thinkphp\lang\zh-cn.php
[ info ] [ ROUTE ] array (
  'type' => 'module',
  'module' => 
  array (
    0 => 'demo',
    1 => 'hello',
    2 => 'testerandgame',
  ),
)
[ info ] [ HEADER ] array (
  'host' => 'localhost',
  'connection' => 'keep-alive',
  'cache-control' => 'max-age=0',
  'upgrade-insecure-requests' => '1',
  'user-agent' => 'Mozilla/5.0 (Windows NT 6.1; WOW64) AppleWebKit/537.36 (KHTML, like Gecko) Chrome/53.0.2785.89 Safari/537.36',
  'accept' => 'text/html,application/xhtml+xml,application/xml;q=0.9,image/webp,*/*;q=0.8',
  'accept-encoding' => 'gzip, deflate, sdch',
  'accept-language' => 'zh-CN,zh;q=0.8',
  'cookie' => 'pgv_pvi=1445688320; Phpstorm-e4311aeb=e3ecb2d2-64ad-427e-a502-9b52cf11c2cf',
)
[ info ] [ PARAM ] array (
)
[ info ] [ RUN ] app\demo\controller\Hello->testerandgame[ C:\xampp\htdocs\tp5\application\demo\controller\Hello.php ]
[ info ] [ DB ] INIT mysql
[ info ] [ VIEW ] C:\xampp\htdocs\tp5\public/../application/demo\view\hello\testerandgame.html [ array (
  0 => 'sex',
  1 => 'age_group',
  2 => 'game_experience',
  3 => 'game_year',
) ]
[ info ] [ LOG ] INIT File
[ sql ] [ DB ] CONNECT:[ UseTime:0.012001s ] mysql:dbname=sort;host=localhost;port=3306;charset=utf8
[ sql ] [ SQL ] select id,value from attr where name = "sex_type" [ RunTime:0.001000s ]
[ sql ] [ SQL ] select id,value from attr where name = "age_type" [ RunTime:0.001000s ]
[ sql ] [ SQL ] select id,value from attr where name = "game_experience" [ RunTime:0.000000s ]
[ sql ] [ SQL ] select id,value from attr where name = "game_year" [ RunTime:0.000000s ]

---------------------------------------------------------------
[ 2017-02-13T10:50:02+08:00 ] ::1 ::1 GET /tp5/public/index.php/demo/hello/testerandgame.html
[ log ] localhost/tp5/public/index.php/demo/hello/testerandgame.html [运行时间：0.050003s][吞吐率：20.00req/s] [内存消耗：1,612.95kb] [文件加载：40]
[ info ] [ LANG ] C:\xampp\htdocs\tp5\thinkphp\lang\zh-cn.php
[ info ] [ ROUTE ] array (
  'type' => 'module',
  'module' => 
  array (
    0 => 'demo',
    1 => 'hello',
    2 => 'testerandgame',
  ),
)
[ info ] [ HEADER ] array (
  'host' => 'localhost',
  'connection' => 'keep-alive',
  'cache-control' => 'max-age=0',
  'upgrade-insecure-requests' => '1',
  'user-agent' => 'Mozilla/5.0 (Windows NT 6.1; WOW64) AppleWebKit/537.36 (KHTML, like Gecko) Chrome/53.0.2785.89 Safari/537.36',
  'accept' => 'text/html,application/xhtml+xml,application/xml;q=0.9,image/webp,*/*;q=0.8',
  'accept-encoding' => 'gzip, deflate, sdch',
  'accept-language' => 'zh-CN,zh;q=0.8',
  'cookie' => 'pgv_pvi=1445688320; Phpstorm-e4311aeb=e3ecb2d2-64ad-427e-a502-9b52cf11c2cf',
)
[ info ] [ PARAM ] array (
)
[ info ] [ RUN ] app\demo\controller\Hello->testerandgame[ C:\xampp\htdocs\tp5\application\demo\controller\Hello.php ]
[ info ] [ DB ] INIT mysql
[ info ] [ VIEW ] C:\xampp\htdocs\tp5\public/../application/demo\view\hello\testerandgame.html [ array (
  0 => 'sex',
  1 => 'age_group',
  2 => 'game_experience',
  3 => 'game_year',
) ]
[ info ] [ LOG ] INIT File
[ sql ] [ DB ] CONNECT:[ UseTime:0.011001s ] mysql:dbname=sort;host=localhost;port=3306;charset=utf8
[ sql ] [ SQL ] select id,value from attr where name = "sex_type" [ RunTime:0.001000s ]
[ sql ] [ SQL ] select id,value from attr where name = "age_type" [ RunTime:0.000000s ]
[ sql ] [ SQL ] select id,value from attr where name = "game_experience" [ RunTime:0.000000s ]
[ sql ] [ SQL ] select id,value from attr where name = "game_year" [ RunTime:0.000000s ]

---------------------------------------------------------------
[ 2017-02-13T10:51:47+08:00 ] ::1 ::1 GET /tp5/public/index.php/demo/hello/testerandgame.html
[ log ] localhost/tp5/public/index.php/demo/hello/testerandgame.html [运行时间：0.044003s][吞吐率：22.73req/s] [内存消耗：1,612.95kb] [文件加载：40]
[ info ] [ LANG ] C:\xampp\htdocs\tp5\thinkphp\lang\zh-cn.php
[ info ] [ ROUTE ] array (
  'type' => 'module',
  'module' => 
  array (
    0 => 'demo',
    1 => 'hello',
    2 => 'testerandgame',
  ),
)
[ info ] [ HEADER ] array (
  'host' => 'localhost',
  'connection' => 'keep-alive',
  'cache-control' => 'max-age=0',
  'upgrade-insecure-requests' => '1',
  'user-agent' => 'Mozilla/5.0 (Windows NT 6.1; WOW64) AppleWebKit/537.36 (KHTML, like Gecko) Chrome/53.0.2785.89 Safari/537.36',
  'accept' => 'text/html,application/xhtml+xml,application/xml;q=0.9,image/webp,*/*;q=0.8',
  'accept-encoding' => 'gzip, deflate, sdch',
  'accept-language' => 'zh-CN,zh;q=0.8',
  'cookie' => 'pgv_pvi=1445688320; Phpstorm-e4311aeb=e3ecb2d2-64ad-427e-a502-9b52cf11c2cf',
)
[ info ] [ PARAM ] array (
)
[ info ] [ RUN ] app\demo\controller\Hello->testerandgame[ C:\xampp\htdocs\tp5\application\demo\controller\Hello.php ]
[ info ] [ DB ] INIT mysql
[ info ] [ VIEW ] C:\xampp\htdocs\tp5\public/../application/demo\view\hello\testerandgame.html [ array (
  0 => 'sex',
  1 => 'age_group',
  2 => 'game_experience',
  3 => 'game_year',
) ]
[ info ] [ LOG ] INIT File
[ sql ] [ DB ] CONNECT:[ UseTime:0.012001s ] mysql:dbname=sort;host=localhost;port=3306;charset=utf8
[ sql ] [ SQL ] select id,value from attr where name = "sex_type" [ RunTime:0.000000s ]
[ sql ] [ SQL ] select id,value from attr where name = "age_type" [ RunTime:0.001000s ]
[ sql ] [ SQL ] select id,value from attr where name = "game_experience" [ RunTime:0.000000s ]
[ sql ] [ SQL ] select id,value from attr where name = "game_year" [ RunTime:0.000000s ]

---------------------------------------------------------------
[ 2017-02-13T10:53:18+08:00 ] ::1 ::1 GET /tp5/public/index.php/demo/hello/testerandgame.html
[ log ] localhost/tp5/public/index.php/demo/hello/testerandgame.html [运行时间：0.051003s][吞吐率：19.61req/s] [内存消耗：1,613.20kb] [文件加载：40]
[ info ] [ LANG ] C:\xampp\htdocs\tp5\thinkphp\lang\zh-cn.php
[ info ] [ ROUTE ] array (
  'type' => 'module',
  'module' => 
  array (
    0 => 'demo',
    1 => 'hello',
    2 => 'testerandgame',
  ),
)
[ info ] [ HEADER ] array (
  'host' => 'localhost',
  'connection' => 'keep-alive',
  'cache-control' => 'max-age=0',
  'upgrade-insecure-requests' => '1',
  'user-agent' => 'Mozilla/5.0 (Windows NT 6.1; WOW64) AppleWebKit/537.36 (KHTML, like Gecko) Chrome/53.0.2785.89 Safari/537.36',
  'accept' => 'text/html,application/xhtml+xml,application/xml;q=0.9,image/webp,*/*;q=0.8',
  'accept-encoding' => 'gzip, deflate, sdch',
  'accept-language' => 'zh-CN,zh;q=0.8',
  'cookie' => 'pgv_pvi=1445688320; Phpstorm-e4311aeb=e3ecb2d2-64ad-427e-a502-9b52cf11c2cf',
)
[ info ] [ PARAM ] array (
)
[ info ] [ RUN ] app\demo\controller\Hello->testerandgame[ C:\xampp\htdocs\tp5\application\demo\controller\Hello.php ]
[ info ] [ DB ] INIT mysql
[ info ] [ VIEW ] C:\xampp\htdocs\tp5\public/../application/demo\view\hello\testerandgame.html [ array (
  0 => 'sex',
  1 => 'age_group',
  2 => 'game_experience',
  3 => 'game_year',
) ]
[ info ] [ LOG ] INIT File
[ sql ] [ DB ] CONNECT:[ UseTime:0.003000s ] mysql:dbname=sort;host=localhost;port=3306;charset=utf8
[ sql ] [ SQL ] select id,value from attr where name = "sex_type" [ RunTime:0.001000s ]
[ sql ] [ SQL ] select id,value from attr where name = "age_type" [ RunTime:0.000000s ]
[ sql ] [ SQL ] select id,value from attr where name = "game_experience" [ RunTime:0.000000s ]
[ sql ] [ SQL ] select id,value from attr where name = "game_year" [ RunTime:0.000000s ]

---------------------------------------------------------------
[ 2017-02-13T13:38:11+08:00 ] ::1 ::1 GET /tp5/public/index.php/demo/hello/testerandgame.html
[ log ] localhost/tp5/public/index.php/demo/hello/testerandgame.html [运行时间：0.136008s][吞吐率：7.35req/s] [内存消耗：1,660.37kb] [文件加载：44]
[ info ] [ LANG ] C:\xampp\htdocs\tp5\thinkphp\lang\zh-cn.php
[ info ] [ ROUTE ] array (
  'type' => 'module',
  'module' => 
  array (
    0 => 'demo',
    1 => 'hello',
    2 => 'testerandgame',
  ),
)
[ info ] [ HEADER ] array (
  'host' => 'localhost',
  'connection' => 'keep-alive',
  'cache-control' => 'max-age=0',
  'upgrade-insecure-requests' => '1',
  'user-agent' => 'Mozilla/5.0 (Windows NT 6.1; WOW64) AppleWebKit/537.36 (KHTML, like Gecko) Chrome/53.0.2785.89 Safari/537.36',
  'accept' => 'text/html,application/xhtml+xml,application/xml;q=0.9,image/webp,*/*;q=0.8',
  'accept-encoding' => 'gzip, deflate, sdch',
  'accept-language' => 'zh-CN,zh;q=0.8',
  'cookie' => 'pgv_pvi=1445688320; Phpstorm-e4311aeb=e3ecb2d2-64ad-427e-a502-9b52cf11c2cf',
)
[ info ] [ PARAM ] array (
)
[ info ] [ RUN ] app\demo\controller\Hello->testerandgame[ C:\xampp\htdocs\tp5\application\demo\controller\Hello.php ]
[ info ] [ DB ] INIT mysql
[ info ] [ VIEW ] C:\xampp\htdocs\tp5\public/../application/demo\view\hello\testerandgame.html [ array (
  0 => 'sex',
  1 => 'age_group',
  2 => 'game_experience',
  3 => 'game_year',
) ]
[ info ] [ LOG ] INIT File
[ sql ] [ DB ] CONNECT:[ UseTime:0.002000s ] mysql:dbname=sort;host=localhost;port=3306;charset=utf8
[ sql ] [ SQL ] select id,value from attr where name = "sex_type" [ RunTime:0.001000s ]
[ sql ] [ SQL ] select id,value from attr where name = "age_type" [ RunTime:0.000000s ]
[ sql ] [ SQL ] select id,value from attr where name = "game_experience" [ RunTime:0.000000s ]
[ sql ] [ SQL ] select id,value from attr where name = "game_year" [ RunTime:0.000000s ]
[ error ] [8]未定义变量: game_type[C:\xampp\htdocs\tp5\runtime\temp\f34aca16db51f62cb43603e2d948af79.php:66]

---------------------------------------------------------------
[ 2017-02-13T13:38:45+08:00 ] ::1 ::1 GET /tp5/public/index.php/demo/hello/testerandgame.html
[ log ] localhost/tp5/public/index.php/demo/hello/testerandgame.html [运行时间：0.065004s][吞吐率：15.38req/s] [内存消耗：1,474.84kb] [文件加载：38]
[ info ] [ LANG ] C:\xampp\htdocs\tp5\thinkphp\lang\zh-cn.php
[ info ] [ ROUTE ] array (
  'type' => 'module',
  'module' => 
  array (
    0 => 'demo',
    1 => 'hello',
    2 => 'testerandgame',
  ),
)
[ info ] [ HEADER ] array (
  'host' => 'localhost',
  'connection' => 'keep-alive',
  'cache-control' => 'max-age=0',
  'upgrade-insecure-requests' => '1',
  'user-agent' => 'Mozilla/5.0 (Windows NT 6.1; WOW64) AppleWebKit/537.36 (KHTML, like Gecko) Chrome/53.0.2785.89 Safari/537.36',
  'accept' => 'text/html,application/xhtml+xml,application/xml;q=0.9,image/webp,*/*;q=0.8',
  'accept-encoding' => 'gzip, deflate, sdch',
  'accept-language' => 'zh-CN,zh;q=0.8',
  'cookie' => 'pgv_pvi=1445688320; Phpstorm-e4311aeb=e3ecb2d2-64ad-427e-a502-9b52cf11c2cf',
)
[ info ] [ PARAM ] array (
)
[ info ] [ RUN ] app\demo\controller\Hello->testerandgame[ C:\xampp\htdocs\tp5\application\demo\controller\Hello.php ]
[ info ] [ DB ] INIT mysql
[ info ] [ VIEW ] C:\xampp\htdocs\tp5\public/../application/demo\view\hello\testerandgame.html [ array (
  0 => 'game_type',
  1 => 'terminal_type',
  2 => 'sex',
  3 => 'age_group',
  4 => 'game_experience',
  5 => 'game_year',
) ]
[ info ] [ LOG ] INIT File
[ sql ] [ DB ] CONNECT:[ UseTime:0.012000s ] mysql:dbname=sort;host=localhost;port=3306;charset=utf8
[ sql ] [ SQL ] select id,value from attr where name = "game_type" [ RunTime:0.001000s ]
[ sql ] [ SQL ] select id,value from attr where name = "terminal_type" [ RunTime:0.000000s ]
[ sql ] [ SQL ] select id,value from attr where name = "sex_type" [ RunTime:0.001001s ]
[ sql ] [ SQL ] select id,value from attr where name = "age_type" [ RunTime:0.000000s ]
[ sql ] [ SQL ] select id,value from attr where name = "game_experience" [ RunTime:0.001000s ]
[ sql ] [ SQL ] select id,value from attr where name = "game_year" [ RunTime:0.000000s ]

---------------------------------------------------------------
[ 2017-02-13T13:39:06+08:00 ] ::1 ::1 GET /tp5/public/index.php/demo/hello/testerandgame.html
[ log ] localhost/tp5/public/index.php/demo/hello/testerandgame.html [运行时间：0.049003s][吞吐率：20.41req/s] [内存消耗：1,618.89kb] [文件加载：40]
[ info ] [ LANG ] C:\xampp\htdocs\tp5\thinkphp\lang\zh-cn.php
[ info ] [ ROUTE ] array (
  'type' => 'module',
  'module' => 
  array (
    0 => 'demo',
    1 => 'hello',
    2 => 'testerandgame',
  ),
)
[ info ] [ HEADER ] array (
  'host' => 'localhost',
  'connection' => 'keep-alive',
  'cache-control' => 'max-age=0',
  'upgrade-insecure-requests' => '1',
  'user-agent' => 'Mozilla/5.0 (Windows NT 6.1; WOW64) AppleWebKit/537.36 (KHTML, like Gecko) Chrome/53.0.2785.89 Safari/537.36',
  'accept' => 'text/html,application/xhtml+xml,application/xml;q=0.9,image/webp,*/*;q=0.8',
  'accept-encoding' => 'gzip, deflate, sdch',
  'accept-language' => 'zh-CN,zh;q=0.8',
  'cookie' => 'pgv_pvi=1445688320; Phpstorm-e4311aeb=e3ecb2d2-64ad-427e-a502-9b52cf11c2cf',
)
[ info ] [ PARAM ] array (
)
[ info ] [ RUN ] app\demo\controller\Hello->testerandgame[ C:\xampp\htdocs\tp5\application\demo\controller\Hello.php ]
[ info ] [ DB ] INIT mysql
[ info ] [ VIEW ] C:\xampp\htdocs\tp5\public/../application/demo\view\hello\testerandgame.html [ array (
  0 => 'game_type',
  1 => 'terminal_type',
  2 => 'sex',
  3 => 'age_group',
  4 => 'game_experience',
  5 => 'game_year',
) ]
[ info ] [ LOG ] INIT File
[ sql ] [ DB ] CONNECT:[ UseTime:0.002000s ] mysql:dbname=sort;host=localhost;port=3306;charset=utf8
[ sql ] [ SQL ] select id,value from attr where name = "game_type" [ RunTime:0.001000s ]
[ sql ] [ SQL ] select id,value from attr where name = "terminal_type" [ RunTime:0.000000s ]
[ sql ] [ SQL ] select id,value from attr where name = "sex_type" [ RunTime:0.001000s ]
[ sql ] [ SQL ] select id,value from attr where name = "age_type" [ RunTime:0.000000s ]
[ sql ] [ SQL ] select id,value from attr where name = "game_experience" [ RunTime:0.000000s ]
[ sql ] [ SQL ] select id,value from attr where name = "game_year" [ RunTime:0.000000s ]

---------------------------------------------------------------
[ 2017-02-13T13:40:25+08:00 ] ::1 ::1 GET /tp5/public/index.php/demo/hello/testerandgame.html
[ log ] localhost/tp5/public/index.php/demo/hello/testerandgame.html [运行时间：0.062004s][吞吐率：16.13req/s] [内存消耗：1,619.16kb] [文件加载：40]
[ info ] [ LANG ] C:\xampp\htdocs\tp5\thinkphp\lang\zh-cn.php
[ info ] [ ROUTE ] array (
  'type' => 'module',
  'module' => 
  array (
    0 => 'demo',
    1 => 'hello',
    2 => 'testerandgame',
  ),
)
[ info ] [ HEADER ] array (
  'host' => 'localhost',
  'connection' => 'keep-alive',
  'cache-control' => 'max-age=0',
  'upgrade-insecure-requests' => '1',
  'user-agent' => 'Mozilla/5.0 (Windows NT 6.1; WOW64) AppleWebKit/537.36 (KHTML, like Gecko) Chrome/53.0.2785.89 Safari/537.36',
  'accept' => 'text/html,application/xhtml+xml,application/xml;q=0.9,image/webp,*/*;q=0.8',
  'accept-encoding' => 'gzip, deflate, sdch',
  'accept-language' => 'zh-CN,zh;q=0.8',
  'cookie' => 'pgv_pvi=1445688320; Phpstorm-e4311aeb=e3ecb2d2-64ad-427e-a502-9b52cf11c2cf',
)
[ info ] [ PARAM ] array (
)
[ info ] [ RUN ] app\demo\controller\Hello->testerandgame[ C:\xampp\htdocs\tp5\application\demo\controller\Hello.php ]
[ info ] [ DB ] INIT mysql
[ info ] [ VIEW ] C:\xampp\htdocs\tp5\public/../application/demo\view\hello\testerandgame.html [ array (
  0 => 'game_type',
  1 => 'terminal_type',
  2 => 'sex',
  3 => 'age_group',
  4 => 'game_experience',
  5 => 'game_year',
) ]
[ info ] [ LOG ] INIT File
[ sql ] [ DB ] CONNECT:[ UseTime:0.002000s ] mysql:dbname=sort;host=localhost;port=3306;charset=utf8
[ sql ] [ SQL ] select id,value from attr where name = "game_type" [ RunTime:0.000000s ]
[ sql ] [ SQL ] select id,value from attr where name = "terminal_type" [ RunTime:0.001000s ]
[ sql ] [ SQL ] select id,value from attr where name = "sex_type" [ RunTime:0.000000s ]
[ sql ] [ SQL ] select id,value from attr where name = "age_type" [ RunTime:0.000000s ]
[ sql ] [ SQL ] select id,value from attr where name = "game_experience" [ RunTime:0.000000s ]
[ sql ] [ SQL ] select id,value from attr where name = "game_year" [ RunTime:0.001000s ]

---------------------------------------------------------------
[ 2017-02-13T13:40:44+08:00 ] ::1 ::1 GET /tp5/public/index.php/demo/hello/testerandgame.html
[ log ] localhost/tp5/public/index.php/demo/hello/testerandgame.html [运行时间：0.071004s][吞吐率：14.08req/s] [内存消耗：1,619.12kb] [文件加载：40]
[ info ] [ LANG ] C:\xampp\htdocs\tp5\thinkphp\lang\zh-cn.php
[ info ] [ ROUTE ] array (
  'type' => 'module',
  'module' => 
  array (
    0 => 'demo',
    1 => 'hello',
    2 => 'testerandgame',
  ),
)
[ info ] [ HEADER ] array (
  'host' => 'localhost',
  'connection' => 'keep-alive',
  'cache-control' => 'max-age=0',
  'upgrade-insecure-requests' => '1',
  'user-agent' => 'Mozilla/5.0 (Windows NT 6.1; WOW64) AppleWebKit/537.36 (KHTML, like Gecko) Chrome/53.0.2785.89 Safari/537.36',
  'accept' => 'text/html,application/xhtml+xml,application/xml;q=0.9,image/webp,*/*;q=0.8',
  'accept-encoding' => 'gzip, deflate, sdch',
  'accept-language' => 'zh-CN,zh;q=0.8',
  'cookie' => 'pgv_pvi=1445688320; Phpstorm-e4311aeb=e3ecb2d2-64ad-427e-a502-9b52cf11c2cf',
)
[ info ] [ PARAM ] array (
)
[ info ] [ RUN ] app\demo\controller\Hello->testerandgame[ C:\xampp\htdocs\tp5\application\demo\controller\Hello.php ]
[ info ] [ DB ] INIT mysql
[ info ] [ VIEW ] C:\xampp\htdocs\tp5\public/../application/demo\view\hello\testerandgame.html [ array (
  0 => 'game_type',
  1 => 'terminal_type',
  2 => 'sex',
  3 => 'age_group',
  4 => 'game_experience',
  5 => 'game_year',
) ]
[ info ] [ LOG ] INIT File
[ sql ] [ DB ] CONNECT:[ UseTime:0.003000s ] mysql:dbname=sort;host=localhost;port=3306;charset=utf8
[ sql ] [ SQL ] select id,value from attr where name = "game_type" [ RunTime:0.001000s ]
[ sql ] [ SQL ] select id,value from attr where name = "terminal_type" [ RunTime:0.001000s ]
[ sql ] [ SQL ] select id,value from attr where name = "sex_type" [ RunTime:0.000000s ]
[ sql ] [ SQL ] select id,value from attr where name = "age_type" [ RunTime:0.001000s ]
[ sql ] [ SQL ] select id,value from attr where name = "game_experience" [ RunTime:0.000000s ]
[ sql ] [ SQL ] select id,value from attr where name = "game_year" [ RunTime:0.001000s ]

---------------------------------------------------------------
[ 2017-02-13T13:44:26+08:00 ] ::1 ::1 GET /tp5/public/index.php/demo/hello/testerandgame.html
[ log ] localhost/tp5/public/index.php/demo/hello/testerandgame.html [运行时间：0.069004s][吞吐率：14.49req/s] [内存消耗：1,619.77kb] [文件加载：40]
[ info ] [ LANG ] C:\xampp\htdocs\tp5\thinkphp\lang\zh-cn.php
[ info ] [ ROUTE ] array (
  'type' => 'module',
  'module' => 
  array (
    0 => 'demo',
    1 => 'hello',
    2 => 'testerandgame',
  ),
)
[ info ] [ HEADER ] array (
  'host' => 'localhost',
  'connection' => 'keep-alive',
  'cache-control' => 'max-age=0',
  'upgrade-insecure-requests' => '1',
  'user-agent' => 'Mozilla/5.0 (Windows NT 6.1; WOW64) AppleWebKit/537.36 (KHTML, like Gecko) Chrome/53.0.2785.89 Safari/537.36',
  'accept' => 'text/html,application/xhtml+xml,application/xml;q=0.9,image/webp,*/*;q=0.8',
  'accept-encoding' => 'gzip, deflate, sdch',
  'accept-language' => 'zh-CN,zh;q=0.8',
  'cookie' => 'pgv_pvi=1445688320; Phpstorm-e4311aeb=e3ecb2d2-64ad-427e-a502-9b52cf11c2cf',
)
[ info ] [ PARAM ] array (
)
[ info ] [ RUN ] app\demo\controller\Hello->testerandgame[ C:\xampp\htdocs\tp5\application\demo\controller\Hello.php ]
[ info ] [ DB ] INIT mysql
[ info ] [ VIEW ] C:\xampp\htdocs\tp5\public/../application/demo\view\hello\testerandgame.html [ array (
  0 => 'game_type',
  1 => 'terminal_type',
  2 => 'sex',
  3 => 'age_group',
  4 => 'game_experience',
  5 => 'game_year',
) ]
[ info ] [ LOG ] INIT File
[ sql ] [ DB ] CONNECT:[ UseTime:0.003000s ] mysql:dbname=sort;host=localhost;port=3306;charset=utf8
[ sql ] [ SQL ] select id,value from attr where name = "game_type" [ RunTime:0.001000s ]
[ sql ] [ SQL ] select id,value from attr where name = "terminal_type" [ RunTime:0.000000s ]
[ sql ] [ SQL ] select id,value from attr where name = "sex_type" [ RunTime:0.000000s ]
[ sql ] [ SQL ] select id,value from attr where name = "age_type" [ RunTime:0.001000s ]
[ sql ] [ SQL ] select id,value from attr where name = "game_experience" [ RunTime:0.000000s ]
[ sql ] [ SQL ] select id,value from attr where name = "game_year" [ RunTime:0.000000s ]

---------------------------------------------------------------
[ 2017-02-13T13:47:18+08:00 ] ::1 ::1 GET /tp5/public/index.php/demo/hello/testerandgame.html
[ log ] localhost/tp5/public/index.php/demo/hello/testerandgame.html [运行时间：0.053003s][吞吐率：18.87req/s] [内存消耗：1,620.01kb] [文件加载：40]
[ info ] [ LANG ] C:\xampp\htdocs\tp5\thinkphp\lang\zh-cn.php
[ info ] [ ROUTE ] array (
  'type' => 'module',
  'module' => 
  array (
    0 => 'demo',
    1 => 'hello',
    2 => 'testerandgame',
  ),
)
[ info ] [ HEADER ] array (
  'host' => 'localhost',
  'connection' => 'keep-alive',
  'cache-control' => 'max-age=0',
  'upgrade-insecure-requests' => '1',
  'user-agent' => 'Mozilla/5.0 (Windows NT 6.1; WOW64) AppleWebKit/537.36 (KHTML, like Gecko) Chrome/53.0.2785.89 Safari/537.36',
  'accept' => 'text/html,application/xhtml+xml,application/xml;q=0.9,image/webp,*/*;q=0.8',
  'accept-encoding' => 'gzip, deflate, sdch',
  'accept-language' => 'zh-CN,zh;q=0.8',
  'cookie' => 'pgv_pvi=1445688320; Phpstorm-e4311aeb=e3ecb2d2-64ad-427e-a502-9b52cf11c2cf',
)
[ info ] [ PARAM ] array (
)
[ info ] [ RUN ] app\demo\controller\Hello->testerandgame[ C:\xampp\htdocs\tp5\application\demo\controller\Hello.php ]
[ info ] [ DB ] INIT mysql
[ info ] [ VIEW ] C:\xampp\htdocs\tp5\public/../application/demo\view\hello\testerandgame.html [ array (
  0 => 'game_type',
  1 => 'terminal_type',
  2 => 'sex',
  3 => 'age_group',
  4 => 'game_experience',
  5 => 'game_year',
) ]
[ info ] [ LOG ] INIT File
[ sql ] [ DB ] CONNECT:[ UseTime:0.011001s ] mysql:dbname=sort;host=localhost;port=3306;charset=utf8
[ sql ] [ SQL ] select id,value from attr where name = "game_type" [ RunTime:0.001000s ]
[ sql ] [ SQL ] select id,value from attr where name = "terminal_type" [ RunTime:0.000000s ]
[ sql ] [ SQL ] select id,value from attr where name = "sex_type" [ RunTime:0.000000s ]
[ sql ] [ SQL ] select id,value from attr where name = "age_type" [ RunTime:0.000000s ]
[ sql ] [ SQL ] select id,value from attr where name = "game_experience" [ RunTime:0.001000s ]
[ sql ] [ SQL ] select id,value from attr where name = "game_year" [ RunTime:0.000000s ]

---------------------------------------------------------------
[ 2017-02-13T13:55:11+08:00 ] ::1 ::1 GET /tp5/public/index.php/demo/hello/testerandgame.html
[ log ] localhost/tp5/public/index.php/demo/hello/testerandgame.html [运行时间：0.074004s][吞吐率：13.51req/s] [内存消耗：1,475.26kb] [文件加载：38]
[ info ] [ LANG ] C:\xampp\htdocs\tp5\thinkphp\lang\zh-cn.php
[ info ] [ ROUTE ] array (
  'type' => 'module',
  'module' => 
  array (
    0 => 'demo',
    1 => 'hello',
    2 => 'testerandgame',
  ),
)
[ info ] [ HEADER ] array (
  'host' => 'localhost',
  'connection' => 'keep-alive',
  'cache-control' => 'max-age=0',
  'upgrade-insecure-requests' => '1',
  'user-agent' => 'Mozilla/5.0 (Windows NT 6.1; WOW64) AppleWebKit/537.36 (KHTML, like Gecko) Chrome/53.0.2785.89 Safari/537.36',
  'accept' => 'text/html,application/xhtml+xml,application/xml;q=0.9,image/webp,*/*;q=0.8',
  'accept-encoding' => 'gzip, deflate, sdch',
  'accept-language' => 'zh-CN,zh;q=0.8',
  'cookie' => 'pgv_pvi=1445688320; Phpstorm-e4311aeb=e3ecb2d2-64ad-427e-a502-9b52cf11c2cf',
)
[ info ] [ PARAM ] array (
)
[ info ] [ RUN ] app\demo\controller\Hello->testerandgame[ C:\xampp\htdocs\tp5\application\demo\controller\Hello.php ]
[ info ] [ DB ] INIT mysql
[ info ] [ VIEW ] C:\xampp\htdocs\tp5\public/../application/demo\view\hello\testerandgame.html [ array (
  0 => 'game_type',
  1 => 'terminal_type',
  2 => 'sex',
  3 => 'age_group',
  4 => 'game_experience',
  5 => 'game_year',
) ]
[ info ] [ LOG ] INIT File
[ sql ] [ DB ] CONNECT:[ UseTime:0.012001s ] mysql:dbname=sort;host=localhost;port=3306;charset=utf8
[ sql ] [ SQL ] select id,value from attr where name = "game_type" [ RunTime:0.000000s ]
[ sql ] [ SQL ] select id,value from attr where name = "terminal_type" [ RunTime:0.001000s ]
[ sql ] [ SQL ] select id,value from attr where name = "sex_type" [ RunTime:0.000000s ]
[ sql ] [ SQL ] select id,value from attr where name = "age_type" [ RunTime:0.000000s ]
[ sql ] [ SQL ] select id,value from attr where name = "game_experience" [ RunTime:0.001000s ]
[ sql ] [ SQL ] select id,value from attr where name = "game_year" [ RunTime:0.000000s ]

---------------------------------------------------------------
[ 2017-02-13T14:07:38+08:00 ] ::1 ::1 GET /tp5/public/index.php/demo/hello/testerandgame.html
[ log ] localhost/tp5/public/index.php/demo/hello/testerandgame.html [运行时间：0.067004s][吞吐率：14.92req/s] [内存消耗：1,681.65kb] [文件加载：41]
[ info ] [ LANG ] C:\xampp\htdocs\tp5\thinkphp\lang\zh-cn.php
[ info ] [ ROUTE ] array (
  'type' => 'module',
  'module' => 
  array (
    0 => 'demo',
    1 => 'hello',
    2 => 'testerandgame',
  ),
)
[ info ] [ HEADER ] array (
  'host' => 'localhost',
  'connection' => 'keep-alive',
  'cache-control' => 'max-age=0',
  'upgrade-insecure-requests' => '1',
  'user-agent' => 'Mozilla/5.0 (Windows NT 6.1; WOW64) AppleWebKit/537.36 (KHTML, like Gecko) Chrome/53.0.2785.89 Safari/537.36',
  'accept' => 'text/html,application/xhtml+xml,application/xml;q=0.9,image/webp,*/*;q=0.8',
  'accept-encoding' => 'gzip, deflate, sdch',
  'accept-language' => 'zh-CN,zh;q=0.8',
  'cookie' => 'pgv_pvi=1445688320; Phpstorm-e4311aeb=e3ecb2d2-64ad-427e-a502-9b52cf11c2cf',
)
[ info ] [ PARAM ] array (
)
[ info ] [ RUN ] app\demo\controller\Hello->testerandgame[ C:\xampp\htdocs\tp5\application\demo\controller\Hello.php ]
[ info ] [ DB ] INIT mysql
[ info ] [ VIEW ] C:\xampp\htdocs\tp5\public/../application/demo\view\hello\testerandgame.html [ array (
  0 => 'game_type',
  1 => 'terminal_type',
  2 => 'sex',
  3 => 'age_group',
  4 => 'game_experience',
  5 => 'game_year',
) ]
[ info ] [ LOG ] INIT File
[ sql ] [ DB ] CONNECT:[ UseTime:0.002000s ] mysql:dbname=sort;host=localhost;port=3306;charset=utf8
[ sql ] [ SQL ] select id,value from attr where name = "game_type" [ RunTime:0.000000s ]
[ sql ] [ SQL ] select id,value from attr where name = "terminal_type" [ RunTime:0.001000s ]
[ sql ] [ SQL ] select id,value from attr where name = "sex_type" [ RunTime:0.000000s ]
[ sql ] [ SQL ] select id,value from attr where name = "age_type" [ RunTime:0.000000s ]
[ sql ] [ SQL ] select id,value from attr where name = "game_experience" [ RunTime:0.001000s ]
[ sql ] [ SQL ] select id,value from attr where name = "game_year" [ RunTime:0.000000s ]

---------------------------------------------------------------
[ 2017-02-13T14:09:48+08:00 ] ::1 ::1 GET /tp5/public/index.php/demo/hello/testerandgame.html
[ log ] localhost/tp5/public/index.php/demo/hello/testerandgame.html [运行时间：0.056003s][吞吐率：17.86req/s] [内存消耗：1,681.95kb] [文件加载：41]
[ info ] [ LANG ] C:\xampp\htdocs\tp5\thinkphp\lang\zh-cn.php
[ info ] [ ROUTE ] array (
  'type' => 'module',
  'module' => 
  array (
    0 => 'demo',
    1 => 'hello',
    2 => 'testerandgame',
  ),
)
[ info ] [ HEADER ] array (
  'host' => 'localhost',
  'connection' => 'keep-alive',
  'cache-control' => 'max-age=0',
  'upgrade-insecure-requests' => '1',
  'user-agent' => 'Mozilla/5.0 (Windows NT 6.1; WOW64) AppleWebKit/537.36 (KHTML, like Gecko) Chrome/53.0.2785.89 Safari/537.36',
  'accept' => 'text/html,application/xhtml+xml,application/xml;q=0.9,image/webp,*/*;q=0.8',
  'accept-encoding' => 'gzip, deflate, sdch',
  'accept-language' => 'zh-CN,zh;q=0.8',
  'cookie' => 'pgv_pvi=1445688320; Phpstorm-e4311aeb=e3ecb2d2-64ad-427e-a502-9b52cf11c2cf',
)
[ info ] [ PARAM ] array (
)
[ info ] [ RUN ] app\demo\controller\Hello->testerandgame[ C:\xampp\htdocs\tp5\application\demo\controller\Hello.php ]
[ info ] [ DB ] INIT mysql
[ info ] [ VIEW ] C:\xampp\htdocs\tp5\public/../application/demo\view\hello\testerandgame.html [ array (
  0 => 'game_type',
  1 => 'terminal_type',
  2 => 'sex',
  3 => 'age_group',
  4 => 'game_experience',
  5 => 'game_year',
) ]
[ info ] [ LOG ] INIT File
[ sql ] [ DB ] CONNECT:[ UseTime:0.012000s ] mysql:dbname=sort;host=localhost;port=3306;charset=utf8
[ sql ] [ SQL ] select id,value from attr where name = "game_type" [ RunTime:0.001000s ]
[ sql ] [ SQL ] select id,value from attr where name = "terminal_type" [ RunTime:0.000000s ]
[ sql ] [ SQL ] select id,value from attr where name = "sex_type" [ RunTime:0.000000s ]
[ sql ] [ SQL ] select id,value from attr where name = "age_type" [ RunTime:0.001000s ]
[ sql ] [ SQL ] select id,value from attr where name = "game_experience" [ RunTime:0.000000s ]
[ sql ] [ SQL ] select id,value from attr where name = "game_year" [ RunTime:0.000000s ]

---------------------------------------------------------------
[ 2017-02-13T14:11:36+08:00 ] ::1 ::1 GET /tp5/public/index.php/demo/hello/testerandgame.html
[ log ] localhost/tp5/public/index.php/demo/hello/testerandgame.html [运行时间：0.061004s][吞吐率：16.39req/s] [内存消耗：1,682.45kb] [文件加载：41]
[ info ] [ LANG ] C:\xampp\htdocs\tp5\thinkphp\lang\zh-cn.php
[ info ] [ ROUTE ] array (
  'type' => 'module',
  'module' => 
  array (
    0 => 'demo',
    1 => 'hello',
    2 => 'testerandgame',
  ),
)
[ info ] [ HEADER ] array (
  'host' => 'localhost',
  'connection' => 'keep-alive',
  'cache-control' => 'max-age=0',
  'upgrade-insecure-requests' => '1',
  'user-agent' => 'Mozilla/5.0 (Windows NT 6.1; WOW64) AppleWebKit/537.36 (KHTML, like Gecko) Chrome/53.0.2785.89 Safari/537.36',
  'accept' => 'text/html,application/xhtml+xml,application/xml;q=0.9,image/webp,*/*;q=0.8',
  'accept-encoding' => 'gzip, deflate, sdch',
  'accept-language' => 'zh-CN,zh;q=0.8',
  'cookie' => 'pgv_pvi=1445688320; Phpstorm-e4311aeb=e3ecb2d2-64ad-427e-a502-9b52cf11c2cf',
)
[ info ] [ PARAM ] array (
)
[ info ] [ RUN ] app\demo\controller\Hello->testerandgame[ C:\xampp\htdocs\tp5\application\demo\controller\Hello.php ]
[ info ] [ DB ] INIT mysql
[ info ] [ VIEW ] C:\xampp\htdocs\tp5\public/../application/demo\view\hello\testerandgame.html [ array (
  0 => 'game_type',
  1 => 'terminal_type',
  2 => 'sex',
  3 => 'age_group',
  4 => 'game_experience',
  5 => 'game_year',
) ]
[ info ] [ LOG ] INIT File
[ sql ] [ DB ] CONNECT:[ UseTime:0.012001s ] mysql:dbname=sort;host=localhost;port=3306;charset=utf8
[ sql ] [ SQL ] select id,value from attr where name = "game_type" [ RunTime:0.000000s ]
[ sql ] [ SQL ] select id,value from attr where name = "terminal_type" [ RunTime:0.000000s ]
[ sql ] [ SQL ] select id,value from attr where name = "sex_type" [ RunTime:0.001000s ]
[ sql ] [ SQL ] select id,value from attr where name = "age_type" [ RunTime:0.000000s ]
[ sql ] [ SQL ] select id,value from attr where name = "game_experience" [ RunTime:0.001000s ]
[ sql ] [ SQL ] select id,value from attr where name = "game_year" [ RunTime:0.000000s ]

---------------------------------------------------------------
[ 2017-02-13T14:11:36+08:00 ] ::1 ::1 POST /tp5/public/index.php/demo/hello/addtester.html
[ log ] localhost/tp5/public/index.php/demo/hello/addtester.html [运行时间：0.081005s][吞吐率：12.34req/s] [内存消耗：1,466.96kb] [文件加载：37]
[ info ] [ LANG ] C:\xampp\htdocs\tp5\thinkphp\lang\zh-cn.php
[ info ] [ ROUTE ] array (
  'type' => 'module',
  'module' => 
  array (
    0 => 'demo',
    1 => 'hello',
    2 => 'addtester',
  ),
)
[ info ] [ HEADER ] array (
  'host' => 'localhost',
  'connection' => 'keep-alive',
  'content-length' => '61',
  'accept' => '*/*',
  'origin' => 'http://localhost',
  'x-requested-with' => 'XMLHttpRequest',
  'user-agent' => 'Mozilla/5.0 (Windows NT 6.1; WOW64) AppleWebKit/537.36 (KHTML, like Gecko) Chrome/53.0.2785.89 Safari/537.36',
  'content-type' => 'application/x-www-form-urlencoded; charset=UTF-8',
  'referer' => 'http://localhost/tp5/public/index.php/demo/hello/testerandgame.html',
  'accept-encoding' => 'gzip, deflate',
  'accept-language' => 'zh-CN,zh;q=0.8',
  'cookie' => 'pgv_pvi=1445688320; Phpstorm-e4311aeb=e3ecb2d2-64ad-427e-a502-9b52cf11c2cf',
)
[ info ] [ PARAM ] array (
  'tester_name' => '',
  'sex' => '3',
  'age_group' => '9',
  'game_experience' => '13',
  'game_year' => '6',
)
[ info ] [ RUN ] app\demo\controller\Hello->addTester[ C:\xampp\htdocs\tp5\application\demo\controller\Hello.php ]
[ info ] [ DB ] INIT mysql
[ info ] [ LOG ] INIT File
[ sql ] [ DB ] CONNECT:[ UseTime:0.002000s ] mysql:dbname=sort;host=localhost;port=3306;charset=utf8
[ sql ] [ SQL ] insert into tester (u_name,u_sex_id,u_age_id,u_year_id,u_experience_id) values
                              ('','3','9','6','13') [ RunTime:0.040002s ]

---------------------------------------------------------------
[ 2017-02-13T14:12:34+08:00 ] ::1 ::1 POST /tp5/public/index.php/demo/hello/addtester.html
[ log ] localhost/tp5/public/index.php/demo/hello/addtester.html [运行时间：0.087005s][吞吐率：11.49req/s] [内存消耗：1,466.98kb] [文件加载：37]
[ info ] [ LANG ] C:\xampp\htdocs\tp5\thinkphp\lang\zh-cn.php
[ info ] [ ROUTE ] array (
  'type' => 'module',
  'module' => 
  array (
    0 => 'demo',
    1 => 'hello',
    2 => 'addtester',
  ),
)
[ info ] [ HEADER ] array (
  'host' => 'localhost',
  'connection' => 'keep-alive',
  'content-length' => '88',
  'accept' => '*/*',
  'origin' => 'http://localhost',
  'x-requested-with' => 'XMLHttpRequest',
  'user-agent' => 'Mozilla/5.0 (Windows NT 6.1; WOW64) AppleWebKit/537.36 (KHTML, like Gecko) Chrome/53.0.2785.89 Safari/537.36',
  'content-type' => 'application/x-www-form-urlencoded; charset=UTF-8',
  'referer' => 'http://localhost/tp5/public/index.php/demo/hello/testerandgame.html',
  'accept-encoding' => 'gzip, deflate',
  'accept-language' => 'zh-CN,zh;q=0.8',
  'cookie' => 'pgv_pvi=1445688320; Phpstorm-e4311aeb=e3ecb2d2-64ad-427e-a502-9b52cf11c2cf',
)
[ info ] [ PARAM ] array (
  'tester_name' => '呵呵呵',
  'sex' => '3',
  'age_group' => '9',
  'game_experience' => '13',
  'game_year' => '6',
)
[ info ] [ RUN ] app\demo\controller\Hello->addTester[ C:\xampp\htdocs\tp5\application\demo\controller\Hello.php ]
[ info ] [ DB ] INIT mysql
[ info ] [ LOG ] INIT File
[ sql ] [ DB ] CONNECT:[ UseTime:0.002000s ] mysql:dbname=sort;host=localhost;port=3306;charset=utf8
[ sql ] [ SQL ] insert into tester (u_name,u_sex_id,u_age_id,u_year_id,u_experience_id) values
                              ('呵呵呵','3','9','6','13') [ RunTime:0.038002s ]

---------------------------------------------------------------
[ 2017-02-13T14:14:17+08:00 ] ::1 ::1 POST /tp5/public/index.php/demo/hello/addtester.html
[ log ] localhost/tp5/public/index.php/demo/hello/addtester.html [运行时间：0.082005s][吞吐率：12.19req/s] [内存消耗：1,466.98kb] [文件加载：37]
[ info ] [ LANG ] C:\xampp\htdocs\tp5\thinkphp\lang\zh-cn.php
[ info ] [ ROUTE ] array (
  'type' => 'module',
  'module' => 
  array (
    0 => 'demo',
    1 => 'hello',
    2 => 'addtester',
  ),
)
[ info ] [ HEADER ] array (
  'host' => 'localhost',
  'connection' => 'keep-alive',
  'content-length' => '89',
  'accept' => '*/*',
  'origin' => 'http://localhost',
  'x-requested-with' => 'XMLHttpRequest',
  'user-agent' => 'Mozilla/5.0 (Windows NT 6.1; WOW64) AppleWebKit/537.36 (KHTML, like Gecko) Chrome/53.0.2785.89 Safari/537.36',
  'content-type' => 'application/x-www-form-urlencoded; charset=UTF-8',
  'referer' => 'http://localhost/tp5/public/index.php/demo/hello/testerandgame.html',
  'accept-encoding' => 'gzip, deflate',
  'accept-language' => 'zh-CN,zh;q=0.8',
  'cookie' => 'pgv_pvi=1445688320; Phpstorm-e4311aeb=e3ecb2d2-64ad-427e-a502-9b52cf11c2cf',
)
[ info ] [ PARAM ] array (
  'tester_name' => '呵呵呵',
  'sex' => '4',
  'age_group' => '10',
  'game_experience' => '13',
  'game_year' => '7',
)
[ info ] [ RUN ] app\demo\controller\Hello->addTester[ C:\xampp\htdocs\tp5\application\demo\controller\Hello.php ]
[ info ] [ DB ] INIT mysql
[ info ] [ LOG ] INIT File
[ sql ] [ DB ] CONNECT:[ UseTime:0.003001s ] mysql:dbname=sort;host=localhost;port=3306;charset=utf8
[ sql ] [ SQL ] insert into tester (u_name,u_sex_id,u_age_id,u_year_id,u_experience_id) values
                              ('呵呵呵','4','10','7','13') [ RunTime:0.029001s ]

---------------------------------------------------------------
[ 2017-02-13T14:17:00+08:00 ] ::1 ::1 GET /tp5/public/index.php/demo/hello/testerandgame.html
[ log ] localhost/tp5/public/index.php/demo/hello/testerandgame.html [运行时间：0.066003s][吞吐率：15.15req/s] [内存消耗：1,683.09kb] [文件加载：41]
[ info ] [ LANG ] C:\xampp\htdocs\tp5\thinkphp\lang\zh-cn.php
[ info ] [ ROUTE ] array (
  'type' => 'module',
  'module' => 
  array (
    0 => 'demo',
    1 => 'hello',
    2 => 'testerandgame',
  ),
)
[ info ] [ HEADER ] array (
  'host' => 'localhost',
  'connection' => 'keep-alive',
  'cache-control' => 'max-age=0',
  'upgrade-insecure-requests' => '1',
  'user-agent' => 'Mozilla/5.0 (Windows NT 6.1; WOW64) AppleWebKit/537.36 (KHTML, like Gecko) Chrome/53.0.2785.89 Safari/537.36',
  'accept' => 'text/html,application/xhtml+xml,application/xml;q=0.9,image/webp,*/*;q=0.8',
  'accept-encoding' => 'gzip, deflate, sdch',
  'accept-language' => 'zh-CN,zh;q=0.8',
  'cookie' => 'pgv_pvi=1445688320; Phpstorm-e4311aeb=e3ecb2d2-64ad-427e-a502-9b52cf11c2cf',
)
[ info ] [ PARAM ] array (
)
[ info ] [ RUN ] app\demo\controller\Hello->testerandgame[ C:\xampp\htdocs\tp5\application\demo\controller\Hello.php ]
[ info ] [ DB ] INIT mysql
[ info ] [ VIEW ] C:\xampp\htdocs\tp5\public/../application/demo\view\hello\testerandgame.html [ array (
  0 => 'game_type',
  1 => 'terminal_type',
  2 => 'sex',
  3 => 'age_group',
  4 => 'game_experience',
  5 => 'game_year',
) ]
[ info ] [ LOG ] INIT File
[ sql ] [ DB ] CONNECT:[ UseTime:0.013001s ] mysql:dbname=sort;host=localhost;port=3306;charset=utf8
[ sql ] [ SQL ] select id,value from attr where name = "game_type" [ RunTime:0.000000s ]
[ sql ] [ SQL ] select id,value from attr where name = "terminal_type" [ RunTime:0.001000s ]
[ sql ] [ SQL ] select id,value from attr where name = "sex_type" [ RunTime:0.000000s ]
[ sql ] [ SQL ] select id,value from attr where name = "age_type" [ RunTime:0.000000s ]
[ sql ] [ SQL ] select id,value from attr where name = "game_experience" [ RunTime:0.001000s ]
[ sql ] [ SQL ] select id,value from attr where name = "game_year" [ RunTime:0.000000s ]

---------------------------------------------------------------
[ 2017-02-13T14:17:10+08:00 ] ::1 ::1 POST /tp5/public/index.php/demo/hello/addtester.html
[ log ] localhost/tp5/public/index.php/demo/hello/addtester.html [运行时间：0.080005s][吞吐率：12.50req/s] [内存消耗：1,466.96kb] [文件加载：37]
[ info ] [ LANG ] C:\xampp\htdocs\tp5\thinkphp\lang\zh-cn.php
[ info ] [ ROUTE ] array (
  'type' => 'module',
  'module' => 
  array (
    0 => 'demo',
    1 => 'hello',
    2 => 'addtester',
  ),
)
[ info ] [ HEADER ] array (
  'host' => 'localhost',
  'connection' => 'keep-alive',
  'content-length' => '64',
  'accept' => '*/*',
  'origin' => 'http://localhost',
  'x-requested-with' => 'XMLHttpRequest',
  'user-agent' => 'Mozilla/5.0 (Windows NT 6.1; WOW64) AppleWebKit/537.36 (KHTML, like Gecko) Chrome/53.0.2785.89 Safari/537.36',
  'content-type' => 'application/x-www-form-urlencoded; charset=UTF-8',
  'referer' => 'http://localhost/tp5/public/index.php/demo/hello/testerandgame.html',
  'accept-encoding' => 'gzip, deflate',
  'accept-language' => 'zh-CN,zh;q=0.8',
  'cookie' => 'pgv_pvi=1445688320; Phpstorm-e4311aeb=e3ecb2d2-64ad-427e-a502-9b52cf11c2cf',
)
[ info ] [ PARAM ] array (
  'tester_name' => '123',
  'sex' => '3',
  'age_group' => '9',
  'game_experience' => '13',
  'game_year' => '6',
)
[ info ] [ RUN ] app\demo\controller\Hello->addTester[ C:\xampp\htdocs\tp5\application\demo\controller\Hello.php ]
[ info ] [ DB ] INIT mysql
[ info ] [ LOG ] INIT File
[ sql ] [ DB ] CONNECT:[ UseTime:0.012000s ] mysql:dbname=sort;host=localhost;port=3306;charset=utf8
[ sql ] [ SQL ] insert into tester (u_name,u_sex_id,u_age_id,u_year_id,u_experience_id) values
                              ('123','3','9','6','13') [ RunTime:0.021002s ]

---------------------------------------------------------------
[ 2017-02-13T14:30:36+08:00 ] ::1 ::1 POST /tp5/public/index.php/demo/hello/addgame.html
[ log ] localhost/tp5/public/index.php/demo/hello/addgame.html [运行时间：0.034002s][吞吐率：29.41req/s] [内存消耗：1,265.63kb] [文件加载：33]
[ info ] [ LANG ] C:\xampp\htdocs\tp5\thinkphp\lang\zh-cn.php
[ info ] [ ROUTE ] array (
  'type' => 'module',
  'module' => 
  array (
    0 => 'demo',
    1 => 'hello',
    2 => 'addgame',
  ),
)
[ info ] [ HEADER ] array (
  'host' => 'localhost',
  'connection' => 'keep-alive',
  'content-length' => '56',
  'accept' => '*/*',
  'origin' => 'http://localhost',
  'x-requested-with' => 'XMLHttpRequest',
  'user-agent' => 'Mozilla/5.0 (Windows NT 6.1; WOW64) AppleWebKit/537.36 (KHTML, like Gecko) Chrome/53.0.2785.89 Safari/537.36',
  'content-type' => 'application/x-www-form-urlencoded; charset=UTF-8',
  'referer' => 'http://localhost/tp5/public/index.php/demo/hello/testerandgame.html',
  'accept-encoding' => 'gzip, deflate',
  'accept-language' => 'zh-CN,zh;q=0.8',
  'cookie' => 'pgv_pvi=1445688320; Phpstorm-e4311aeb=e3ecb2d2-64ad-427e-a502-9b52cf11c2cf',
)
[ info ] [ PARAM ] array (
  'game_name' => '啊啊',
  'game_type' => '1',
  'terminal_type' => '2',
)
[ info ] [ RUN ] app\demo\controller\Hello->addGame[ C:\xampp\htdocs\tp5\application\demo\controller\Hello.php ]
[ info ] [ LOG ] INIT File

---------------------------------------------------------------
[ 2017-02-13T14:53:40+08:00 ] ::1 ::1 GET /tp5/public/index.php/demo/hello/testerandgame.html
[ log ] localhost/tp5/public/index.php/demo/hello/testerandgame.html [运行时间：0.054003s][吞吐率：18.52req/s] [内存消耗：1,686.23kb] [文件加载：41]
[ info ] [ LANG ] C:\xampp\htdocs\tp5\thinkphp\lang\zh-cn.php
[ info ] [ ROUTE ] array (
  'type' => 'module',
  'module' => 
  array (
    0 => 'demo',
    1 => 'hello',
    2 => 'testerandgame',
  ),
)
[ info ] [ HEADER ] array (
  'host' => 'localhost',
  'connection' => 'keep-alive',
  'cache-control' => 'max-age=0',
  'upgrade-insecure-requests' => '1',
  'user-agent' => 'Mozilla/5.0 (Windows NT 6.1; WOW64) AppleWebKit/537.36 (KHTML, like Gecko) Chrome/53.0.2785.89 Safari/537.36',
  'accept' => 'text/html,application/xhtml+xml,application/xml;q=0.9,image/webp,*/*;q=0.8',
  'accept-encoding' => 'gzip, deflate, sdch',
  'accept-language' => 'zh-CN,zh;q=0.8',
  'cookie' => 'pgv_pvi=1445688320; Phpstorm-e4311aeb=e3ecb2d2-64ad-427e-a502-9b52cf11c2cf',
)
[ info ] [ PARAM ] array (
)
[ info ] [ RUN ] app\demo\controller\Hello->testerandgame[ C:\xampp\htdocs\tp5\application\demo\controller\Hello.php ]
[ info ] [ DB ] INIT mysql
[ info ] [ VIEW ] C:\xampp\htdocs\tp5\public/../application/demo\view\hello\testerandgame.html [ array (
  0 => 'game_type',
  1 => 'terminal_type',
  2 => 'sex',
  3 => 'age_group',
  4 => 'game_experience',
  5 => 'game_year',
) ]
[ info ] [ LOG ] INIT File
[ sql ] [ DB ] CONNECT:[ UseTime:0.002000s ] mysql:dbname=sort;host=localhost;port=3306;charset=utf8
[ sql ] [ SQL ] select id,value from attr where name = "game_type" [ RunTime:0.000000s ]
[ sql ] [ SQL ] select id,value from attr where name = "terminal_type" [ RunTime:0.000000s ]
[ sql ] [ SQL ] select id,value from attr where name = "sex_type" [ RunTime:0.000000s ]
[ sql ] [ SQL ] select id,value from attr where name = "age_type" [ RunTime:0.000000s ]
[ sql ] [ SQL ] select id,value from attr where name = "game_experience" [ RunTime:0.001000s ]
[ sql ] [ SQL ] select id,value from attr where name = "game_year" [ RunTime:0.000000s ]

---------------------------------------------------------------
[ 2017-02-13T14:53:49+08:00 ] ::1 ::1 POST /tp5/public/index.php/demo/hello/addtester.html
[ log ] localhost/tp5/public/index.php/demo/hello/addtester.html [运行时间：0.086005s][吞吐率：11.63req/s] [内存消耗：1,469.95kb] [文件加载：37]
[ info ] [ LANG ] C:\xampp\htdocs\tp5\thinkphp\lang\zh-cn.php
[ info ] [ ROUTE ] array (
  'type' => 'module',
  'module' => 
  array (
    0 => 'demo',
    1 => 'hello',
    2 => 'addtester',
  ),
)
[ info ] [ HEADER ] array (
  'host' => 'localhost',
  'connection' => 'keep-alive',
  'content-length' => '79',
  'accept' => 'application/json, text/javascript, */*; q=0.01',
  'origin' => 'http://localhost',
  'x-requested-with' => 'XMLHttpRequest',
  'user-agent' => 'Mozilla/5.0 (Windows NT 6.1; WOW64) AppleWebKit/537.36 (KHTML, like Gecko) Chrome/53.0.2785.89 Safari/537.36',
  'content-type' => 'application/x-www-form-urlencoded; charset=UTF-8',
  'referer' => 'http://localhost/tp5/public/index.php/demo/hello/testerandgame.html',
  'accept-encoding' => 'gzip, deflate',
  'accept-language' => 'zh-CN,zh;q=0.8',
  'cookie' => 'pgv_pvi=1445688320; Phpstorm-e4311aeb=e3ecb2d2-64ad-427e-a502-9b52cf11c2cf',
)
[ info ] [ PARAM ] array (
  'tester_name' => '小明',
  'sex' => '3',
  'age_group' => '9',
  'game_experience' => '13',
  'game_year' => '6',
)
[ info ] [ RUN ] app\demo\controller\Hello->addTester[ C:\xampp\htdocs\tp5\application\demo\controller\Hello.php ]
[ info ] [ DB ] INIT mysql
[ info ] [ LOG ] INIT File
[ sql ] [ DB ] CONNECT:[ UseTime:0.011001s ] mysql:dbname=sort;host=localhost;port=3306;charset=utf8
[ sql ] [ SQL ] insert into tester (u_name,u_sex_id,u_age_id,u_year_id,u_experience_id) values
                              ('小明','3','9','6','13') [ RunTime:0.040002s ]

---------------------------------------------------------------
[ 2017-02-13T14:57:33+08:00 ] ::1 ::1 GET /tp5/public/index.php/demo/hello/testerandgame.html
[ log ] localhost/tp5/public/index.php/demo/hello/testerandgame.html [运行时间：0.054003s][吞吐率：18.52req/s] [内存消耗：1,686.36kb] [文件加载：41]
[ info ] [ LANG ] C:\xampp\htdocs\tp5\thinkphp\lang\zh-cn.php
[ info ] [ ROUTE ] array (
  'type' => 'module',
  'module' => 
  array (
    0 => 'demo',
    1 => 'hello',
    2 => 'testerandgame',
  ),
)
[ info ] [ HEADER ] array (
  'host' => 'localhost',
  'connection' => 'keep-alive',
  'cache-control' => 'max-age=0',
  'upgrade-insecure-requests' => '1',
  'user-agent' => 'Mozilla/5.0 (Windows NT 6.1; WOW64) AppleWebKit/537.36 (KHTML, like Gecko) Chrome/53.0.2785.89 Safari/537.36',
  'accept' => 'text/html,application/xhtml+xml,application/xml;q=0.9,image/webp,*/*;q=0.8',
  'accept-encoding' => 'gzip, deflate, sdch',
  'accept-language' => 'zh-CN,zh;q=0.8',
  'cookie' => 'pgv_pvi=1445688320; Phpstorm-e4311aeb=e3ecb2d2-64ad-427e-a502-9b52cf11c2cf',
)
[ info ] [ PARAM ] array (
)
[ info ] [ RUN ] app\demo\controller\Hello->testerandgame[ C:\xampp\htdocs\tp5\application\demo\controller\Hello.php ]
[ info ] [ DB ] INIT mysql
[ info ] [ VIEW ] C:\xampp\htdocs\tp5\public/../application/demo\view\hello\testerandgame.html [ array (
  0 => 'game_type',
  1 => 'terminal_type',
  2 => 'sex',
  3 => 'age_group',
  4 => 'game_experience',
  5 => 'game_year',
) ]
[ info ] [ LOG ] INIT File
[ sql ] [ DB ] CONNECT:[ UseTime:0.012001s ] mysql:dbname=sort;host=localhost;port=3306;charset=utf8
[ sql ] [ SQL ] select id,value from attr where name = "game_type" [ RunTime:0.000000s ]
[ sql ] [ SQL ] select id,value from attr where name = "terminal_type" [ RunTime:0.000000s ]
[ sql ] [ SQL ] select id,value from attr where name = "sex_type" [ RunTime:0.001000s ]
[ sql ] [ SQL ] select id,value from attr where name = "age_type" [ RunTime:0.000000s ]
[ sql ] [ SQL ] select id,value from attr where name = "game_experience" [ RunTime:0.000000s ]
[ sql ] [ SQL ] select id,value from attr where name = "game_year" [ RunTime:0.000000s ]

---------------------------------------------------------------
[ 2017-02-13T14:57:37+08:00 ] ::1 ::1 POST /tp5/public/index.php/demo/hello/addtester.html
[ log ] localhost/tp5/public/index.php/demo/hello/addtester.html [运行时间：0.070004s][吞吐率：14.28req/s] [内存消耗：1,469.95kb] [文件加载：37]
[ info ] [ LANG ] C:\xampp\htdocs\tp5\thinkphp\lang\zh-cn.php
[ info ] [ ROUTE ] array (
  'type' => 'module',
  'module' => 
  array (
    0 => 'demo',
    1 => 'hello',
    2 => 'addtester',
  ),
)
[ info ] [ HEADER ] array (
  'host' => 'localhost',
  'connection' => 'keep-alive',
  'content-length' => '79',
  'accept' => 'application/json, text/javascript, */*; q=0.01',
  'origin' => 'http://localhost',
  'x-requested-with' => 'XMLHttpRequest',
  'user-agent' => 'Mozilla/5.0 (Windows NT 6.1; WOW64) AppleWebKit/537.36 (KHTML, like Gecko) Chrome/53.0.2785.89 Safari/537.36',
  'content-type' => 'application/x-www-form-urlencoded; charset=UTF-8',
  'referer' => 'http://localhost/tp5/public/index.php/demo/hello/testerandgame.html',
  'accept-encoding' => 'gzip, deflate',
  'accept-language' => 'zh-CN,zh;q=0.8',
  'cookie' => 'pgv_pvi=1445688320; Phpstorm-e4311aeb=e3ecb2d2-64ad-427e-a502-9b52cf11c2cf',
)
[ info ] [ PARAM ] array (
  'tester_name' => '小明',
  'sex' => '3',
  'age_group' => '9',
  'game_experience' => '13',
  'game_year' => '6',
)
[ info ] [ RUN ] app\demo\controller\Hello->addTester[ C:\xampp\htdocs\tp5\application\demo\controller\Hello.php ]
[ info ] [ DB ] INIT mysql
[ info ] [ LOG ] INIT File
[ sql ] [ DB ] CONNECT:[ UseTime:0.002000s ] mysql:dbname=sort;host=localhost;port=3306;charset=utf8
[ sql ] [ SQL ] insert into tester (u_name,u_sex_id,u_age_id,u_year_id,u_experience_id) values
                              ('小明','3','9','6','13') [ RunTime:0.032002s ]

---------------------------------------------------------------
[ 2017-02-13T14:59:17+08:00 ] ::1 ::1 POST /tp5/public/index.php/demo/hello/addtester.html
[ log ] localhost/tp5/public/index.php/demo/hello/addtester.html [运行时间：0.106006s][吞吐率：9.43req/s] [内存消耗：1,469.95kb] [文件加载：37]
[ info ] [ LANG ] C:\xampp\htdocs\tp5\thinkphp\lang\zh-cn.php
[ info ] [ ROUTE ] array (
  'type' => 'module',
  'module' => 
  array (
    0 => 'demo',
    1 => 'hello',
    2 => 'addtester',
  ),
)
[ info ] [ HEADER ] array (
  'host' => 'localhost',
  'connection' => 'keep-alive',
  'content-length' => '79',
  'accept' => 'application/json, text/javascript, */*; q=0.01',
  'origin' => 'http://localhost',
  'x-requested-with' => 'XMLHttpRequest',
  'user-agent' => 'Mozilla/5.0 (Windows NT 6.1; WOW64) AppleWebKit/537.36 (KHTML, like Gecko) Chrome/53.0.2785.89 Safari/537.36',
  'content-type' => 'application/x-www-form-urlencoded; charset=UTF-8',
  'referer' => 'http://localhost/tp5/public/index.php/demo/hello/testerandgame.html',
  'accept-encoding' => 'gzip, deflate',
  'accept-language' => 'zh-CN,zh;q=0.8',
  'cookie' => 'pgv_pvi=1445688320; Phpstorm-e4311aeb=e3ecb2d2-64ad-427e-a502-9b52cf11c2cf',
)
[ info ] [ PARAM ] array (
  'tester_name' => '小明',
  'sex' => '3',
  'age_group' => '9',
  'game_experience' => '13',
  'game_year' => '6',
)
[ info ] [ RUN ] app\demo\controller\Hello->addTester[ C:\xampp\htdocs\tp5\application\demo\controller\Hello.php ]
[ info ] [ DB ] INIT mysql
[ info ] [ LOG ] INIT File
[ sql ] [ DB ] CONNECT:[ UseTime:0.011000s ] mysql:dbname=sort;host=localhost;port=3306;charset=utf8
[ sql ] [ SQL ] insert into tester (u_name,u_sex_id,u_age_id,u_year_id,u_experience_id) values
                              ('小明','3','9','6','13') [ RunTime:0.031002s ]

---------------------------------------------------------------
[ 2017-02-13T15:03:13+08:00 ] ::1 ::1 POST /tp5/public/index.php/demo/hello/addtester.html
[ log ] localhost/tp5/public/index.php/demo/hello/addtester.html [运行时间：0.090005s][吞吐率：11.11req/s] [内存消耗：1,470.41kb] [文件加载：37]
[ info ] [ LANG ] C:\xampp\htdocs\tp5\thinkphp\lang\zh-cn.php
[ info ] [ ROUTE ] array (
  'type' => 'module',
  'module' => 
  array (
    0 => 'demo',
    1 => 'hello',
    2 => 'addtester',
  ),
)
[ info ] [ HEADER ] array (
  'host' => 'localhost',
  'connection' => 'keep-alive',
  'content-length' => '79',
  'accept' => 'application/json, text/javascript, */*; q=0.01',
  'origin' => 'http://localhost',
  'x-requested-with' => 'XMLHttpRequest',
  'user-agent' => 'Mozilla/5.0 (Windows NT 6.1; WOW64) AppleWebKit/537.36 (KHTML, like Gecko) Chrome/53.0.2785.89 Safari/537.36',
  'content-type' => 'application/x-www-form-urlencoded; charset=UTF-8',
  'referer' => 'http://localhost/tp5/public/index.php/demo/hello/testerandgame.html',
  'accept-encoding' => 'gzip, deflate',
  'accept-language' => 'zh-CN,zh;q=0.8',
  'cookie' => 'pgv_pvi=1445688320; Phpstorm-e4311aeb=e3ecb2d2-64ad-427e-a502-9b52cf11c2cf',
)
[ info ] [ PARAM ] array (
  'tester_name' => '小明',
  'sex' => '3',
  'age_group' => '9',
  'game_experience' => '13',
  'game_year' => '6',
)
[ info ] [ RUN ] app\demo\controller\Hello->addTester[ C:\xampp\htdocs\tp5\application\demo\controller\Hello.php ]
[ info ] [ DB ] INIT mysql
[ info ] [ LOG ] INIT File
[ sql ] [ DB ] CONNECT:[ UseTime:0.012000s ] mysql:dbname=sort;host=localhost;port=3306;charset=utf8
[ sql ] [ SQL ] insert into tester (u_name,u_sex_id,u_age_id,u_year_id,u_experience_id) values
                              ('小明','3','9','6','13') [ RunTime:0.030002s ]

---------------------------------------------------------------
[ 2017-02-13T15:10:11+08:00 ] ::1 ::1 POST /tp5/public/index.php/demo/hello/addgame.html
[ log ] localhost/tp5/public/index.php/demo/hello/addgame.html [运行时间：0.091005s][吞吐率：10.99req/s] [内存消耗：1,469.88kb] [文件加载：37]
[ info ] [ LANG ] C:\xampp\htdocs\tp5\thinkphp\lang\zh-cn.php
[ info ] [ ROUTE ] array (
  'type' => 'module',
  'module' => 
  array (
    0 => 'demo',
    1 => 'hello',
    2 => 'addgame',
  ),
)
[ info ] [ HEADER ] array (
  'host' => 'localhost',
  'connection' => 'keep-alive',
  'content-length' => '83',
  'accept' => 'application/json, text/javascript, */*; q=0.01',
  'origin' => 'http://localhost',
  'x-requested-with' => 'XMLHttpRequest',
  'user-agent' => 'Mozilla/5.0 (Windows NT 6.1; WOW64) AppleWebKit/537.36 (KHTML, like Gecko) Chrome/53.0.2785.89 Safari/537.36',
  'content-type' => 'application/x-www-form-urlencoded; charset=UTF-8',
  'referer' => 'http://localhost/tp5/public/index.php/demo/hello/testerandgame.html',
  'accept-encoding' => 'gzip, deflate',
  'accept-language' => 'zh-CN,zh;q=0.8',
  'cookie' => 'pgv_pvi=1445688320; Phpstorm-e4311aeb=e3ecb2d2-64ad-427e-a502-9b52cf11c2cf',
)
[ info ] [ PARAM ] array (
  'game_name' => '哈哈哈哈哈',
  'game_type' => '1',
  'terminal_type' => '2',
)
[ info ] [ RUN ] app\demo\controller\Hello->addGame[ C:\xampp\htdocs\tp5\application\demo\controller\Hello.php ]
[ info ] [ DB ] INIT mysql
[ info ] [ LOG ] INIT File
[ sql ] [ DB ] CONNECT:[ UseTime:0.003000s ] mysql:dbname=sort;host=localhost;port=3306;charset=utf8
[ sql ] [ SQL ] insert into game(g_name,g_type,terminal_type_id) values('哈哈哈哈哈','1','2') [ RunTime:0.041002s ]

---------------------------------------------------------------
[ 2017-02-13T15:11:20+08:00 ] ::1 ::1 GET /tp5/public/index.php/demo/hello/testerandgame.html
[ log ] localhost/tp5/public/index.php/demo/hello/testerandgame.html [运行时间：0.071004s][吞吐率：14.08req/s] [内存消耗：1,687.14kb] [文件加载：41]
[ info ] [ LANG ] C:\xampp\htdocs\tp5\thinkphp\lang\zh-cn.php
[ info ] [ ROUTE ] array (
  'type' => 'module',
  'module' => 
  array (
    0 => 'demo',
    1 => 'hello',
    2 => 'testerandgame',
  ),
)
[ info ] [ HEADER ] array (
  'host' => 'localhost',
  'connection' => 'keep-alive',
  'cache-control' => 'max-age=0',
  'upgrade-insecure-requests' => '1',
  'user-agent' => 'Mozilla/5.0 (Windows NT 6.1; WOW64) AppleWebKit/537.36 (KHTML, like Gecko) Chrome/53.0.2785.89 Safari/537.36',
  'accept' => 'text/html,application/xhtml+xml,application/xml;q=0.9,image/webp,*/*;q=0.8',
  'accept-encoding' => 'gzip, deflate, sdch',
  'accept-language' => 'zh-CN,zh;q=0.8',
  'cookie' => 'pgv_pvi=1445688320; Phpstorm-e4311aeb=e3ecb2d2-64ad-427e-a502-9b52cf11c2cf',
)
[ info ] [ PARAM ] array (
)
[ info ] [ RUN ] app\demo\controller\Hello->testerandgame[ C:\xampp\htdocs\tp5\application\demo\controller\Hello.php ]
[ info ] [ DB ] INIT mysql
[ info ] [ VIEW ] C:\xampp\htdocs\tp5\public/../application/demo\view\hello\testerandgame.html [ array (
  0 => 'game_type',
  1 => 'terminal_type',
  2 => 'sex',
  3 => 'age_group',
  4 => 'game_experience',
  5 => 'game_year',
) ]
[ info ] [ LOG ] INIT File
[ sql ] [ DB ] CONNECT:[ UseTime:0.012001s ] mysql:dbname=sort;host=localhost;port=3306;charset=utf8
[ sql ] [ SQL ] select id,value from attr where name = "game_type" [ RunTime:0.000000s ]
[ sql ] [ SQL ] select id,value from attr where name = "terminal_type" [ RunTime:0.001000s ]
[ sql ] [ SQL ] select id,value from attr where name = "sex_type" [ RunTime:0.000000s ]
[ sql ] [ SQL ] select id,value from attr where name = "age_type" [ RunTime:0.000000s ]
[ sql ] [ SQL ] select id,value from attr where name = "game_experience" [ RunTime:0.001000s ]
[ sql ] [ SQL ] select id,value from attr where name = "game_year" [ RunTime:0.000000s ]

---------------------------------------------------------------
[ 2017-02-13T15:11:24+08:00 ] ::1 ::1 GET /tp5/public/index.php/demo/hello/testerandgame.html?tester_name=%E5%B0%8F%E5%88%9A&sex=3&age_group=9&game_experience=13&game_year=6
[ log ] localhost/tp5/public/index.php/demo/hello/testerandgame.html?tester_name=%E5%B0%8F%E5%88%9A&sex=3&age_group=9&game_experience=13&game_year=6 [运行时间：0.071004s][吞吐率：14.08req/s] [内存消耗：1,540.61kb] [文件加载：39]
[ info ] [ LANG ] C:\xampp\htdocs\tp5\thinkphp\lang\zh-cn.php
[ info ] [ ROUTE ] array (
  'type' => 'module',
  'module' => 
  array (
    0 => 'demo',
    1 => 'hello',
    2 => 'testerandgame',
  ),
)
[ info ] [ HEADER ] array (
  'host' => 'localhost',
  'connection' => 'keep-alive',
  'upgrade-insecure-requests' => '1',
  'user-agent' => 'Mozilla/5.0 (Windows NT 6.1; WOW64) AppleWebKit/537.36 (KHTML, like Gecko) Chrome/53.0.2785.89 Safari/537.36',
  'accept' => 'text/html,application/xhtml+xml,application/xml;q=0.9,image/webp,*/*;q=0.8',
  'referer' => 'http://localhost/tp5/public/index.php/demo/hello/testerandgame.html',
  'accept-encoding' => 'gzip, deflate, sdch',
  'accept-language' => 'zh-CN,zh;q=0.8',
  'cookie' => 'pgv_pvi=1445688320; Phpstorm-e4311aeb=e3ecb2d2-64ad-427e-a502-9b52cf11c2cf',
)
[ info ] [ PARAM ] array (
  'tester_name' => '小刚',
  'sex' => '3',
  'age_group' => '9',
  'game_experience' => '13',
  'game_year' => '6',
)
[ info ] [ RUN ] app\demo\controller\Hello->testerandgame[ C:\xampp\htdocs\tp5\application\demo\controller\Hello.php ]
[ info ] [ DB ] INIT mysql
[ info ] [ VIEW ] C:\xampp\htdocs\tp5\public/../application/demo\view\hello\testerandgame.html [ array (
  0 => 'game_type',
  1 => 'terminal_type',
  2 => 'sex',
  3 => 'age_group',
  4 => 'game_experience',
  5 => 'game_year',
) ]
[ info ] [ LOG ] INIT File
[ sql ] [ DB ] CONNECT:[ UseTime:0.012001s ] mysql:dbname=sort;host=localhost;port=3306;charset=utf8
[ sql ] [ SQL ] select id,value from attr where name = "game_type" [ RunTime:0.000000s ]
[ sql ] [ SQL ] select id,value from attr where name = "terminal_type" [ RunTime:0.001000s ]
[ sql ] [ SQL ] select id,value from attr where name = "sex_type" [ RunTime:0.000000s ]
[ sql ] [ SQL ] select id,value from attr where name = "age_type" [ RunTime:0.000000s ]
[ sql ] [ SQL ] select id,value from attr where name = "game_experience" [ RunTime:0.001000s ]
[ sql ] [ SQL ] select id,value from attr where name = "game_year" [ RunTime:0.000000s ]

---------------------------------------------------------------
[ 2017-02-13T15:11:29+08:00 ] ::1 ::1 POST /tp5/public/index.php/demo/hello/addtester.html
[ log ] localhost/tp5/public/index.php/demo/hello/addtester.html [运行时间：0.068004s][吞吐率：14.71req/s] [内存消耗：1,470.48kb] [文件加载：37]
[ info ] [ LANG ] C:\xampp\htdocs\tp5\thinkphp\lang\zh-cn.php
[ info ] [ ROUTE ] array (
  'type' => 'module',
  'module' => 
  array (
    0 => 'demo',
    1 => 'hello',
    2 => 'addtester',
  ),
)
[ info ] [ HEADER ] array (
  'host' => 'localhost',
  'connection' => 'keep-alive',
  'content-length' => '79',
  'accept' => 'application/json, text/javascript, */*; q=0.01',
  'origin' => 'http://localhost',
  'x-requested-with' => 'XMLHttpRequest',
  'user-agent' => 'Mozilla/5.0 (Windows NT 6.1; WOW64) AppleWebKit/537.36 (KHTML, like Gecko) Chrome/53.0.2785.89 Safari/537.36',
  'content-type' => 'application/x-www-form-urlencoded; charset=UTF-8',
  'referer' => 'http://localhost/tp5/public/index.php/demo/hello/testerandgame.html?tester_name=%E5%B0%8F%E5%88%9A&sex=3&age_group=9&game_experience=13&game_year=6',
  'accept-encoding' => 'gzip, deflate',
  'accept-language' => 'zh-CN,zh;q=0.8',
  'cookie' => 'pgv_pvi=1445688320; Phpstorm-e4311aeb=e3ecb2d2-64ad-427e-a502-9b52cf11c2cf',
)
[ info ] [ PARAM ] array (
  'tester_name' => '小刚',
  'sex' => '3',
  'age_group' => '9',
  'game_experience' => '13',
  'game_year' => '6',
)
[ info ] [ RUN ] app\demo\controller\Hello->addTester[ C:\xampp\htdocs\tp5\application\demo\controller\Hello.php ]
[ info ] [ DB ] INIT mysql
[ info ] [ LOG ] INIT File
[ sql ] [ DB ] CONNECT:[ UseTime:0.002000s ] mysql:dbname=sort;host=localhost;port=3306;charset=utf8
[ sql ] [ SQL ] insert into tester (u_name,u_sex_id,u_age_id,u_year_id,u_experience_id) values
                              ('小刚','3','9','6','13') [ RunTime:0.022001s ]

---------------------------------------------------------------
[ 2017-02-13T15:11:32+08:00 ] ::1 ::1 GET /tp5/public/index.php/demo/hello/testerandgame.html?tester_name=%E5%B0%8F%E5%88%9A&sex=3&age_group=9&game_experience=13&game_year=6
[ log ] localhost/tp5/public/index.php/demo/hello/testerandgame.html?tester_name=%E5%B0%8F%E5%88%9A&sex=3&age_group=9&game_experience=13&game_year=6 [运行时间：0.059003s][吞吐率：16.95req/s] [内存消耗：1,540.96kb] [文件加载：39]
[ info ] [ LANG ] C:\xampp\htdocs\tp5\thinkphp\lang\zh-cn.php
[ info ] [ ROUTE ] array (
  'type' => 'module',
  'module' => 
  array (
    0 => 'demo',
    1 => 'hello',
    2 => 'testerandgame',
  ),
)
[ info ] [ HEADER ] array (
  'host' => 'localhost',
  'connection' => 'keep-alive',
  'cache-control' => 'max-age=0',
  'upgrade-insecure-requests' => '1',
  'user-agent' => 'Mozilla/5.0 (Windows NT 6.1; WOW64) AppleWebKit/537.36 (KHTML, like Gecko) Chrome/53.0.2785.89 Safari/537.36',
  'accept' => 'text/html,application/xhtml+xml,application/xml;q=0.9,image/webp,*/*;q=0.8',
  'referer' => 'http://localhost/tp5/public/index.php/demo/hello/testerandgame.html?tester_name=%E5%B0%8F%E5%88%9A&sex=3&age_group=9&game_experience=13&game_year=6',
  'accept-encoding' => 'gzip, deflate, sdch',
  'accept-language' => 'zh-CN,zh;q=0.8',
  'cookie' => 'pgv_pvi=1445688320; Phpstorm-e4311aeb=e3ecb2d2-64ad-427e-a502-9b52cf11c2cf',
)
[ info ] [ PARAM ] array (
  'tester_name' => '小刚',
  'sex' => '3',
  'age_group' => '9',
  'game_experience' => '13',
  'game_year' => '6',
)
[ info ] [ RUN ] app\demo\controller\Hello->testerandgame[ C:\xampp\htdocs\tp5\application\demo\controller\Hello.php ]
[ info ] [ DB ] INIT mysql
[ info ] [ VIEW ] C:\xampp\htdocs\tp5\public/../application/demo\view\hello\testerandgame.html [ array (
  0 => 'game_type',
  1 => 'terminal_type',
  2 => 'sex',
  3 => 'age_group',
  4 => 'game_experience',
  5 => 'game_year',
) ]
[ info ] [ LOG ] INIT File
[ sql ] [ DB ] CONNECT:[ UseTime:0.012001s ] mysql:dbname=sort;host=localhost;port=3306;charset=utf8
[ sql ] [ SQL ] select id,value from attr where name = "game_type" [ RunTime:0.000000s ]
[ sql ] [ SQL ] select id,value from attr where name = "terminal_type" [ RunTime:0.000000s ]
[ sql ] [ SQL ] select id,value from attr where name = "sex_type" [ RunTime:0.000000s ]
[ sql ] [ SQL ] select id,value from attr where name = "age_type" [ RunTime:0.000000s ]
[ sql ] [ SQL ] select id,value from attr where name = "game_experience" [ RunTime:0.000000s ]
[ sql ] [ SQL ] select id,value from attr where name = "game_year" [ RunTime:0.000000s ]

---------------------------------------------------------------
[ 2017-02-13T15:23:11+08:00 ] ::1 ::1 GET /tp5/public/index.php/demo/hello/testerandgame.html?tester_name=%E5%B0%8F%E5%88%9A&sex=3&age_group=9&game_experience=13&game_year=6
[ log ] localhost/tp5/public/index.php/demo/hello/testerandgame.html?tester_name=%E5%B0%8F%E5%88%9A&sex=3&age_group=9&game_experience=13&game_year=6 [运行时间：0.074005s][吞吐率：13.51req/s] [内存消耗：1,688.57kb] [文件加载：41]
[ info ] [ LANG ] C:\xampp\htdocs\tp5\thinkphp\lang\zh-cn.php
[ info ] [ ROUTE ] array (
  'type' => 'module',
  'module' => 
  array (
    0 => 'demo',
    1 => 'hello',
    2 => 'testerandgame',
  ),
)
[ info ] [ HEADER ] array (
  'host' => 'localhost',
  'connection' => 'keep-alive',
  'cache-control' => 'max-age=0',
  'upgrade-insecure-requests' => '1',
  'user-agent' => 'Mozilla/5.0 (Windows NT 6.1; WOW64) AppleWebKit/537.36 (KHTML, like Gecko) Chrome/53.0.2785.89 Safari/537.36',
  'accept' => 'text/html,application/xhtml+xml,application/xml;q=0.9,image/webp,*/*;q=0.8',
  'referer' => 'http://localhost/tp5/public/index.php/demo/hello/testerandgame.html?tester_name=%E5%B0%8F%E5%88%9A&sex=3&age_group=9&game_experience=13&game_year=6',
  'accept-encoding' => 'gzip, deflate, sdch',
  'accept-language' => 'zh-CN,zh;q=0.8',
  'cookie' => 'pgv_pvi=1445688320; Phpstorm-e4311aeb=e3ecb2d2-64ad-427e-a502-9b52cf11c2cf',
)
[ info ] [ PARAM ] array (
  'tester_name' => '小刚',
  'sex' => '3',
  'age_group' => '9',
  'game_experience' => '13',
  'game_year' => '6',
)
[ info ] [ RUN ] app\demo\controller\Hello->testerandgame[ C:\xampp\htdocs\tp5\application\demo\controller\Hello.php ]
[ info ] [ DB ] INIT mysql
[ info ] [ VIEW ] C:\xampp\htdocs\tp5\public/../application/demo\view\hello\testerandgame.html [ array (
  0 => 'game_type',
  1 => 'terminal_type',
  2 => 'sex',
  3 => 'age_group',
  4 => 'game_experience',
  5 => 'game_year',
) ]
[ info ] [ LOG ] INIT File
[ sql ] [ DB ] CONNECT:[ UseTime:0.004001s ] mysql:dbname=sort;host=localhost;port=3306;charset=utf8
[ sql ] [ SQL ] select id,value from attr where name = "game_type" [ RunTime:0.000000s ]
[ sql ] [ SQL ] select id,value from attr where name = "terminal_type" [ RunTime:0.000000s ]
[ sql ] [ SQL ] select id,value from attr where name = "sex_type" [ RunTime:0.000000s ]
[ sql ] [ SQL ] select id,value from attr where name = "age_type" [ RunTime:0.001000s ]
[ sql ] [ SQL ] select id,value from attr where name = "game_experience" [ RunTime:0.000000s ]
[ sql ] [ SQL ] select id,value from attr where name = "game_year" [ RunTime:0.001000s ]

---------------------------------------------------------------
[ 2017-02-13T15:23:13+08:00 ] ::1 ::1 POST /tp5/public/index.php/demo/hello/addgame.html
[ log ] localhost/tp5/public/index.php/demo/hello/addgame.html [运行时间：0.159009s][吞吐率：6.29req/s] [内存消耗：1,469.86kb] [文件加载：37]
[ info ] [ LANG ] C:\xampp\htdocs\tp5\thinkphp\lang\zh-cn.php
[ info ] [ ROUTE ] array (
  'type' => 'module',
  'module' => 
  array (
    0 => 'demo',
    1 => 'hello',
    2 => 'addgame',
  ),
)
[ info ] [ HEADER ] array (
  'host' => 'localhost',
  'connection' => 'keep-alive',
  'content-length' => '38',
  'accept' => 'application/json, text/javascript, */*; q=0.01',
  'origin' => 'http://localhost',
  'x-requested-with' => 'XMLHttpRequest',
  'user-agent' => 'Mozilla/5.0 (Windows NT 6.1; WOW64) AppleWebKit/537.36 (KHTML, like Gecko) Chrome/53.0.2785.89 Safari/537.36',
  'content-type' => 'application/x-www-form-urlencoded; charset=UTF-8',
  'referer' => 'http://localhost/tp5/public/index.php/demo/hello/testerandgame.html?tester_name=%E5%B0%8F%E5%88%9A&sex=3&age_group=9&game_experience=13&game_year=6',
  'accept-encoding' => 'gzip, deflate',
  'accept-language' => 'zh-CN,zh;q=0.8',
  'cookie' => 'pgv_pvi=1445688320; Phpstorm-e4311aeb=e3ecb2d2-64ad-427e-a502-9b52cf11c2cf',
)
[ info ] [ PARAM ] array (
  'game_name' => '',
  'game_type' => '1',
  'terminal_type' => '2',
)
[ info ] [ RUN ] app\demo\controller\Hello->addGame[ C:\xampp\htdocs\tp5\application\demo\controller\Hello.php ]
[ info ] [ DB ] INIT mysql
[ info ] [ LOG ] INIT File
[ sql ] [ DB ] CONNECT:[ UseTime:0.012000s ] mysql:dbname=sort;host=localhost;port=3306;charset=utf8
[ sql ] [ SQL ] insert into game(g_name,g_type,terminal_type_id) values('','1','2') [ RunTime:0.102006s ]

---------------------------------------------------------------
[ 2017-02-13T15:23:16+08:00 ] ::1 ::1 GET /tp5/public/index.php/demo/hello/testerandgame.html?tester_name=%E5%B0%8F%E5%88%9A&sex=3&age_group=9&game_experience=13&game_year=6
[ log ] localhost/tp5/public/index.php/demo/hello/testerandgame.html?tester_name=%E5%B0%8F%E5%88%9A&sex=3&age_group=9&game_experience=13&game_year=6 [运行时间：0.057003s][吞吐率：17.54req/s] [内存消耗：1,540.92kb] [文件加载：39]
[ info ] [ LANG ] C:\xampp\htdocs\tp5\thinkphp\lang\zh-cn.php
[ info ] [ ROUTE ] array (
  'type' => 'module',
  'module' => 
  array (
    0 => 'demo',
    1 => 'hello',
    2 => 'testerandgame',
  ),
)
[ info ] [ HEADER ] array (
  'host' => 'localhost',
  'connection' => 'keep-alive',
  'cache-control' => 'max-age=0',
  'upgrade-insecure-requests' => '1',
  'user-agent' => 'Mozilla/5.0 (Windows NT 6.1; WOW64) AppleWebKit/537.36 (KHTML, like Gecko) Chrome/53.0.2785.89 Safari/537.36',
  'accept' => 'text/html,application/xhtml+xml,application/xml;q=0.9,image/webp,*/*;q=0.8',
  'referer' => 'http://localhost/tp5/public/index.php/demo/hello/testerandgame.html?tester_name=%E5%B0%8F%E5%88%9A&sex=3&age_group=9&game_experience=13&game_year=6',
  'accept-encoding' => 'gzip, deflate, sdch',
  'accept-language' => 'zh-CN,zh;q=0.8',
  'cookie' => 'pgv_pvi=1445688320; Phpstorm-e4311aeb=e3ecb2d2-64ad-427e-a502-9b52cf11c2cf',
)
[ info ] [ PARAM ] array (
  'tester_name' => '小刚',
  'sex' => '3',
  'age_group' => '9',
  'game_experience' => '13',
  'game_year' => '6',
)
[ info ] [ RUN ] app\demo\controller\Hello->testerandgame[ C:\xampp\htdocs\tp5\application\demo\controller\Hello.php ]
[ info ] [ DB ] INIT mysql
[ info ] [ VIEW ] C:\xampp\htdocs\tp5\public/../application/demo\view\hello\testerandgame.html [ array (
  0 => 'game_type',
  1 => 'terminal_type',
  2 => 'sex',
  3 => 'age_group',
  4 => 'game_experience',
  5 => 'game_year',
) ]
[ info ] [ LOG ] INIT File
[ sql ] [ DB ] CONNECT:[ UseTime:0.011001s ] mysql:dbname=sort;host=localhost;port=3306;charset=utf8
[ sql ] [ SQL ] select id,value from attr where name = "game_type" [ RunTime:0.001000s ]
[ sql ] [ SQL ] select id,value from attr where name = "terminal_type" [ RunTime:0.000000s ]
[ sql ] [ SQL ] select id,value from attr where name = "sex_type" [ RunTime:0.000000s ]
[ sql ] [ SQL ] select id,value from attr where name = "age_type" [ RunTime:0.000000s ]
[ sql ] [ SQL ] select id,value from attr where name = "game_experience" [ RunTime:0.000000s ]
[ sql ] [ SQL ] select id,value from attr where name = "game_year" [ RunTime:0.000000s ]

---------------------------------------------------------------
[ 2017-02-13T15:23:53+08:00 ] ::1 ::1 GET /tp5/public/index.php/demo/hello/testerandgame.html?tester_name=%E5%B0%8F%E5%88%9A&sex=3&age_group=9&game_experience=13&game_year=6
[ log ] localhost/tp5/public/index.php/demo/hello/testerandgame.html?tester_name=%E5%B0%8F%E5%88%9A&sex=3&age_group=9&game_experience=13&game_year=6 [运行时间：0.070004s][吞吐率：14.28req/s] [内存消耗：1,688.65kb] [文件加载：41]
[ info ] [ LANG ] C:\xampp\htdocs\tp5\thinkphp\lang\zh-cn.php
[ info ] [ ROUTE ] array (
  'type' => 'module',
  'module' => 
  array (
    0 => 'demo',
    1 => 'hello',
    2 => 'testerandgame',
  ),
)
[ info ] [ HEADER ] array (
  'host' => 'localhost',
  'connection' => 'keep-alive',
  'cache-control' => 'max-age=0',
  'upgrade-insecure-requests' => '1',
  'user-agent' => 'Mozilla/5.0 (Windows NT 6.1; WOW64) AppleWebKit/537.36 (KHTML, like Gecko) Chrome/53.0.2785.89 Safari/537.36',
  'accept' => 'text/html,application/xhtml+xml,application/xml;q=0.9,image/webp,*/*;q=0.8',
  'referer' => 'http://localhost/tp5/public/index.php/demo/hello/testerandgame.html?tester_name=%E5%B0%8F%E5%88%9A&sex=3&age_group=9&game_experience=13&game_year=6',
  'accept-encoding' => 'gzip, deflate, sdch',
  'accept-language' => 'zh-CN,zh;q=0.8',
  'cookie' => 'pgv_pvi=1445688320; Phpstorm-e4311aeb=e3ecb2d2-64ad-427e-a502-9b52cf11c2cf',
)
[ info ] [ PARAM ] array (
  'tester_name' => '小刚',
  'sex' => '3',
  'age_group' => '9',
  'game_experience' => '13',
  'game_year' => '6',
)
[ info ] [ RUN ] app\demo\controller\Hello->testerandgame[ C:\xampp\htdocs\tp5\application\demo\controller\Hello.php ]
[ info ] [ DB ] INIT mysql
[ info ] [ VIEW ] C:\xampp\htdocs\tp5\public/../application/demo\view\hello\testerandgame.html [ array (
  0 => 'game_type',
  1 => 'terminal_type',
  2 => 'sex',
  3 => 'age_group',
  4 => 'game_experience',
  5 => 'game_year',
) ]
[ info ] [ LOG ] INIT File
[ sql ] [ DB ] CONNECT:[ UseTime:0.012001s ] mysql:dbname=sort;host=localhost;port=3306;charset=utf8
[ sql ] [ SQL ] select id,value from attr where name = "game_type" [ RunTime:0.000000s ]
[ sql ] [ SQL ] select id,value from attr where name = "terminal_type" [ RunTime:0.000000s ]
[ sql ] [ SQL ] select id,value from attr where name = "sex_type" [ RunTime:0.000000s ]
[ sql ] [ SQL ] select id,value from attr where name = "age_type" [ RunTime:0.000000s ]
[ sql ] [ SQL ] select id,value from attr where name = "game_experience" [ RunTime:0.000000s ]
[ sql ] [ SQL ] select id,value from attr where name = "game_year" [ RunTime:0.001000s ]

---------------------------------------------------------------
[ 2017-02-13T15:25:38+08:00 ] ::1 ::1 GET /tp5/public/index.php/demo/hello/testerandgame.html?tester_name=%E5%B0%8F%E5%88%9A&sex=3&age_group=9&game_experience=13&game_year=6
[ log ] localhost/tp5/public/index.php/demo/hello/testerandgame.html?tester_name=%E5%B0%8F%E5%88%9A&sex=3&age_group=9&game_experience=13&game_year=6 [运行时间：0.057003s][吞吐率：17.54req/s] [内存消耗：1,688.84kb] [文件加载：41]
[ info ] [ LANG ] C:\xampp\htdocs\tp5\thinkphp\lang\zh-cn.php
[ info ] [ ROUTE ] array (
  'type' => 'module',
  'module' => 
  array (
    0 => 'demo',
    1 => 'hello',
    2 => 'testerandgame',
  ),
)
[ info ] [ HEADER ] array (
  'host' => 'localhost',
  'connection' => 'keep-alive',
  'cache-control' => 'max-age=0',
  'upgrade-insecure-requests' => '1',
  'user-agent' => 'Mozilla/5.0 (Windows NT 6.1; WOW64) AppleWebKit/537.36 (KHTML, like Gecko) Chrome/53.0.2785.89 Safari/537.36',
  'accept' => 'text/html,application/xhtml+xml,application/xml;q=0.9,image/webp,*/*;q=0.8',
  'referer' => 'http://localhost/tp5/public/index.php/demo/hello/testerandgame.html?tester_name=%E5%B0%8F%E5%88%9A&sex=3&age_group=9&game_experience=13&game_year=6',
  'accept-encoding' => 'gzip, deflate, sdch',
  'accept-language' => 'zh-CN,zh;q=0.8',
  'cookie' => 'pgv_pvi=1445688320; Phpstorm-e4311aeb=e3ecb2d2-64ad-427e-a502-9b52cf11c2cf',
)
[ info ] [ PARAM ] array (
  'tester_name' => '小刚',
  'sex' => '3',
  'age_group' => '9',
  'game_experience' => '13',
  'game_year' => '6',
)
[ info ] [ RUN ] app\demo\controller\Hello->testerandgame[ C:\xampp\htdocs\tp5\application\demo\controller\Hello.php ]
[ info ] [ DB ] INIT mysql
[ info ] [ VIEW ] C:\xampp\htdocs\tp5\public/../application/demo\view\hello\testerandgame.html [ array (
  0 => 'game_type',
  1 => 'terminal_type',
  2 => 'sex',
  3 => 'age_group',
  4 => 'game_experience',
  5 => 'game_year',
) ]
[ info ] [ LOG ] INIT File
[ sql ] [ DB ] CONNECT:[ UseTime:0.012001s ] mysql:dbname=sort;host=localhost;port=3306;charset=utf8
[ sql ] [ SQL ] select id,value from attr where name = "game_type" [ RunTime:0.001000s ]
[ sql ] [ SQL ] select id,value from attr where name = "terminal_type" [ RunTime:0.000000s ]
[ sql ] [ SQL ] select id,value from attr where name = "sex_type" [ RunTime:0.000000s ]
[ sql ] [ SQL ] select id,value from attr where name = "age_type" [ RunTime:0.001000s ]
[ sql ] [ SQL ] select id,value from attr where name = "game_experience" [ RunTime:0.000000s ]
[ sql ] [ SQL ] select id,value from attr where name = "game_year" [ RunTime:0.000000s ]

---------------------------------------------------------------
[ 2017-02-13T15:26:35+08:00 ] ::1 ::1 GET /tp5/public/index.php/demo/hello/testerandgame.html?tester_name=%E5%B0%8F%E5%88%9A&sex=3&age_group=9&game_experience=13&game_year=6
[ log ] localhost/tp5/public/index.php/demo/hello/testerandgame.html?tester_name=%E5%B0%8F%E5%88%9A&sex=3&age_group=9&game_experience=13&game_year=6 [运行时间：0.054003s][吞吐率：18.52req/s] [内存消耗：1,688.88kb] [文件加载：41]
[ info ] [ LANG ] C:\xampp\htdocs\tp5\thinkphp\lang\zh-cn.php
[ info ] [ ROUTE ] array (
  'type' => 'module',
  'module' => 
  array (
    0 => 'demo',
    1 => 'hello',
    2 => 'testerandgame',
  ),
)
[ info ] [ HEADER ] array (
  'host' => 'localhost',
  'connection' => 'keep-alive',
  'cache-control' => 'max-age=0',
  'upgrade-insecure-requests' => '1',
  'user-agent' => 'Mozilla/5.0 (Windows NT 6.1; WOW64) AppleWebKit/537.36 (KHTML, like Gecko) Chrome/53.0.2785.89 Safari/537.36',
  'accept' => 'text/html,application/xhtml+xml,application/xml;q=0.9,image/webp,*/*;q=0.8',
  'referer' => 'http://localhost/tp5/public/index.php/demo/hello/testerandgame.html?tester_name=%E5%B0%8F%E5%88%9A&sex=3&age_group=9&game_experience=13&game_year=6',
  'accept-encoding' => 'gzip, deflate, sdch',
  'accept-language' => 'zh-CN,zh;q=0.8',
  'cookie' => 'pgv_pvi=1445688320; Phpstorm-e4311aeb=e3ecb2d2-64ad-427e-a502-9b52cf11c2cf',
)
[ info ] [ PARAM ] array (
  'tester_name' => '小刚',
  'sex' => '3',
  'age_group' => '9',
  'game_experience' => '13',
  'game_year' => '6',
)
[ info ] [ RUN ] app\demo\controller\Hello->testerandgame[ C:\xampp\htdocs\tp5\application\demo\controller\Hello.php ]
[ info ] [ DB ] INIT mysql
[ info ] [ VIEW ] C:\xampp\htdocs\tp5\public/../application/demo\view\hello\testerandgame.html [ array (
  0 => 'game_type',
  1 => 'terminal_type',
  2 => 'sex',
  3 => 'age_group',
  4 => 'game_experience',
  5 => 'game_year',
) ]
[ info ] [ LOG ] INIT File
[ sql ] [ DB ] CONNECT:[ UseTime:0.003000s ] mysql:dbname=sort;host=localhost;port=3306;charset=utf8
[ sql ] [ SQL ] select id,value from attr where name = "game_type" [ RunTime:0.001000s ]
[ sql ] [ SQL ] select id,value from attr where name = "terminal_type" [ RunTime:0.000000s ]
[ sql ] [ SQL ] select id,value from attr where name = "sex_type" [ RunTime:0.001001s ]
[ sql ] [ SQL ] select id,value from attr where name = "age_type" [ RunTime:0.000000s ]
[ sql ] [ SQL ] select id,value from attr where name = "game_experience" [ RunTime:0.000000s ]
[ sql ] [ SQL ] select id,value from attr where name = "game_year" [ RunTime:0.000000s ]

---------------------------------------------------------------
[ 2017-02-13T15:26:36+08:00 ] ::1 ::1 POST /tp5/public/index.php/demo/hello/testerandgame.html?tester_name=%E5%B0%8F%E5%88%9A&sex=3&age_group=9&game_experience=13&game_year=6
[ log ] localhost/tp5/public/index.php/demo/hello/testerandgame.html?tester_name=%E5%B0%8F%E5%88%9A&sex=3&age_group=9&game_experience=13&game_year=6 [运行时间：0.059004s][吞吐率：16.95req/s] [内存消耗：1,549.18kb] [文件加载：40]
[ info ] [ LANG ] C:\xampp\htdocs\tp5\thinkphp\lang\zh-cn.php
[ info ] [ ROUTE ] array (
  'type' => 'module',
  'module' => 
  array (
    0 => 'demo',
    1 => 'hello',
    2 => 'testerandgame',
  ),
)
[ info ] [ HEADER ] array (
  'host' => 'localhost',
  'connection' => 'keep-alive',
  'content-length' => '0',
  'accept' => 'application/json, text/javascript, */*; q=0.01',
  'origin' => 'http://localhost',
  'x-requested-with' => 'XMLHttpRequest',
  'user-agent' => 'Mozilla/5.0 (Windows NT 6.1; WOW64) AppleWebKit/537.36 (KHTML, like Gecko) Chrome/53.0.2785.89 Safari/537.36',
  'referer' => 'http://localhost/tp5/public/index.php/demo/hello/testerandgame.html?tester_name=%E5%B0%8F%E5%88%9A&sex=3&age_group=9&game_experience=13&game_year=6',
  'accept-encoding' => 'gzip, deflate',
  'accept-language' => 'zh-CN,zh;q=0.8',
  'cookie' => 'pgv_pvi=1445688320; Phpstorm-e4311aeb=e3ecb2d2-64ad-427e-a502-9b52cf11c2cf',
)
[ info ] [ PARAM ] array (
  'tester_name' => '小刚',
  'sex' => '3',
  'age_group' => '9',
  'game_experience' => '13',
  'game_year' => '6',
)
[ info ] [ RUN ] app\demo\controller\Hello->testerandgame[ C:\xampp\htdocs\tp5\application\demo\controller\Hello.php ]
[ info ] [ DB ] INIT mysql
[ info ] [ VIEW ] C:\xampp\htdocs\tp5\public/../application/demo\view\hello\testerandgame.html [ array (
  0 => 'game_type',
  1 => 'terminal_type',
  2 => 'sex',
  3 => 'age_group',
  4 => 'game_experience',
  5 => 'game_year',
) ]
[ info ] [ LOG ] INIT File
[ sql ] [ DB ] CONNECT:[ UseTime:0.002000s ] mysql:dbname=sort;host=localhost;port=3306;charset=utf8
[ sql ] [ SQL ] select id,value from attr where name = "game_type" [ RunTime:0.000000s ]
[ sql ] [ SQL ] select id,value from attr where name = "terminal_type" [ RunTime:0.000000s ]
[ sql ] [ SQL ] select id,value from attr where name = "sex_type" [ RunTime:0.001000s ]
[ sql ] [ SQL ] select id,value from attr where name = "age_type" [ RunTime:0.000000s ]
[ sql ] [ SQL ] select id,value from attr where name = "game_experience" [ RunTime:0.000000s ]
[ sql ] [ SQL ] select id,value from attr where name = "game_year" [ RunTime:0.000000s ]

---------------------------------------------------------------
[ 2017-02-13T15:26:36+08:00 ] ::1 ::1 GET /tp5/public/index.php/demo/hello/upload.html
[ log ] localhost/tp5/public/index.php/demo/hello/upload.html [运行时间：0.038002s][吞吐率：26.31req/s] [内存消耗：1,458.42kb] [文件加载：40]
[ info ] [ LANG ] C:\xampp\htdocs\tp5\thinkphp\lang\zh-cn.php
[ info ] [ ROUTE ] array (
  'type' => 'module',
  'module' => 
  array (
    0 => 'demo',
    1 => 'hello',
    2 => 'upload',
  ),
)
[ info ] [ HEADER ] array (
  'host' => 'localhost',
  'connection' => 'keep-alive',
  'upgrade-insecure-requests' => '1',
  'user-agent' => 'Mozilla/5.0 (Windows NT 6.1; WOW64) AppleWebKit/537.36 (KHTML, like Gecko) Chrome/53.0.2785.89 Safari/537.36',
  'accept' => 'text/html,application/xhtml+xml,application/xml;q=0.9,image/webp,*/*;q=0.8',
  'referer' => 'http://localhost/tp5/public/index.php/demo/hello/testerandgame.html?tester_name=%E5%B0%8F%E5%88%9A&sex=3&age_group=9&game_experience=13&game_year=6',
  'accept-encoding' => 'gzip, deflate, sdch',
  'accept-language' => 'zh-CN,zh;q=0.8',
  'cookie' => 'pgv_pvi=1445688320; Phpstorm-e4311aeb=e3ecb2d2-64ad-427e-a502-9b52cf11c2cf',
)
[ info ] [ PARAM ] array (
)
[ info ] [ RUN ] app\demo\controller\Hello->upload[ C:\xampp\htdocs\tp5\application\demo\controller\Hello.php ]
[ info ] [ VIEW ] C:\xampp\htdocs\tp5\public/../application/demo\view\hello\upload.html [ array (
) ]
[ info ] [ LOG ] INIT File
[ error ] [8]未定义变量: sex[C:\xampp\htdocs\tp5\runtime\temp\1a62768c36010eafab80210368cea63a.php:19]

---------------------------------------------------------------
[ 2017-02-13T15:27:12+08:00 ] ::1 ::1 GET /tp5/public/index.php/demo/hello/upload.html
[ log ] localhost/tp5/public/index.php/demo/hello/upload.html [运行时间：0.049002s][吞吐率：20.41req/s] [内存消耗：1,409.05kb] [文件加载：36]
[ info ] [ LANG ] C:\xampp\htdocs\tp5\thinkphp\lang\zh-cn.php
[ info ] [ ROUTE ] array (
  'type' => 'module',
  'module' => 
  array (
    0 => 'demo',
    1 => 'hello',
    2 => 'upload',
  ),
)
[ info ] [ HEADER ] array (
  'host' => 'localhost',
  'connection' => 'keep-alive',
  'cache-control' => 'max-age=0',
  'upgrade-insecure-requests' => '1',
  'user-agent' => 'Mozilla/5.0 (Windows NT 6.1; WOW64) AppleWebKit/537.36 (KHTML, like Gecko) Chrome/53.0.2785.89 Safari/537.36',
  'accept' => 'text/html,application/xhtml+xml,application/xml;q=0.9,image/webp,*/*;q=0.8',
  'referer' => 'http://localhost/tp5/public/index.php/demo/hello/testerandgame.html?tester_name=%E5%B0%8F%E5%88%9A&sex=3&age_group=9&game_experience=13&game_year=6',
  'accept-encoding' => 'gzip, deflate, sdch',
  'accept-language' => 'zh-CN,zh;q=0.8',
  'cookie' => 'pgv_pvi=1445688320; Phpstorm-e4311aeb=e3ecb2d2-64ad-427e-a502-9b52cf11c2cf',
)
[ info ] [ PARAM ] array (
)
[ info ] [ RUN ] app\demo\controller\Hello->upload[ C:\xampp\htdocs\tp5\application\demo\controller\Hello.php ]
[ info ] [ VIEW ] C:\xampp\htdocs\tp5\public/../application/demo\view\hello\upload.html [ array (
) ]
[ info ] [ LOG ] INIT File

---------------------------------------------------------------
