[ 2017-02-14T10:53:25+08:00 ] ::1 ::1 GET /tp5/public/index.php/demo/hello/hello.html
[ log ] localhost/tp5/public/index.php/demo/hello/hello.html [运行时间：0.031200s][吞吐率：32.05req/s] [内存消耗：1,269.16kb] [文件加载：34]
[ info ] [ LANG ] C:\xampp\htdocs\tp5\thinkphp\lang\zh-cn.php
[ info ] [ ROUTE ] array (
  'type' => 'module',
  'module' => 
  array (
    0 => 'demo',
    1 => 'hello',
    2 => 'hello',
  ),
)
[ info ] [ HEADER ] array (
  'host' => 'localhost',
  'connection' => 'keep-alive',
  'upgrade-insecure-requests' => '1',
  'user-agent' => 'Mozilla/5.0 (Windows NT 6.1; WOW64) AppleWebKit/537.36 (KHTML, like Gecko) Chrome/53.0.2785.89 Safari/537.36',
  'accept' => 'text/html,application/xhtml+xml,application/xml;q=0.9,image/webp,*/*;q=0.8',
  'accept-encoding' => 'gzip, deflate, sdch',
  'accept-language' => 'zh-CN,zh;q=0.8',
  'cookie' => 'pgv_pvi=1445688320; Phpstorm-e4311aeb=e3ecb2d2-64ad-427e-a502-9b52cf11c2cf',
)
[ info ] [ PARAM ] array (
)
[ info ] [ RUN ] app\demo\controller\Hello->hello[ C:\xampp\htdocs\tp5\application\demo\controller\Hello.php ]
[ info ] [ VIEW ] C:\xampp\htdocs\tp5\public/../application/demo\view\hello\hello.html [ array (
) ]
[ info ] [ LOG ] INIT File

---------------------------------------------------------------
[ 2017-02-14T15:25:13+08:00 ] ::1 ::1 GET /tp5/public/index.php/demo/hello/hello.html
[ log ] localhost/tp5/public/index.php/demo/hello/hello.html [运行时间：0.082005s][吞吐率：12.19req/s] [内存消耗：1,033.89kb] [文件加载：31]
[ info ] [ LANG ] C:\xampp\htdocs\tp5\thinkphp\lang\zh-cn.php
[ info ] [ ROUTE ] array (
  'type' => 'module',
  'module' => 
  array (
    0 => 'demo',
    1 => 'hello',
    2 => 'hello',
  ),
)
[ info ] [ HEADER ] array (
  'host' => 'localhost',
  'connection' => 'keep-alive',
  'upgrade-insecure-requests' => '1',
  'user-agent' => 'Mozilla/5.0 (Windows NT 6.1; WOW64) AppleWebKit/537.36 (KHTML, like Gecko) Chrome/53.0.2785.89 Safari/537.36',
  'accept' => 'text/html,application/xhtml+xml,application/xml;q=0.9,image/webp,*/*;q=0.8',
  'accept-encoding' => 'gzip, deflate, sdch',
  'accept-language' => 'zh-CN,zh;q=0.8',
  'cookie' => 'pgv_pvi=1445688320; Phpstorm-e4311aeb=e3ecb2d2-64ad-427e-a502-9b52cf11c2cf',
)
[ info ] [ PARAM ] array (
)
[ info ] [ LOG ] INIT File
[ error ] [2]include_once(../../../extend/PHPExcel/Classes/PHPExcel.php): failed to open stream: No such file or directory[C:\xampp\htdocs\tp5\application\demo\controller\Hello.php:8]

---------------------------------------------------------------
[ 2017-02-14T15:26:05+08:00 ] ::1 ::1 GET /tp5/public/index.php/demo/hello/hello.html
[ log ] localhost/tp5/public/index.php/demo/hello/hello.html [运行时间：0.037002s][吞吐率：27.03req/s] [内存消耗：1,034.12kb] [文件加载：31]
[ info ] [ LANG ] C:\xampp\htdocs\tp5\thinkphp\lang\zh-cn.php
[ info ] [ ROUTE ] array (
  'type' => 'module',
  'module' => 
  array (
    0 => 'demo',
    1 => 'hello',
    2 => 'hello',
  ),
)
[ info ] [ HEADER ] array (
  'host' => 'localhost',
  'connection' => 'keep-alive',
  'cache-control' => 'max-age=0',
  'upgrade-insecure-requests' => '1',
  'user-agent' => 'Mozilla/5.0 (Windows NT 6.1; WOW64) AppleWebKit/537.36 (KHTML, like Gecko) Chrome/53.0.2785.89 Safari/537.36',
  'accept' => 'text/html,application/xhtml+xml,application/xml;q=0.9,image/webp,*/*;q=0.8',
  'accept-encoding' => 'gzip, deflate, sdch',
  'accept-language' => 'zh-CN,zh;q=0.8',
  'cookie' => 'pgv_pvi=1445688320; Phpstorm-e4311aeb=e3ecb2d2-64ad-427e-a502-9b52cf11c2cf',
)
[ info ] [ PARAM ] array (
)
[ info ] [ LOG ] INIT File
[ error ] [2]include_once(../../../../extend/PHPExcel/Classes/PHPExcel.php): failed to open stream: No such file or directory[C:\xampp\htdocs\tp5\application\demo\controller\Hello.php:8]

---------------------------------------------------------------
[ 2017-02-14T15:26:06+08:00 ] ::1 ::1 GET /tp5/public/index.php/demo/hello/hello.html
[ log ] localhost/tp5/public/index.php/demo/hello/hello.html [运行时间：0.018001s][吞吐率：55.55req/s] [内存消耗：1,034.12kb] [文件加载：31]
[ info ] [ LANG ] C:\xampp\htdocs\tp5\thinkphp\lang\zh-cn.php
[ info ] [ ROUTE ] array (
  'type' => 'module',
  'module' => 
  array (
    0 => 'demo',
    1 => 'hello',
    2 => 'hello',
  ),
)
[ info ] [ HEADER ] array (
  'host' => 'localhost',
  'connection' => 'keep-alive',
  'cache-control' => 'max-age=0',
  'upgrade-insecure-requests' => '1',
  'user-agent' => 'Mozilla/5.0 (Windows NT 6.1; WOW64) AppleWebKit/537.36 (KHTML, like Gecko) Chrome/53.0.2785.89 Safari/537.36',
  'accept' => 'text/html,application/xhtml+xml,application/xml;q=0.9,image/webp,*/*;q=0.8',
  'accept-encoding' => 'gzip, deflate, sdch',
  'accept-language' => 'zh-CN,zh;q=0.8',
  'cookie' => 'pgv_pvi=1445688320; Phpstorm-e4311aeb=e3ecb2d2-64ad-427e-a502-9b52cf11c2cf',
)
[ info ] [ PARAM ] array (
)
[ info ] [ LOG ] INIT File
[ error ] [2]include_once(../../../../extend/PHPExcel/Classes/PHPExcel.php): failed to open stream: No such file or directory[C:\xampp\htdocs\tp5\application\demo\controller\Hello.php:8]

---------------------------------------------------------------
[ 2017-02-14T15:29:19+08:00 ] ::1 ::1 GET /tp5/public/index.php/demo/hello/hello.html
[ log ] localhost/tp5/public/index.php/demo/hello/hello.html [运行时间：0.040002s][吞吐率：25.00req/s] [内存消耗：1,034.11kb] [文件加载：31]
[ info ] [ LANG ] C:\xampp\htdocs\tp5\thinkphp\lang\zh-cn.php
[ info ] [ ROUTE ] array (
  'type' => 'module',
  'module' => 
  array (
    0 => 'demo',
    1 => 'hello',
    2 => 'hello',
  ),
)
[ info ] [ HEADER ] array (
  'host' => 'localhost',
  'connection' => 'keep-alive',
  'cache-control' => 'max-age=0',
  'upgrade-insecure-requests' => '1',
  'user-agent' => 'Mozilla/5.0 (Windows NT 6.1; WOW64) AppleWebKit/537.36 (KHTML, like Gecko) Chrome/53.0.2785.89 Safari/537.36',
  'accept' => 'text/html,application/xhtml+xml,application/xml;q=0.9,image/webp,*/*;q=0.8',
  'accept-encoding' => 'gzip, deflate, sdch',
  'accept-language' => 'zh-CN,zh;q=0.8',
  'cookie' => 'pgv_pvi=1445688320; Phpstorm-e4311aeb=e3ecb2d2-64ad-427e-a502-9b52cf11c2cf',
)
[ info ] [ PARAM ] array (
)
[ info ] [ LOG ] INIT File
[ error ] [2]include_once(../../../../../extend/PHPExcel/Classes/PHPExcel.php): failed to open stream: No such file or directory[C:\xampp\htdocs\tp5\application\demo\controller\Hello.php:8]

---------------------------------------------------------------
[ 2017-02-14T15:33:27+08:00 ] ::1 ::1 GET /tp5/public/index.php/demo/hello/hello.html
[ log ] localhost/tp5/public/index.php/demo/hello/hello.html [运行时间：0.041002s][吞吐率：24.39req/s] [内存消耗：1,269.98kb] [文件加载：34]
[ info ] [ LANG ] C:\xampp\htdocs\tp5\thinkphp\lang\zh-cn.php
[ info ] [ ROUTE ] array (
  'type' => 'module',
  'module' => 
  array (
    0 => 'demo',
    1 => 'hello',
    2 => 'hello',
  ),
)
[ info ] [ HEADER ] array (
  'host' => 'localhost',
  'connection' => 'keep-alive',
  'cache-control' => 'max-age=0',
  'upgrade-insecure-requests' => '1',
  'user-agent' => 'Mozilla/5.0 (Windows NT 6.1; WOW64) AppleWebKit/537.36 (KHTML, like Gecko) Chrome/53.0.2785.89 Safari/537.36',
  'accept' => 'text/html,application/xhtml+xml,application/xml;q=0.9,image/webp,*/*;q=0.8',
  'accept-encoding' => 'gzip, deflate, sdch',
  'accept-language' => 'zh-CN,zh;q=0.8',
  'cookie' => 'pgv_pvi=1445688320; Phpstorm-e4311aeb=e3ecb2d2-64ad-427e-a502-9b52cf11c2cf',
)
[ info ] [ PARAM ] array (
)
[ info ] [ RUN ] app\demo\controller\Hello->hello[ C:\xampp\htdocs\tp5\application\demo\controller\Hello.php ]
[ info ] [ VIEW ] C:\xampp\htdocs\tp5\public/../application/demo\view\hello\hello.html [ array (
) ]
[ info ] [ LOG ] INIT File

---------------------------------------------------------------
[ 2017-02-14T15:33:29+08:00 ] ::1 ::1 POST /tp5/public/index.php/demo/hello/reload
[ log ] localhost/tp5/public/index.php/demo/hello/reload [运行时间：0.036002s][吞吐率：27.78req/s] [内存消耗：1,268.63kb] [文件加载：33]
[ info ] [ LANG ] C:\xampp\htdocs\tp5\thinkphp\lang\zh-cn.php
[ info ] [ ROUTE ] array (
  'type' => 'module',
  'module' => 
  array (
    0 => 'demo',
    1 => 'hello',
    2 => 'reload',
  ),
)
[ info ] [ HEADER ] array (
  'host' => 'localhost',
  'connection' => 'keep-alive',
  'content-length' => '8',
  'accept' => '*/*',
  'origin' => 'http://localhost',
  'x-requested-with' => 'XMLHttpRequest',
  'user-agent' => 'Mozilla/5.0 (Windows NT 6.1; WOW64) AppleWebKit/537.36 (KHTML, like Gecko) Chrome/53.0.2785.89 Safari/537.36',
  'content-type' => 'application/x-www-form-urlencoded; charset=UTF-8',
  'referer' => 'http://localhost/tp5/public/index.php/demo/hello/hello.html',
  'accept-encoding' => 'gzip, deflate',
  'accept-language' => 'zh-CN,zh;q=0.8',
  'cookie' => 'pgv_pvi=1445688320; Phpstorm-e4311aeb=e3ecb2d2-64ad-427e-a502-9b52cf11c2cf',
)
[ info ] [ PARAM ] array (
  'name' => 'set',
)
[ info ] [ RUN ] app\demo\controller\Hello->reload[ C:\xampp\htdocs\tp5\application\demo\controller\Hello.php ]
[ info ] [ LOG ] INIT File

---------------------------------------------------------------
[ 2017-02-14T15:33:29+08:00 ] ::1 ::1 GET /tp5/public/index.php/demo/hello/setattr.html
[ log ] localhost/tp5/public/index.php/demo/hello/setattr.html [运行时间：0.078005s][吞吐率：12.82req/s] [内存消耗：1,699.94kb] [文件加载：41]
[ info ] [ LANG ] C:\xampp\htdocs\tp5\thinkphp\lang\zh-cn.php
[ info ] [ ROUTE ] array (
  'type' => 'module',
  'module' => 
  array (
    0 => 'demo',
    1 => 'hello',
    2 => 'setattr',
  ),
)
[ info ] [ HEADER ] array (
  'host' => 'localhost',
  'connection' => 'keep-alive',
  'upgrade-insecure-requests' => '1',
  'user-agent' => 'Mozilla/5.0 (Windows NT 6.1; WOW64) AppleWebKit/537.36 (KHTML, like Gecko) Chrome/53.0.2785.89 Safari/537.36',
  'accept' => 'text/html,application/xhtml+xml,application/xml;q=0.9,image/webp,*/*;q=0.8',
  'referer' => 'http://localhost/tp5/public/index.php/demo/hello/hello.html',
  'accept-encoding' => 'gzip, deflate, sdch',
  'accept-language' => 'zh-CN,zh;q=0.8',
  'cookie' => 'pgv_pvi=1445688320; Phpstorm-e4311aeb=e3ecb2d2-64ad-427e-a502-9b52cf11c2cf',
)
[ info ] [ PARAM ] array (
)
[ info ] [ RUN ] app\demo\controller\Hello->setattr[ C:\xampp\htdocs\tp5\application\demo\controller\Hello.php ]
[ info ] [ DB ] INIT mysql
[ info ] [ VIEW ] C:\xampp\htdocs\tp5\public/../application/demo\view\hello\setattr.html [ array (
  0 => 'game_type',
  1 => 'terminal_type',
  2 => 'sex',
  3 => 'age_group',
  4 => 'game_experience',
  5 => 'game_year',
) ]
[ info ] [ LOG ] INIT File
[ sql ] [ DB ] CONNECT:[ UseTime:0.012001s ] mysql:dbname=sort;host=localhost;port=3306;charset=utf8
[ sql ] [ SQL ] select id,value from attr where name = "game_type" [ RunTime:0.001000s ]
[ sql ] [ SQL ] select id,value from attr where name = "terminal_type" [ RunTime:0.000000s ]
[ sql ] [ SQL ] select id,value from attr where name = "sex_type" [ RunTime:0.000000s ]
[ sql ] [ SQL ] select id,value from attr where name = "age_type" [ RunTime:0.001000s ]
[ sql ] [ SQL ] select id,value from attr where name = "game_experience" [ RunTime:0.000000s ]
[ sql ] [ SQL ] select id,value from attr where name = "game_year" [ RunTime:0.000000s ]

---------------------------------------------------------------
[ 2017-02-14T15:33:30+08:00 ] ::1 ::1 GET /tp5/public/index.php/demo/hello/upload.html
[ log ] localhost/tp5/public/index.php/demo/hello/upload.html [运行时间：0.127007s][吞吐率：7.87req/s] [内存消耗：1,662.20kb] [文件加载：44]
[ info ] [ LANG ] C:\xampp\htdocs\tp5\thinkphp\lang\zh-cn.php
[ info ] [ ROUTE ] array (
  'type' => 'module',
  'module' => 
  array (
    0 => 'demo',
    1 => 'hello',
    2 => 'upload',
  ),
)
[ info ] [ HEADER ] array (
  'host' => 'localhost',
  'connection' => 'keep-alive',
  'upgrade-insecure-requests' => '1',
  'user-agent' => 'Mozilla/5.0 (Windows NT 6.1; WOW64) AppleWebKit/537.36 (KHTML, like Gecko) Chrome/53.0.2785.89 Safari/537.36',
  'accept' => 'text/html,application/xhtml+xml,application/xml;q=0.9,image/webp,*/*;q=0.8',
  'referer' => 'http://localhost/tp5/public/index.php/demo/hello/setattr.html',
  'accept-encoding' => 'gzip, deflate, sdch',
  'accept-language' => 'zh-CN,zh;q=0.8',
  'cookie' => 'pgv_pvi=1445688320; Phpstorm-e4311aeb=e3ecb2d2-64ad-427e-a502-9b52cf11c2cf',
)
[ info ] [ PARAM ] array (
)
[ info ] [ RUN ] app\demo\controller\Hello->upload[ C:\xampp\htdocs\tp5\application\demo\controller\Hello.php ]
[ info ] [ DB ] INIT mysql
[ info ] [ VIEW ] C:\xampp\htdocs\tp5\public/../application/demo\view\hello\upload.html [ array (
  0 => 'tester',
) ]
[ info ] [ LOG ] INIT File
[ sql ] [ DB ] CONNECT:[ UseTime:0.014001s ] mysql:dbname=sort;host=localhost;port=3306;charset=utf8
[ sql ] [ SQL ] select u_id,u_name from tester [ RunTime:0.001000s ]
[ error ] [8]未定义数组索引: id[C:\xampp\htdocs\tp5\runtime\temp\1a62768c36010eafab80210368cea63a.php:22]

---------------------------------------------------------------
[ 2017-02-14T15:33:57+08:00 ] ::1 ::1 GET /tp5/public/index.php/demo/hello/upload.html
[ log ] localhost/tp5/public/index.php/demo/hello/upload.html [运行时间：0.059003s][吞吐率：16.95req/s] [内存消耗：1,618.87kb] [文件加载：40]
[ info ] [ LANG ] C:\xampp\htdocs\tp5\thinkphp\lang\zh-cn.php
[ info ] [ ROUTE ] array (
  'type' => 'module',
  'module' => 
  array (
    0 => 'demo',
    1 => 'hello',
    2 => 'upload',
  ),
)
[ info ] [ HEADER ] array (
  'host' => 'localhost',
  'connection' => 'keep-alive',
  'cache-control' => 'max-age=0',
  'upgrade-insecure-requests' => '1',
  'user-agent' => 'Mozilla/5.0 (Windows NT 6.1; WOW64) AppleWebKit/537.36 (KHTML, like Gecko) Chrome/53.0.2785.89 Safari/537.36',
  'accept' => 'text/html,application/xhtml+xml,application/xml;q=0.9,image/webp,*/*;q=0.8',
  'referer' => 'http://localhost/tp5/public/index.php/demo/hello/setattr.html',
  'accept-encoding' => 'gzip, deflate, sdch',
  'accept-language' => 'zh-CN,zh;q=0.8',
  'cookie' => 'pgv_pvi=1445688320; Phpstorm-e4311aeb=e3ecb2d2-64ad-427e-a502-9b52cf11c2cf',
)
[ info ] [ PARAM ] array (
)
[ info ] [ RUN ] app\demo\controller\Hello->upload[ C:\xampp\htdocs\tp5\application\demo\controller\Hello.php ]
[ info ] [ DB ] INIT mysql
[ info ] [ VIEW ] C:\xampp\htdocs\tp5\public/../application/demo\view\hello\upload.html [ array (
  0 => 'tester',
) ]
[ info ] [ LOG ] INIT File
[ sql ] [ DB ] CONNECT:[ UseTime:0.003000s ] mysql:dbname=sort;host=localhost;port=3306;charset=utf8
[ sql ] [ SQL ] select u_id,u_name from tester [ RunTime:0.000000s ]

---------------------------------------------------------------
