[ 2017-05-11T10:41:36+08:00 ] ::1 ::1 GET /tp5/index.php/demo/hello/hello.html
[ log ] localhost/tp5/index.php/demo/hello/hello.html [运行时间：0.134007s][吞吐率：7.46req/s] [内存消耗：1,454.06kb] [文件加载：38]
[ info ] [ LANG ] C:\xampp\htdocs\tp5\thinkphp\lang\zh-cn.php
[ info ] [ ROUTE ] array (
  'type' => 'module',
  'module' => 
  array (
    0 => 'demo',
    1 => 'hello',
    2 => 'hello',
  ),
)
[ info ] [ HEADER ] array (
  'host' => 'localhost',
  'connection' => 'keep-alive',
  'upgrade-insecure-requests' => '1',
  'user-agent' => 'Mozilla/5.0 (Windows NT 6.1; Win64; x64) AppleWebKit/537.36 (KHTML, like Gecko) Chrome/57.0.2987.133 Safari/537.36',
  'accept' => 'text/html,application/xhtml+xml,application/xml;q=0.9,image/webp,*/*;q=0.8',
  'accept-encoding' => 'gzip, deflate, sdch, br',
  'accept-language' => 'zh-CN,zh;q=0.8',
  'cookie' => 'pgv_pvi=1445688320; Phpstorm-e4311aeb=e3ecb2d2-64ad-427e-a502-9b52cf11c2cf',
)
[ info ] [ PARAM ] array (
)
[ info ] [ RUN ] app\demo\controller\Hello->hello[ C:\xampp\htdocs\tp5\application\demo\controller\Hello.php ]
[ info ] [ VIEW ] C:\xampp\htdocs\tp5/application/demo\view\hello\hello.html [ array (
) ]
[ info ] [ LOG ] INIT File

---------------------------------------------------------------
[ 2017-05-11T15:24:04+08:00 ] ::1 ::1 GET /tp5/index.php/demo/hello/project.html
[ log ] localhost/tp5/index.php/demo/hello/project.html [运行时间：0.141008s][吞吐率：7.09req/s] [内存消耗：1,665.83kb] [文件加载：42]
[ info ] [ LANG ] C:\xampp\htdocs\tp5\thinkphp\lang\zh-cn.php
[ info ] [ ROUTE ] array (
  'type' => 'module',
  'module' => 
  array (
    0 => 'demo',
    1 => 'hello',
    2 => 'project',
  ),
)
[ info ] [ HEADER ] array (
  'host' => 'localhost',
  'connection' => 'keep-alive',
  'upgrade-insecure-requests' => '1',
  'user-agent' => 'Mozilla/5.0 (Windows NT 6.1; Win64; x64) AppleWebKit/537.36 (KHTML, like Gecko) Chrome/57.0.2987.133 Safari/537.36',
  'accept' => 'text/html,application/xhtml+xml,application/xml;q=0.9,image/webp,*/*;q=0.8',
  'referer' => 'http://localhost/tp5/index.php/demo/hello/hello.html',
  'accept-encoding' => 'gzip, deflate, sdch, br',
  'accept-language' => 'zh-CN,zh;q=0.8',
  'cookie' => 'pgv_pvi=1445688320; Phpstorm-e4311aeb=e3ecb2d2-64ad-427e-a502-9b52cf11c2cf',
)
[ info ] [ PARAM ] array (
)
[ info ] [ RUN ] app\demo\controller\Hello->project[ C:\xampp\htdocs\tp5\application\demo\controller\Hello.php ]
[ info ] [ DB ] INIT mysql
[ info ] [ VIEW ] C:\xampp\htdocs\tp5/application/demo\view\hello\project.html [ array (
  0 => 'project_name',
) ]
[ info ] [ LOG ] INIT File
[ sql ] [ DB ] CONNECT:[ UseTime:0.016001s ] mysql:dbname=sort;host=localhost;port=3306;charset=utf8
[ sql ] [ SQL ] select project_name from project [ RunTime:0.020001s ]

---------------------------------------------------------------
[ 2017-05-11T15:24:05+08:00 ] ::1 ::1 GET /tp5/index.php/demo/hello/group.html
[ log ] localhost/tp5/index.php/demo/hello/group.html [运行时间：0.130007s][吞吐率：7.69req/s] [内存消耗：1,698.09kb] [文件加载：43]
[ info ] [ LANG ] C:\xampp\htdocs\tp5\thinkphp\lang\zh-cn.php
[ info ] [ ROUTE ] array (
  'type' => 'module',
  'module' => 
  array (
    0 => 'demo',
    1 => 'hello',
    2 => 'group',
  ),
)
[ info ] [ HEADER ] array (
  'host' => 'localhost',
  'connection' => 'keep-alive',
  'upgrade-insecure-requests' => '1',
  'user-agent' => 'Mozilla/5.0 (Windows NT 6.1; Win64; x64) AppleWebKit/537.36 (KHTML, like Gecko) Chrome/57.0.2987.133 Safari/537.36',
  'accept' => 'text/html,application/xhtml+xml,application/xml;q=0.9,image/webp,*/*;q=0.8',
  'referer' => 'http://localhost/tp5/index.php/demo/hello/project.html',
  'accept-encoding' => 'gzip, deflate, sdch, br',
  'accept-language' => 'zh-CN,zh;q=0.8',
  'cookie' => 'project_name=%E6%8E%92%E5%BA%8F; pgv_pvi=1445688320; Phpstorm-e4311aeb=e3ecb2d2-64ad-427e-a502-9b52cf11c2cf',
)
[ info ] [ PARAM ] array (
)
[ info ] [ RUN ] app\demo\controller\Hello->group[ C:\xampp\htdocs\tp5\application\demo\controller\Hello.php ]
[ info ] [ DB ] INIT mysql
[ info ] [ VIEW ] C:\xampp\htdocs\tp5/application/demo\view\hello\group.html [ array (
  0 => 'project_n',
  1 => 'project_id',
  2 => 'group_name',
) ]
[ info ] [ LOG ] INIT File
[ sql ] [ DB ] CONNECT:[ UseTime:0.003000s ] mysql:dbname=sort;host=localhost;port=3306;charset=utf8
[ sql ] [ SQL ] select project_id from project WHERE project_name = '排序' [ RunTime:0.001000s ]
[ sql ] [ SQL ] select group_name from group_ WHERE group_id IN (SELECT group_id FROM project_group WHERE project_id = '1') [ RunTime:0.052003s ]

---------------------------------------------------------------
[ 2017-05-11T15:24:06+08:00 ] ::1 ::1 GET /tp5/index.php/demo/hello/sortnew.html
[ log ] localhost/tp5/index.php/demo/hello/sortnew.html [运行时间：0.152008s][吞吐率：6.58req/s] [内存消耗：1,706.61kb] [文件加载：43]
[ info ] [ LANG ] C:\xampp\htdocs\tp5\thinkphp\lang\zh-cn.php
[ info ] [ ROUTE ] array (
  'type' => 'module',
  'module' => 
  array (
    0 => 'demo',
    1 => 'hello',
    2 => 'sortnew',
  ),
)
[ info ] [ HEADER ] array (
  'host' => 'localhost',
  'connection' => 'keep-alive',
  'upgrade-insecure-requests' => '1',
  'user-agent' => 'Mozilla/5.0 (Windows NT 6.1; Win64; x64) AppleWebKit/537.36 (KHTML, like Gecko) Chrome/57.0.2987.133 Safari/537.36',
  'accept' => 'text/html,application/xhtml+xml,application/xml;q=0.9,image/webp,*/*;q=0.8',
  'referer' => 'http://localhost/tp5/index.php/demo/hello/group.html',
  'accept-encoding' => 'gzip, deflate, sdch, br',
  'accept-language' => 'zh-CN,zh;q=0.8',
  'cookie' => 'project_name=%E6%8E%92%E5%BA%8F; group_name=n%2B%2B; project_id=1; pgv_pvi=1445688320; Phpstorm-e4311aeb=e3ecb2d2-64ad-427e-a502-9b52cf11c2cf',
)
[ info ] [ PARAM ] array (
)
[ info ] [ RUN ] app\demo\controller\Hello->sortNew[ C:\xampp\htdocs\tp5\application\demo\controller\Hello.php ]
[ info ] [ DB ] INIT mysql
[ info ] [ VIEW ] C:\xampp\htdocs\tp5/application/demo\view\hello\sortnew.html [ array (
  0 => 'game',
  1 => 'group_n',
  2 => 'data',
) ]
[ info ] [ LOG ] INIT File
[ sql ] [ DB ] CONNECT:[ UseTime:0.003001s ] mysql:dbname=sort;host=localhost;port=3306;charset=utf8
[ sql ] [ SQL ] select g_id,g_name from game [ RunTime:0.023001s ]
[ sql ] [ SQL ] select group_id from group_ WHERE group_name = 'n++' [ RunTime:0.000000s ]
[ sql ] [ SQL ] select game.g_name,data_.emoi,data_.scl,data_.High_alpha,data_.gamma,data_.tag 
                     FROM data_ LEFT JOIN test ON(data_.test_id = test.test_id) 
                     LEFT JOIN game ON (test.g_id = game.g_id) WHERE data_.id IN 
                     (SELECT test_id FROM group_test WHERE group_id = '1') [ RunTime:0.052003s ]

---------------------------------------------------------------
[ 2017-05-11T18:15:48+08:00 ] ::1 ::1 GET /tp5/index.php/demo/hello/count.html
[ log ] localhost/tp5/index.php/demo/hello/count.html [运行时间：1.336077s][吞吐率：0.75req/s] [内存消耗：1,882.23kb] [文件加载：44]
[ info ] [ LANG ] C:\xampp\htdocs\tp5\thinkphp\lang\zh-cn.php
[ info ] [ ROUTE ] array (
  'type' => 'module',
  'module' => 
  array (
    0 => 'demo',
    1 => 'hello',
    2 => 'count',
  ),
)
[ info ] [ HEADER ] array (
  'host' => 'localhost',
  'connection' => 'keep-alive',
  'upgrade-insecure-requests' => '1',
  'user-agent' => 'Mozilla/5.0 (Windows NT 6.1; Win64; x64) AppleWebKit/537.36 (KHTML, like Gecko) Chrome/57.0.2987.133 Safari/537.36',
  'accept' => 'text/html,application/xhtml+xml,application/xml;q=0.9,image/webp,*/*;q=0.8',
  'referer' => 'http://localhost/tp5/index.php/demo/hello/sortnew.html',
  'accept-encoding' => 'gzip, deflate, sdch, br',
  'accept-language' => 'zh-CN,zh;q=0.8',
  'cookie' => 'project_name=%E6%8E%92%E5%BA%8F; group_name=n%2B%2B; project_id=1; pgv_pvi=1445688320; Phpstorm-e4311aeb=e3ecb2d2-64ad-427e-a502-9b52cf11c2cf',
)
[ info ] [ PARAM ] array (
)
[ info ] [ RUN ] app\demo\controller\Hello->Count[ C:\xampp\htdocs\tp5\application\demo\controller\Hello.php ]
[ info ] [ DB ] INIT mysql
[ info ] [ VIEW ] C:\xampp\htdocs\tp5/application/demo\view\hello\count.html [ array (
  0 => 'data',
) ]
[ info ] [ LOG ] INIT File
[ sql ] [ DB ] CONNECT:[ UseTime:0.039003s ] mysql:dbname=sort;host=localhost;port=3306;charset=utf8
[ sql ] [ SQL ] DELETE FROM data_ls WHERE 1=1 [ RunTime:0.214012s ]
[ sql ] [ SQL ] SELECT game,emoi,scl,High_alpha,gamma,emoi_sd,scl_sd,high_sd,gamma_sd FROM data [ RunTime:0.122007s ]
[ sql ] [ SQL ] INSERT INTO data_ls (
                        game,emoi,scl,High_alpha,gamma,emoi_,scl_,Higt_a_,gamma_,
                        emoi_sd,scl_sd,high_sd,gamma_sd,emoi_sd_,scl_sd_,high_sd_,gamma_sd_
) VALUES ('超级食肉男孩','-0.01308014164001500000','0.00000091255844586713','29.17822482074800000000','187.34657447883000000000','10','1','4','3',
          '0.18342112071350000000','0.00000102498292913850','228.85379467749000000000','324.25379094820000000000','8','2','7','5'
) [ RunTime:0.037003s ]
[ sql ] [ SQL ] INSERT INTO data_ls (
                        game,emoi,scl,High_alpha,gamma,emoi_,scl_,Higt_a_,gamma_,
                        emoi_sd,scl_sd,high_sd,gamma_sd,emoi_sd_,scl_sd_,high_sd_,gamma_sd_
) VALUES ('地堡','0.01724508383300000000','0.00000005343648760219','-262.18013174374000000000','78.41271652736100000000','6','5','13','9',
          '0.16850234168269000000','0.00000014362679117283','438.78581561084000000000','254.61797304843000000000','12','12','2','8'
) [ RunTime:0.028001s ]
[ sql ] [ SQL ] INSERT INTO data_ls (
                        game,emoi,scl,High_alpha,gamma,emoi_,scl_,Higt_a_,gamma_,
                        emoi_sd,scl_sd,high_sd,gamma_sd,emoi_sd_,scl_sd_,high_sd_,gamma_sd_
) VALUES ('返校','0.04214769682113600000','-0.00000013910248322046','32.28735161549600000000','103.43390591454000000000','3','11','3','6',
          '0.23687077242176000000','0.00000039874731821414','124.30015167911000000000','155.33888164212000000000','1','5','14','10'
) [ RunTime:0.022001s ]
[ sql ] [ SQL ] INSERT INTO data_ls (
                        game,emoi,scl,High_alpha,gamma,emoi_,scl_,Higt_a_,gamma_,
                        emoi_sd,scl_sd,high_sd,gamma_sd,emoi_sd_,scl_sd_,high_sd_,gamma_sd_
) VALUES ('弗吉尼亚','-0.02056627191763500000','-0.00000039161580950960','43.54655667053600000000','31.91133317634500000000','13','13','1','13',
          '0.20433462329780000000','0.00000062898154766031','164.73967322600000000000','143.85001178977000000000','5','3','12','12'
) [ RunTime:0.027001s ]
[ sql ] [ SQL ] INSERT INTO data_ls (
                        game,emoi,scl,High_alpha,gamma,emoi_,scl_,Higt_a_,gamma_,
                        emoi_sd,scl_sd,high_sd,gamma_sd,emoi_sd_,scl_sd_,high_sd_,gamma_sd_
) VALUES ('光之子','0.04983902218883100000','0.00000009462410853597','23.24476519217500000000','246.95813292230000000000','2','4','5','2',
          '0.21654750174651000000','0.00000031081146097008','255.33940150114000000000','397.15892892503000000000','2','7','5','3'
) [ RunTime:0.031002s ]
[ sql ] [ SQL ] INSERT INTO data_ls (
                        game,emoi,scl,High_alpha,gamma,emoi_,scl_,Higt_a_,gamma_,
                        emoi_sd,scl_sd,high_sd,gamma_sd,emoi_sd_,scl_sd_,high_sd_,gamma_sd_
) VALUES ('看火人','0.01827749605038100000','-0.00000072931810590470','-88.24544343032700000000','139.84554865296000000000','4','14','11','4',
          '0.15853985632981000000','0.00000111085607391740','356.46208278331000000000','272.76306292558000000000','14','1','3','6'
) [ RunTime:0.027001s ]
[ sql ] [ SQL ] INSERT INTO data_ls (
                        game,emoi,scl,High_alpha,gamma,emoi_,scl_,Higt_a_,gamma_,
                        emoi_sd,scl_sd,high_sd,gamma_sd,emoi_sd_,scl_sd_,high_sd_,gamma_sd_
) VALUES ('逃生','0.00491973200942220000','0.00000003012528398202','-628.85536735652000000000','45.44797715064200000000','7','6','14','11',
          '0.16278435969918000000','0.00000006476174048284','656.29558738722000000000','134.24429430417000000000','13','13','1','13'
) [ RunTime:0.023002s ]
[ sql ] [ SQL ] INSERT INTO data_ls (
                        game,emoi,scl,High_alpha,gamma,emoi_,scl_,Higt_a_,gamma_,
                        emoi_sd,scl_sd,high_sd,gamma_sd,emoi_sd_,scl_sd_,high_sd_,gamma_sd_
) VALUES ('文明6','0.05685564100056600000','0.00000001632186168180','-32.59619332842500000000','321.63608023672000000000','1','7','7','1',
          '0.16860374121367000000','0.00000001862816916269','168.06116548622000000000','387.12806412928000000000','11','14','11','4'
) [ RunTime:0.044002s ]
[ sql ] [ SQL ] INSERT INTO data_ls (
                        game,emoi,scl,High_alpha,gamma,emoi_,scl_,Higt_a_,gamma_,
                        emoi_sd,scl_sd,high_sd,gamma_sd,emoi_sd_,scl_sd_,high_sd_,gamma_sd_
) VALUES ('巫师3','-0.00344803137150530000','0.00000001360193338618','-80.32691254390800000000','-0.64783815955159000000','8','8','10','14',
          '0.20644505633329000000','0.00000038169951449766','213.80377773263000000000','410.93081289484000000000','4','6','8','2'
) [ RunTime:0.022001s ]
[ sql ] [ SQL ] INSERT INTO data_ls (
                        game,emoi,scl,High_alpha,gamma,emoi_,scl_,Higt_a_,gamma_,
                        emoi_sd,scl_sd,high_sd,gamma_sd,emoi_sd_,scl_sd_,high_sd_,gamma_sd_
) VALUES ('无人深空','0.01765253381338300000','-0.00000018993527271029','33.33541578230100000000','84.20550922936300000000','5','12','2','8',
          '0.18078144528307000000','0.00000021116008500010','161.39167156061000000000','129.91279943336000000000','9','8','13','14'
) [ RunTime:0.027001s ]
[ sql ] [ SQL ] INSERT INTO data_ls (
                        game,emoi,scl,High_alpha,gamma,emoi_,scl_,Higt_a_,gamma_,
                        emoi_sd,scl_sd,high_sd,gamma_sd,emoi_sd_,scl_sd_,high_sd_,gamma_sd_
) VALUES ('失落城堡','-0.01409776822006600000','-0.00000000372700451468','7.73277662207880000000','101.88401595048000000000','11','9','6','7',
          '0.18835871147382000000','0.00000017532785201580','240.88128771697000000000','414.34910778094000000000','6','10','6','1'
) [ RunTime:0.022001s ]
[ sql ] [ SQL ] INSERT INTO data_ls (
                        game,emoi,scl,High_alpha,gamma,emoi_,scl_,Higt_a_,gamma_,
                        emoi_sd,scl_sd,high_sd,gamma_sd,emoi_sd_,scl_sd_,high_sd_,gamma_sd_
) VALUES ('生化危机7','-0.04026432167178900000','-0.00000005034724985252','-78.76324947118500000000','52.37927461356000000000','14','10','9','10',
          '0.20906744610666000000','0.00000016484391316000','207.21007549931000000000','151.53585559485000000000','3','11','10','11'
) [ RunTime:0.027002s ]
[ sql ] [ SQL ] INSERT INTO data_ls (
                        game,emoi,scl,High_alpha,gamma,emoi_,scl_,Higt_a_,gamma_,
                        emoi_sd,scl_sd,high_sd,gamma_sd,emoi_sd_,scl_sd_,high_sd_,gamma_sd_
) VALUES ('小镇惊魂','-0.01290230421816400000','0.00000010322489377761','-198.73745247344000000000','124.98955416821000000000','9','3','12','5',
          '0.18757160278987000000','0.00000020693435519834','296.88390683438000000000','212.57416842598000000000','7','9','4','9'
) [ RunTime:0.022001s ]
[ sql ] [ SQL ] INSERT INTO data_ls (
                        game,emoi,scl,High_alpha,gamma,emoi_,scl_,Higt_a_,gamma_,
                        emoi_sd,scl_sd,high_sd,gamma_sd,emoi_sd_,scl_sd_,high_sd_,gamma_sd_
) VALUES ('n++','-0.01454199857492300000','0.00000040180988625613','-50.83117839410800000000','40.88382015903300000000','12','2','8','12',
          '0.17424536466187000000','0.00000050441529809682','211.00133397183000000000','258.23405872290000000000','10','4','9','7'
) [ RunTime:0.027002s ]
[ sql ] [ SQL ] SELECT game,emoi,scl,High_alpha,gamma,emoi_,scl_,Higt_a_,gamma_,
                    emoi_sd,scl_sd,high_sd,gamma_sd,emoi_sd_,scl_sd_,high_sd_,gamma_sd_
                    FROM data_ls [ RunTime:0.000000s ]

---------------------------------------------------------------
[ 2017-05-11T18:18:36+08:00 ] ::1 ::1 POST /tp5/index.php/count/index/count.html
[ log ] localhost/tp5/index.php/count/index/count.html [运行时间：0.064004s][吞吐率：15.62req/s] [内存消耗：1,506.45kb] [文件加载：41]
[ info ] [ LANG ] C:\xampp\htdocs\tp5\thinkphp\lang\zh-cn.php
[ info ] [ ROUTE ] array (
  'type' => 'module',
  'module' => 
  array (
    0 => 'count',
    1 => 'index',
    2 => 'count',
  ),
)
[ info ] [ HEADER ] array (
  'host' => 'localhost',
  'connection' => 'keep-alive',
  'content-length' => '18',
  'accept' => 'application/json, text/javascript, */*; q=0.01',
  'origin' => 'http://localhost',
  'x-requested-with' => 'XMLHttpRequest',
  'user-agent' => 'Mozilla/5.0 (Windows NT 6.1; Win64; x64) AppleWebKit/537.36 (KHTML, like Gecko) Chrome/57.0.2987.133 Safari/537.36',
  'content-type' => 'application/x-www-form-urlencoded; charset=UTF-8',
  'referer' => 'http://localhost/tp5/index.php/demo/hello/count.html',
  'accept-encoding' => 'gzip, deflate, br',
  'accept-language' => 'zh-CN,zh;q=0.8',
  'cookie' => 'pgv_pvi=1445688320; Phpstorm-e4311aeb=e3ecb2d2-64ad-427e-a502-9b52cf11c2cf',
)
[ info ] [ PARAM ] array (
  'type' => '"emoi_sd"',
)
[ info ] [ RUN ] app\count\controller\Index->count[ C:\xampp\htdocs\tp5\application\count\controller\Index.php ]
[ info ] [ DB ] INIT mysql
[ info ] [ LOG ] INIT File
[ sql ] [ DB ] CONNECT:[ UseTime:0.002000s ] mysql:dbname=sort;host=localhost;port=3306;charset=utf8
[ sql ] [ SQL ] SELECT game,emoi,scl,High_alpha,gamma,emoi_,scl_,Higt_a_,gamma_,
                emoi_sd,scl_sd,high_sd,gamma_sd,emoi_sd_,scl_sd_,high_sd_,gamma_sd_ FROM data_ls ORDER BY emoi_sd ASC [ RunTime:0.016001s ]

---------------------------------------------------------------
[ 2017-05-11T18:20:23+08:00 ] ::1 ::1 POST /tp5/index.php/count/index/count.html
[ log ] localhost/tp5/index.php/count/index/count.html [运行时间：0.025001s][吞吐率：40.00req/s] [内存消耗：1,506.44kb] [文件加载：41]
[ info ] [ LANG ] C:\xampp\htdocs\tp5\thinkphp\lang\zh-cn.php
[ info ] [ ROUTE ] array (
  'type' => 'module',
  'module' => 
  array (
    0 => 'count',
    1 => 'index',
    2 => 'count',
  ),
)
[ info ] [ HEADER ] array (
  'host' => 'localhost',
  'connection' => 'keep-alive',
  'content-length' => '16',
  'accept' => 'application/json, text/javascript, */*; q=0.01',
  'origin' => 'http://localhost',
  'x-requested-with' => 'XMLHttpRequest',
  'user-agent' => 'Mozilla/5.0 (Windows NT 6.1; Win64; x64) AppleWebKit/537.36 (KHTML, like Gecko) Chrome/57.0.2987.133 Safari/537.36',
  'content-type' => 'application/x-www-form-urlencoded; charset=UTF-8',
  'referer' => 'http://localhost/tp5/index.php/demo/hello/count.html',
  'accept-encoding' => 'gzip, deflate, br',
  'accept-language' => 'zh-CN,zh;q=0.8',
  'cookie' => 'pgv_pvi=1445688320; Phpstorm-e4311aeb=e3ecb2d2-64ad-427e-a502-9b52cf11c2cf',
)
[ info ] [ PARAM ] array (
  'type' => '"emoi_"',
)
[ info ] [ RUN ] app\count\controller\Index->count[ C:\xampp\htdocs\tp5\application\count\controller\Index.php ]
[ info ] [ DB ] INIT mysql
[ info ] [ LOG ] INIT File
[ sql ] [ DB ] CONNECT:[ UseTime:0.003000s ] mysql:dbname=sort;host=localhost;port=3306;charset=utf8
[ sql ] [ SQL ] SELECT game,emoi,scl,High_alpha,gamma,emoi_,scl_,Higt_a_,gamma_,
                emoi_sd,scl_sd,high_sd,gamma_sd,emoi_sd_,scl_sd_,high_sd_,gamma_sd_ FROM data_ls ORDER BY emoi_ ASC [ RunTime:0.001000s ]

---------------------------------------------------------------
[ 2017-05-11T18:21:40+08:00 ] ::1 ::1 POST /tp5/index.php/count/index/count.html
[ log ] localhost/tp5/index.php/count/index/count.html [运行时间：0.039003s][吞吐率：25.64req/s] [内存消耗：1,506.44kb] [文件加载：41]
[ info ] [ LANG ] C:\xampp\htdocs\tp5\thinkphp\lang\zh-cn.php
[ info ] [ ROUTE ] array (
  'type' => 'module',
  'module' => 
  array (
    0 => 'count',
    1 => 'index',
    2 => 'count',
  ),
)
[ info ] [ HEADER ] array (
  'host' => 'localhost',
  'connection' => 'keep-alive',
  'content-length' => '16',
  'accept' => 'application/json, text/javascript, */*; q=0.01',
  'origin' => 'http://localhost',
  'x-requested-with' => 'XMLHttpRequest',
  'user-agent' => 'Mozilla/5.0 (Windows NT 6.1; Win64; x64) AppleWebKit/537.36 (KHTML, like Gecko) Chrome/57.0.2987.133 Safari/537.36',
  'content-type' => 'application/x-www-form-urlencoded; charset=UTF-8',
  'referer' => 'http://localhost/tp5/index.php/demo/hello/count.html',
  'accept-encoding' => 'gzip, deflate, br',
  'accept-language' => 'zh-CN,zh;q=0.8',
  'cookie' => 'pgv_pvi=1445688320; Phpstorm-e4311aeb=e3ecb2d2-64ad-427e-a502-9b52cf11c2cf',
)
[ info ] [ PARAM ] array (
  'type' => '"emoi_"',
)
[ info ] [ RUN ] app\count\controller\Index->count[ C:\xampp\htdocs\tp5\application\count\controller\Index.php ]
[ info ] [ DB ] INIT mysql
[ info ] [ LOG ] INIT File
[ sql ] [ DB ] CONNECT:[ UseTime:0.012001s ] mysql:dbname=sort;host=localhost;port=3306;charset=utf8
[ sql ] [ SQL ] SELECT game,emoi,scl,High_alpha,gamma,emoi_,scl_,Higt_a_,gamma_,
                emoi_sd,scl_sd,high_sd,gamma_sd,emoi_sd_,scl_sd_,high_sd_,gamma_sd_ FROM data_ls ORDER BY emoi_ ASC [ RunTime:0.001000s ]

---------------------------------------------------------------
[ 2017-05-11T18:21:41+08:00 ] ::1 ::1 POST /tp5/index.php/count/index/count.html
[ log ] localhost/tp5/index.php/count/index/count.html [运行时间：0.023002s][吞吐率：43.47req/s] [内存消耗：1,506.44kb] [文件加载：41]
[ info ] [ LANG ] C:\xampp\htdocs\tp5\thinkphp\lang\zh-cn.php
[ info ] [ ROUTE ] array (
  'type' => 'module',
  'module' => 
  array (
    0 => 'count',
    1 => 'index',
    2 => 'count',
  ),
)
[ info ] [ HEADER ] array (
  'host' => 'localhost',
  'connection' => 'keep-alive',
  'content-length' => '16',
  'accept' => 'application/json, text/javascript, */*; q=0.01',
  'origin' => 'http://localhost',
  'x-requested-with' => 'XMLHttpRequest',
  'user-agent' => 'Mozilla/5.0 (Windows NT 6.1; Win64; x64) AppleWebKit/537.36 (KHTML, like Gecko) Chrome/57.0.2987.133 Safari/537.36',
  'content-type' => 'application/x-www-form-urlencoded; charset=UTF-8',
  'referer' => 'http://localhost/tp5/index.php/demo/hello/count.html',
  'accept-encoding' => 'gzip, deflate, br',
  'accept-language' => 'zh-CN,zh;q=0.8',
  'cookie' => 'pgv_pvi=1445688320; Phpstorm-e4311aeb=e3ecb2d2-64ad-427e-a502-9b52cf11c2cf',
)
[ info ] [ PARAM ] array (
  'type' => '"emoi_"',
)
[ info ] [ RUN ] app\count\controller\Index->count[ C:\xampp\htdocs\tp5\application\count\controller\Index.php ]
[ info ] [ DB ] INIT mysql
[ info ] [ LOG ] INIT File
[ sql ] [ DB ] CONNECT:[ UseTime:0.002000s ] mysql:dbname=sort;host=localhost;port=3306;charset=utf8
[ sql ] [ SQL ] SELECT game,emoi,scl,High_alpha,gamma,emoi_,scl_,Higt_a_,gamma_,
                emoi_sd,scl_sd,high_sd,gamma_sd,emoi_sd_,scl_sd_,high_sd_,gamma_sd_ FROM data_ls ORDER BY emoi_ ASC [ RunTime:0.000000s ]

---------------------------------------------------------------
[ 2017-05-11T18:21:42+08:00 ] ::1 ::1 POST /tp5/index.php/count/index/count.html
[ log ] localhost/tp5/index.php/count/index/count.html [运行时间：0.025002s][吞吐率：40.00req/s] [内存消耗：1,506.44kb] [文件加载：41]
[ info ] [ LANG ] C:\xampp\htdocs\tp5\thinkphp\lang\zh-cn.php
[ info ] [ ROUTE ] array (
  'type' => 'module',
  'module' => 
  array (
    0 => 'count',
    1 => 'index',
    2 => 'count',
  ),
)
[ info ] [ HEADER ] array (
  'host' => 'localhost',
  'connection' => 'keep-alive',
  'content-length' => '16',
  'accept' => 'application/json, text/javascript, */*; q=0.01',
  'origin' => 'http://localhost',
  'x-requested-with' => 'XMLHttpRequest',
  'user-agent' => 'Mozilla/5.0 (Windows NT 6.1; Win64; x64) AppleWebKit/537.36 (KHTML, like Gecko) Chrome/57.0.2987.133 Safari/537.36',
  'content-type' => 'application/x-www-form-urlencoded; charset=UTF-8',
  'referer' => 'http://localhost/tp5/index.php/demo/hello/count.html',
  'accept-encoding' => 'gzip, deflate, br',
  'accept-language' => 'zh-CN,zh;q=0.8',
  'cookie' => 'pgv_pvi=1445688320; Phpstorm-e4311aeb=e3ecb2d2-64ad-427e-a502-9b52cf11c2cf',
)
[ info ] [ PARAM ] array (
  'type' => '"emoi_"',
)
[ info ] [ RUN ] app\count\controller\Index->count[ C:\xampp\htdocs\tp5\application\count\controller\Index.php ]
[ info ] [ DB ] INIT mysql
[ info ] [ LOG ] INIT File
[ sql ] [ DB ] CONNECT:[ UseTime:0.002000s ] mysql:dbname=sort;host=localhost;port=3306;charset=utf8
[ sql ] [ SQL ] SELECT game,emoi,scl,High_alpha,gamma,emoi_,scl_,Higt_a_,gamma_,
                emoi_sd,scl_sd,high_sd,gamma_sd,emoi_sd_,scl_sd_,high_sd_,gamma_sd_ FROM data_ls ORDER BY emoi_ ASC [ RunTime:0.001000s ]

---------------------------------------------------------------
[ 2017-05-11T18:21:52+08:00 ] ::1 ::1 POST /tp5/index.php/count/index/count.html
[ log ] localhost/tp5/index.php/count/index/count.html [运行时间：0.029002s][吞吐率：34.48req/s] [内存消耗：1,506.40kb] [文件加载：41]
[ info ] [ LANG ] C:\xampp\htdocs\tp5\thinkphp\lang\zh-cn.php
[ info ] [ ROUTE ] array (
  'type' => 'module',
  'module' => 
  array (
    0 => 'count',
    1 => 'index',
    2 => 'count',
  ),
)
[ info ] [ HEADER ] array (
  'host' => 'localhost',
  'connection' => 'keep-alive',
  'content-length' => '19',
  'accept' => 'application/json, text/javascript, */*; q=0.01',
  'origin' => 'http://localhost',
  'x-requested-with' => 'XMLHttpRequest',
  'user-agent' => 'Mozilla/5.0 (Windows NT 6.1; Win64; x64) AppleWebKit/537.36 (KHTML, like Gecko) Chrome/57.0.2987.133 Safari/537.36',
  'content-type' => 'application/x-www-form-urlencoded; charset=UTF-8',
  'referer' => 'http://localhost/tp5/index.php/demo/hello/count.html',
  'accept-encoding' => 'gzip, deflate, br',
  'accept-language' => 'zh-CN,zh;q=0.8',
  'cookie' => 'pgv_pvi=1445688320; Phpstorm-e4311aeb=e3ecb2d2-64ad-427e-a502-9b52cf11c2cf',
)
[ info ] [ PARAM ] array (
  'type' => '"emoi_sd_"',
)
[ info ] [ RUN ] app\count\controller\Index->count[ C:\xampp\htdocs\tp5\application\count\controller\Index.php ]
[ info ] [ DB ] INIT mysql
[ info ] [ LOG ] INIT File
[ sql ] [ DB ] CONNECT:[ UseTime:0.002001s ] mysql:dbname=sort;host=localhost;port=3306;charset=utf8
[ sql ] [ SQL ] SELECT game,emoi,scl,High_alpha,gamma,emoi_,scl_,Higt_a_,gamma_,
                emoi_sd,scl_sd,high_sd,gamma_sd,emoi_sd_,scl_sd_,high_sd_,gamma_sd_ FROM data_ls ORDER BY emoi_sd_ ASC [ RunTime:0.001000s ]

---------------------------------------------------------------
[ 2017-05-11T18:22:21+08:00 ] ::1 ::1 POST /tp5/index.php/count/index/count.html
[ log ] localhost/tp5/index.php/count/index/count.html [运行时间：0.025001s][吞吐率：40.00req/s] [内存消耗：1,506.47kb] [文件加载：41]
[ info ] [ LANG ] C:\xampp\htdocs\tp5\thinkphp\lang\zh-cn.php
[ info ] [ ROUTE ] array (
  'type' => 'module',
  'module' => 
  array (
    0 => 'count',
    1 => 'index',
    2 => 'count',
  ),
)
[ info ] [ HEADER ] array (
  'host' => 'localhost',
  'connection' => 'keep-alive',
  'content-length' => '15',
  'accept' => 'application/json, text/javascript, */*; q=0.01',
  'origin' => 'http://localhost',
  'x-requested-with' => 'XMLHttpRequest',
  'user-agent' => 'Mozilla/5.0 (Windows NT 6.1; Win64; x64) AppleWebKit/537.36 (KHTML, like Gecko) Chrome/57.0.2987.133 Safari/537.36',
  'content-type' => 'application/x-www-form-urlencoded; charset=UTF-8',
  'referer' => 'http://localhost/tp5/index.php/demo/hello/count.html',
  'accept-encoding' => 'gzip, deflate, br',
  'accept-language' => 'zh-CN,zh;q=0.8',
  'cookie' => 'pgv_pvi=1445688320; Phpstorm-e4311aeb=e3ecb2d2-64ad-427e-a502-9b52cf11c2cf',
)
[ info ] [ PARAM ] array (
  'type' => '"scl_"',
)
[ info ] [ RUN ] app\count\controller\Index->count[ C:\xampp\htdocs\tp5\application\count\controller\Index.php ]
[ info ] [ DB ] INIT mysql
[ info ] [ LOG ] INIT File
[ sql ] [ DB ] CONNECT:[ UseTime:0.002000s ] mysql:dbname=sort;host=localhost;port=3306;charset=utf8
[ sql ] [ SQL ] SELECT game,emoi,scl,High_alpha,gamma,emoi_,scl_,Higt_a_,gamma_,
                emoi_sd,scl_sd,high_sd,gamma_sd,emoi_sd_,scl_sd_,high_sd_,gamma_sd_ FROM data_ls ORDER BY scl_ ASC [ RunTime:0.000000s ]

---------------------------------------------------------------
[ 2017-05-11T18:22:48+08:00 ] ::1 ::1 POST /tp5/index.php/count/index/count.html
[ log ] localhost/tp5/index.php/count/index/count.html [运行时间：0.026002s][吞吐率：38.46req/s] [内存消耗：1,506.46kb] [文件加载：41]
[ info ] [ LANG ] C:\xampp\htdocs\tp5\thinkphp\lang\zh-cn.php
[ info ] [ ROUTE ] array (
  'type' => 'module',
  'module' => 
  array (
    0 => 'count',
    1 => 'index',
    2 => 'count',
  ),
)
[ info ] [ HEADER ] array (
  'host' => 'localhost',
  'connection' => 'keep-alive',
  'content-length' => '18',
  'accept' => 'application/json, text/javascript, */*; q=0.01',
  'origin' => 'http://localhost',
  'x-requested-with' => 'XMLHttpRequest',
  'user-agent' => 'Mozilla/5.0 (Windows NT 6.1; Win64; x64) AppleWebKit/537.36 (KHTML, like Gecko) Chrome/57.0.2987.133 Safari/537.36',
  'content-type' => 'application/x-www-form-urlencoded; charset=UTF-8',
  'referer' => 'http://localhost/tp5/index.php/demo/hello/count.html',
  'accept-encoding' => 'gzip, deflate, br',
  'accept-language' => 'zh-CN,zh;q=0.8',
  'cookie' => 'pgv_pvi=1445688320; Phpstorm-e4311aeb=e3ecb2d2-64ad-427e-a502-9b52cf11c2cf',
)
[ info ] [ PARAM ] array (
  'type' => '"scl_sd_"',
)
[ info ] [ RUN ] app\count\controller\Index->count[ C:\xampp\htdocs\tp5\application\count\controller\Index.php ]
[ info ] [ DB ] INIT mysql
[ info ] [ LOG ] INIT File
[ sql ] [ DB ] CONNECT:[ UseTime:0.003000s ] mysql:dbname=sort;host=localhost;port=3306;charset=utf8
[ sql ] [ SQL ] SELECT game,emoi,scl,High_alpha,gamma,emoi_,scl_,Higt_a_,gamma_,
                emoi_sd,scl_sd,high_sd,gamma_sd,emoi_sd_,scl_sd_,high_sd_,gamma_sd_ FROM data_ls ORDER BY scl_sd_ ASC [ RunTime:0.001000s ]

---------------------------------------------------------------
