[ 2017-05-25T13:54:09+08:00 ] ::1 ::1 GET /tp5/index.php/demo/hello/hello.html
[ log ] localhost/tp5/index.php/demo/hello/hello.html [运行时间：0.206012s][吞吐率：4.85req/s] [内存消耗：1,460.63kb] [文件加载：38]
[ info ] [ LANG ] C:\xampp\htdocs\tp5\thinkphp\lang\zh-cn.php
[ info ] [ ROUTE ] array (
  'type' => 'module',
  'module' => 
  array (
    0 => 'demo',
    1 => 'hello',
    2 => 'hello',
  ),
)
[ info ] [ HEADER ] array (
  'host' => 'localhost',
  'connection' => 'keep-alive',
  'cache-control' => 'max-age=0',
  'upgrade-insecure-requests' => '1',
  'user-agent' => 'Mozilla/5.0 (Windows NT 6.1; Win64; x64) AppleWebKit/537.36 (KHTML, like Gecko) Chrome/57.0.2987.133 Safari/537.36',
  'accept' => 'text/html,application/xhtml+xml,application/xml;q=0.9,image/webp,*/*;q=0.8',
  'accept-encoding' => 'gzip, deflate, sdch, br',
  'accept-language' => 'zh-CN,zh;q=0.8',
  'cookie' => 'pgv_pvi=1445688320',
)
[ info ] [ PARAM ] array (
)
[ info ] [ RUN ] app\demo\controller\Hello->hello[ C:\xampp\htdocs\tp5\application\demo\controller\Hello.php ]
[ info ] [ VIEW ] C:\xampp\htdocs\tp5/application/demo\view\hello\hello.html [ array (
) ]
[ info ] [ LOG ] INIT File

---------------------------------------------------------------
[ 2017-05-25T14:51:43+08:00 ] ::1 ::1 GET /tp5/index.php/demo/hello/hello.html
[ log ] localhost/tp5/index.php/demo/hello/hello.html [运行时间：0.048003s][吞吐率：20.83req/s] [内存消耗：1,462.21kb] [文件加载：38]
[ info ] [ LANG ] C:\xampp\htdocs\tp5\thinkphp\lang\zh-cn.php
[ info ] [ ROUTE ] array (
  'type' => 'module',
  'module' => 
  array (
    0 => 'demo',
    1 => 'hello',
    2 => 'hello',
  ),
)
[ info ] [ HEADER ] array (
  'host' => 'localhost',
  'connection' => 'keep-alive',
  'cache-control' => 'max-age=0',
  'upgrade-insecure-requests' => '1',
  'user-agent' => 'Mozilla/5.0 (Windows NT 6.1; Win64; x64) AppleWebKit/537.36 (KHTML, like Gecko) Chrome/57.0.2987.133 Safari/537.36',
  'accept' => 'text/html,application/xhtml+xml,application/xml;q=0.9,image/webp,*/*;q=0.8',
  'accept-encoding' => 'gzip, deflate, sdch, br',
  'accept-language' => 'zh-CN,zh;q=0.8',
  'cookie' => 'pgv_pvi=1445688320; Phpstorm-e4311aeb=e3ecb2d2-64ad-427e-a502-9b52cf11c2cf',
)
[ info ] [ PARAM ] array (
)
[ info ] [ RUN ] app\demo\controller\Hello->hello[ C:\xampp\htdocs\tp5\application\demo\controller\Hello.php ]
[ info ] [ VIEW ] C:\xampp\htdocs\tp5/application/demo\view\hello\hello.html [ array (
) ]
[ info ] [ LOG ] INIT File

---------------------------------------------------------------
[ 2017-05-25T14:51:45+08:00 ] ::1 ::1 GET /tp5/index.php/demo/hello/count.html
[ log ] localhost/tp5/index.php/demo/hello/count.html [运行时间：0.689039s][吞吐率：1.45req/s] [内存消耗：1,769.80kb] [文件加载：42]
[ info ] [ LANG ] C:\xampp\htdocs\tp5\thinkphp\lang\zh-cn.php
[ info ] [ ROUTE ] array (
  'type' => 'module',
  'module' => 
  array (
    0 => 'demo',
    1 => 'hello',
    2 => 'count',
  ),
)
[ info ] [ HEADER ] array (
  'host' => 'localhost',
  'connection' => 'keep-alive',
  'upgrade-insecure-requests' => '1',
  'user-agent' => 'Mozilla/5.0 (Windows NT 6.1; Win64; x64) AppleWebKit/537.36 (KHTML, like Gecko) Chrome/57.0.2987.133 Safari/537.36',
  'accept' => 'text/html,application/xhtml+xml,application/xml;q=0.9,image/webp,*/*;q=0.8',
  'referer' => 'http://localhost/tp5/index.php/demo/hello/hello.html',
  'accept-encoding' => 'gzip, deflate, sdch, br',
  'accept-language' => 'zh-CN,zh;q=0.8',
  'cookie' => 'pgv_pvi=1445688320; Phpstorm-e4311aeb=e3ecb2d2-64ad-427e-a502-9b52cf11c2cf',
)
[ info ] [ PARAM ] array (
)
[ info ] [ RUN ] app\demo\controller\Hello->Count[ C:\xampp\htdocs\tp5\application\demo\controller\Hello.php ]
[ info ] [ DB ] INIT mysql
[ info ] [ VIEW ] C:\xampp\htdocs\tp5/application/demo\view\hello\count.html [ array (
  0 => 'data',
) ]
[ info ] [ LOG ] INIT File
[ sql ] [ DB ] CONNECT:[ UseTime:0.011001s ] mysql:dbname=sort;host=localhost;port=3306;charset=utf8
[ sql ] [ SQL ] DELETE FROM data_ls WHERE 1=1 [ RunTime:0.069004s ]
[ sql ] [ SQL ] SELECT game,emoi,scl,High_alpha,gamma,
                              emoi_sd,scl_sd,high_sd,gamma_sd,
                              emoi_y,scl_y,high_y,gamma_y
                              FROM data [ RunTime:0.096006s ]
[ sql ] [ SQL ] INSERT INTO data_ls (
                            game,emoi_,scl_,Higt_a_,gamma_,
                            emoi_sd_,scl_sd_,high_sd_,gamma_sd_,
                            emoi_y_,scl_y_,high_y_,gamma_y_
) VALUES ('地堡','6','5','14','9',
          '13','12','3','9',
          '4','8','13','10'
) [ RunTime:0.038002s ]
[ sql ] [ SQL ] INSERT INTO data_ls (
                            game,emoi_,scl_,Higt_a_,gamma_,
                            emoi_sd_,scl_sd_,high_sd_,gamma_sd_,
                            emoi_y_,scl_y_,high_y_,gamma_y_
) VALUES ('返校','3','12','4','6',
          '1','5','15','11',
          '2','1','4','14'
) [ RunTime:0.033002s ]
[ sql ] [ SQL ] INSERT INTO data_ls (
                            game,emoi_,scl_,Higt_a_,gamma_,
                            emoi_sd_,scl_sd_,high_sd_,gamma_sd_,
                            emoi_y_,scl_y_,high_y_,gamma_y_
) VALUES ('弗吉尼亚','13','14','2','13',
          '5','3','13','13',
          '7','10','6','5'
) [ RunTime:0.022001s ]
[ sql ] [ SQL ] INSERT INTO data_ls (
                            game,emoi_,scl_,Higt_a_,gamma_,
                            emoi_sd_,scl_sd_,high_sd_,gamma_sd_,
                            emoi_y_,scl_y_,high_y_,gamma_y_
) VALUES ('光之子','2','4','6','3',
          '2','7','6','4',
          '8','5','11','11'
) [ RunTime:0.027002s ]
[ sql ] [ SQL ] INSERT INTO data_ls (
                            game,emoi_,scl_,Higt_a_,gamma_,
                            emoi_sd_,scl_sd_,high_sd_,gamma_sd_,
                            emoi_y_,scl_y_,high_y_,gamma_y_
) VALUES ('看火人','4','15','12','5',
          '15','1','4','7',
          '14','11','9','2'
) [ RunTime:0.022001s ]
[ sql ] [ SQL ] INSERT INTO data_ls (
                            game,emoi_,scl_,Higt_a_,gamma_,
                            emoi_sd_,scl_sd_,high_sd_,gamma_sd_,
                            emoi_y_,scl_y_,high_y_,gamma_y_
) VALUES ('逃生','7','6','15','11',
          '14','13','2','14',
          '12','7','14','8'
) [ RunTime:0.027002s ]
[ sql ] [ SQL ] INSERT INTO data_ls (
                            game,emoi_,scl_,Higt_a_,gamma_,
                            emoi_sd_,scl_sd_,high_sd_,gamma_sd_,
                            emoi_y_,scl_y_,high_y_,gamma_y_
) VALUES ('文明6','1','7','8','2',
          '12','14','12','5',
          '13','13','3','13'
) [ RunTime:0.031002s ]
[ sql ] [ SQL ] INSERT INTO data_ls (
                            game,emoi_,scl_,Higt_a_,gamma_,
                            emoi_sd_,scl_sd_,high_sd_,gamma_sd_,
                            emoi_y_,scl_y_,high_y_,gamma_y_
) VALUES ('巫师3','8','8','11','15',
          '4','6','9','3',
          '11','12','12','12'
) [ RunTime:0.027001s ]
[ sql ] [ SQL ] INSERT INTO data_ls (
                            game,emoi_,scl_,Higt_a_,gamma_,
                            emoi_sd_,scl_sd_,high_sd_,gamma_sd_,
                            emoi_y_,scl_y_,high_y_,gamma_y_
) VALUES ('无人深空','5','13','3','8',
          '10','8','14','15',
          '1','14','1','4'
) [ RunTime:0.023001s ]
[ sql ] [ SQL ] INSERT INTO data_ls (
                            game,emoi_,scl_,Higt_a_,gamma_,
                            emoi_sd_,scl_sd_,high_sd_,gamma_sd_,
                            emoi_y_,scl_y_,high_y_,gamma_y_
) VALUES ('失落城堡','11','10','7','7',
          '7','10','7','2',
          '5','4','8','9'
) [ RunTime:0.027002s ]
[ sql ] [ SQL ] INSERT INTO data_ls (
                            game,emoi_,scl_,Higt_a_,gamma_,
                            emoi_sd_,scl_sd_,high_sd_,gamma_sd_,
                            emoi_y_,scl_y_,high_y_,gamma_y_
) VALUES ('生化危机7','14','11','10','10',
          '3','11','11','12',
          '15','9','5','7'
) [ RunTime:0.023001s ]
[ sql ] [ SQL ] INSERT INTO data_ls (
                            game,emoi_,scl_,Higt_a_,gamma_,
                            emoi_sd_,scl_sd_,high_sd_,gamma_sd_,
                            emoi_y_,scl_y_,high_y_,gamma_y_
) VALUES ('小镇惊魂','9','3','13','14',
          '8','9','5','10',
          '9','2','7','6'
) [ RunTime:0.027002s ]
[ sql ] [ SQL ] INSERT INTO data_ls (
                            game,emoi_,scl_,Higt_a_,gamma_,
                            emoi_sd_,scl_sd_,high_sd_,gamma_sd_,
                            emoi_y_,scl_y_,high_y_,gamma_y_
) VALUES ('n++','12','2','9','12',
          '11','4','10','8',
          '6','3','2','3'
) [ RunTime:0.031002s ]
[ sql ] [ SQL ] INSERT INTO data_ls (
                            game,emoi_,scl_,Higt_a_,gamma_,
                            emoi_sd_,scl_sd_,high_sd_,gamma_sd_,
                            emoi_y_,scl_y_,high_y_,gamma_y_
) VALUES ('超级食肉男孩','10','1','5','4',
          '9','2','8','6',
          '3','6','15','15'
) [ RunTime:0.027001s ]
[ sql ] [ SQL ] INSERT INTO data_ls (
                            game,emoi_,scl_,Higt_a_,gamma_,
                            emoi_sd_,scl_sd_,high_sd_,gamma_sd_,
                            emoi_y_,scl_y_,high_y_,gamma_y_
) VALUES ('icecream','15','9','1','1',
          '6','15','1','1',
          '10','15','10','1'
) [ RunTime:0.022001s ]
[ sql ] [ SQL ] SELECT data.game,emoi,scl,High_alpha,gamma,
                            emoi_,scl_,Higt_a_,gamma_,
                            emoi_sd,scl_sd,high_sd,gamma_sd,
                            emoi_sd_,scl_sd_,high_sd_,gamma_sd_,
                            emoi_y,scl_y,high_y,gamma_y,
                            emoi_y_,scl_y_,high_y_,gamma_y_
                    FROM  data_ls INNER JOIN data ON (data.game = data_ls.game) [ RunTime:0.002001s ]

---------------------------------------------------------------
[ 2017-05-25T14:51:47+08:00 ] ::1 ::1 GET /tp5/index.php/demo/hello/count.html
[ log ] localhost/tp5/index.php/demo/hello/count.html [运行时间：0.627036s][吞吐率：1.59req/s] [内存消耗：1,769.80kb] [文件加载：42]
[ info ] [ LANG ] C:\xampp\htdocs\tp5\thinkphp\lang\zh-cn.php
[ info ] [ ROUTE ] array (
  'type' => 'module',
  'module' => 
  array (
    0 => 'demo',
    1 => 'hello',
    2 => 'count',
  ),
)
[ info ] [ HEADER ] array (
  'host' => 'localhost',
  'connection' => 'keep-alive',
  'upgrade-insecure-requests' => '1',
  'user-agent' => 'Mozilla/5.0 (Windows NT 6.1; Win64; x64) AppleWebKit/537.36 (KHTML, like Gecko) Chrome/57.0.2987.133 Safari/537.36',
  'accept' => 'text/html,application/xhtml+xml,application/xml;q=0.9,image/webp,*/*;q=0.8',
  'referer' => 'http://localhost/tp5/index.php/demo/hello/count.html',
  'accept-encoding' => 'gzip, deflate, sdch, br',
  'accept-language' => 'zh-CN,zh;q=0.8',
  'cookie' => 'pgv_pvi=1445688320; Phpstorm-e4311aeb=e3ecb2d2-64ad-427e-a502-9b52cf11c2cf',
)
[ info ] [ PARAM ] array (
)
[ info ] [ RUN ] app\demo\controller\Hello->Count[ C:\xampp\htdocs\tp5\application\demo\controller\Hello.php ]
[ info ] [ DB ] INIT mysql
[ info ] [ VIEW ] C:\xampp\htdocs\tp5/application/demo\view\hello\count.html [ array (
  0 => 'data',
) ]
[ info ] [ LOG ] INIT File
[ sql ] [ DB ] CONNECT:[ UseTime:0.013001s ] mysql:dbname=sort;host=localhost;port=3306;charset=utf8
[ sql ] [ SQL ] DELETE FROM data_ls WHERE 1=1 [ RunTime:0.089005s ]
[ sql ] [ SQL ] SELECT game,emoi,scl,High_alpha,gamma,
                              emoi_sd,scl_sd,high_sd,gamma_sd,
                              emoi_y,scl_y,high_y,gamma_y
                              FROM data [ RunTime:0.002000s ]
[ sql ] [ SQL ] INSERT INTO data_ls (
                            game,emoi_,scl_,Higt_a_,gamma_,
                            emoi_sd_,scl_sd_,high_sd_,gamma_sd_,
                            emoi_y_,scl_y_,high_y_,gamma_y_
) VALUES ('地堡','6','5','14','9',
          '13','12','3','9',
          '4','8','13','10'
) [ RunTime:0.097006s ]
[ sql ] [ SQL ] INSERT INTO data_ls (
                            game,emoi_,scl_,Higt_a_,gamma_,
                            emoi_sd_,scl_sd_,high_sd_,gamma_sd_,
                            emoi_y_,scl_y_,high_y_,gamma_y_
) VALUES ('返校','3','12','4','6',
          '1','5','15','11',
          '2','1','4','14'
) [ RunTime:0.027001s ]
[ sql ] [ SQL ] INSERT INTO data_ls (
                            game,emoi_,scl_,Higt_a_,gamma_,
                            emoi_sd_,scl_sd_,high_sd_,gamma_sd_,
                            emoi_y_,scl_y_,high_y_,gamma_y_
) VALUES ('弗吉尼亚','13','14','2','13',
          '5','3','13','13',
          '7','10','6','5'
) [ RunTime:0.022001s ]
[ sql ] [ SQL ] INSERT INTO data_ls (
                            game,emoi_,scl_,Higt_a_,gamma_,
                            emoi_sd_,scl_sd_,high_sd_,gamma_sd_,
                            emoi_y_,scl_y_,high_y_,gamma_y_
) VALUES ('光之子','2','4','6','3',
          '2','7','6','4',
          '8','5','11','11'
) [ RunTime:0.027002s ]
[ sql ] [ SQL ] INSERT INTO data_ls (
                            game,emoi_,scl_,Higt_a_,gamma_,
                            emoi_sd_,scl_sd_,high_sd_,gamma_sd_,
                            emoi_y_,scl_y_,high_y_,gamma_y_
) VALUES ('看火人','4','15','12','5',
          '15','1','4','7',
          '14','11','9','2'
) [ RunTime:0.022001s ]
[ sql ] [ SQL ] INSERT INTO data_ls (
                            game,emoi_,scl_,Higt_a_,gamma_,
                            emoi_sd_,scl_sd_,high_sd_,gamma_sd_,
                            emoi_y_,scl_y_,high_y_,gamma_y_
) VALUES ('逃生','7','6','15','11',
          '14','13','2','14',
          '12','7','14','8'
) [ RunTime:0.033002s ]
[ sql ] [ SQL ] INSERT INTO data_ls (
                            game,emoi_,scl_,Higt_a_,gamma_,
                            emoi_sd_,scl_sd_,high_sd_,gamma_sd_,
                            emoi_y_,scl_y_,high_y_,gamma_y_
) VALUES ('文明6','1','7','8','2',
          '12','14','12','5',
          '13','13','3','13'
) [ RunTime:0.028002s ]
[ sql ] [ SQL ] INSERT INTO data_ls (
                            game,emoi_,scl_,Higt_a_,gamma_,
                            emoi_sd_,scl_sd_,high_sd_,gamma_sd_,
                            emoi_y_,scl_y_,high_y_,gamma_y_
) VALUES ('巫师3','8','8','11','15',
          '4','6','9','3',
          '11','12','12','12'
) [ RunTime:0.022001s ]
[ sql ] [ SQL ] INSERT INTO data_ls (
                            game,emoi_,scl_,Higt_a_,gamma_,
                            emoi_sd_,scl_sd_,high_sd_,gamma_sd_,
                            emoi_y_,scl_y_,high_y_,gamma_y_
) VALUES ('无人深空','5','13','3','8',
          '10','8','14','15',
          '1','14','1','4'
) [ RunTime:0.028002s ]
[ sql ] [ SQL ] INSERT INTO data_ls (
                            game,emoi_,scl_,Higt_a_,gamma_,
                            emoi_sd_,scl_sd_,high_sd_,gamma_sd_,
                            emoi_y_,scl_y_,high_y_,gamma_y_
) VALUES ('失落城堡','11','10','7','7',
          '7','10','7','2',
          '5','4','8','9'
) [ RunTime:0.022001s ]
[ sql ] [ SQL ] INSERT INTO data_ls (
                            game,emoi_,scl_,Higt_a_,gamma_,
                            emoi_sd_,scl_sd_,high_sd_,gamma_sd_,
                            emoi_y_,scl_y_,high_y_,gamma_y_
) VALUES ('生化危机7','14','11','10','10',
          '3','11','11','12',
          '15','9','5','7'
) [ RunTime:0.028001s ]
[ sql ] [ SQL ] INSERT INTO data_ls (
                            game,emoi_,scl_,Higt_a_,gamma_,
                            emoi_sd_,scl_sd_,high_sd_,gamma_sd_,
                            emoi_y_,scl_y_,high_y_,gamma_y_
) VALUES ('小镇惊魂','9','3','13','14',
          '8','9','5','10',
          '9','2','7','6'
) [ RunTime:0.031002s ]
[ sql ] [ SQL ] INSERT INTO data_ls (
                            game,emoi_,scl_,Higt_a_,gamma_,
                            emoi_sd_,scl_sd_,high_sd_,gamma_sd_,
                            emoi_y_,scl_y_,high_y_,gamma_y_
) VALUES ('n++','12','2','9','12',
          '11','4','10','8',
          '6','3','2','3'
) [ RunTime:0.027002s ]
[ sql ] [ SQL ] INSERT INTO data_ls (
                            game,emoi_,scl_,Higt_a_,gamma_,
                            emoi_sd_,scl_sd_,high_sd_,gamma_sd_,
                            emoi_y_,scl_y_,high_y_,gamma_y_
) VALUES ('超级食肉男孩','10','1','5','4',
          '9','2','8','6',
          '3','6','15','15'
) [ RunTime:0.023001s ]
[ sql ] [ SQL ] INSERT INTO data_ls (
                            game,emoi_,scl_,Higt_a_,gamma_,
                            emoi_sd_,scl_sd_,high_sd_,gamma_sd_,
                            emoi_y_,scl_y_,high_y_,gamma_y_
) VALUES ('icecream','15','9','1','1',
          '6','15','1','1',
          '10','15','10','1'
) [ RunTime:0.027002s ]
[ sql ] [ SQL ] SELECT data.game,emoi,scl,High_alpha,gamma,
                            emoi_,scl_,Higt_a_,gamma_,
                            emoi_sd,scl_sd,high_sd,gamma_sd,
                            emoi_sd_,scl_sd_,high_sd_,gamma_sd_,
                            emoi_y,scl_y,high_y,gamma_y,
                            emoi_y_,scl_y_,high_y_,gamma_y_
                    FROM  data_ls INNER JOIN data ON (data.game = data_ls.game) [ RunTime:0.002000s ]

---------------------------------------------------------------
[ 2017-05-25T14:51:53+08:00 ] ::1 ::1 GET /tp5/index.php/demo/hello/project.html
[ log ] localhost/tp5/index.php/demo/hello/project.html [运行时间：0.096005s][吞吐率：10.42req/s] [内存消耗：1,674.01kb] [文件加载：42]
[ info ] [ LANG ] C:\xampp\htdocs\tp5\thinkphp\lang\zh-cn.php
[ info ] [ ROUTE ] array (
  'type' => 'module',
  'module' => 
  array (
    0 => 'demo',
    1 => 'hello',
    2 => 'project',
  ),
)
[ info ] [ HEADER ] array (
  'host' => 'localhost',
  'connection' => 'keep-alive',
  'upgrade-insecure-requests' => '1',
  'user-agent' => 'Mozilla/5.0 (Windows NT 6.1; Win64; x64) AppleWebKit/537.36 (KHTML, like Gecko) Chrome/57.0.2987.133 Safari/537.36',
  'accept' => 'text/html,application/xhtml+xml,application/xml;q=0.9,image/webp,*/*;q=0.8',
  'referer' => 'http://localhost/tp5/index.php/demo/hello/hello.html',
  'accept-encoding' => 'gzip, deflate, sdch, br',
  'accept-language' => 'zh-CN,zh;q=0.8',
  'cookie' => 'pgv_pvi=1445688320; Phpstorm-e4311aeb=e3ecb2d2-64ad-427e-a502-9b52cf11c2cf',
)
[ info ] [ PARAM ] array (
)
[ info ] [ RUN ] app\demo\controller\Hello->project[ C:\xampp\htdocs\tp5\application\demo\controller\Hello.php ]
[ info ] [ DB ] INIT mysql
[ info ] [ VIEW ] C:\xampp\htdocs\tp5/application/demo\view\hello\project.html [ array (
  0 => 'project_name',
) ]
[ info ] [ LOG ] INIT File
[ sql ] [ DB ] CONNECT:[ UseTime:0.014000s ] mysql:dbname=sort;host=localhost;port=3306;charset=utf8
[ sql ] [ SQL ] select project_name from project [ RunTime:0.019002s ]

---------------------------------------------------------------
[ 2017-05-25T14:51:54+08:00 ] ::1 ::1 GET /tp5/index.php/demo/hello/group.html
[ log ] localhost/tp5/index.php/demo/hello/group.html [运行时间：0.135008s][吞吐率：7.41req/s] [内存消耗：1,705.93kb] [文件加载：43]
[ info ] [ LANG ] C:\xampp\htdocs\tp5\thinkphp\lang\zh-cn.php
[ info ] [ ROUTE ] array (
  'type' => 'module',
  'module' => 
  array (
    0 => 'demo',
    1 => 'hello',
    2 => 'group',
  ),
)
[ info ] [ HEADER ] array (
  'host' => 'localhost',
  'connection' => 'keep-alive',
  'upgrade-insecure-requests' => '1',
  'user-agent' => 'Mozilla/5.0 (Windows NT 6.1; Win64; x64) AppleWebKit/537.36 (KHTML, like Gecko) Chrome/57.0.2987.133 Safari/537.36',
  'accept' => 'text/html,application/xhtml+xml,application/xml;q=0.9,image/webp,*/*;q=0.8',
  'referer' => 'http://localhost/tp5/index.php/demo/hello/project.html',
  'accept-encoding' => 'gzip, deflate, sdch, br',
  'accept-language' => 'zh-CN,zh;q=0.8',
  'cookie' => 'project_name=%E6%8E%92%E5%BA%8F; pgv_pvi=1445688320; Phpstorm-e4311aeb=e3ecb2d2-64ad-427e-a502-9b52cf11c2cf',
)
[ info ] [ PARAM ] array (
)
[ info ] [ RUN ] app\demo\controller\Hello->group[ C:\xampp\htdocs\tp5\application\demo\controller\Hello.php ]
[ info ] [ DB ] INIT mysql
[ info ] [ VIEW ] C:\xampp\htdocs\tp5/application/demo\view\hello\group.html [ array (
  0 => 'project_n',
  1 => 'project_id',
  2 => 'group_name',
) ]
[ info ] [ LOG ] INIT File
[ sql ] [ DB ] CONNECT:[ UseTime:0.012000s ] mysql:dbname=sort;host=localhost;port=3306;charset=utf8
[ sql ] [ SQL ] select project_id from project WHERE project_name = '排序' [ RunTime:0.000000s ]
[ sql ] [ SQL ] select group_name from group_ WHERE group_id IN (SELECT group_id FROM project_group WHERE project_id = '1') [ RunTime:0.052003s ]

---------------------------------------------------------------
[ 2017-05-25T14:51:55+08:00 ] ::1 ::1 GET /tp5/index.php/demo/hello/sortnew.html
[ log ] localhost/tp5/index.php/demo/hello/sortnew.html [运行时间：0.180010s][吞吐率：5.56req/s] [内存消耗：1,868.63kb] [文件加载：45]
[ info ] [ LANG ] C:\xampp\htdocs\tp5\thinkphp\lang\zh-cn.php
[ info ] [ ROUTE ] array (
  'type' => 'module',
  'module' => 
  array (
    0 => 'demo',
    1 => 'hello',
    2 => 'sortnew',
  ),
)
[ info ] [ HEADER ] array (
  'host' => 'localhost',
  'connection' => 'keep-alive',
  'upgrade-insecure-requests' => '1',
  'user-agent' => 'Mozilla/5.0 (Windows NT 6.1; Win64; x64) AppleWebKit/537.36 (KHTML, like Gecko) Chrome/57.0.2987.133 Safari/537.36',
  'accept' => 'text/html,application/xhtml+xml,application/xml;q=0.9,image/webp,*/*;q=0.8',
  'referer' => 'http://localhost/tp5/index.php/demo/hello/group.html',
  'accept-encoding' => 'gzip, deflate, sdch, br',
  'accept-language' => 'zh-CN,zh;q=0.8',
  'cookie' => 'project_name=%E6%8E%92%E5%BA%8F; group_name=%E8%B6%85%E7%BA%A7%E9%A3%9F%E8%82%89%E7%94%B7%E5%AD%A9; project_id=1; pgv_pvi=1445688320; Phpstorm-e4311aeb=e3ecb2d2-64ad-427e-a502-9b52cf11c2cf',
)
[ info ] [ PARAM ] array (
)
[ info ] [ RUN ] app\demo\controller\Hello->sortNew[ C:\xampp\htdocs\tp5\application\demo\controller\Hello.php ]
[ info ] [ DB ] INIT mysql
[ info ] [ VIEW ] C:\xampp\htdocs\tp5/application/demo\view\hello\sortnew.html [ array (
  0 => 'game',
  1 => 'group_n',
  2 => 'data',
) ]
[ info ] [ LOG ] INIT File
[ sql ] [ DB ] CONNECT:[ UseTime:0.004001s ] mysql:dbname=sort;host=localhost;port=3306;charset=utf8
[ sql ] [ SQL ] select g_id,g_name from game [ RunTime:0.035002s ]
[ sql ] [ SQL ] select group_id from group_ WHERE group_name = '超级食肉男孩' [ RunTime:0.001000s ]
[ sql ] [ SQL ] select game.g_name,data_.emoi,data_.scl,data_.High_alpha,data_.gamma,data_.tag 
                     FROM data_ LEFT JOIN test ON(data_.test_id = test.test_id) 
                     LEFT JOIN game ON (test.g_id = game.g_id) WHERE data_.id IN 
                     (SELECT test_id FROM group_test WHERE group_id = '2') [ RunTime:0.056003s ]

---------------------------------------------------------------
[ 2017-05-25T14:51:57+08:00 ] ::1 ::1 GET /tp5/index.php/demo/hello/sortnew.html
[ log ] localhost/tp5/index.php/demo/hello/sortnew.html [运行时间：0.069004s][吞吐率：14.49req/s] [内存消耗：1,712.65kb] [文件加载：43]
[ info ] [ LANG ] C:\xampp\htdocs\tp5\thinkphp\lang\zh-cn.php
[ info ] [ ROUTE ] array (
  'type' => 'module',
  'module' => 
  array (
    0 => 'demo',
    1 => 'hello',
    2 => 'sortnew',
  ),
)
[ info ] [ HEADER ] array (
  'host' => 'localhost',
  'connection' => 'keep-alive',
  'cache-control' => 'max-age=0',
  'upgrade-insecure-requests' => '1',
  'user-agent' => 'Mozilla/5.0 (Windows NT 6.1; Win64; x64) AppleWebKit/537.36 (KHTML, like Gecko) Chrome/57.0.2987.133 Safari/537.36',
  'accept' => 'text/html,application/xhtml+xml,application/xml;q=0.9,image/webp,*/*;q=0.8',
  'referer' => 'http://localhost/tp5/index.php/demo/hello/group.html',
  'accept-encoding' => 'gzip, deflate, sdch, br',
  'accept-language' => 'zh-CN,zh;q=0.8',
  'cookie' => 'project_name=%E6%8E%92%E5%BA%8F; group_name=%E8%B6%85%E7%BA%A7%E9%A3%9F%E8%82%89%E7%94%B7%E5%AD%A9; project_id=1; pgv_pvi=1445688320; Phpstorm-e4311aeb=e3ecb2d2-64ad-427e-a502-9b52cf11c2cf',
)
[ info ] [ PARAM ] array (
)
[ info ] [ RUN ] app\demo\controller\Hello->sortNew[ C:\xampp\htdocs\tp5\application\demo\controller\Hello.php ]
[ info ] [ DB ] INIT mysql
[ info ] [ VIEW ] C:\xampp\htdocs\tp5/application/demo\view\hello\sortnew.html [ array (
  0 => 'game',
  1 => 'group_n',
  2 => 'data',
) ]
[ info ] [ LOG ] INIT File
[ sql ] [ DB ] CONNECT:[ UseTime:0.013000s ] mysql:dbname=sort;host=localhost;port=3306;charset=utf8
[ sql ] [ SQL ] select g_id,g_name from game [ RunTime:0.001000s ]
[ sql ] [ SQL ] select group_id from group_ WHERE group_name = '超级食肉男孩' [ RunTime:0.001000s ]
[ sql ] [ SQL ] select game.g_name,data_.emoi,data_.scl,data_.High_alpha,data_.gamma,data_.tag 
                     FROM data_ LEFT JOIN test ON(data_.test_id = test.test_id) 
                     LEFT JOIN game ON (test.g_id = game.g_id) WHERE data_.id IN 
                     (SELECT test_id FROM group_test WHERE group_id = '2') [ RunTime:0.001000s ]

---------------------------------------------------------------
[ 2017-05-25T14:51:58+08:00 ] ::1 ::1 GET /tp5/index.php/demo/hello/projectcount.html
[ log ] localhost/tp5/index.php/demo/hello/projectcount.html [运行时间：0.082005s][吞吐率：12.19req/s] [内存消耗：1,860.65kb] [文件加载：48]
[ info ] [ LANG ] C:\xampp\htdocs\tp5\thinkphp\lang\zh-cn.php
[ info ] [ ROUTE ] array (
  'type' => 'module',
  'module' => 
  array (
    0 => 'demo',
    1 => 'hello',
    2 => 'projectcount',
  ),
)
[ info ] [ HEADER ] array (
  'host' => 'localhost',
  'connection' => 'keep-alive',
  'upgrade-insecure-requests' => '1',
  'user-agent' => 'Mozilla/5.0 (Windows NT 6.1; Win64; x64) AppleWebKit/537.36 (KHTML, like Gecko) Chrome/57.0.2987.133 Safari/537.36',
  'accept' => 'text/html,application/xhtml+xml,application/xml;q=0.9,image/webp,*/*;q=0.8',
  'referer' => 'http://localhost/tp5/index.php/demo/hello/sortnew.html',
  'accept-encoding' => 'gzip, deflate, sdch, br',
  'accept-language' => 'zh-CN,zh;q=0.8',
  'cookie' => 'project_name=%E6%8E%92%E5%BA%8F; group_name=%E8%B6%85%E7%BA%A7%E9%A3%9F%E8%82%89%E7%94%B7%E5%AD%A9; project_id=1; pgv_pvi=1445688320; Phpstorm-e4311aeb=e3ecb2d2-64ad-427e-a502-9b52cf11c2cf',
)
[ info ] [ PARAM ] array (
)
[ info ] [ RUN ] app\demo\controller\Hello->projectCount[ C:\xampp\htdocs\tp5\application\demo\controller\Hello.php ]
[ info ] [ DB ] INIT mysql
[ info ] [ VIEW ] C:\xampp\htdocs\tp5/application/demo\view\hello\projectcount.html [ array (
  0 => 'project',
) ]
[ info ] [ LOG ] INIT File
[ sql ] [ DB ] CONNECT:[ UseTime:0.002000s ] mysql:dbname=sort;host=localhost;port=3306;charset=utf8
[ sql ] [ SQL ] SELECT project_id,project_name FROM project [ RunTime:0.000000s ]
[ error ] [8]未定义变量: group_name[C:\xampp\htdocs\tp5\runtime\temp\55f17254a056d3884acfe20364cc1e0f.php:38]

---------------------------------------------------------------
[ 2017-05-25T14:52:18+08:00 ] ::1 ::1 GET /tp5/index.php/demo/hello/projectcount.html
[ log ] localhost/tp5/index.php/demo/hello/projectcount.html [运行时间：0.053003s][吞吐率：18.87req/s] [内存消耗：1,860.81kb] [文件加载：48]
[ info ] [ LANG ] C:\xampp\htdocs\tp5\thinkphp\lang\zh-cn.php
[ info ] [ ROUTE ] array (
  'type' => 'module',
  'module' => 
  array (
    0 => 'demo',
    1 => 'hello',
    2 => 'projectcount',
  ),
)
[ info ] [ HEADER ] array (
  'host' => 'localhost',
  'connection' => 'keep-alive',
  'cache-control' => 'max-age=0',
  'upgrade-insecure-requests' => '1',
  'user-agent' => 'Mozilla/5.0 (Windows NT 6.1; Win64; x64) AppleWebKit/537.36 (KHTML, like Gecko) Chrome/57.0.2987.133 Safari/537.36',
  'accept' => 'text/html,application/xhtml+xml,application/xml;q=0.9,image/webp,*/*;q=0.8',
  'referer' => 'http://localhost/tp5/index.php/demo/hello/sortnew.html',
  'accept-encoding' => 'gzip, deflate, sdch, br',
  'accept-language' => 'zh-CN,zh;q=0.8',
  'cookie' => 'project_name=%E6%8E%92%E5%BA%8F; group_name=%E8%B6%85%E7%BA%A7%E9%A3%9F%E8%82%89%E7%94%B7%E5%AD%A9; project_id=1; pgv_pvi=1445688320; Phpstorm-e4311aeb=e3ecb2d2-64ad-427e-a502-9b52cf11c2cf',
)
[ info ] [ PARAM ] array (
)
[ info ] [ RUN ] app\demo\controller\Hello->projectCount[ C:\xampp\htdocs\tp5\application\demo\controller\Hello.php ]
[ info ] [ DB ] INIT mysql
[ info ] [ VIEW ] C:\xampp\htdocs\tp5/application/demo\view\hello\projectcount.html [ array (
  0 => 'project',
) ]
[ info ] [ LOG ] INIT File
[ sql ] [ DB ] CONNECT:[ UseTime:0.002001s ] mysql:dbname=sort;host=localhost;port=3306;charset=utf8
[ sql ] [ SQL ] SELECT project_id,project_name FROM project [ RunTime:0.000000s ]
[ error ] [8]未定义变量: project_name[C:\xampp\htdocs\tp5\runtime\temp\55f17254a056d3884acfe20364cc1e0f.php:38]

---------------------------------------------------------------
[ 2017-05-25T14:53:01+08:00 ] ::1 ::1 GET /tp5/index.php/demo/hello/projectcount.html
[ log ] localhost/tp5/index.php/demo/hello/projectcount.html [运行时间：0.038002s][吞吐率：26.31req/s] [内存消耗：1,817.05kb] [文件加载：44]
[ info ] [ LANG ] C:\xampp\htdocs\tp5\thinkphp\lang\zh-cn.php
[ info ] [ ROUTE ] array (
  'type' => 'module',
  'module' => 
  array (
    0 => 'demo',
    1 => 'hello',
    2 => 'projectcount',
  ),
)
[ info ] [ HEADER ] array (
  'host' => 'localhost',
  'connection' => 'keep-alive',
  'cache-control' => 'max-age=0',
  'upgrade-insecure-requests' => '1',
  'user-agent' => 'Mozilla/5.0 (Windows NT 6.1; Win64; x64) AppleWebKit/537.36 (KHTML, like Gecko) Chrome/57.0.2987.133 Safari/537.36',
  'accept' => 'text/html,application/xhtml+xml,application/xml;q=0.9,image/webp,*/*;q=0.8',
  'referer' => 'http://localhost/tp5/index.php/demo/hello/sortnew.html',
  'accept-encoding' => 'gzip, deflate, sdch, br',
  'accept-language' => 'zh-CN,zh;q=0.8',
  'cookie' => 'project_name=%E6%8E%92%E5%BA%8F; group_name=%E8%B6%85%E7%BA%A7%E9%A3%9F%E8%82%89%E7%94%B7%E5%AD%A9; project_id=1; pgv_pvi=1445688320; Phpstorm-e4311aeb=e3ecb2d2-64ad-427e-a502-9b52cf11c2cf',
)
[ info ] [ PARAM ] array (
)
[ info ] [ RUN ] app\demo\controller\Hello->projectCount[ C:\xampp\htdocs\tp5\application\demo\controller\Hello.php ]
[ info ] [ DB ] INIT mysql
[ info ] [ VIEW ] C:\xampp\htdocs\tp5/application/demo\view\hello\projectcount.html [ array (
  0 => 'project',
) ]
[ info ] [ LOG ] INIT File
[ sql ] [ DB ] CONNECT:[ UseTime:0.003000s ] mysql:dbname=sort;host=localhost;port=3306;charset=utf8
[ sql ] [ SQL ] SELECT project_id,project_name FROM project [ RunTime:0.000000s ]

---------------------------------------------------------------
[ 2017-05-25T14:58:36+08:00 ] ::1 ::1 GET /tp5/index.php/demo/hello/projectcount.html
[ log ] localhost/tp5/index.php/demo/hello/projectcount.html [运行时间：0.047002s][吞吐率：21.28req/s] [内存消耗：1,817.33kb] [文件加载：44]
[ info ] [ LANG ] C:\xampp\htdocs\tp5\thinkphp\lang\zh-cn.php
[ info ] [ ROUTE ] array (
  'type' => 'module',
  'module' => 
  array (
    0 => 'demo',
    1 => 'hello',
    2 => 'projectcount',
  ),
)
[ info ] [ HEADER ] array (
  'host' => 'localhost',
  'connection' => 'keep-alive',
  'cache-control' => 'max-age=0',
  'upgrade-insecure-requests' => '1',
  'user-agent' => 'Mozilla/5.0 (Windows NT 6.1; Win64; x64) AppleWebKit/537.36 (KHTML, like Gecko) Chrome/57.0.2987.133 Safari/537.36',
  'accept' => 'text/html,application/xhtml+xml,application/xml;q=0.9,image/webp,*/*;q=0.8',
  'referer' => 'http://localhost/tp5/index.php/demo/hello/sortnew.html',
  'accept-encoding' => 'gzip, deflate, sdch, br',
  'accept-language' => 'zh-CN,zh;q=0.8',
  'cookie' => 'project_name=%E6%8E%92%E5%BA%8F; group_name=%E8%B6%85%E7%BA%A7%E9%A3%9F%E8%82%89%E7%94%B7%E5%AD%A9; project_id=1; pgv_pvi=1445688320; Phpstorm-e4311aeb=e3ecb2d2-64ad-427e-a502-9b52cf11c2cf',
)
[ info ] [ PARAM ] array (
)
[ info ] [ RUN ] app\demo\controller\Hello->projectCount[ C:\xampp\htdocs\tp5\application\demo\controller\Hello.php ]
[ info ] [ DB ] INIT mysql
[ info ] [ VIEW ] C:\xampp\htdocs\tp5/application/demo\view\hello\projectcount.html [ array (
  0 => 'project',
) ]
[ info ] [ LOG ] INIT File
[ sql ] [ DB ] CONNECT:[ UseTime:0.002000s ] mysql:dbname=sort;host=localhost;port=3306;charset=utf8
[ sql ] [ SQL ] SELECT project_id,project_name FROM project [ RunTime:0.001000s ]

---------------------------------------------------------------
[ 2017-05-25T15:41:01+08:00 ] ::1 ::1 GET /tp5/index.php/demo/hello/projectcount.html
[ log ] localhost/tp5/index.php/demo/hello/projectcount.html [运行时间：0.054003s][吞吐率：18.52req/s] [内存消耗：1,817.30kb] [文件加载：44]
[ info ] [ LANG ] C:\xampp\htdocs\tp5\thinkphp\lang\zh-cn.php
[ info ] [ ROUTE ] array (
  'type' => 'module',
  'module' => 
  array (
    0 => 'demo',
    1 => 'hello',
    2 => 'projectcount',
  ),
)
[ info ] [ HEADER ] array (
  'host' => 'localhost',
  'connection' => 'keep-alive',
  'cache-control' => 'max-age=0',
  'upgrade-insecure-requests' => '1',
  'user-agent' => 'Mozilla/5.0 (Windows NT 6.1; Win64; x64) AppleWebKit/537.36 (KHTML, like Gecko) Chrome/57.0.2987.133 Safari/537.36',
  'accept' => 'text/html,application/xhtml+xml,application/xml;q=0.9,image/webp,*/*;q=0.8',
  'referer' => 'http://localhost/tp5/index.php/demo/hello/sortnew.html',
  'accept-encoding' => 'gzip, deflate, sdch, br',
  'accept-language' => 'zh-CN,zh;q=0.8',
  'cookie' => 'project_name=%E6%8E%92%E5%BA%8F; group_name=%E8%B6%85%E7%BA%A7%E9%A3%9F%E8%82%89%E7%94%B7%E5%AD%A9; project_id=1; pgv_pvi=1445688320; Phpstorm-e4311aeb=e3ecb2d2-64ad-427e-a502-9b52cf11c2cf',
)
[ info ] [ PARAM ] array (
)
[ info ] [ RUN ] app\demo\controller\Hello->projectCount[ C:\xampp\htdocs\tp5\application\demo\controller\Hello.php ]
[ info ] [ DB ] INIT mysql
[ info ] [ VIEW ] C:\xampp\htdocs\tp5/application/demo\view\hello\projectcount.html [ array (
  0 => 'project',
) ]
[ info ] [ LOG ] INIT File
[ sql ] [ DB ] CONNECT:[ UseTime:0.002000s ] mysql:dbname=sort;host=localhost;port=3306;charset=utf8
[ sql ] [ SQL ] SELECT project_id,project_name FROM project [ RunTime:0.001000s ]

---------------------------------------------------------------
