[ 2017-05-26T10:19:21+08:00 ] ::1 ::1 GET /tp5/index.php/demo/hello/hello.html
[ log ] localhost/tp5/index.php/demo/hello/hello.html [运行时间：0.093006s][吞吐率：10.75req/s] [内存消耗：1,604.44kb] [文件加载：40]
[ info ] [ LANG ] C:\xampp\htdocs\tp5\thinkphp\lang\zh-cn.php
[ info ] [ ROUTE ] array (
  'type' => 'module',
  'module' => 
  array (
    0 => 'demo',
    1 => 'hello',
    2 => 'hello',
  ),
)
[ info ] [ HEADER ] array (
  'host' => 'localhost',
  'connection' => 'keep-alive',
  'upgrade-insecure-requests' => '1',
  'user-agent' => 'Mozilla/5.0 (Windows NT 6.1; Win64; x64) AppleWebKit/537.36 (KHTML, like Gecko) Chrome/57.0.2987.133 Safari/537.36',
  'accept' => 'text/html,application/xhtml+xml,application/xml;q=0.9,image/webp,*/*;q=0.8',
  'accept-encoding' => 'gzip, deflate, sdch, br',
  'accept-language' => 'zh-CN,zh;q=0.8',
  'cookie' => 'pgv_pvi=1445688320; Phpstorm-e4311aeb=e3ecb2d2-64ad-427e-a502-9b52cf11c2cf',
)
[ info ] [ PARAM ] array (
)
[ info ] [ RUN ] app\demo\controller\Hello->hello[ C:\xampp\htdocs\tp5\application\demo\controller\Hello.php ]
[ info ] [ VIEW ] C:\xampp\htdocs\tp5/application/demo\view\hello\hello.html [ array (
) ]
[ info ] [ LOG ] INIT File

---------------------------------------------------------------
[ 2017-05-26T10:19:23+08:00 ] ::1 ::1 GET /tp5/index.php/demo/hello/projectcount.html
[ log ] localhost/tp5/index.php/demo/hello/projectcount.html [运行时间：0.413623s][吞吐率：2.42req/s] [内存消耗：1,817.02kb] [文件加载：44]
[ info ] [ LANG ] C:\xampp\htdocs\tp5\thinkphp\lang\zh-cn.php
[ info ] [ ROUTE ] array (
  'type' => 'module',
  'module' => 
  array (
    0 => 'demo',
    1 => 'hello',
    2 => 'projectcount',
  ),
)
[ info ] [ HEADER ] array (
  'host' => 'localhost',
  'connection' => 'keep-alive',
  'upgrade-insecure-requests' => '1',
  'user-agent' => 'Mozilla/5.0 (Windows NT 6.1; Win64; x64) AppleWebKit/537.36 (KHTML, like Gecko) Chrome/57.0.2987.133 Safari/537.36',
  'accept' => 'text/html,application/xhtml+xml,application/xml;q=0.9,image/webp,*/*;q=0.8',
  'referer' => 'http://localhost/tp5/index.php/demo/hello/hello.html',
  'accept-encoding' => 'gzip, deflate, sdch, br',
  'accept-language' => 'zh-CN,zh;q=0.8',
  'cookie' => 'pgv_pvi=1445688320; Phpstorm-e4311aeb=e3ecb2d2-64ad-427e-a502-9b52cf11c2cf',
)
[ info ] [ PARAM ] array (
)
[ info ] [ RUN ] app\demo\controller\Hello->projectCount[ C:\xampp\htdocs\tp5\application\demo\controller\Hello.php ]
[ info ] [ DB ] INIT mysql
[ info ] [ VIEW ] C:\xampp\htdocs\tp5/application/demo\view\hello\projectcount.html [ array (
  0 => 'project',
) ]
[ info ] [ LOG ] INIT File
[ sql ] [ DB ] CONNECT:[ UseTime:0.013001s ] mysql:dbname=sort;host=localhost;port=3306;charset=utf8
[ sql ] [ SQL ] SELECT project_id,project_name FROM project [ RunTime:0.145008s ]

---------------------------------------------------------------
[ 2017-05-26T14:18:29+08:00 ] ::1 ::1 GET /tp5/index.php/demo/hello/projectcount.html
[ log ] localhost/tp5/index.php/demo/hello/projectcount.html [运行时间：0.035002s][吞吐率：28.57req/s] [内存消耗：1,817.94kb] [文件加载：44]
[ info ] [ LANG ] C:\xampp\htdocs\tp5\thinkphp\lang\zh-cn.php
[ info ] [ ROUTE ] array (
  'type' => 'module',
  'module' => 
  array (
    0 => 'demo',
    1 => 'hello',
    2 => 'projectcount',
  ),
)
[ info ] [ HEADER ] array (
  'host' => 'localhost',
  'connection' => 'keep-alive',
  'cache-control' => 'max-age=0',
  'upgrade-insecure-requests' => '1',
  'user-agent' => 'Mozilla/5.0 (Windows NT 6.1; Win64; x64) AppleWebKit/537.36 (KHTML, like Gecko) Chrome/57.0.2987.133 Safari/537.36',
  'accept' => 'text/html,application/xhtml+xml,application/xml;q=0.9,image/webp,*/*;q=0.8',
  'referer' => 'http://localhost/tp5/index.php/demo/hello/hello.html',
  'accept-encoding' => 'gzip, deflate, sdch, br',
  'accept-language' => 'zh-CN,zh;q=0.8',
  'cookie' => 'pgv_pvi=1445688320; Phpstorm-e4311aeb=e3ecb2d2-64ad-427e-a502-9b52cf11c2cf',
)
[ info ] [ PARAM ] array (
)
[ info ] [ RUN ] app\demo\controller\Hello->projectCount[ C:\xampp\htdocs\tp5\application\demo\controller\Hello.php ]
[ info ] [ DB ] INIT mysql
[ info ] [ VIEW ] C:\xampp\htdocs\tp5/application/demo\view\hello\projectcount.html [ array (
  0 => 'project',
) ]
[ info ] [ LOG ] INIT File
[ sql ] [ DB ] CONNECT:[ UseTime:0.002000s ] mysql:dbname=sort;host=localhost;port=3306;charset=utf8
[ sql ] [ SQL ] SELECT project_id,project_name FROM project [ RunTime:0.000000s ]

---------------------------------------------------------------
[ 2017-05-26T14:18:31+08:00 ] ::1 ::1 GET /tp5/index.php/demo/hello/count.html
[ log ] localhost/tp5/index.php/demo/hello/count.html [运行时间：0.747042s][吞吐率：1.34req/s] [内存消耗：1,970.21kb] [文件加载：45]
[ info ] [ LANG ] C:\xampp\htdocs\tp5\thinkphp\lang\zh-cn.php
[ info ] [ ROUTE ] array (
  'type' => 'module',
  'module' => 
  array (
    0 => 'demo',
    1 => 'hello',
    2 => 'count',
  ),
)
[ info ] [ HEADER ] array (
  'host' => 'localhost',
  'connection' => 'keep-alive',
  'upgrade-insecure-requests' => '1',
  'user-agent' => 'Mozilla/5.0 (Windows NT 6.1; Win64; x64) AppleWebKit/537.36 (KHTML, like Gecko) Chrome/57.0.2987.133 Safari/537.36',
  'accept' => 'text/html,application/xhtml+xml,application/xml;q=0.9,image/webp,*/*;q=0.8',
  'referer' => 'http://localhost/tp5/index.php/demo/hello/projectcount.html',
  'accept-encoding' => 'gzip, deflate, sdch, br',
  'accept-language' => 'zh-CN,zh;q=0.8',
  'cookie' => 'project_id=1; pgv_pvi=1445688320; Phpstorm-e4311aeb=e3ecb2d2-64ad-427e-a502-9b52cf11c2cf',
)
[ info ] [ PARAM ] array (
)
[ info ] [ RUN ] app\demo\controller\Hello->Count[ C:\xampp\htdocs\tp5\application\demo\controller\Hello.php ]
[ info ] [ DB ] INIT mysql
[ info ] [ VIEW ] C:\xampp\htdocs\tp5/application/demo\view\hello\count.html [ array (
  0 => 'data',
) ]
[ info ] [ LOG ] INIT File
[ sql ] [ DB ] CONNECT:[ UseTime:0.013001s ] mysql:dbname=sort;host=localhost;port=3306;charset=utf8
[ sql ] [ SQL ] DELETE FROM data_ls WHERE 1=1 [ RunTime:0.096005s ]
[ sql ] [ SQL ] SELECT game,emoi,scl,High_alpha,gamma,
                              emoi_sd,scl_sd,high_sd,gamma_sd,
                              emoi_y,scl_y,high_y,gamma_y
                              FROM data [ RunTime:0.093005s ]
[ sql ] [ SQL ] INSERT INTO data_ls (
                            game,emoi_,scl_,Higt_a_,gamma_,
                            emoi_sd_,scl_sd_,high_sd_,gamma_sd_,
                            emoi_y_,scl_y_,high_y_,gamma_y_
) VALUES ('地堡','6','5','14','9',
          '13','12','3','9',
          '4','8','13','10'
) [ RunTime:0.063004s ]
[ sql ] [ SQL ] INSERT INTO data_ls (
                            game,emoi_,scl_,Higt_a_,gamma_,
                            emoi_sd_,scl_sd_,high_sd_,gamma_sd_,
                            emoi_y_,scl_y_,high_y_,gamma_y_
) VALUES ('返校','3','12','4','6',
          '1','5','15','11',
          '2','1','4','14'
) [ RunTime:0.027001s ]
[ sql ] [ SQL ] INSERT INTO data_ls (
                            game,emoi_,scl_,Higt_a_,gamma_,
                            emoi_sd_,scl_sd_,high_sd_,gamma_sd_,
                            emoi_y_,scl_y_,high_y_,gamma_y_
) VALUES ('弗吉尼亚','13','14','2','13',
          '5','3','13','13',
          '7','10','6','5'
) [ RunTime:0.022001s ]
[ sql ] [ SQL ] INSERT INTO data_ls (
                            game,emoi_,scl_,Higt_a_,gamma_,
                            emoi_sd_,scl_sd_,high_sd_,gamma_sd_,
                            emoi_y_,scl_y_,high_y_,gamma_y_
) VALUES ('光之子','2','4','6','3',
          '2','7','6','4',
          '8','5','11','11'
) [ RunTime:0.036002s ]
[ sql ] [ SQL ] INSERT INTO data_ls (
                            game,emoi_,scl_,Higt_a_,gamma_,
                            emoi_sd_,scl_sd_,high_sd_,gamma_sd_,
                            emoi_y_,scl_y_,high_y_,gamma_y_
) VALUES ('看火人','4','15','12','5',
          '15','1','4','7',
          '14','11','9','2'
) [ RunTime:0.022002s ]
[ sql ] [ SQL ] INSERT INTO data_ls (
                            game,emoi_,scl_,Higt_a_,gamma_,
                            emoi_sd_,scl_sd_,high_sd_,gamma_sd_,
                            emoi_y_,scl_y_,high_y_,gamma_y_
) VALUES ('逃生','7','6','15','11',
          '14','13','2','14',
          '12','7','14','8'
) [ RunTime:0.028001s ]
[ sql ] [ SQL ] INSERT INTO data_ls (
                            game,emoi_,scl_,Higt_a_,gamma_,
                            emoi_sd_,scl_sd_,high_sd_,gamma_sd_,
                            emoi_y_,scl_y_,high_y_,gamma_y_
) VALUES ('文明6','1','7','8','2',
          '12','14','12','5',
          '13','13','3','13'
) [ RunTime:0.031002s ]
[ sql ] [ SQL ] INSERT INTO data_ls (
                            game,emoi_,scl_,Higt_a_,gamma_,
                            emoi_sd_,scl_sd_,high_sd_,gamma_sd_,
                            emoi_y_,scl_y_,high_y_,gamma_y_
) VALUES ('巫师3','8','8','11','15',
          '4','6','9','3',
          '11','12','12','12'
) [ RunTime:0.027002s ]
[ sql ] [ SQL ] INSERT INTO data_ls (
                            game,emoi_,scl_,Higt_a_,gamma_,
                            emoi_sd_,scl_sd_,high_sd_,gamma_sd_,
                            emoi_y_,scl_y_,high_y_,gamma_y_
) VALUES ('无人深空','5','13','3','8',
          '10','8','14','15',
          '1','14','1','4'
) [ RunTime:0.022001s ]
[ sql ] [ SQL ] INSERT INTO data_ls (
                            game,emoi_,scl_,Higt_a_,gamma_,
                            emoi_sd_,scl_sd_,high_sd_,gamma_sd_,
                            emoi_y_,scl_y_,high_y_,gamma_y_
) VALUES ('失落城堡','11','10','7','7',
          '7','10','7','2',
          '5','4','8','9'
) [ RunTime:0.035002s ]
[ sql ] [ SQL ] INSERT INTO data_ls (
                            game,emoi_,scl_,Higt_a_,gamma_,
                            emoi_sd_,scl_sd_,high_sd_,gamma_sd_,
                            emoi_y_,scl_y_,high_y_,gamma_y_
) VALUES ('生化危机7','14','11','10','10',
          '3','11','11','12',
          '15','9','5','7'
) [ RunTime:0.023001s ]
[ sql ] [ SQL ] INSERT INTO data_ls (
                            game,emoi_,scl_,Higt_a_,gamma_,
                            emoi_sd_,scl_sd_,high_sd_,gamma_sd_,
                            emoi_y_,scl_y_,high_y_,gamma_y_
) VALUES ('小镇惊魂','9','3','13','14',
          '8','9','5','10',
          '9','2','7','6'
) [ RunTime:0.027002s ]
[ sql ] [ SQL ] INSERT INTO data_ls (
                            game,emoi_,scl_,Higt_a_,gamma_,
                            emoi_sd_,scl_sd_,high_sd_,gamma_sd_,
                            emoi_y_,scl_y_,high_y_,gamma_y_
) VALUES ('n++','12','2','9','12',
          '11','4','10','8',
          '6','3','2','3'
) [ RunTime:0.023001s ]
[ sql ] [ SQL ] INSERT INTO data_ls (
                            game,emoi_,scl_,Higt_a_,gamma_,
                            emoi_sd_,scl_sd_,high_sd_,gamma_sd_,
                            emoi_y_,scl_y_,high_y_,gamma_y_
) VALUES ('超级食肉男孩','10','1','5','4',
          '9','2','8','6',
          '3','6','15','15'
) [ RunTime:0.027002s ]
[ sql ] [ SQL ] INSERT INTO data_ls (
                            game,emoi_,scl_,Higt_a_,gamma_,
                            emoi_sd_,scl_sd_,high_sd_,gamma_sd_,
                            emoi_y_,scl_y_,high_y_,gamma_y_
) VALUES ('icecream','15','9','1','1',
          '6','15','1','1',
          '10','15','10','1'
) [ RunTime:0.023001s ]
[ sql ] [ SQL ] SELECT data.game,emoi,scl,High_alpha,gamma,
                            emoi_,scl_,Higt_a_,gamma_,
                            emoi_sd,scl_sd,high_sd,gamma_sd,
                            emoi_sd_,scl_sd_,high_sd_,gamma_sd_,
                            emoi_y,scl_y,high_y,gamma_y,
                            emoi_y_,scl_y_,high_y_,gamma_y_
                    FROM  data_ls INNER JOIN data ON (data.game = data_ls.game) [ RunTime:0.002000s ]

---------------------------------------------------------------
[ 2017-05-26T14:18:36+08:00 ] ::1 ::1 GET /tp5/index.php/demo/hello/count.html
[ log ] localhost/tp5/index.php/demo/hello/count.html [运行时间：0.576033s][吞吐率：1.74req/s] [内存消耗：1,797.73kb] [文件加载：43]
[ info ] [ LANG ] C:\xampp\htdocs\tp5\thinkphp\lang\zh-cn.php
[ info ] [ ROUTE ] array (
  'type' => 'module',
  'module' => 
  array (
    0 => 'demo',
    1 => 'hello',
    2 => 'count',
  ),
)
[ info ] [ HEADER ] array (
  'host' => 'localhost',
  'connection' => 'keep-alive',
  'upgrade-insecure-requests' => '1',
  'user-agent' => 'Mozilla/5.0 (Windows NT 6.1; Win64; x64) AppleWebKit/537.36 (KHTML, like Gecko) Chrome/57.0.2987.133 Safari/537.36',
  'accept' => 'text/html,application/xhtml+xml,application/xml;q=0.9,image/webp,*/*;q=0.8',
  'referer' => 'http://localhost/tp5/index.php/demo/hello/projectcount.html',
  'accept-encoding' => 'gzip, deflate, sdch, br',
  'accept-language' => 'zh-CN,zh;q=0.8',
  'cookie' => 'project_id=2; pgv_pvi=1445688320; Phpstorm-e4311aeb=e3ecb2d2-64ad-427e-a502-9b52cf11c2cf',
)
[ info ] [ PARAM ] array (
)
[ info ] [ RUN ] app\demo\controller\Hello->Count[ C:\xampp\htdocs\tp5\application\demo\controller\Hello.php ]
[ info ] [ DB ] INIT mysql
[ info ] [ VIEW ] C:\xampp\htdocs\tp5/application/demo\view\hello\count.html [ array (
  0 => 'data',
) ]
[ info ] [ LOG ] INIT File
[ sql ] [ DB ] CONNECT:[ UseTime:0.013001s ] mysql:dbname=sort;host=localhost;port=3306;charset=utf8
[ sql ] [ SQL ] DELETE FROM data_ls WHERE 1=1 [ RunTime:0.072004s ]
[ sql ] [ SQL ] SELECT game,emoi,scl,High_alpha,gamma,
                              emoi_sd,scl_sd,high_sd,gamma_sd,
                              emoi_y,scl_y,high_y,gamma_y
                              FROM data [ RunTime:0.002000s ]
[ sql ] [ SQL ] INSERT INTO data_ls (
                            game,emoi_,scl_,Higt_a_,gamma_,
                            emoi_sd_,scl_sd_,high_sd_,gamma_sd_,
                            emoi_y_,scl_y_,high_y_,gamma_y_
) VALUES ('地堡','6','5','14','9',
          '13','12','3','9',
          '4','8','13','10'
) [ RunTime:0.046003s ]
[ sql ] [ SQL ] INSERT INTO data_ls (
                            game,emoi_,scl_,Higt_a_,gamma_,
                            emoi_sd_,scl_sd_,high_sd_,gamma_sd_,
                            emoi_y_,scl_y_,high_y_,gamma_y_
) VALUES ('返校','3','12','4','6',
          '1','5','15','11',
          '2','1','4','14'
) [ RunTime:0.023001s ]
[ sql ] [ SQL ] INSERT INTO data_ls (
                            game,emoi_,scl_,Higt_a_,gamma_,
                            emoi_sd_,scl_sd_,high_sd_,gamma_sd_,
                            emoi_y_,scl_y_,high_y_,gamma_y_
) VALUES ('弗吉尼亚','13','14','2','13',
          '5','3','13','13',
          '7','10','6','5'
) [ RunTime:0.027002s ]
[ sql ] [ SQL ] INSERT INTO data_ls (
                            game,emoi_,scl_,Higt_a_,gamma_,
                            emoi_sd_,scl_sd_,high_sd_,gamma_sd_,
                            emoi_y_,scl_y_,high_y_,gamma_y_
) VALUES ('光之子','2','4','6','3',
          '2','7','6','4',
          '8','5','11','11'
) [ RunTime:0.023001s ]
[ sql ] [ SQL ] INSERT INTO data_ls (
                            game,emoi_,scl_,Higt_a_,gamma_,
                            emoi_sd_,scl_sd_,high_sd_,gamma_sd_,
                            emoi_y_,scl_y_,high_y_,gamma_y_
) VALUES ('看火人','4','15','12','5',
          '15','1','4','7',
          '14','11','9','2'
) [ RunTime:0.035002s ]
[ sql ] [ SQL ] INSERT INTO data_ls (
                            game,emoi_,scl_,Higt_a_,gamma_,
                            emoi_sd_,scl_sd_,high_sd_,gamma_sd_,
                            emoi_y_,scl_y_,high_y_,gamma_y_
) VALUES ('逃生','7','6','15','11',
          '14','13','2','14',
          '12','7','14','8'
) [ RunTime:0.022001s ]
[ sql ] [ SQL ] INSERT INTO data_ls (
                            game,emoi_,scl_,Higt_a_,gamma_,
                            emoi_sd_,scl_sd_,high_sd_,gamma_sd_,
                            emoi_y_,scl_y_,high_y_,gamma_y_
) VALUES ('文明6','1','7','8','2',
          '12','14','12','5',
          '13','13','3','13'
) [ RunTime:0.027002s ]
[ sql ] [ SQL ] INSERT INTO data_ls (
                            game,emoi_,scl_,Higt_a_,gamma_,
                            emoi_sd_,scl_sd_,high_sd_,gamma_sd_,
                            emoi_y_,scl_y_,high_y_,gamma_y_
) VALUES ('巫师3','8','8','11','15',
          '4','6','9','3',
          '11','12','12','12'
) [ RunTime:0.022001s ]
[ sql ] [ SQL ] INSERT INTO data_ls (
                            game,emoi_,scl_,Higt_a_,gamma_,
                            emoi_sd_,scl_sd_,high_sd_,gamma_sd_,
                            emoi_y_,scl_y_,high_y_,gamma_y_
) VALUES ('无人深空','5','13','3','8',
          '10','8','14','15',
          '1','14','1','4'
) [ RunTime:0.027002s ]
[ sql ] [ SQL ] INSERT INTO data_ls (
                            game,emoi_,scl_,Higt_a_,gamma_,
                            emoi_sd_,scl_sd_,high_sd_,gamma_sd_,
                            emoi_y_,scl_y_,high_y_,gamma_y_
) VALUES ('失落城堡','11','10','7','7',
          '7','10','7','2',
          '5','4','8','9'
) [ RunTime:0.030002s ]
[ sql ] [ SQL ] INSERT INTO data_ls (
                            game,emoi_,scl_,Higt_a_,gamma_,
                            emoi_sd_,scl_sd_,high_sd_,gamma_sd_,
                            emoi_y_,scl_y_,high_y_,gamma_y_
) VALUES ('生化危机7','14','11','10','10',
          '3','11','11','12',
          '15','9','5','7'
) [ RunTime:0.027001s ]
[ sql ] [ SQL ] INSERT INTO data_ls (
                            game,emoi_,scl_,Higt_a_,gamma_,
                            emoi_sd_,scl_sd_,high_sd_,gamma_sd_,
                            emoi_y_,scl_y_,high_y_,gamma_y_
) VALUES ('小镇惊魂','9','3','13','14',
          '8','9','5','10',
          '9','2','7','6'
) [ RunTime:0.022001s ]
[ sql ] [ SQL ] INSERT INTO data_ls (
                            game,emoi_,scl_,Higt_a_,gamma_,
                            emoi_sd_,scl_sd_,high_sd_,gamma_sd_,
                            emoi_y_,scl_y_,high_y_,gamma_y_
) VALUES ('n++','12','2','9','12',
          '11','4','10','8',
          '6','3','2','3'
) [ RunTime:0.028002s ]
[ sql ] [ SQL ] INSERT INTO data_ls (
                            game,emoi_,scl_,Higt_a_,gamma_,
                            emoi_sd_,scl_sd_,high_sd_,gamma_sd_,
                            emoi_y_,scl_y_,high_y_,gamma_y_
) VALUES ('超级食肉男孩','10','1','5','4',
          '9','2','8','6',
          '3','6','15','15'
) [ RunTime:0.022001s ]
[ sql ] [ SQL ] INSERT INTO data_ls (
                            game,emoi_,scl_,Higt_a_,gamma_,
                            emoi_sd_,scl_sd_,high_sd_,gamma_sd_,
                            emoi_y_,scl_y_,high_y_,gamma_y_
) VALUES ('icecream','15','9','1','1',
          '6','15','1','1',
          '10','15','10','1'
) [ RunTime:0.028002s ]
[ sql ] [ SQL ] SELECT data.game,emoi,scl,High_alpha,gamma,
                            emoi_,scl_,Higt_a_,gamma_,
                            emoi_sd,scl_sd,high_sd,gamma_sd,
                            emoi_sd_,scl_sd_,high_sd_,gamma_sd_,
                            emoi_y,scl_y,high_y,gamma_y,
                            emoi_y_,scl_y_,high_y_,gamma_y_
                    FROM  data_ls INNER JOIN data ON (data.game = data_ls.game) [ RunTime:0.002000s ]

---------------------------------------------------------------
[ 2017-05-26T14:18:41+08:00 ] ::1 ::1 GET /tp5/index.php/demo/hello/count.html
[ log ] localhost/tp5/index.php/demo/hello/count.html [运行时间：0.596034s][吞吐率：1.68req/s] [内存消耗：1,797.73kb] [文件加载：43]
[ info ] [ LANG ] C:\xampp\htdocs\tp5\thinkphp\lang\zh-cn.php
[ info ] [ ROUTE ] array (
  'type' => 'module',
  'module' => 
  array (
    0 => 'demo',
    1 => 'hello',
    2 => 'count',
  ),
)
[ info ] [ HEADER ] array (
  'host' => 'localhost',
  'connection' => 'keep-alive',
  'upgrade-insecure-requests' => '1',
  'user-agent' => 'Mozilla/5.0 (Windows NT 6.1; Win64; x64) AppleWebKit/537.36 (KHTML, like Gecko) Chrome/57.0.2987.133 Safari/537.36',
  'accept' => 'text/html,application/xhtml+xml,application/xml;q=0.9,image/webp,*/*;q=0.8',
  'referer' => 'http://localhost/tp5/index.php/demo/hello/projectcount.html',
  'accept-encoding' => 'gzip, deflate, sdch, br',
  'accept-language' => 'zh-CN,zh;q=0.8',
  'cookie' => 'project_id=1; pgv_pvi=1445688320; Phpstorm-e4311aeb=e3ecb2d2-64ad-427e-a502-9b52cf11c2cf',
)
[ info ] [ PARAM ] array (
)
[ info ] [ RUN ] app\demo\controller\Hello->Count[ C:\xampp\htdocs\tp5\application\demo\controller\Hello.php ]
[ info ] [ DB ] INIT mysql
[ info ] [ VIEW ] C:\xampp\htdocs\tp5/application/demo\view\hello\count.html [ array (
  0 => 'data',
) ]
[ info ] [ LOG ] INIT File
[ sql ] [ DB ] CONNECT:[ UseTime:0.012001s ] mysql:dbname=sort;host=localhost;port=3306;charset=utf8
[ sql ] [ SQL ] DELETE FROM data_ls WHERE 1=1 [ RunTime:0.055003s ]
[ sql ] [ SQL ] SELECT game,emoi,scl,High_alpha,gamma,
                              emoi_sd,scl_sd,high_sd,gamma_sd,
                              emoi_y,scl_y,high_y,gamma_y
                              FROM data [ RunTime:0.001000s ]
[ sql ] [ SQL ] INSERT INTO data_ls (
                            game,emoi_,scl_,Higt_a_,gamma_,
                            emoi_sd_,scl_sd_,high_sd_,gamma_sd_,
                            emoi_y_,scl_y_,high_y_,gamma_y_
) VALUES ('地堡','6','5','14','9',
          '13','12','3','9',
          '4','8','13','10'
) [ RunTime:0.052003s ]
[ sql ] [ SQL ] INSERT INTO data_ls (
                            game,emoi_,scl_,Higt_a_,gamma_,
                            emoi_sd_,scl_sd_,high_sd_,gamma_sd_,
                            emoi_y_,scl_y_,high_y_,gamma_y_
) VALUES ('返校','3','12','4','6',
          '1','5','15','11',
          '2','1','4','14'
) [ RunTime:0.057004s ]
[ sql ] [ SQL ] INSERT INTO data_ls (
                            game,emoi_,scl_,Higt_a_,gamma_,
                            emoi_sd_,scl_sd_,high_sd_,gamma_sd_,
                            emoi_y_,scl_y_,high_y_,gamma_y_
) VALUES ('弗吉尼亚','13','14','2','13',
          '5','3','13','13',
          '7','10','6','5'
) [ RunTime:0.037002s ]
[ sql ] [ SQL ] INSERT INTO data_ls (
                            game,emoi_,scl_,Higt_a_,gamma_,
                            emoi_sd_,scl_sd_,high_sd_,gamma_sd_,
                            emoi_y_,scl_y_,high_y_,gamma_y_
) VALUES ('光之子','2','4','6','3',
          '2','7','6','4',
          '8','5','11','11'
) [ RunTime:0.022001s ]
[ sql ] [ SQL ] INSERT INTO data_ls (
                            game,emoi_,scl_,Higt_a_,gamma_,
                            emoi_sd_,scl_sd_,high_sd_,gamma_sd_,
                            emoi_y_,scl_y_,high_y_,gamma_y_
) VALUES ('看火人','4','15','12','5',
          '15','1','4','7',
          '14','11','9','2'
) [ RunTime:0.027002s ]
[ sql ] [ SQL ] INSERT INTO data_ls (
                            game,emoi_,scl_,Higt_a_,gamma_,
                            emoi_sd_,scl_sd_,high_sd_,gamma_sd_,
                            emoi_y_,scl_y_,high_y_,gamma_y_
) VALUES ('逃生','7','6','15','11',
          '14','13','2','14',
          '12','7','14','8'
) [ RunTime:0.022001s ]
[ sql ] [ SQL ] INSERT INTO data_ls (
                            game,emoi_,scl_,Higt_a_,gamma_,
                            emoi_sd_,scl_sd_,high_sd_,gamma_sd_,
                            emoi_y_,scl_y_,high_y_,gamma_y_
) VALUES ('文明6','1','7','8','2',
          '12','14','12','5',
          '13','13','3','13'
) [ RunTime:0.027001s ]
[ sql ] [ SQL ] INSERT INTO data_ls (
                            game,emoi_,scl_,Higt_a_,gamma_,
                            emoi_sd_,scl_sd_,high_sd_,gamma_sd_,
                            emoi_y_,scl_y_,high_y_,gamma_y_
) VALUES ('巫师3','8','8','11','15',
          '4','6','9','3',
          '11','12','12','12'
) [ RunTime:0.022002s ]
[ sql ] [ SQL ] INSERT INTO data_ls (
                            game,emoi_,scl_,Higt_a_,gamma_,
                            emoi_sd_,scl_sd_,high_sd_,gamma_sd_,
                            emoi_y_,scl_y_,high_y_,gamma_y_
) VALUES ('无人深空','5','13','3','8',
          '10','8','14','15',
          '1','14','1','4'
) [ RunTime:0.036002s ]
[ sql ] [ SQL ] INSERT INTO data_ls (
                            game,emoi_,scl_,Higt_a_,gamma_,
                            emoi_sd_,scl_sd_,high_sd_,gamma_sd_,
                            emoi_y_,scl_y_,high_y_,gamma_y_
) VALUES ('失落城堡','11','10','7','7',
          '7','10','7','2',
          '5','4','8','9'
) [ RunTime:0.022001s ]
[ sql ] [ SQL ] INSERT INTO data_ls (
                            game,emoi_,scl_,Higt_a_,gamma_,
                            emoi_sd_,scl_sd_,high_sd_,gamma_sd_,
                            emoi_y_,scl_y_,high_y_,gamma_y_
) VALUES ('生化危机7','14','11','10','10',
          '3','11','11','12',
          '15','9','5','7'
) [ RunTime:0.028002s ]
[ sql ] [ SQL ] INSERT INTO data_ls (
                            game,emoi_,scl_,Higt_a_,gamma_,
                            emoi_sd_,scl_sd_,high_sd_,gamma_sd_,
                            emoi_y_,scl_y_,high_y_,gamma_y_
) VALUES ('小镇惊魂','9','3','13','14',
          '8','9','5','10',
          '9','2','7','6'
) [ RunTime:0.022001s ]
[ sql ] [ SQL ] INSERT INTO data_ls (
                            game,emoi_,scl_,Higt_a_,gamma_,
                            emoi_sd_,scl_sd_,high_sd_,gamma_sd_,
                            emoi_y_,scl_y_,high_y_,gamma_y_
) VALUES ('n++','12','2','9','12',
          '11','4','10','8',
          '6','3','2','3'
) [ RunTime:0.028001s ]
[ sql ] [ SQL ] INSERT INTO data_ls (
                            game,emoi_,scl_,Higt_a_,gamma_,
                            emoi_sd_,scl_sd_,high_sd_,gamma_sd_,
                            emoi_y_,scl_y_,high_y_,gamma_y_
) VALUES ('超级食肉男孩','10','1','5','4',
          '9','2','8','6',
          '3','6','15','15'
) [ RunTime:0.022002s ]
[ sql ] [ SQL ] INSERT INTO data_ls (
                            game,emoi_,scl_,Higt_a_,gamma_,
                            emoi_sd_,scl_sd_,high_sd_,gamma_sd_,
                            emoi_y_,scl_y_,high_y_,gamma_y_
) VALUES ('icecream','15','9','1','1',
          '6','15','1','1',
          '10','15','10','1'
) [ RunTime:0.036002s ]
[ sql ] [ SQL ] SELECT data.game,emoi,scl,High_alpha,gamma,
                            emoi_,scl_,Higt_a_,gamma_,
                            emoi_sd,scl_sd,high_sd,gamma_sd,
                            emoi_sd_,scl_sd_,high_sd_,gamma_sd_,
                            emoi_y,scl_y,high_y,gamma_y,
                            emoi_y_,scl_y_,high_y_,gamma_y_
                    FROM  data_ls INNER JOIN data ON (data.game = data_ls.game) [ RunTime:0.002000s ]

---------------------------------------------------------------
[ 2017-05-26T14:19:59+08:00 ] ::1 ::1 GET /tp5/index.php/demo/hello/projectcount.html
[ log ] localhost/tp5/index.php/demo/hello/projectcount.html [运行时间：0.039002s][吞吐率：25.64req/s] [内存消耗：1,675.77kb] [文件加载：42]
[ info ] [ LANG ] C:\xampp\htdocs\tp5\thinkphp\lang\zh-cn.php
[ info ] [ ROUTE ] array (
  'type' => 'module',
  'module' => 
  array (
    0 => 'demo',
    1 => 'hello',
    2 => 'projectcount',
  ),
)
[ info ] [ HEADER ] array (
  'host' => 'localhost',
  'connection' => 'keep-alive',
  'cache-control' => 'max-age=0',
  'upgrade-insecure-requests' => '1',
  'user-agent' => 'Mozilla/5.0 (Windows NT 6.1; Win64; x64) AppleWebKit/537.36 (KHTML, like Gecko) Chrome/57.0.2987.133 Safari/537.36',
  'accept' => 'text/html,application/xhtml+xml,application/xml;q=0.9,image/webp,*/*;q=0.8',
  'referer' => 'http://localhost/tp5/index.php/demo/hello/hello.html',
  'accept-encoding' => 'gzip, deflate, sdch, br',
  'accept-language' => 'zh-CN,zh;q=0.8',
  'cookie' => 'project_id=1; pgv_pvi=1445688320; Phpstorm-e4311aeb=e3ecb2d2-64ad-427e-a502-9b52cf11c2cf',
)
[ info ] [ PARAM ] array (
)
[ info ] [ RUN ] app\demo\controller\Hello->projectCount[ C:\xampp\htdocs\tp5\application\demo\controller\Hello.php ]
[ info ] [ DB ] INIT mysql
[ info ] [ VIEW ] C:\xampp\htdocs\tp5/application/demo\view\hello\projectcount.html [ array (
  0 => 'project',
) ]
[ info ] [ LOG ] INIT File
[ sql ] [ DB ] CONNECT:[ UseTime:0.012001s ] mysql:dbname=sort;host=localhost;port=3306;charset=utf8
[ sql ] [ SQL ] SELECT project_id,project_name FROM project [ RunTime:0.001000s ]

---------------------------------------------------------------
[ 2017-05-26T14:20:01+08:00 ] ::1 ::1 GET /tp5/index.php/demo/hello/count.html
[ log ] localhost/tp5/index.php/demo/hello/count.html [运行时间：0.622036s][吞吐率：1.61req/s] [内存消耗：1,793.34kb] [文件加载：43]
[ info ] [ LANG ] C:\xampp\htdocs\tp5\thinkphp\lang\zh-cn.php
[ info ] [ ROUTE ] array (
  'type' => 'module',
  'module' => 
  array (
    0 => 'demo',
    1 => 'hello',
    2 => 'count',
  ),
)
[ info ] [ HEADER ] array (
  'host' => 'localhost',
  'connection' => 'keep-alive',
  'upgrade-insecure-requests' => '1',
  'user-agent' => 'Mozilla/5.0 (Windows NT 6.1; Win64; x64) AppleWebKit/537.36 (KHTML, like Gecko) Chrome/57.0.2987.133 Safari/537.36',
  'accept' => 'text/html,application/xhtml+xml,application/xml;q=0.9,image/webp,*/*;q=0.8',
  'referer' => 'http://localhost/tp5/index.php/demo/hello/projectcount.html',
  'accept-encoding' => 'gzip, deflate, sdch, br',
  'accept-language' => 'zh-CN,zh;q=0.8',
  'cookie' => 'project_id=1; pgv_pvi=1445688320; Phpstorm-e4311aeb=e3ecb2d2-64ad-427e-a502-9b52cf11c2cf',
)
[ info ] [ PARAM ] array (
)
[ info ] [ RUN ] app\demo\controller\Hello->Count[ C:\xampp\htdocs\tp5\application\demo\controller\Hello.php ]
[ info ] [ DB ] INIT mysql
[ info ] [ VIEW ] C:\xampp\htdocs\tp5/application/demo\view\hello\count.html [ array (
  0 => 'data',
) ]
[ info ] [ LOG ] INIT File
[ sql ] [ DB ] CONNECT:[ UseTime:0.012001s ] mysql:dbname=sort;host=localhost;port=3306;charset=utf8
[ sql ] [ SQL ] DELETE FROM data_ls WHERE 1=1 [ RunTime:0.069004s ]
[ sql ] [ SQL ] SELECT game,emoi,scl,High_alpha,gamma,
                              emoi_sd,scl_sd,high_sd,gamma_sd,
                              emoi_y,scl_y,high_y,gamma_y
                              FROM data WHERE project_id = '1' [ RunTime:0.002000s ]
[ sql ] [ SQL ] INSERT INTO data_ls (
                            game,emoi_,scl_,Higt_a_,gamma_,
                            emoi_sd_,scl_sd_,high_sd_,gamma_sd_,
                            emoi_y_,scl_y_,high_y_,gamma_y_
) VALUES ('地堡','6','5','13','8',
          '12','12','2','8',
          '4','8','12','9'
) [ RunTime:0.130008s ]
[ sql ] [ SQL ] INSERT INTO data_ls (
                            game,emoi_,scl_,Higt_a_,gamma_,
                            emoi_sd_,scl_sd_,high_sd_,gamma_sd_,
                            emoi_y_,scl_y_,high_y_,gamma_y_
) VALUES ('返校','3','11','3','5',
          '1','5','14','10',
          '2','1','4','13'
) [ RunTime:0.022001s ]
[ sql ] [ SQL ] INSERT INTO data_ls (
                            game,emoi_,scl_,Higt_a_,gamma_,
                            emoi_sd_,scl_sd_,high_sd_,gamma_sd_,
                            emoi_y_,scl_y_,high_y_,gamma_y_
) VALUES ('弗吉尼亚','13','13','1','12',
          '5','3','12','12',
          '7','10','6','4'
) [ RunTime:0.027002s ]
[ sql ] [ SQL ] INSERT INTO data_ls (
                            game,emoi_,scl_,Higt_a_,gamma_,
                            emoi_sd_,scl_sd_,high_sd_,gamma_sd_,
                            emoi_y_,scl_y_,high_y_,gamma_y_
) VALUES ('光之子','2','4','5','2',
          '2','7','5','3',
          '8','5','10','10'
) [ RunTime:0.031001s ]
[ sql ] [ SQL ] INSERT INTO data_ls (
                            game,emoi_,scl_,Higt_a_,gamma_,
                            emoi_sd_,scl_sd_,high_sd_,gamma_sd_,
                            emoi_y_,scl_y_,high_y_,gamma_y_
) VALUES ('看火人','4','14','11','4',
          '14','1','3','6',
          '13','11','9','1'
) [ RunTime:0.027002s ]
[ sql ] [ SQL ] INSERT INTO data_ls (
                            game,emoi_,scl_,Higt_a_,gamma_,
                            emoi_sd_,scl_sd_,high_sd_,gamma_sd_,
                            emoi_y_,scl_y_,high_y_,gamma_y_
) VALUES ('逃生','7','6','14','10',
          '13','13','1','13',
          '11','7','13','7'
) [ RunTime:0.022001s ]
[ sql ] [ SQL ] INSERT INTO data_ls (
                            game,emoi_,scl_,Higt_a_,gamma_,
                            emoi_sd_,scl_sd_,high_sd_,gamma_sd_,
                            emoi_y_,scl_y_,high_y_,gamma_y_
) VALUES ('文明6','1','7','7','1',
          '11','14','11','4',
          '12','13','3','12'
) [ RunTime:0.027002s ]
[ sql ] [ SQL ] INSERT INTO data_ls (
                            game,emoi_,scl_,Higt_a_,gamma_,
                            emoi_sd_,scl_sd_,high_sd_,gamma_sd_,
                            emoi_y_,scl_y_,high_y_,gamma_y_
) VALUES ('巫师3','8','8','10','14',
          '4','6','8','2',
          '10','12','11','11'
) [ RunTime:0.022001s ]
[ sql ] [ SQL ] INSERT INTO data_ls (
                            game,emoi_,scl_,Higt_a_,gamma_,
                            emoi_sd_,scl_sd_,high_sd_,gamma_sd_,
                            emoi_y_,scl_y_,high_y_,gamma_y_
) VALUES ('无人深空','5','12','2','7',
          '9','8','13','14',
          '1','14','1','3'
) [ RunTime:0.035002s ]
[ sql ] [ SQL ] INSERT INTO data_ls (
                            game,emoi_,scl_,Higt_a_,gamma_,
                            emoi_sd_,scl_sd_,high_sd_,gamma_sd_,
                            emoi_y_,scl_y_,high_y_,gamma_y_
) VALUES ('失落城堡','11','9','6','6',
          '6','10','6','1',
          '5','4','8','8'
) [ RunTime:0.022001s ]
[ sql ] [ SQL ] INSERT INTO data_ls (
                            game,emoi_,scl_,Higt_a_,gamma_,
                            emoi_sd_,scl_sd_,high_sd_,gamma_sd_,
                            emoi_y_,scl_y_,high_y_,gamma_y_
) VALUES ('生化危机7','14','10','9','9',
          '3','11','10','11',
          '14','9','5','6'
) [ RunTime:0.027002s ]
[ sql ] [ SQL ] INSERT INTO data_ls (
                            game,emoi_,scl_,Higt_a_,gamma_,
                            emoi_sd_,scl_sd_,high_sd_,gamma_sd_,
                            emoi_y_,scl_y_,high_y_,gamma_y_
) VALUES ('小镇惊魂','9','3','12','13',
          '7','9','4','9',
          '9','2','7','5'
) [ RunTime:0.022001s ]
[ sql ] [ SQL ] INSERT INTO data_ls (
                            game,emoi_,scl_,Higt_a_,gamma_,
                            emoi_sd_,scl_sd_,high_sd_,gamma_sd_,
                            emoi_y_,scl_y_,high_y_,gamma_y_
) VALUES ('n++','12','2','8','11',
          '10','4','9','7',
          '6','3','2','2'
) [ RunTime:0.027002s ]
[ sql ] [ SQL ] INSERT INTO data_ls (
                            game,emoi_,scl_,Higt_a_,gamma_,
                            emoi_sd_,scl_sd_,high_sd_,gamma_sd_,
                            emoi_y_,scl_y_,high_y_,gamma_y_
) VALUES ('超级食肉男孩','10','1','4','3',
          '8','2','7','5',
          '3','6','14','14'
) [ RunTime:0.022001s ]
[ sql ] [ SQL ] SELECT data.game,emoi,scl,High_alpha,gamma,
                            emoi_,scl_,Higt_a_,gamma_,
                            emoi_sd,scl_sd,high_sd,gamma_sd,
                            emoi_sd_,scl_sd_,high_sd_,gamma_sd_,
                            emoi_y,scl_y,high_y,gamma_y,
                            emoi_y_,scl_y_,high_y_,gamma_y_
                    FROM  data_ls INNER JOIN data ON (data.game = data_ls.game) [ RunTime:0.002000s ]

---------------------------------------------------------------
[ 2017-05-26T14:20:03+08:00 ] ::1 ::1 GET /tp5/index.php/demo/hello/count.html
[ log ] localhost/tp5/index.php/demo/hello/count.html [运行时间：0.143008s][吞吐率：6.99req/s] [内存消耗：1,718.10kb] [文件加载：43]
[ info ] [ LANG ] C:\xampp\htdocs\tp5\thinkphp\lang\zh-cn.php
[ info ] [ ROUTE ] array (
  'type' => 'module',
  'module' => 
  array (
    0 => 'demo',
    1 => 'hello',
    2 => 'count',
  ),
)
[ info ] [ HEADER ] array (
  'host' => 'localhost',
  'connection' => 'keep-alive',
  'upgrade-insecure-requests' => '1',
  'user-agent' => 'Mozilla/5.0 (Windows NT 6.1; Win64; x64) AppleWebKit/537.36 (KHTML, like Gecko) Chrome/57.0.2987.133 Safari/537.36',
  'accept' => 'text/html,application/xhtml+xml,application/xml;q=0.9,image/webp,*/*;q=0.8',
  'referer' => 'http://localhost/tp5/index.php/demo/hello/projectcount.html',
  'accept-encoding' => 'gzip, deflate, sdch, br',
  'accept-language' => 'zh-CN,zh;q=0.8',
  'cookie' => 'project_id=2; pgv_pvi=1445688320; Phpstorm-e4311aeb=e3ecb2d2-64ad-427e-a502-9b52cf11c2cf',
)
[ info ] [ PARAM ] array (
)
[ info ] [ RUN ] app\demo\controller\Hello->Count[ C:\xampp\htdocs\tp5\application\demo\controller\Hello.php ]
[ info ] [ DB ] INIT mysql
[ info ] [ VIEW ] C:\xampp\htdocs\tp5/application/demo\view\hello\count.html [ array (
  0 => 'data',
) ]
[ info ] [ LOG ] INIT File
[ sql ] [ DB ] CONNECT:[ UseTime:0.003000s ] mysql:dbname=sort;host=localhost;port=3306;charset=utf8
[ sql ] [ SQL ] DELETE FROM data_ls WHERE 1=1 [ RunTime:0.050003s ]
[ sql ] [ SQL ] SELECT game,emoi,scl,High_alpha,gamma,
                              emoi_sd,scl_sd,high_sd,gamma_sd,
                              emoi_y,scl_y,high_y,gamma_y
                              FROM data WHERE project_id = '2' [ RunTime:0.000000s ]
[ sql ] [ SQL ] INSERT INTO data_ls (
                            game,emoi_,scl_,Higt_a_,gamma_,
                            emoi_sd_,scl_sd_,high_sd_,gamma_sd_,
                            emoi_y_,scl_y_,high_y_,gamma_y_
) VALUES ('icecream','1','1','1','1',
          '1','1','1','1',
          '1','1','1','1'
) [ RunTime:0.050003s ]
[ sql ] [ SQL ] SELECT data.game,emoi,scl,High_alpha,gamma,
                            emoi_,scl_,Higt_a_,gamma_,
                            emoi_sd,scl_sd,high_sd,gamma_sd,
                            emoi_sd_,scl_sd_,high_sd_,gamma_sd_,
                            emoi_y,scl_y,high_y,gamma_y,
                            emoi_y_,scl_y_,high_y_,gamma_y_
                    FROM  data_ls INNER JOIN data ON (data.game = data_ls.game) [ RunTime:0.001000s ]

---------------------------------------------------------------
[ 2017-05-26T14:29:27+08:00 ] ::1 ::1 GET /tp5/index.php/demo/hello/projectcount.html
[ log ] localhost/tp5/index.php/demo/hello/projectcount.html [运行时间：0.042002s][吞吐率：23.81req/s] [内存消耗：1,675.48kb] [文件加载：42]
[ info ] [ LANG ] C:\xampp\htdocs\tp5\thinkphp\lang\zh-cn.php
[ info ] [ ROUTE ] array (
  'type' => 'module',
  'module' => 
  array (
    0 => 'demo',
    1 => 'hello',
    2 => 'projectcount',
  ),
)
[ info ] [ HEADER ] array (
  'host' => 'localhost',
  'connection' => 'keep-alive',
  'cache-control' => 'max-age=0',
  'upgrade-insecure-requests' => '1',
  'user-agent' => 'Mozilla/5.0 (Windows NT 6.1; Win64; x64) AppleWebKit/537.36 (KHTML, like Gecko) Chrome/57.0.2987.133 Safari/537.36',
  'accept' => 'text/html,application/xhtml+xml,application/xml;q=0.9,image/webp,*/*;q=0.8',
  'referer' => 'http://localhost/tp5/index.php/demo/hello/hello.html',
  'accept-encoding' => 'gzip, deflate, sdch, br',
  'accept-language' => 'zh-CN,zh;q=0.8',
  'cookie' => 'project_id=2; pgv_pvi=1445688320; Phpstorm-e4311aeb=e3ecb2d2-64ad-427e-a502-9b52cf11c2cf',
)
[ info ] [ PARAM ] array (
)
[ info ] [ RUN ] app\demo\controller\Hello->projectCount[ C:\xampp\htdocs\tp5\application\demo\controller\Hello.php ]
[ info ] [ DB ] INIT mysql
[ info ] [ VIEW ] C:\xampp\htdocs\tp5/application/demo\view\hello\projectcount.html [ array (
  0 => 'project',
) ]
[ info ] [ LOG ] INIT File
[ sql ] [ DB ] CONNECT:[ UseTime:0.003001s ] mysql:dbname=sort;host=localhost;port=3306;charset=utf8
[ sql ] [ SQL ] SELECT project_id,project_name FROM project [ RunTime:0.000000s ]

---------------------------------------------------------------
[ 2017-05-26T14:29:29+08:00 ] ::1 ::1 GET /tp5/index.php/demo/hello/count.html
[ log ] localhost/tp5/index.php/demo/hello/count.html [运行时间：0.707040s][吞吐率：1.41req/s] [内存消耗：1,964.66kb] [文件加载：45]
[ info ] [ LANG ] C:\xampp\htdocs\tp5\thinkphp\lang\zh-cn.php
[ info ] [ ROUTE ] array (
  'type' => 'module',
  'module' => 
  array (
    0 => 'demo',
    1 => 'hello',
    2 => 'count',
  ),
)
[ info ] [ HEADER ] array (
  'host' => 'localhost',
  'connection' => 'keep-alive',
  'upgrade-insecure-requests' => '1',
  'user-agent' => 'Mozilla/5.0 (Windows NT 6.1; Win64; x64) AppleWebKit/537.36 (KHTML, like Gecko) Chrome/57.0.2987.133 Safari/537.36',
  'accept' => 'text/html,application/xhtml+xml,application/xml;q=0.9,image/webp,*/*;q=0.8',
  'referer' => 'http://localhost/tp5/index.php/demo/hello/projectcount.html',
  'accept-encoding' => 'gzip, deflate, sdch, br',
  'accept-language' => 'zh-CN,zh;q=0.8',
  'cookie' => 'project_id=1; pgv_pvi=1445688320; Phpstorm-e4311aeb=e3ecb2d2-64ad-427e-a502-9b52cf11c2cf',
)
[ info ] [ PARAM ] array (
)
[ info ] [ RUN ] app\demo\controller\Hello->Count[ C:\xampp\htdocs\tp5\application\demo\controller\Hello.php ]
[ info ] [ DB ] INIT mysql
[ info ] [ VIEW ] C:\xampp\htdocs\tp5/application/demo\view\hello\count.html [ array (
  0 => 'data',
) ]
[ info ] [ LOG ] INIT File
[ sql ] [ DB ] CONNECT:[ UseTime:0.013001s ] mysql:dbname=sort;host=localhost;port=3306;charset=utf8
[ sql ] [ SQL ] DELETE FROM data_ls WHERE 1=1 [ RunTime:0.056003s ]
[ sql ] [ SQL ] SELECT game,emoi,scl,High_alpha,gamma,
                              emoi_sd,scl_sd,high_sd,gamma_sd,
                              emoi_y,scl_y,high_y,gamma_y
                              FROM data WHERE project_id = '1' [ RunTime:0.002000s ]
[ sql ] [ SQL ] INSERT INTO data_ls (
                            game,emoi_,scl_,Higt_a_,gamma_,
                            emoi_sd_,scl_sd_,high_sd_,gamma_sd_,
                            emoi_y_,scl_y_,high_y_,gamma_y_
) VALUES ('地堡','6','5','13','8',
          '12','12','2','8',
          '4','8','12','9'
) [ RunTime:0.056003s ]
[ sql ] [ SQL ] INSERT INTO data_ls (
                            game,emoi_,scl_,Higt_a_,gamma_,
                            emoi_sd_,scl_sd_,high_sd_,gamma_sd_,
                            emoi_y_,scl_y_,high_y_,gamma_y_
) VALUES ('返校','3','11','3','5',
          '1','5','14','10',
          '2','1','4','13'
) [ RunTime:0.121007s ]
[ sql ] [ SQL ] INSERT INTO data_ls (
                            game,emoi_,scl_,Higt_a_,gamma_,
                            emoi_sd_,scl_sd_,high_sd_,gamma_sd_,
                            emoi_y_,scl_y_,high_y_,gamma_y_
) VALUES ('弗吉尼亚','13','13','1','12',
          '5','3','12','12',
          '7','10','6','4'
) [ RunTime:0.035002s ]
[ sql ] [ SQL ] INSERT INTO data_ls (
                            game,emoi_,scl_,Higt_a_,gamma_,
                            emoi_sd_,scl_sd_,high_sd_,gamma_sd_,
                            emoi_y_,scl_y_,high_y_,gamma_y_
) VALUES ('光之子','2','4','5','2',
          '2','7','5','3',
          '8','5','10','10'
) [ RunTime:0.022001s ]
[ sql ] [ SQL ] INSERT INTO data_ls (
                            game,emoi_,scl_,Higt_a_,gamma_,
                            emoi_sd_,scl_sd_,high_sd_,gamma_sd_,
                            emoi_y_,scl_y_,high_y_,gamma_y_
) VALUES ('看火人','4','14','11','4',
          '14','1','3','6',
          '13','11','9','1'
) [ RunTime:0.027002s ]
[ sql ] [ SQL ] INSERT INTO data_ls (
                            game,emoi_,scl_,Higt_a_,gamma_,
                            emoi_sd_,scl_sd_,high_sd_,gamma_sd_,
                            emoi_y_,scl_y_,high_y_,gamma_y_
) VALUES ('逃生','7','6','14','10',
          '13','13','1','13',
          '11','7','13','7'
) [ RunTime:0.041002s ]
[ sql ] [ SQL ] INSERT INTO data_ls (
                            game,emoi_,scl_,Higt_a_,gamma_,
                            emoi_sd_,scl_sd_,high_sd_,gamma_sd_,
                            emoi_y_,scl_y_,high_y_,gamma_y_
) VALUES ('文明6','1','7','7','1',
          '11','14','11','4',
          '12','13','3','12'
) [ RunTime:0.033002s ]
[ sql ] [ SQL ] INSERT INTO data_ls (
                            game,emoi_,scl_,Higt_a_,gamma_,
                            emoi_sd_,scl_sd_,high_sd_,gamma_sd_,
                            emoi_y_,scl_y_,high_y_,gamma_y_
) VALUES ('巫师3','8','8','10','14',
          '4','6','8','2',
          '10','12','11','11'
) [ RunTime:0.023002s ]
[ sql ] [ SQL ] INSERT INTO data_ls (
                            game,emoi_,scl_,Higt_a_,gamma_,
                            emoi_sd_,scl_sd_,high_sd_,gamma_sd_,
                            emoi_y_,scl_y_,high_y_,gamma_y_
) VALUES ('无人深空','5','12','2','7',
          '9','8','13','14',
          '1','14','1','3'
) [ RunTime:0.036002s ]
[ sql ] [ SQL ] INSERT INTO data_ls (
                            game,emoi_,scl_,Higt_a_,gamma_,
                            emoi_sd_,scl_sd_,high_sd_,gamma_sd_,
                            emoi_y_,scl_y_,high_y_,gamma_y_
) VALUES ('失落城堡','11','9','6','6',
          '6','10','6','1',
          '5','4','8','8'
) [ RunTime:0.022001s ]
[ sql ] [ SQL ] INSERT INTO data_ls (
                            game,emoi_,scl_,Higt_a_,gamma_,
                            emoi_sd_,scl_sd_,high_sd_,gamma_sd_,
                            emoi_y_,scl_y_,high_y_,gamma_y_
) VALUES ('生化危机7','14','10','9','9',
          '3','11','10','11',
          '14','9','5','6'
) [ RunTime:0.028002s ]
[ sql ] [ SQL ] INSERT INTO data_ls (
                            game,emoi_,scl_,Higt_a_,gamma_,
                            emoi_sd_,scl_sd_,high_sd_,gamma_sd_,
                            emoi_y_,scl_y_,high_y_,gamma_y_
) VALUES ('小镇惊魂','9','3','12','13',
          '7','9','4','9',
          '9','2','7','5'
) [ RunTime:0.022001s ]
[ sql ] [ SQL ] INSERT INTO data_ls (
                            game,emoi_,scl_,Higt_a_,gamma_,
                            emoi_sd_,scl_sd_,high_sd_,gamma_sd_,
                            emoi_y_,scl_y_,high_y_,gamma_y_
) VALUES ('n++','12','2','8','11',
          '10','4','9','7',
          '6','3','2','2'
) [ RunTime:0.028001s ]
[ sql ] [ SQL ] INSERT INTO data_ls (
                            game,emoi_,scl_,Higt_a_,gamma_,
                            emoi_sd_,scl_sd_,high_sd_,gamma_sd_,
                            emoi_y_,scl_y_,high_y_,gamma_y_
) VALUES ('超级食肉男孩','10','1','4','3',
          '8','2','7','5',
          '3','6','14','14'
) [ RunTime:0.067004s ]
[ sql ] [ SQL ] SELECT data.game,emoi,scl,High_alpha,gamma,
                            emoi_,scl_,Higt_a_,gamma_,
                            emoi_sd,scl_sd,high_sd,gamma_sd,
                            emoi_sd_,scl_sd_,high_sd_,gamma_sd_,
                            emoi_y,scl_y,high_y,gamma_y,
                            emoi_y_,scl_y_,high_y_,gamma_y_
                    FROM  data_ls INNER JOIN data ON (data.game = data_ls.game) [ RunTime:0.002000s ]

---------------------------------------------------------------
[ 2017-05-26T14:29:32+08:00 ] ::1 ::1 POST /tp5/index.php/count/index/count.html
[ log ] localhost/tp5/index.php/count/index/count.html [运行时间：0.133007s][吞吐率：7.52req/s] [内存消耗：1,550.18kb] [文件加载：46]
[ info ] [ LANG ] C:\xampp\htdocs\tp5\thinkphp\lang\zh-cn.php
[ info ] [ ROUTE ] array (
  'type' => 'module',
  'module' => 
  array (
    0 => 'count',
    1 => 'index',
    2 => 'count',
  ),
)
[ info ] [ HEADER ] array (
  'host' => 'localhost',
  'connection' => 'keep-alive',
  'content-length' => '35',
  'accept' => 'application/json, text/javascript, */*; q=0.01',
  'origin' => 'http://localhost',
  'x-requested-with' => 'XMLHttpRequest',
  'user-agent' => 'Mozilla/5.0 (Windows NT 6.1; Win64; x64) AppleWebKit/537.36 (KHTML, like Gecko) Chrome/57.0.2987.133 Safari/537.36',
  'content-type' => 'application/x-www-form-urlencoded; charset=UTF-8',
  'referer' => 'http://localhost/tp5/index.php/demo/hello/count.html',
  'accept-encoding' => 'gzip, deflate, br',
  'accept-language' => 'zh-CN,zh;q=0.8',
  'cookie' => 'pgv_pvi=1445688320; Phpstorm-e4311aeb=e3ecb2d2-64ad-427e-a502-9b52cf11c2cf',
)
[ info ] [ PARAM ] array (
  'type' => '"emoi_"',
  'project_id' => '"1"',
)
[ info ] [ RUN ] app\count\controller\Index->count[ C:\xampp\htdocs\tp5\application\count\controller\Index.php ]
[ info ] [ DB ] INIT mysql
[ info ] [ LOG ] INIT File
[ sql ] [ DB ] CONNECT:[ UseTime:0.011001s ] mysql:dbname=sort;host=localhost;port=3306;charset=utf8
[ error ] [10501]SQLSTATE[42000]: Syntax error or access violation: 1064 You have an error in your SQL syntax; check the manual that corresponds to your MariaDB server version for the right syntax to use near 'WHERE data.project_id = '1'' at line 7[C:\xampp\htdocs\tp5\thinkphp\library\think\db\Connection.php:399]

---------------------------------------------------------------
[ 2017-05-26T14:29:41+08:00 ] ::1 ::1 POST /tp5/index.php/count/index/count.html
[ log ] localhost/tp5/index.php/count/index/count.html [运行时间：0.050003s][吞吐率：20.00req/s] [内存消耗：1,550.18kb] [文件加载：46]
[ info ] [ LANG ] C:\xampp\htdocs\tp5\thinkphp\lang\zh-cn.php
[ info ] [ ROUTE ] array (
  'type' => 'module',
  'module' => 
  array (
    0 => 'count',
    1 => 'index',
    2 => 'count',
  ),
)
[ info ] [ HEADER ] array (
  'host' => 'localhost',
  'connection' => 'keep-alive',
  'content-length' => '35',
  'accept' => 'application/json, text/javascript, */*; q=0.01',
  'origin' => 'http://localhost',
  'x-requested-with' => 'XMLHttpRequest',
  'user-agent' => 'Mozilla/5.0 (Windows NT 6.1; Win64; x64) AppleWebKit/537.36 (KHTML, like Gecko) Chrome/57.0.2987.133 Safari/537.36',
  'content-type' => 'application/x-www-form-urlencoded; charset=UTF-8',
  'referer' => 'http://localhost/tp5/index.php/demo/hello/count.html',
  'accept-encoding' => 'gzip, deflate, br',
  'accept-language' => 'zh-CN,zh;q=0.8',
  'cookie' => 'pgv_pvi=1445688320; Phpstorm-e4311aeb=e3ecb2d2-64ad-427e-a502-9b52cf11c2cf',
)
[ info ] [ PARAM ] array (
  'type' => '"emoi_"',
  'project_id' => '"1"',
)
[ info ] [ RUN ] app\count\controller\Index->count[ C:\xampp\htdocs\tp5\application\count\controller\Index.php ]
[ info ] [ DB ] INIT mysql
[ info ] [ LOG ] INIT File
[ sql ] [ DB ] CONNECT:[ UseTime:0.003001s ] mysql:dbname=sort;host=localhost;port=3306;charset=utf8
[ error ] [10501]SQLSTATE[42000]: Syntax error or access violation: 1064 You have an error in your SQL syntax; check the manual that corresponds to your MariaDB server version for the right syntax to use near 'WHERE data.project_id = '1'' at line 7[C:\xampp\htdocs\tp5\thinkphp\library\think\db\Connection.php:399]

---------------------------------------------------------------
[ 2017-05-26T14:31:09+08:00 ] ::1 ::1 GET /tp5/index.php/demo/hello/count.html
[ log ] localhost/tp5/index.php/demo/hello/count.html [运行时间：0.556032s][吞吐率：1.80req/s] [内存消耗：1,793.23kb] [文件加载：43]
[ info ] [ LANG ] C:\xampp\htdocs\tp5\thinkphp\lang\zh-cn.php
[ info ] [ ROUTE ] array (
  'type' => 'module',
  'module' => 
  array (
    0 => 'demo',
    1 => 'hello',
    2 => 'count',
  ),
)
[ info ] [ HEADER ] array (
  'host' => 'localhost',
  'connection' => 'keep-alive',
  'cache-control' => 'max-age=0',
  'upgrade-insecure-requests' => '1',
  'user-agent' => 'Mozilla/5.0 (Windows NT 6.1; Win64; x64) AppleWebKit/537.36 (KHTML, like Gecko) Chrome/57.0.2987.133 Safari/537.36',
  'accept' => 'text/html,application/xhtml+xml,application/xml;q=0.9,image/webp,*/*;q=0.8',
  'referer' => 'http://localhost/tp5/index.php/demo/hello/projectcount.html',
  'accept-encoding' => 'gzip, deflate, sdch, br',
  'accept-language' => 'zh-CN,zh;q=0.8',
  'cookie' => 'project_id=1; pgv_pvi=1445688320; Phpstorm-e4311aeb=e3ecb2d2-64ad-427e-a502-9b52cf11c2cf',
)
[ info ] [ PARAM ] array (
)
[ info ] [ RUN ] app\demo\controller\Hello->Count[ C:\xampp\htdocs\tp5\application\demo\controller\Hello.php ]
[ info ] [ DB ] INIT mysql
[ info ] [ VIEW ] C:\xampp\htdocs\tp5/application/demo\view\hello\count.html [ array (
  0 => 'data',
) ]
[ info ] [ LOG ] INIT File
[ sql ] [ DB ] CONNECT:[ UseTime:0.012001s ] mysql:dbname=sort;host=localhost;port=3306;charset=utf8
[ sql ] [ SQL ] DELETE FROM data_ls WHERE 1=1 [ RunTime:0.082004s ]
[ sql ] [ SQL ] SELECT game,emoi,scl,High_alpha,gamma,
                              emoi_sd,scl_sd,high_sd,gamma_sd,
                              emoi_y,scl_y,high_y,gamma_y
                              FROM data WHERE project_id = '1' [ RunTime:0.001001s ]
[ sql ] [ SQL ] INSERT INTO data_ls (
                            game,emoi_,scl_,Higt_a_,gamma_,
                            emoi_sd_,scl_sd_,high_sd_,gamma_sd_,
                            emoi_y_,scl_y_,high_y_,gamma_y_
) VALUES ('地堡','6','5','13','8',
          '12','12','2','8',
          '4','8','12','9'
) [ RunTime:0.057003s ]
[ sql ] [ SQL ] INSERT INTO data_ls (
                            game,emoi_,scl_,Higt_a_,gamma_,
                            emoi_sd_,scl_sd_,high_sd_,gamma_sd_,
                            emoi_y_,scl_y_,high_y_,gamma_y_
) VALUES ('返校','3','11','3','5',
          '1','5','14','10',
          '2','1','4','13'
) [ RunTime:0.022001s ]
[ sql ] [ SQL ] INSERT INTO data_ls (
                            game,emoi_,scl_,Higt_a_,gamma_,
                            emoi_sd_,scl_sd_,high_sd_,gamma_sd_,
                            emoi_y_,scl_y_,high_y_,gamma_y_
) VALUES ('弗吉尼亚','13','13','1','12',
          '5','3','12','12',
          '7','10','6','4'
) [ RunTime:0.028002s ]
[ sql ] [ SQL ] INSERT INTO data_ls (
                            game,emoi_,scl_,Higt_a_,gamma_,
                            emoi_sd_,scl_sd_,high_sd_,gamma_sd_,
                            emoi_y_,scl_y_,high_y_,gamma_y_
) VALUES ('光之子','2','4','5','2',
          '2','7','5','3',
          '8','5','10','10'
) [ RunTime:0.022001s ]
[ sql ] [ SQL ] INSERT INTO data_ls (
                            game,emoi_,scl_,Higt_a_,gamma_,
                            emoi_sd_,scl_sd_,high_sd_,gamma_sd_,
                            emoi_y_,scl_y_,high_y_,gamma_y_
) VALUES ('看火人','4','14','11','4',
          '14','1','3','6',
          '13','11','9','1'
) [ RunTime:0.028002s ]
[ sql ] [ SQL ] INSERT INTO data_ls (
                            game,emoi_,scl_,Higt_a_,gamma_,
                            emoi_sd_,scl_sd_,high_sd_,gamma_sd_,
                            emoi_y_,scl_y_,high_y_,gamma_y_
) VALUES ('逃生','7','6','14','10',
          '13','13','1','13',
          '11','7','13','7'
) [ RunTime:0.033001s ]
[ sql ] [ SQL ] INSERT INTO data_ls (
                            game,emoi_,scl_,Higt_a_,gamma_,
                            emoi_sd_,scl_sd_,high_sd_,gamma_sd_,
                            emoi_y_,scl_y_,high_y_,gamma_y_
) VALUES ('文明6','1','7','7','1',
          '11','14','11','4',
          '12','13','3','12'
) [ RunTime:0.034002s ]
[ sql ] [ SQL ] INSERT INTO data_ls (
                            game,emoi_,scl_,Higt_a_,gamma_,
                            emoi_sd_,scl_sd_,high_sd_,gamma_sd_,
                            emoi_y_,scl_y_,high_y_,gamma_y_
) VALUES ('巫师3','8','8','10','14',
          '4','6','8','2',
          '10','12','11','11'
) [ RunTime:0.033002s ]
[ sql ] [ SQL ] INSERT INTO data_ls (
                            game,emoi_,scl_,Higt_a_,gamma_,
                            emoi_sd_,scl_sd_,high_sd_,gamma_sd_,
                            emoi_y_,scl_y_,high_y_,gamma_y_
) VALUES ('无人深空','5','12','2','7',
          '9','8','13','14',
          '1','14','1','3'
) [ RunTime:0.033002s ]
[ sql ] [ SQL ] INSERT INTO data_ls (
                            game,emoi_,scl_,Higt_a_,gamma_,
                            emoi_sd_,scl_sd_,high_sd_,gamma_sd_,
                            emoi_y_,scl_y_,high_y_,gamma_y_
) VALUES ('失落城堡','11','9','6','6',
          '6','10','6','1',
          '5','4','8','8'
) [ RunTime:0.022001s ]
[ sql ] [ SQL ] INSERT INTO data_ls (
                            game,emoi_,scl_,Higt_a_,gamma_,
                            emoi_sd_,scl_sd_,high_sd_,gamma_sd_,
                            emoi_y_,scl_y_,high_y_,gamma_y_
) VALUES ('生化危机7','14','10','9','9',
          '3','11','10','11',
          '14','9','5','6'
) [ RunTime:0.036003s ]
[ sql ] [ SQL ] INSERT INTO data_ls (
                            game,emoi_,scl_,Higt_a_,gamma_,
                            emoi_sd_,scl_sd_,high_sd_,gamma_sd_,
                            emoi_y_,scl_y_,high_y_,gamma_y_
) VALUES ('小镇惊魂','9','3','12','13',
          '7','9','4','9',
          '9','2','7','5'
) [ RunTime:0.022001s ]
[ sql ] [ SQL ] INSERT INTO data_ls (
                            game,emoi_,scl_,Higt_a_,gamma_,
                            emoi_sd_,scl_sd_,high_sd_,gamma_sd_,
                            emoi_y_,scl_y_,high_y_,gamma_y_
) VALUES ('n++','12','2','8','11',
          '10','4','9','7',
          '6','3','2','2'
) [ RunTime:0.028001s ]
[ sql ] [ SQL ] INSERT INTO data_ls (
                            game,emoi_,scl_,Higt_a_,gamma_,
                            emoi_sd_,scl_sd_,high_sd_,gamma_sd_,
                            emoi_y_,scl_y_,high_y_,gamma_y_
) VALUES ('超级食肉男孩','10','1','4','3',
          '8','2','7','5',
          '3','6','14','14'
) [ RunTime:0.022002s ]
[ sql ] [ SQL ] SELECT data.game,emoi,scl,High_alpha,gamma,
                            emoi_,scl_,Higt_a_,gamma_,
                            emoi_sd,scl_sd,high_sd,gamma_sd,
                            emoi_sd_,scl_sd_,high_sd_,gamma_sd_,
                            emoi_y,scl_y,high_y,gamma_y,
                            emoi_y_,scl_y_,high_y_,gamma_y_
                    FROM  data_ls INNER JOIN data ON (data.game = data_ls.game) [ RunTime:0.002000s ]

---------------------------------------------------------------
[ 2017-05-26T14:31:10+08:00 ] ::1 ::1 POST /tp5/index.php/count/index/count.html
[ log ] localhost/tp5/index.php/count/index/count.html [运行时间：0.067004s][吞吐率：14.92req/s] [内存消耗：1,536.54kb] [文件加载：41]
[ info ] [ LANG ] C:\xampp\htdocs\tp5\thinkphp\lang\zh-cn.php
[ info ] [ ROUTE ] array (
  'type' => 'module',
  'module' => 
  array (
    0 => 'count',
    1 => 'index',
    2 => 'count',
  ),
)
[ info ] [ HEADER ] array (
  'host' => 'localhost',
  'connection' => 'keep-alive',
  'content-length' => '35',
  'accept' => 'application/json, text/javascript, */*; q=0.01',
  'origin' => 'http://localhost',
  'x-requested-with' => 'XMLHttpRequest',
  'user-agent' => 'Mozilla/5.0 (Windows NT 6.1; Win64; x64) AppleWebKit/537.36 (KHTML, like Gecko) Chrome/57.0.2987.133 Safari/537.36',
  'content-type' => 'application/x-www-form-urlencoded; charset=UTF-8',
  'referer' => 'http://localhost/tp5/index.php/demo/hello/count.html',
  'accept-encoding' => 'gzip, deflate, br',
  'accept-language' => 'zh-CN,zh;q=0.8',
  'cookie' => 'pgv_pvi=1445688320; Phpstorm-e4311aeb=e3ecb2d2-64ad-427e-a502-9b52cf11c2cf',
)
[ info ] [ PARAM ] array (
  'type' => '"emoi_"',
  'project_id' => '"1"',
)
[ info ] [ RUN ] app\count\controller\Index->count[ C:\xampp\htdocs\tp5\application\count\controller\Index.php ]
[ info ] [ DB ] INIT mysql
[ info ] [ LOG ] INIT File
[ sql ] [ DB ] CONNECT:[ UseTime:0.012001s ] mysql:dbname=sort;host=localhost;port=3306;charset=utf8
[ sql ] [ SQL ] SELECT data.game,emoi,scl,High_alpha,gamma,
                            emoi_,scl_,Higt_a_,gamma_,
                            emoi_sd,scl_sd,high_sd,gamma_sd,
                            emoi_sd_,scl_sd_,high_sd_,gamma_sd_,
                            emoi_y,scl_y,high_y,gamma_y,
                            emoi_y_,scl_y_,high_y_,gamma_y_ 
                      FROM data_ls INNER JOIN data ON (data.game = data_ls.game) WHERE data.project_id = '1' ORDER BY emoi_ ASC [ RunTime:0.001000s ]

---------------------------------------------------------------
[ 2017-05-26T14:31:11+08:00 ] ::1 ::1 POST /tp5/index.php/count/index/count.html
[ log ] localhost/tp5/index.php/count/index/count.html [运行时间：0.046003s][吞吐率：21.74req/s] [内存消耗：1,536.55kb] [文件加载：41]
[ info ] [ LANG ] C:\xampp\htdocs\tp5\thinkphp\lang\zh-cn.php
[ info ] [ ROUTE ] array (
  'type' => 'module',
  'module' => 
  array (
    0 => 'count',
    1 => 'index',
    2 => 'count',
  ),
)
[ info ] [ HEADER ] array (
  'host' => 'localhost',
  'connection' => 'keep-alive',
  'content-length' => '34',
  'accept' => 'application/json, text/javascript, */*; q=0.01',
  'origin' => 'http://localhost',
  'x-requested-with' => 'XMLHttpRequest',
  'user-agent' => 'Mozilla/5.0 (Windows NT 6.1; Win64; x64) AppleWebKit/537.36 (KHTML, like Gecko) Chrome/57.0.2987.133 Safari/537.36',
  'content-type' => 'application/x-www-form-urlencoded; charset=UTF-8',
  'referer' => 'http://localhost/tp5/index.php/demo/hello/count.html',
  'accept-encoding' => 'gzip, deflate, br',
  'accept-language' => 'zh-CN,zh;q=0.8',
  'cookie' => 'pgv_pvi=1445688320; Phpstorm-e4311aeb=e3ecb2d2-64ad-427e-a502-9b52cf11c2cf',
)
[ info ] [ PARAM ] array (
  'type' => '"scl_"',
  'project_id' => '"1"',
)
[ info ] [ RUN ] app\count\controller\Index->count[ C:\xampp\htdocs\tp5\application\count\controller\Index.php ]
[ info ] [ DB ] INIT mysql
[ info ] [ LOG ] INIT File
[ sql ] [ DB ] CONNECT:[ UseTime:0.002000s ] mysql:dbname=sort;host=localhost;port=3306;charset=utf8
[ sql ] [ SQL ] SELECT data.game,emoi,scl,High_alpha,gamma,
                            emoi_,scl_,Higt_a_,gamma_,
                            emoi_sd,scl_sd,high_sd,gamma_sd,
                            emoi_sd_,scl_sd_,high_sd_,gamma_sd_,
                            emoi_y,scl_y,high_y,gamma_y,
                            emoi_y_,scl_y_,high_y_,gamma_y_ 
                      FROM data_ls INNER JOIN data ON (data.game = data_ls.game) WHERE data.project_id = '1' ORDER BY scl_ ASC [ RunTime:0.001000s ]

---------------------------------------------------------------
[ 2017-05-26T14:31:12+08:00 ] ::1 ::1 POST /tp5/index.php/count/index/count.html
[ log ] localhost/tp5/index.php/count/index/count.html [运行时间：0.054003s][吞吐率：18.52req/s] [内存消耗：1,536.65kb] [文件加载：41]
[ info ] [ LANG ] C:\xampp\htdocs\tp5\thinkphp\lang\zh-cn.php
[ info ] [ ROUTE ] array (
  'type' => 'module',
  'module' => 
  array (
    0 => 'count',
    1 => 'index',
    2 => 'count',
  ),
)
[ info ] [ HEADER ] array (
  'host' => 'localhost',
  'connection' => 'keep-alive',
  'content-length' => '37',
  'accept' => 'application/json, text/javascript, */*; q=0.01',
  'origin' => 'http://localhost',
  'x-requested-with' => 'XMLHttpRequest',
  'user-agent' => 'Mozilla/5.0 (Windows NT 6.1; Win64; x64) AppleWebKit/537.36 (KHTML, like Gecko) Chrome/57.0.2987.133 Safari/537.36',
  'content-type' => 'application/x-www-form-urlencoded; charset=UTF-8',
  'referer' => 'http://localhost/tp5/index.php/demo/hello/count.html',
  'accept-encoding' => 'gzip, deflate, br',
  'accept-language' => 'zh-CN,zh;q=0.8',
  'cookie' => 'pgv_pvi=1445688320; Phpstorm-e4311aeb=e3ecb2d2-64ad-427e-a502-9b52cf11c2cf',
)
[ info ] [ PARAM ] array (
  'type' => '"Higt_a_"',
  'project_id' => '"1"',
)
[ info ] [ RUN ] app\count\controller\Index->count[ C:\xampp\htdocs\tp5\application\count\controller\Index.php ]
[ info ] [ DB ] INIT mysql
[ info ] [ LOG ] INIT File
[ sql ] [ DB ] CONNECT:[ UseTime:0.012001s ] mysql:dbname=sort;host=localhost;port=3306;charset=utf8
[ sql ] [ SQL ] SELECT data.game,emoi,scl,High_alpha,gamma,
                            emoi_,scl_,Higt_a_,gamma_,
                            emoi_sd,scl_sd,high_sd,gamma_sd,
                            emoi_sd_,scl_sd_,high_sd_,gamma_sd_,
                            emoi_y,scl_y,high_y,gamma_y,
                            emoi_y_,scl_y_,high_y_,gamma_y_ 
                      FROM data_ls INNER JOIN data ON (data.game = data_ls.game) WHERE data.project_id = '1' ORDER BY Higt_a_ ASC [ RunTime:0.000000s ]

---------------------------------------------------------------
[ 2017-05-26T14:31:13+08:00 ] ::1 ::1 POST /tp5/index.php/count/index/count.html
[ log ] localhost/tp5/index.php/count/index/count.html [运行时间：0.057003s][吞吐率：17.54req/s] [内存消耗：1,536.63kb] [文件加载：41]
[ info ] [ LANG ] C:\xampp\htdocs\tp5\thinkphp\lang\zh-cn.php
[ info ] [ ROUTE ] array (
  'type' => 'module',
  'module' => 
  array (
    0 => 'count',
    1 => 'index',
    2 => 'count',
  ),
)
[ info ] [ HEADER ] array (
  'host' => 'localhost',
  'connection' => 'keep-alive',
  'content-length' => '36',
  'accept' => 'application/json, text/javascript, */*; q=0.01',
  'origin' => 'http://localhost',
  'x-requested-with' => 'XMLHttpRequest',
  'user-agent' => 'Mozilla/5.0 (Windows NT 6.1; Win64; x64) AppleWebKit/537.36 (KHTML, like Gecko) Chrome/57.0.2987.133 Safari/537.36',
  'content-type' => 'application/x-www-form-urlencoded; charset=UTF-8',
  'referer' => 'http://localhost/tp5/index.php/demo/hello/count.html',
  'accept-encoding' => 'gzip, deflate, br',
  'accept-language' => 'zh-CN,zh;q=0.8',
  'cookie' => 'pgv_pvi=1445688320; Phpstorm-e4311aeb=e3ecb2d2-64ad-427e-a502-9b52cf11c2cf',
)
[ info ] [ PARAM ] array (
  'type' => '"gamma_"',
  'project_id' => '"1"',
)
[ info ] [ RUN ] app\count\controller\Index->count[ C:\xampp\htdocs\tp5\application\count\controller\Index.php ]
[ info ] [ DB ] INIT mysql
[ info ] [ LOG ] INIT File
[ sql ] [ DB ] CONNECT:[ UseTime:0.011001s ] mysql:dbname=sort;host=localhost;port=3306;charset=utf8
[ sql ] [ SQL ] SELECT data.game,emoi,scl,High_alpha,gamma,
                            emoi_,scl_,Higt_a_,gamma_,
                            emoi_sd,scl_sd,high_sd,gamma_sd,
                            emoi_sd_,scl_sd_,high_sd_,gamma_sd_,
                            emoi_y,scl_y,high_y,gamma_y,
                            emoi_y_,scl_y_,high_y_,gamma_y_ 
                      FROM data_ls INNER JOIN data ON (data.game = data_ls.game) WHERE data.project_id = '1' ORDER BY gamma_ ASC [ RunTime:0.001000s ]

---------------------------------------------------------------
[ 2017-05-26T14:31:18+08:00 ] ::1 ::1 GET /tp5/index.php/demo/hello/count.html
[ log ] localhost/tp5/index.php/demo/hello/count.html [运行时间：0.136008s][吞吐率：7.35req/s] [内存消耗：1,717.92kb] [文件加载：43]
[ info ] [ LANG ] C:\xampp\htdocs\tp5\thinkphp\lang\zh-cn.php
[ info ] [ ROUTE ] array (
  'type' => 'module',
  'module' => 
  array (
    0 => 'demo',
    1 => 'hello',
    2 => 'count',
  ),
)
[ info ] [ HEADER ] array (
  'host' => 'localhost',
  'connection' => 'keep-alive',
  'upgrade-insecure-requests' => '1',
  'user-agent' => 'Mozilla/5.0 (Windows NT 6.1; Win64; x64) AppleWebKit/537.36 (KHTML, like Gecko) Chrome/57.0.2987.133 Safari/537.36',
  'accept' => 'text/html,application/xhtml+xml,application/xml;q=0.9,image/webp,*/*;q=0.8',
  'referer' => 'http://localhost/tp5/index.php/demo/hello/projectcount.html',
  'accept-encoding' => 'gzip, deflate, sdch, br',
  'accept-language' => 'zh-CN,zh;q=0.8',
  'cookie' => 'project_id=2; pgv_pvi=1445688320; Phpstorm-e4311aeb=e3ecb2d2-64ad-427e-a502-9b52cf11c2cf',
)
[ info ] [ PARAM ] array (
)
[ info ] [ RUN ] app\demo\controller\Hello->Count[ C:\xampp\htdocs\tp5\application\demo\controller\Hello.php ]
[ info ] [ DB ] INIT mysql
[ info ] [ VIEW ] C:\xampp\htdocs\tp5/application/demo\view\hello\count.html [ array (
  0 => 'data',
) ]
[ info ] [ LOG ] INIT File
[ sql ] [ DB ] CONNECT:[ UseTime:0.003000s ] mysql:dbname=sort;host=localhost;port=3306;charset=utf8
[ sql ] [ SQL ] DELETE FROM data_ls WHERE 1=1 [ RunTime:0.046002s ]
[ sql ] [ SQL ] SELECT game,emoi,scl,High_alpha,gamma,
                              emoi_sd,scl_sd,high_sd,gamma_sd,
                              emoi_y,scl_y,high_y,gamma_y
                              FROM data WHERE project_id = '2' [ RunTime:0.000000s ]
[ sql ] [ SQL ] INSERT INTO data_ls (
                            game,emoi_,scl_,Higt_a_,gamma_,
                            emoi_sd_,scl_sd_,high_sd_,gamma_sd_,
                            emoi_y_,scl_y_,high_y_,gamma_y_
) VALUES ('icecream','1','1','1','1',
          '1','1','1','1',
          '1','1','1','1'
) [ RunTime:0.029001s ]
[ sql ] [ SQL ] SELECT data.game,emoi,scl,High_alpha,gamma,
                            emoi_,scl_,Higt_a_,gamma_,
                            emoi_sd,scl_sd,high_sd,gamma_sd,
                            emoi_sd_,scl_sd_,high_sd_,gamma_sd_,
                            emoi_y,scl_y,high_y,gamma_y,
                            emoi_y_,scl_y_,high_y_,gamma_y_
                    FROM  data_ls INNER JOIN data ON (data.game = data_ls.game) [ RunTime:0.001000s ]

---------------------------------------------------------------
[ 2017-05-26T14:31:19+08:00 ] ::1 ::1 POST /tp5/index.php/count/index/count.html
[ log ] localhost/tp5/index.php/count/index/count.html [运行时间：0.044002s][吞吐率：22.73req/s] [内存消耗：1,519.57kb] [文件加载：41]
[ info ] [ LANG ] C:\xampp\htdocs\tp5\thinkphp\lang\zh-cn.php
[ info ] [ ROUTE ] array (
  'type' => 'module',
  'module' => 
  array (
    0 => 'count',
    1 => 'index',
    2 => 'count',
  ),
)
[ info ] [ HEADER ] array (
  'host' => 'localhost',
  'connection' => 'keep-alive',
  'content-length' => '34',
  'accept' => 'application/json, text/javascript, */*; q=0.01',
  'origin' => 'http://localhost',
  'x-requested-with' => 'XMLHttpRequest',
  'user-agent' => 'Mozilla/5.0 (Windows NT 6.1; Win64; x64) AppleWebKit/537.36 (KHTML, like Gecko) Chrome/57.0.2987.133 Safari/537.36',
  'content-type' => 'application/x-www-form-urlencoded; charset=UTF-8',
  'referer' => 'http://localhost/tp5/index.php/demo/hello/count.html',
  'accept-encoding' => 'gzip, deflate, br',
  'accept-language' => 'zh-CN,zh;q=0.8',
  'cookie' => 'pgv_pvi=1445688320; Phpstorm-e4311aeb=e3ecb2d2-64ad-427e-a502-9b52cf11c2cf',
)
[ info ] [ PARAM ] array (
  'type' => '"scl_"',
  'project_id' => '"2"',
)
[ info ] [ RUN ] app\count\controller\Index->count[ C:\xampp\htdocs\tp5\application\count\controller\Index.php ]
[ info ] [ DB ] INIT mysql
[ info ] [ LOG ] INIT File
[ sql ] [ DB ] CONNECT:[ UseTime:0.011000s ] mysql:dbname=sort;host=localhost;port=3306;charset=utf8
[ sql ] [ SQL ] SELECT data.game,emoi,scl,High_alpha,gamma,
                            emoi_,scl_,Higt_a_,gamma_,
                            emoi_sd,scl_sd,high_sd,gamma_sd,
                            emoi_sd_,scl_sd_,high_sd_,gamma_sd_,
                            emoi_y,scl_y,high_y,gamma_y,
                            emoi_y_,scl_y_,high_y_,gamma_y_ 
                      FROM data_ls INNER JOIN data ON (data.game = data_ls.game) WHERE data.project_id = '2' ORDER BY scl_ ASC [ RunTime:0.000000s ]

---------------------------------------------------------------
[ 2017-05-26T14:31:20+08:00 ] ::1 ::1 POST /tp5/index.php/count/index/count.html
[ log ] localhost/tp5/index.php/count/index/count.html [运行时间：0.054003s][吞吐率：18.52req/s] [内存消耗：1,519.57kb] [文件加载：41]
[ info ] [ LANG ] C:\xampp\htdocs\tp5\thinkphp\lang\zh-cn.php
[ info ] [ ROUTE ] array (
  'type' => 'module',
  'module' => 
  array (
    0 => 'count',
    1 => 'index',
    2 => 'count',
  ),
)
[ info ] [ HEADER ] array (
  'host' => 'localhost',
  'connection' => 'keep-alive',
  'content-length' => '35',
  'accept' => 'application/json, text/javascript, */*; q=0.01',
  'origin' => 'http://localhost',
  'x-requested-with' => 'XMLHttpRequest',
  'user-agent' => 'Mozilla/5.0 (Windows NT 6.1; Win64; x64) AppleWebKit/537.36 (KHTML, like Gecko) Chrome/57.0.2987.133 Safari/537.36',
  'content-type' => 'application/x-www-form-urlencoded; charset=UTF-8',
  'referer' => 'http://localhost/tp5/index.php/demo/hello/count.html',
  'accept-encoding' => 'gzip, deflate, br',
  'accept-language' => 'zh-CN,zh;q=0.8',
  'cookie' => 'pgv_pvi=1445688320; Phpstorm-e4311aeb=e3ecb2d2-64ad-427e-a502-9b52cf11c2cf',
)
[ info ] [ PARAM ] array (
  'type' => '"emoi_"',
  'project_id' => '"2"',
)
[ info ] [ RUN ] app\count\controller\Index->count[ C:\xampp\htdocs\tp5\application\count\controller\Index.php ]
[ info ] [ DB ] INIT mysql
[ info ] [ LOG ] INIT File
[ sql ] [ DB ] CONNECT:[ UseTime:0.004000s ] mysql:dbname=sort;host=localhost;port=3306;charset=utf8
[ sql ] [ SQL ] SELECT data.game,emoi,scl,High_alpha,gamma,
                            emoi_,scl_,Higt_a_,gamma_,
                            emoi_sd,scl_sd,high_sd,gamma_sd,
                            emoi_sd_,scl_sd_,high_sd_,gamma_sd_,
                            emoi_y,scl_y,high_y,gamma_y,
                            emoi_y_,scl_y_,high_y_,gamma_y_ 
                      FROM data_ls INNER JOIN data ON (data.game = data_ls.game) WHERE data.project_id = '2' ORDER BY emoi_ ASC [ RunTime:0.001000s ]

---------------------------------------------------------------
[ 2017-05-26T14:31:21+08:00 ] ::1 ::1 POST /tp5/index.php/count/index/count.html
[ log ] localhost/tp5/index.php/count/index/count.html [运行时间：0.060004s][吞吐率：16.67req/s] [内存消耗：1,519.57kb] [文件加载：41]
[ info ] [ LANG ] C:\xampp\htdocs\tp5\thinkphp\lang\zh-cn.php
[ info ] [ ROUTE ] array (
  'type' => 'module',
  'module' => 
  array (
    0 => 'count',
    1 => 'index',
    2 => 'count',
  ),
)
[ info ] [ HEADER ] array (
  'host' => 'localhost',
  'connection' => 'keep-alive',
  'content-length' => '34',
  'accept' => 'application/json, text/javascript, */*; q=0.01',
  'origin' => 'http://localhost',
  'x-requested-with' => 'XMLHttpRequest',
  'user-agent' => 'Mozilla/5.0 (Windows NT 6.1; Win64; x64) AppleWebKit/537.36 (KHTML, like Gecko) Chrome/57.0.2987.133 Safari/537.36',
  'content-type' => 'application/x-www-form-urlencoded; charset=UTF-8',
  'referer' => 'http://localhost/tp5/index.php/demo/hello/count.html',
  'accept-encoding' => 'gzip, deflate, br',
  'accept-language' => 'zh-CN,zh;q=0.8',
  'cookie' => 'pgv_pvi=1445688320; Phpstorm-e4311aeb=e3ecb2d2-64ad-427e-a502-9b52cf11c2cf',
)
[ info ] [ PARAM ] array (
  'type' => '"scl_"',
  'project_id' => '"2"',
)
[ info ] [ RUN ] app\count\controller\Index->count[ C:\xampp\htdocs\tp5\application\count\controller\Index.php ]
[ info ] [ DB ] INIT mysql
[ info ] [ LOG ] INIT File
[ sql ] [ DB ] CONNECT:[ UseTime:0.013001s ] mysql:dbname=sort;host=localhost;port=3306;charset=utf8
[ sql ] [ SQL ] SELECT data.game,emoi,scl,High_alpha,gamma,
                            emoi_,scl_,Higt_a_,gamma_,
                            emoi_sd,scl_sd,high_sd,gamma_sd,
                            emoi_sd_,scl_sd_,high_sd_,gamma_sd_,
                            emoi_y,scl_y,high_y,gamma_y,
                            emoi_y_,scl_y_,high_y_,gamma_y_ 
                      FROM data_ls INNER JOIN data ON (data.game = data_ls.game) WHERE data.project_id = '2' ORDER BY scl_ ASC [ RunTime:0.000000s ]

---------------------------------------------------------------
[ 2017-05-26T14:31:21+08:00 ] ::1 ::1 POST /tp5/index.php/count/index/count.html
[ log ] localhost/tp5/index.php/count/index/count.html [运行时间：0.056003s][吞吐率：17.86req/s] [内存消耗：1,519.70kb] [文件加载：41]
[ info ] [ LANG ] C:\xampp\htdocs\tp5\thinkphp\lang\zh-cn.php
[ info ] [ ROUTE ] array (
  'type' => 'module',
  'module' => 
  array (
    0 => 'count',
    1 => 'index',
    2 => 'count',
  ),
)
[ info ] [ HEADER ] array (
  'host' => 'localhost',
  'connection' => 'keep-alive',
  'content-length' => '37',
  'accept' => 'application/json, text/javascript, */*; q=0.01',
  'origin' => 'http://localhost',
  'x-requested-with' => 'XMLHttpRequest',
  'user-agent' => 'Mozilla/5.0 (Windows NT 6.1; Win64; x64) AppleWebKit/537.36 (KHTML, like Gecko) Chrome/57.0.2987.133 Safari/537.36',
  'content-type' => 'application/x-www-form-urlencoded; charset=UTF-8',
  'referer' => 'http://localhost/tp5/index.php/demo/hello/count.html',
  'accept-encoding' => 'gzip, deflate, br',
  'accept-language' => 'zh-CN,zh;q=0.8',
  'cookie' => 'pgv_pvi=1445688320; Phpstorm-e4311aeb=e3ecb2d2-64ad-427e-a502-9b52cf11c2cf',
)
[ info ] [ PARAM ] array (
  'type' => '"Higt_a_"',
  'project_id' => '"2"',
)
[ info ] [ RUN ] app\count\controller\Index->count[ C:\xampp\htdocs\tp5\application\count\controller\Index.php ]
[ info ] [ DB ] INIT mysql
[ info ] [ LOG ] INIT File
[ sql ] [ DB ] CONNECT:[ UseTime:0.012001s ] mysql:dbname=sort;host=localhost;port=3306;charset=utf8
[ sql ] [ SQL ] SELECT data.game,emoi,scl,High_alpha,gamma,
                            emoi_,scl_,Higt_a_,gamma_,
                            emoi_sd,scl_sd,high_sd,gamma_sd,
                            emoi_sd_,scl_sd_,high_sd_,gamma_sd_,
                            emoi_y,scl_y,high_y,gamma_y,
                            emoi_y_,scl_y_,high_y_,gamma_y_ 
                      FROM data_ls INNER JOIN data ON (data.game = data_ls.game) WHERE data.project_id = '2' ORDER BY Higt_a_ ASC [ RunTime:0.000000s ]

---------------------------------------------------------------
[ 2017-05-26T14:31:22+08:00 ] ::1 ::1 POST /tp5/index.php/count/index/count.html
[ log ] localhost/tp5/index.php/count/index/count.html [运行时间：0.061003s][吞吐率：16.39req/s] [内存消耗：1,519.67kb] [文件加载：41]
[ info ] [ LANG ] C:\xampp\htdocs\tp5\thinkphp\lang\zh-cn.php
[ info ] [ ROUTE ] array (
  'type' => 'module',
  'module' => 
  array (
    0 => 'count',
    1 => 'index',
    2 => 'count',
  ),
)
[ info ] [ HEADER ] array (
  'host' => 'localhost',
  'connection' => 'keep-alive',
  'content-length' => '36',
  'accept' => 'application/json, text/javascript, */*; q=0.01',
  'origin' => 'http://localhost',
  'x-requested-with' => 'XMLHttpRequest',
  'user-agent' => 'Mozilla/5.0 (Windows NT 6.1; Win64; x64) AppleWebKit/537.36 (KHTML, like Gecko) Chrome/57.0.2987.133 Safari/537.36',
  'content-type' => 'application/x-www-form-urlencoded; charset=UTF-8',
  'referer' => 'http://localhost/tp5/index.php/demo/hello/count.html',
  'accept-encoding' => 'gzip, deflate, br',
  'accept-language' => 'zh-CN,zh;q=0.8',
  'cookie' => 'pgv_pvi=1445688320; Phpstorm-e4311aeb=e3ecb2d2-64ad-427e-a502-9b52cf11c2cf',
)
[ info ] [ PARAM ] array (
  'type' => '"gamma_"',
  'project_id' => '"2"',
)
[ info ] [ RUN ] app\count\controller\Index->count[ C:\xampp\htdocs\tp5\application\count\controller\Index.php ]
[ info ] [ DB ] INIT mysql
[ info ] [ LOG ] INIT File
[ sql ] [ DB ] CONNECT:[ UseTime:0.003000s ] mysql:dbname=sort;host=localhost;port=3306;charset=utf8
[ sql ] [ SQL ] SELECT data.game,emoi,scl,High_alpha,gamma,
                            emoi_,scl_,Higt_a_,gamma_,
                            emoi_sd,scl_sd,high_sd,gamma_sd,
                            emoi_sd_,scl_sd_,high_sd_,gamma_sd_,
                            emoi_y,scl_y,high_y,gamma_y,
                            emoi_y_,scl_y_,high_y_,gamma_y_ 
                      FROM data_ls INNER JOIN data ON (data.game = data_ls.game) WHERE data.project_id = '2' ORDER BY gamma_ ASC [ RunTime:0.001000s ]

---------------------------------------------------------------
[ 2017-05-26T14:31:22+08:00 ] ::1 ::1 POST /tp5/index.php/count/index/count.html
[ log ] localhost/tp5/index.php/count/index/count.html [运行时间：0.070004s][吞吐率：14.28req/s] [内存消耗：1,519.67kb] [文件加载：41]
[ info ] [ LANG ] C:\xampp\htdocs\tp5\thinkphp\lang\zh-cn.php
[ info ] [ ROUTE ] array (
  'type' => 'module',
  'module' => 
  array (
    0 => 'count',
    1 => 'index',
    2 => 'count',
  ),
)
[ info ] [ HEADER ] array (
  'host' => 'localhost',
  'connection' => 'keep-alive',
  'content-length' => '36',
  'accept' => 'application/json, text/javascript, */*; q=0.01',
  'origin' => 'http://localhost',
  'x-requested-with' => 'XMLHttpRequest',
  'user-agent' => 'Mozilla/5.0 (Windows NT 6.1; Win64; x64) AppleWebKit/537.36 (KHTML, like Gecko) Chrome/57.0.2987.133 Safari/537.36',
  'content-type' => 'application/x-www-form-urlencoded; charset=UTF-8',
  'referer' => 'http://localhost/tp5/index.php/demo/hello/count.html',
  'accept-encoding' => 'gzip, deflate, br',
  'accept-language' => 'zh-CN,zh;q=0.8',
  'cookie' => 'pgv_pvi=1445688320; Phpstorm-e4311aeb=e3ecb2d2-64ad-427e-a502-9b52cf11c2cf',
)
[ info ] [ PARAM ] array (
  'type' => '"gamma_"',
  'project_id' => '"2"',
)
[ info ] [ RUN ] app\count\controller\Index->count[ C:\xampp\htdocs\tp5\application\count\controller\Index.php ]
[ info ] [ DB ] INIT mysql
[ info ] [ LOG ] INIT File
[ sql ] [ DB ] CONNECT:[ UseTime:0.012000s ] mysql:dbname=sort;host=localhost;port=3306;charset=utf8
[ sql ] [ SQL ] SELECT data.game,emoi,scl,High_alpha,gamma,
                            emoi_,scl_,Higt_a_,gamma_,
                            emoi_sd,scl_sd,high_sd,gamma_sd,
                            emoi_sd_,scl_sd_,high_sd_,gamma_sd_,
                            emoi_y,scl_y,high_y,gamma_y,
                            emoi_y_,scl_y_,high_y_,gamma_y_ 
                      FROM data_ls INNER JOIN data ON (data.game = data_ls.game) WHERE data.project_id = '2' ORDER BY gamma_ ASC [ RunTime:0.001000s ]

---------------------------------------------------------------
[ 2017-05-26T14:31:23+08:00 ] ::1 ::1 POST /tp5/index.php/count/index/count.html
[ log ] localhost/tp5/index.php/count/index/count.html [运行时间：0.060003s][吞吐率：16.67req/s] [内存消耗：1,519.67kb] [文件加载：41]
[ info ] [ LANG ] C:\xampp\htdocs\tp5\thinkphp\lang\zh-cn.php
[ info ] [ ROUTE ] array (
  'type' => 'module',
  'module' => 
  array (
    0 => 'count',
    1 => 'index',
    2 => 'count',
  ),
)
[ info ] [ HEADER ] array (
  'host' => 'localhost',
  'connection' => 'keep-alive',
  'content-length' => '36',
  'accept' => 'application/json, text/javascript, */*; q=0.01',
  'origin' => 'http://localhost',
  'x-requested-with' => 'XMLHttpRequest',
  'user-agent' => 'Mozilla/5.0 (Windows NT 6.1; Win64; x64) AppleWebKit/537.36 (KHTML, like Gecko) Chrome/57.0.2987.133 Safari/537.36',
  'content-type' => 'application/x-www-form-urlencoded; charset=UTF-8',
  'referer' => 'http://localhost/tp5/index.php/demo/hello/count.html',
  'accept-encoding' => 'gzip, deflate, br',
  'accept-language' => 'zh-CN,zh;q=0.8',
  'cookie' => 'pgv_pvi=1445688320; Phpstorm-e4311aeb=e3ecb2d2-64ad-427e-a502-9b52cf11c2cf',
)
[ info ] [ PARAM ] array (
  'type' => '"gamma_"',
  'project_id' => '"2"',
)
[ info ] [ RUN ] app\count\controller\Index->count[ C:\xampp\htdocs\tp5\application\count\controller\Index.php ]
[ info ] [ DB ] INIT mysql
[ info ] [ LOG ] INIT File
[ sql ] [ DB ] CONNECT:[ UseTime:0.003000s ] mysql:dbname=sort;host=localhost;port=3306;charset=utf8
[ sql ] [ SQL ] SELECT data.game,emoi,scl,High_alpha,gamma,
                            emoi_,scl_,Higt_a_,gamma_,
                            emoi_sd,scl_sd,high_sd,gamma_sd,
                            emoi_sd_,scl_sd_,high_sd_,gamma_sd_,
                            emoi_y,scl_y,high_y,gamma_y,
                            emoi_y_,scl_y_,high_y_,gamma_y_ 
                      FROM data_ls INNER JOIN data ON (data.game = data_ls.game) WHERE data.project_id = '2' ORDER BY gamma_ ASC [ RunTime:0.001000s ]

---------------------------------------------------------------
[ 2017-05-26T14:31:23+08:00 ] ::1 ::1 POST /tp5/index.php/count/index/count.html
[ log ] localhost/tp5/index.php/count/index/count.html [运行时间：0.036002s][吞吐率：27.78req/s] [内存消耗：1,519.70kb] [文件加载：41]
[ info ] [ LANG ] C:\xampp\htdocs\tp5\thinkphp\lang\zh-cn.php
[ info ] [ ROUTE ] array (
  'type' => 'module',
  'module' => 
  array (
    0 => 'count',
    1 => 'index',
    2 => 'count',
  ),
)
[ info ] [ HEADER ] array (
  'host' => 'localhost',
  'connection' => 'keep-alive',
  'content-length' => '37',
  'accept' => 'application/json, text/javascript, */*; q=0.01',
  'origin' => 'http://localhost',
  'x-requested-with' => 'XMLHttpRequest',
  'user-agent' => 'Mozilla/5.0 (Windows NT 6.1; Win64; x64) AppleWebKit/537.36 (KHTML, like Gecko) Chrome/57.0.2987.133 Safari/537.36',
  'content-type' => 'application/x-www-form-urlencoded; charset=UTF-8',
  'referer' => 'http://localhost/tp5/index.php/demo/hello/count.html',
  'accept-encoding' => 'gzip, deflate, br',
  'accept-language' => 'zh-CN,zh;q=0.8',
  'cookie' => 'pgv_pvi=1445688320; Phpstorm-e4311aeb=e3ecb2d2-64ad-427e-a502-9b52cf11c2cf',
)
[ info ] [ PARAM ] array (
  'type' => '"Higt_a_"',
  'project_id' => '"2"',
)
[ info ] [ RUN ] app\count\controller\Index->count[ C:\xampp\htdocs\tp5\application\count\controller\Index.php ]
[ info ] [ DB ] INIT mysql
[ info ] [ LOG ] INIT File
[ sql ] [ DB ] CONNECT:[ UseTime:0.002000s ] mysql:dbname=sort;host=localhost;port=3306;charset=utf8
[ sql ] [ SQL ] SELECT data.game,emoi,scl,High_alpha,gamma,
                            emoi_,scl_,Higt_a_,gamma_,
                            emoi_sd,scl_sd,high_sd,gamma_sd,
                            emoi_sd_,scl_sd_,high_sd_,gamma_sd_,
                            emoi_y,scl_y,high_y,gamma_y,
                            emoi_y_,scl_y_,high_y_,gamma_y_ 
                      FROM data_ls INNER JOIN data ON (data.game = data_ls.game) WHERE data.project_id = '2' ORDER BY Higt_a_ ASC [ RunTime:0.000000s ]

---------------------------------------------------------------
[ 2017-05-26T14:31:24+08:00 ] ::1 ::1 POST /tp5/index.php/count/index/count.html
[ log ] localhost/tp5/index.php/count/index/count.html [运行时间：0.057003s][吞吐率：17.54req/s] [内存消耗：1,519.70kb] [文件加载：41]
[ info ] [ LANG ] C:\xampp\htdocs\tp5\thinkphp\lang\zh-cn.php
[ info ] [ ROUTE ] array (
  'type' => 'module',
  'module' => 
  array (
    0 => 'count',
    1 => 'index',
    2 => 'count',
  ),
)
[ info ] [ HEADER ] array (
  'host' => 'localhost',
  'connection' => 'keep-alive',
  'content-length' => '37',
  'accept' => 'application/json, text/javascript, */*; q=0.01',
  'origin' => 'http://localhost',
  'x-requested-with' => 'XMLHttpRequest',
  'user-agent' => 'Mozilla/5.0 (Windows NT 6.1; Win64; x64) AppleWebKit/537.36 (KHTML, like Gecko) Chrome/57.0.2987.133 Safari/537.36',
  'content-type' => 'application/x-www-form-urlencoded; charset=UTF-8',
  'referer' => 'http://localhost/tp5/index.php/demo/hello/count.html',
  'accept-encoding' => 'gzip, deflate, br',
  'accept-language' => 'zh-CN,zh;q=0.8',
  'cookie' => 'pgv_pvi=1445688320; Phpstorm-e4311aeb=e3ecb2d2-64ad-427e-a502-9b52cf11c2cf',
)
[ info ] [ PARAM ] array (
  'type' => '"Higt_a_"',
  'project_id' => '"2"',
)
[ info ] [ RUN ] app\count\controller\Index->count[ C:\xampp\htdocs\tp5\application\count\controller\Index.php ]
[ info ] [ DB ] INIT mysql
[ info ] [ LOG ] INIT File
[ sql ] [ DB ] CONNECT:[ UseTime:0.012000s ] mysql:dbname=sort;host=localhost;port=3306;charset=utf8
[ sql ] [ SQL ] SELECT data.game,emoi,scl,High_alpha,gamma,
                            emoi_,scl_,Higt_a_,gamma_,
                            emoi_sd,scl_sd,high_sd,gamma_sd,
                            emoi_sd_,scl_sd_,high_sd_,gamma_sd_,
                            emoi_y,scl_y,high_y,gamma_y,
                            emoi_y_,scl_y_,high_y_,gamma_y_ 
                      FROM data_ls INNER JOIN data ON (data.game = data_ls.game) WHERE data.project_id = '2' ORDER BY Higt_a_ ASC [ RunTime:0.001000s ]

---------------------------------------------------------------
[ 2017-05-26T14:31:24+08:00 ] ::1 ::1 POST /tp5/index.php/count/index/count.html
[ log ] localhost/tp5/index.php/count/index/count.html [运行时间：0.052003s][吞吐率：19.23req/s] [内存消耗：1,519.57kb] [文件加载：41]
[ info ] [ LANG ] C:\xampp\htdocs\tp5\thinkphp\lang\zh-cn.php
[ info ] [ ROUTE ] array (
  'type' => 'module',
  'module' => 
  array (
    0 => 'count',
    1 => 'index',
    2 => 'count',
  ),
)
[ info ] [ HEADER ] array (
  'host' => 'localhost',
  'connection' => 'keep-alive',
  'content-length' => '35',
  'accept' => 'application/json, text/javascript, */*; q=0.01',
  'origin' => 'http://localhost',
  'x-requested-with' => 'XMLHttpRequest',
  'user-agent' => 'Mozilla/5.0 (Windows NT 6.1; Win64; x64) AppleWebKit/537.36 (KHTML, like Gecko) Chrome/57.0.2987.133 Safari/537.36',
  'content-type' => 'application/x-www-form-urlencoded; charset=UTF-8',
  'referer' => 'http://localhost/tp5/index.php/demo/hello/count.html',
  'accept-encoding' => 'gzip, deflate, br',
  'accept-language' => 'zh-CN,zh;q=0.8',
  'cookie' => 'pgv_pvi=1445688320; Phpstorm-e4311aeb=e3ecb2d2-64ad-427e-a502-9b52cf11c2cf',
)
[ info ] [ PARAM ] array (
  'type' => '"emoi_"',
  'project_id' => '"2"',
)
[ info ] [ RUN ] app\count\controller\Index->count[ C:\xampp\htdocs\tp5\application\count\controller\Index.php ]
[ info ] [ DB ] INIT mysql
[ info ] [ LOG ] INIT File
[ sql ] [ DB ] CONNECT:[ UseTime:0.012001s ] mysql:dbname=sort;host=localhost;port=3306;charset=utf8
[ sql ] [ SQL ] SELECT data.game,emoi,scl,High_alpha,gamma,
                            emoi_,scl_,Higt_a_,gamma_,
                            emoi_sd,scl_sd,high_sd,gamma_sd,
                            emoi_sd_,scl_sd_,high_sd_,gamma_sd_,
                            emoi_y,scl_y,high_y,gamma_y,
                            emoi_y_,scl_y_,high_y_,gamma_y_ 
                      FROM data_ls INNER JOIN data ON (data.game = data_ls.game) WHERE data.project_id = '2' ORDER BY emoi_ ASC [ RunTime:0.001000s ]

---------------------------------------------------------------
[ 2017-05-26T14:31:26+08:00 ] ::1 ::1 GET /tp5/index.php/demo/hello/count.html
[ log ] localhost/tp5/index.php/demo/hello/count.html [运行时间：0.123008s][吞吐率：8.13req/s] [内存消耗：1,718.05kb] [文件加载：43]
[ info ] [ LANG ] C:\xampp\htdocs\tp5\thinkphp\lang\zh-cn.php
[ info ] [ ROUTE ] array (
  'type' => 'module',
  'module' => 
  array (
    0 => 'demo',
    1 => 'hello',
    2 => 'count',
  ),
)
[ info ] [ HEADER ] array (
  'host' => 'localhost',
  'connection' => 'keep-alive',
  'cache-control' => 'max-age=0',
  'upgrade-insecure-requests' => '1',
  'user-agent' => 'Mozilla/5.0 (Windows NT 6.1; Win64; x64) AppleWebKit/537.36 (KHTML, like Gecko) Chrome/57.0.2987.133 Safari/537.36',
  'accept' => 'text/html,application/xhtml+xml,application/xml;q=0.9,image/webp,*/*;q=0.8',
  'referer' => 'http://localhost/tp5/index.php/demo/hello/projectcount.html',
  'accept-encoding' => 'gzip, deflate, sdch, br',
  'accept-language' => 'zh-CN,zh;q=0.8',
  'cookie' => 'project_id=2; pgv_pvi=1445688320; Phpstorm-e4311aeb=e3ecb2d2-64ad-427e-a502-9b52cf11c2cf',
)
[ info ] [ PARAM ] array (
)
[ info ] [ RUN ] app\demo\controller\Hello->Count[ C:\xampp\htdocs\tp5\application\demo\controller\Hello.php ]
[ info ] [ DB ] INIT mysql
[ info ] [ VIEW ] C:\xampp\htdocs\tp5/application/demo\view\hello\count.html [ array (
  0 => 'data',
) ]
[ info ] [ LOG ] INIT File
[ sql ] [ DB ] CONNECT:[ UseTime:0.003000s ] mysql:dbname=sort;host=localhost;port=3306;charset=utf8
[ sql ] [ SQL ] DELETE FROM data_ls WHERE 1=1 [ RunTime:0.052003s ]
[ sql ] [ SQL ] SELECT game,emoi,scl,High_alpha,gamma,
                              emoi_sd,scl_sd,high_sd,gamma_sd,
                              emoi_y,scl_y,high_y,gamma_y
                              FROM data WHERE project_id = '2' [ RunTime:0.000000s ]
[ sql ] [ SQL ] INSERT INTO data_ls (
                            game,emoi_,scl_,Higt_a_,gamma_,
                            emoi_sd_,scl_sd_,high_sd_,gamma_sd_,
                            emoi_y_,scl_y_,high_y_,gamma_y_
) VALUES ('icecream','1','1','1','1',
          '1','1','1','1',
          '1','1','1','1'
) [ RunTime:0.034002s ]
[ sql ] [ SQL ] SELECT data.game,emoi,scl,High_alpha,gamma,
                            emoi_,scl_,Higt_a_,gamma_,
                            emoi_sd,scl_sd,high_sd,gamma_sd,
                            emoi_sd_,scl_sd_,high_sd_,gamma_sd_,
                            emoi_y,scl_y,high_y,gamma_y,
                            emoi_y_,scl_y_,high_y_,gamma_y_
                    FROM  data_ls INNER JOIN data ON (data.game = data_ls.game) [ RunTime:0.001000s ]

---------------------------------------------------------------
