[ 2017-03-07T16:28:20+08:00 ] ::1 ::1 GET /tp5/public/index.php/demo/hello/project.html
[ log ] localhost/tp5/public/index.php/demo/hello/project.html [运行时间：0.076004s][吞吐率：13.16req/s] [内存消耗：1,625.57kb] [文件加载：42]
[ info ] [ LANG ] C:\xampp\htdocs\tp5\thinkphp\lang\zh-cn.php
[ info ] [ ROUTE ] array (
  'type' => 'module',
  'module' => 
  array (
    0 => 'demo',
    1 => 'hello',
    2 => 'project',
  ),
)
[ info ] [ HEADER ] array (
  'host' => 'localhost',
  'connection' => 'keep-alive',
  'upgrade-insecure-requests' => '1',
  'user-agent' => 'Mozilla/5.0 (Windows NT 6.1; WOW64) AppleWebKit/537.36 (KHTML, like Gecko) Chrome/53.0.2785.89 Safari/537.36',
  'accept' => 'text/html,application/xhtml+xml,application/xml;q=0.9,image/webp,*/*;q=0.8',
  'referer' => 'http://localhost/tp5/public/index.php/demo/hello/upload.html',
  'accept-encoding' => 'gzip, deflate, sdch',
  'accept-language' => 'zh-CN,zh;q=0.8',
  'cookie' => 'project_name=p1; group_name=p1_1; project_id=5; pgv_pvi=1445688320; Phpstorm-e4311aeb=e3ecb2d2-64ad-427e-a502-9b52cf11c2cf; pgv_si=s6388928512',
)
[ info ] [ PARAM ] array (
)
[ info ] [ RUN ] app\demo\controller\Hello->project[ C:\xampp\htdocs\tp5\application\demo\controller\Hello.php ]
[ info ] [ DB ] INIT mysql
[ info ] [ VIEW ] C:\xampp\htdocs\tp5\public/../application/demo\view\hello\project.html [ array (
  0 => 'project_name',
) ]
[ info ] [ LOG ] INIT File
[ sql ] [ DB ] CONNECT:[ UseTime:0.012001s ] mysql:dbname=sort;host=localhost;port=3306;charset=utf8
[ sql ] [ SQL ] select project_name from project [ RunTime:0.000000s ]

---------------------------------------------------------------
[ 2017-03-07T16:29:20+08:00 ] ::1 ::1 POST /tp5/public/index.php/demo/hello/addproject.html
[ log ] localhost/tp5/public/index.php/demo/hello/addproject.html [运行时间：0.100006s][吞吐率：10.00req/s] [内存消耗：1,562.56kb] [文件加载：40]
[ info ] [ LANG ] C:\xampp\htdocs\tp5\thinkphp\lang\zh-cn.php
[ info ] [ ROUTE ] array (
  'type' => 'module',
  'module' => 
  array (
    0 => 'demo',
    1 => 'hello',
    2 => 'addproject',
  ),
)
[ info ] [ HEADER ] array (
  'host' => 'localhost',
  'connection' => 'keep-alive',
  'content-length' => '16',
  'accept' => 'application/json, text/javascript, */*; q=0.01',
  'origin' => 'http://localhost',
  'x-requested-with' => 'XMLHttpRequest',
  'user-agent' => 'Mozilla/5.0 (Windows NT 6.1; WOW64) AppleWebKit/537.36 (KHTML, like Gecko) Chrome/53.0.2785.89 Safari/537.36',
  'content-type' => 'application/x-www-form-urlencoded; charset=UTF-8',
  'referer' => 'http://localhost/tp5/public/index.php/demo/hello/project.html',
  'accept-encoding' => 'gzip, deflate',
  'accept-language' => 'zh-CN,zh;q=0.8',
  'cookie' => 'project_name=p1; group_name=p1_1; project_id=5; pgv_pvi=1445688320; Phpstorm-e4311aeb=e3ecb2d2-64ad-427e-a502-9b52cf11c2cf; pgv_si=s6388928512',
)
[ info ] [ PARAM ] array (
  'project_name' => ' p3',
)
[ info ] [ RUN ] app\demo\controller\Hello->addProject[ C:\xampp\htdocs\tp5\application\demo\controller\Hello.php ]
[ info ] [ DB ] INIT mysql
[ info ] [ LOG ] INIT File
[ sql ] [ DB ] CONNECT:[ UseTime:0.013000s ] mysql:dbname=sort;host=localhost;port=3306;charset=utf8
[ sql ] [ SQL ] insert into project (project_name) VALUE (' p3') [ RunTime:0.036003s ]

---------------------------------------------------------------
[ 2017-03-07T16:29:23+08:00 ] ::1 ::1 GET /tp5/public/index.php/demo/hello/project.html
[ log ] localhost/tp5/public/index.php/demo/hello/project.html [运行时间：0.050003s][吞吐率：20.00req/s] [内存消耗：1,626.09kb] [文件加载：42]
[ info ] [ LANG ] C:\xampp\htdocs\tp5\thinkphp\lang\zh-cn.php
[ info ] [ ROUTE ] array (
  'type' => 'module',
  'module' => 
  array (
    0 => 'demo',
    1 => 'hello',
    2 => 'project',
  ),
)
[ info ] [ HEADER ] array (
  'host' => 'localhost',
  'connection' => 'keep-alive',
  'cache-control' => 'max-age=0',
  'upgrade-insecure-requests' => '1',
  'user-agent' => 'Mozilla/5.0 (Windows NT 6.1; WOW64) AppleWebKit/537.36 (KHTML, like Gecko) Chrome/53.0.2785.89 Safari/537.36',
  'accept' => 'text/html,application/xhtml+xml,application/xml;q=0.9,image/webp,*/*;q=0.8',
  'referer' => 'http://localhost/tp5/public/index.php/demo/hello/project.html',
  'accept-encoding' => 'gzip, deflate, sdch',
  'accept-language' => 'zh-CN,zh;q=0.8',
  'cookie' => 'project_name=p1; group_name=p1_1; project_id=5; pgv_pvi=1445688320; Phpstorm-e4311aeb=e3ecb2d2-64ad-427e-a502-9b52cf11c2cf; pgv_si=s6388928512',
)
[ info ] [ PARAM ] array (
)
[ info ] [ RUN ] app\demo\controller\Hello->project[ C:\xampp\htdocs\tp5\application\demo\controller\Hello.php ]
[ info ] [ DB ] INIT mysql
[ info ] [ VIEW ] C:\xampp\htdocs\tp5\public/../application/demo\view\hello\project.html [ array (
  0 => 'project_name',
) ]
[ info ] [ LOG ] INIT File
[ sql ] [ DB ] CONNECT:[ UseTime:0.012001s ] mysql:dbname=sort;host=localhost;port=3306;charset=utf8
[ sql ] [ SQL ] select project_name from project [ RunTime:0.001000s ]

---------------------------------------------------------------
[ 2017-03-07T16:29:26+08:00 ] ::1 ::1 GET /tp5/public/index.php/demo/hello/group.html
[ log ] localhost/tp5/public/index.php/demo/hello/group.html [运行时间：0.077004s][吞吐率：12.99req/s] [内存消耗：1,653.18kb] [文件加载：43]
[ info ] [ LANG ] C:\xampp\htdocs\tp5\thinkphp\lang\zh-cn.php
[ info ] [ ROUTE ] array (
  'type' => 'module',
  'module' => 
  array (
    0 => 'demo',
    1 => 'hello',
    2 => 'group',
  ),
)
[ info ] [ HEADER ] array (
  'host' => 'localhost',
  'connection' => 'keep-alive',
  'upgrade-insecure-requests' => '1',
  'user-agent' => 'Mozilla/5.0 (Windows NT 6.1; WOW64) AppleWebKit/537.36 (KHTML, like Gecko) Chrome/53.0.2785.89 Safari/537.36',
  'accept' => 'text/html,application/xhtml+xml,application/xml;q=0.9,image/webp,*/*;q=0.8',
  'referer' => 'http://localhost/tp5/public/index.php/demo/hello/project.html',
  'accept-encoding' => 'gzip, deflate, sdch',
  'accept-language' => 'zh-CN,zh;q=0.8',
  'cookie' => 'group_name=p1_1; project_id=5; project_name=p1; pgv_pvi=1445688320; Phpstorm-e4311aeb=e3ecb2d2-64ad-427e-a502-9b52cf11c2cf; pgv_si=s6388928512',
)
[ info ] [ PARAM ] array (
)
[ info ] [ RUN ] app\demo\controller\Hello->group[ C:\xampp\htdocs\tp5\application\demo\controller\Hello.php ]
[ info ] [ DB ] INIT mysql
[ info ] [ VIEW ] C:\xampp\htdocs\tp5\public/../application/demo\view\hello\group.html [ array (
  0 => 'project_n',
  1 => 'project_id',
  2 => 'group_name',
) ]
[ info ] [ LOG ] INIT File
[ sql ] [ DB ] CONNECT:[ UseTime:0.014001s ] mysql:dbname=sort;host=localhost;port=3306;charset=utf8
[ sql ] [ SQL ] select project_id from project WHERE project_name = 'p1' [ RunTime:0.001000s ]
[ sql ] [ SQL ] select group_name from group_ WHERE group_id IN (SELECT group_id FROM project_group WHERE project_id = '5') [ RunTime:0.001000s ]

---------------------------------------------------------------
[ 2017-03-07T16:29:28+08:00 ] ::1 ::1 GET /tp5/public/index.php/demo/hello/group.html
[ log ] localhost/tp5/public/index.php/demo/hello/group.html [运行时间：0.073005s][吞吐率：13.70req/s] [内存消耗：1,652.72kb] [文件加载：43]
[ info ] [ LANG ] C:\xampp\htdocs\tp5\thinkphp\lang\zh-cn.php
[ info ] [ ROUTE ] array (
  'type' => 'module',
  'module' => 
  array (
    0 => 'demo',
    1 => 'hello',
    2 => 'group',
  ),
)
[ info ] [ HEADER ] array (
  'host' => 'localhost',
  'connection' => 'keep-alive',
  'upgrade-insecure-requests' => '1',
  'user-agent' => 'Mozilla/5.0 (Windows NT 6.1; WOW64) AppleWebKit/537.36 (KHTML, like Gecko) Chrome/53.0.2785.89 Safari/537.36',
  'accept' => 'text/html,application/xhtml+xml,application/xml;q=0.9,image/webp,*/*;q=0.8',
  'referer' => 'http://localhost/tp5/public/index.php/demo/hello/project.html',
  'accept-encoding' => 'gzip, deflate, sdch',
  'accept-language' => 'zh-CN,zh;q=0.8',
  'cookie' => 'group_name=p1_1; project_id=5; project_name=%20p3; pgv_pvi=1445688320; Phpstorm-e4311aeb=e3ecb2d2-64ad-427e-a502-9b52cf11c2cf; pgv_si=s6388928512',
)
[ info ] [ PARAM ] array (
)
[ info ] [ RUN ] app\demo\controller\Hello->group[ C:\xampp\htdocs\tp5\application\demo\controller\Hello.php ]
[ info ] [ DB ] INIT mysql
[ info ] [ VIEW ] C:\xampp\htdocs\tp5\public/../application/demo\view\hello\group.html [ array (
  0 => 'project_n',
  1 => 'project_id',
  2 => 'group_name',
) ]
[ info ] [ LOG ] INIT File
[ sql ] [ DB ] CONNECT:[ UseTime:0.014001s ] mysql:dbname=sort;host=localhost;port=3306;charset=utf8
[ sql ] [ SQL ] select project_id from project WHERE project_name = ' p3' [ RunTime:0.000000s ]
[ sql ] [ SQL ] select group_name from group_ WHERE group_id IN (SELECT group_id FROM project_group WHERE project_id = '7') [ RunTime:0.000000s ]

---------------------------------------------------------------
[ 2017-03-07T16:29:32+08:00 ] ::1 ::1 GET /tp5/public/index.php/demo/hello/group.html
[ log ] localhost/tp5/public/index.php/demo/hello/group.html [运行时间：0.043003s][吞吐率：23.25req/s] [内存消耗：1,653.18kb] [文件加载：43]
[ info ] [ LANG ] C:\xampp\htdocs\tp5\thinkphp\lang\zh-cn.php
[ info ] [ ROUTE ] array (
  'type' => 'module',
  'module' => 
  array (
    0 => 'demo',
    1 => 'hello',
    2 => 'group',
  ),
)
[ info ] [ HEADER ] array (
  'host' => 'localhost',
  'connection' => 'keep-alive',
  'upgrade-insecure-requests' => '1',
  'user-agent' => 'Mozilla/5.0 (Windows NT 6.1; WOW64) AppleWebKit/537.36 (KHTML, like Gecko) Chrome/53.0.2785.89 Safari/537.36',
  'accept' => 'text/html,application/xhtml+xml,application/xml;q=0.9,image/webp,*/*;q=0.8',
  'referer' => 'http://localhost/tp5/public/index.php/demo/hello/project.html',
  'accept-encoding' => 'gzip, deflate, sdch',
  'accept-language' => 'zh-CN,zh;q=0.8',
  'cookie' => 'group_name=p1_1; project_id=5; project_name=p1; pgv_pvi=1445688320; Phpstorm-e4311aeb=e3ecb2d2-64ad-427e-a502-9b52cf11c2cf; pgv_si=s6388928512',
)
[ info ] [ PARAM ] array (
)
[ info ] [ RUN ] app\demo\controller\Hello->group[ C:\xampp\htdocs\tp5\application\demo\controller\Hello.php ]
[ info ] [ DB ] INIT mysql
[ info ] [ VIEW ] C:\xampp\htdocs\tp5\public/../application/demo\view\hello\group.html [ array (
  0 => 'project_n',
  1 => 'project_id',
  2 => 'group_name',
) ]
[ info ] [ LOG ] INIT File
[ sql ] [ DB ] CONNECT:[ UseTime:0.011000s ] mysql:dbname=sort;host=localhost;port=3306;charset=utf8
[ sql ] [ SQL ] select project_id from project WHERE project_name = 'p1' [ RunTime:0.001001s ]
[ sql ] [ SQL ] select group_name from group_ WHERE group_id IN (SELECT group_id FROM project_group WHERE project_id = '5') [ RunTime:0.000000s ]

---------------------------------------------------------------
[ 2017-03-07T16:30:06+08:00 ] ::1 ::1 GET /tp5/public/index.php/demo/hello/sort.html
[ log ] localhost/tp5/public/index.php/demo/hello/sort.html [运行时间：0.054003s][吞吐率：18.52req/s] [内存消耗：1,679.16kb] [文件加载：43]
[ info ] [ LANG ] C:\xampp\htdocs\tp5\thinkphp\lang\zh-cn.php
[ info ] [ ROUTE ] array (
  'type' => 'module',
  'module' => 
  array (
    0 => 'demo',
    1 => 'hello',
    2 => 'sort',
  ),
)
[ info ] [ HEADER ] array (
  'host' => 'localhost',
  'connection' => 'keep-alive',
  'upgrade-insecure-requests' => '1',
  'user-agent' => 'Mozilla/5.0 (Windows NT 6.1; WOW64) AppleWebKit/537.36 (KHTML, like Gecko) Chrome/53.0.2785.89 Safari/537.36',
  'accept' => 'text/html,application/xhtml+xml,application/xml;q=0.9,image/webp,*/*;q=0.8',
  'referer' => 'http://localhost/tp5/public/index.php/demo/hello/group.html',
  'accept-encoding' => 'gzip, deflate, sdch',
  'accept-language' => 'zh-CN,zh;q=0.8',
  'cookie' => 'project_name=p1; group_name=p1_1; project_id=5; pgv_pvi=1445688320; Phpstorm-e4311aeb=e3ecb2d2-64ad-427e-a502-9b52cf11c2cf; pgv_si=s6388928512',
)
[ info ] [ PARAM ] array (
)
[ info ] [ RUN ] app\demo\controller\Hello->sort[ C:\xampp\htdocs\tp5\application\demo\controller\Hello.php ]
[ info ] [ DB ] INIT mysql
[ info ] [ VIEW ] C:\xampp\htdocs\tp5\public/../application/demo\view\hello\sort.html [ array (
  0 => 'tester',
  1 => 'game',
  2 => 'game_type',
  3 => 'terminal_type',
  4 => 'sex',
  5 => 'age_group',
  6 => 'game_experience',
  7 => 'game_year',
  8 => 'status',
  9 => 'group_n',
  10 => 'data',
) ]
[ info ] [ LOG ] INIT File
[ sql ] [ DB ] CONNECT:[ UseTime:0.012001s ] mysql:dbname=sort;host=localhost;port=3306;charset=utf8
[ sql ] [ SQL ] select u_id,u_name from tester [ RunTime:0.000000s ]
[ sql ] [ SQL ] select g_id,g_name from game [ RunTime:0.000000s ]
[ sql ] [ SQL ] select id,value from attr where name = "game_type" [ RunTime:0.000000s ]
[ sql ] [ SQL ] select id,value from attr where name = "terminal_type" [ RunTime:0.000000s ]
[ sql ] [ SQL ] select id,value from attr where name = "sex_type" [ RunTime:0.001000s ]
[ sql ] [ SQL ] select id,value from attr where name = "age_type" [ RunTime:0.000000s ]
[ sql ] [ SQL ] select id,value from attr where name = "game_experience" [ RunTime:0.000000s ]
[ sql ] [ SQL ] select id,value from attr where name = "game_year" [ RunTime:0.001000s ]
[ sql ] [ SQL ] select DISTINCT status_ from test [ RunTime:0.000000s ]
[ sql ] [ SQL ] select group_id from group_ WHERE group_name = 'p1_1' [ RunTime:0.000000s ]
[ sql ] [ SQL ] select emoi,scl,High_alpha,gamma,tag from data WHERE id in (SELECT test_id FROM group_test WHERE group_id = '29') [ RunTime:0.001000s ]

---------------------------------------------------------------
[ 2017-03-07T16:30:11+08:00 ] ::1 ::1 GET /tp5/public/index.php/demo/hello/sort.html
[ log ] localhost/tp5/public/index.php/demo/hello/sort.html [运行时间：0.053003s][吞吐率：18.87req/s] [内存消耗：1,679.16kb] [文件加载：43]
[ info ] [ LANG ] C:\xampp\htdocs\tp5\thinkphp\lang\zh-cn.php
[ info ] [ ROUTE ] array (
  'type' => 'module',
  'module' => 
  array (
    0 => 'demo',
    1 => 'hello',
    2 => 'sort',
  ),
)
[ info ] [ HEADER ] array (
  'host' => 'localhost',
  'connection' => 'keep-alive',
  'upgrade-insecure-requests' => '1',
  'user-agent' => 'Mozilla/5.0 (Windows NT 6.1; WOW64) AppleWebKit/537.36 (KHTML, like Gecko) Chrome/53.0.2785.89 Safari/537.36',
  'accept' => 'text/html,application/xhtml+xml,application/xml;q=0.9,image/webp,*/*;q=0.8',
  'referer' => 'http://localhost/tp5/public/index.php/demo/hello/group.html',
  'accept-encoding' => 'gzip, deflate, sdch',
  'accept-language' => 'zh-CN,zh;q=0.8',
  'cookie' => 'project_name=p1; group_name=p1_1; project_id=5; pgv_pvi=1445688320; Phpstorm-e4311aeb=e3ecb2d2-64ad-427e-a502-9b52cf11c2cf; pgv_si=s6388928512',
)
[ info ] [ PARAM ] array (
)
[ info ] [ RUN ] app\demo\controller\Hello->sort[ C:\xampp\htdocs\tp5\application\demo\controller\Hello.php ]
[ info ] [ DB ] INIT mysql
[ info ] [ VIEW ] C:\xampp\htdocs\tp5\public/../application/demo\view\hello\sort.html [ array (
  0 => 'tester',
  1 => 'game',
  2 => 'game_type',
  3 => 'terminal_type',
  4 => 'sex',
  5 => 'age_group',
  6 => 'game_experience',
  7 => 'game_year',
  8 => 'status',
  9 => 'group_n',
  10 => 'data',
) ]
[ info ] [ LOG ] INIT File
[ sql ] [ DB ] CONNECT:[ UseTime:0.011000s ] mysql:dbname=sort;host=localhost;port=3306;charset=utf8
[ sql ] [ SQL ] select u_id,u_name from tester [ RunTime:0.001001s ]
[ sql ] [ SQL ] select g_id,g_name from game [ RunTime:0.000000s ]
[ sql ] [ SQL ] select id,value from attr where name = "game_type" [ RunTime:0.000000s ]
[ sql ] [ SQL ] select id,value from attr where name = "terminal_type" [ RunTime:0.000000s ]
[ sql ] [ SQL ] select id,value from attr where name = "sex_type" [ RunTime:0.000000s ]
[ sql ] [ SQL ] select id,value from attr where name = "age_type" [ RunTime:0.001000s ]
[ sql ] [ SQL ] select id,value from attr where name = "game_experience" [ RunTime:0.000000s ]
[ sql ] [ SQL ] select id,value from attr where name = "game_year" [ RunTime:0.000000s ]
[ sql ] [ SQL ] select DISTINCT status_ from test [ RunTime:0.000000s ]
[ sql ] [ SQL ] select group_id from group_ WHERE group_name = 'p1_1' [ RunTime:0.000000s ]
[ sql ] [ SQL ] select emoi,scl,High_alpha,gamma,tag from data WHERE id in (SELECT test_id FROM group_test WHERE group_id = '29') [ RunTime:0.000000s ]

---------------------------------------------------------------
[ 2017-03-07T16:30:44+08:00 ] ::1 ::1 POST /tp5/public/index.php/demo/hello/sortdata.html
[ log ] localhost/tp5/public/index.php/demo/hello/sortdata.html [运行时间：0.039002s][吞吐率：25.64req/s] [内存消耗：1,581.74kb] [文件加载：40]
[ info ] [ LANG ] C:\xampp\htdocs\tp5\thinkphp\lang\zh-cn.php
[ info ] [ ROUTE ] array (
  'type' => 'module',
  'module' => 
  array (
    0 => 'demo',
    1 => 'hello',
    2 => 'sortdata',
  ),
)
[ info ] [ HEADER ] array (
  'host' => 'localhost',
  'connection' => 'keep-alive',
  'content-length' => '66',
  'accept' => 'application/json, text/javascript, */*; q=0.01',
  'origin' => 'http://localhost',
  'x-requested-with' => 'XMLHttpRequest',
  'user-agent' => 'Mozilla/5.0 (Windows NT 6.1; WOW64) AppleWebKit/537.36 (KHTML, like Gecko) Chrome/53.0.2785.89 Safari/537.36',
  'content-type' => 'application/x-www-form-urlencoded; charset=UTF-8',
  'referer' => 'http://localhost/tp5/public/index.php/demo/hello/sort.html',
  'accept-encoding' => 'gzip, deflate',
  'accept-language' => 'zh-CN,zh;q=0.8',
  'cookie' => 'project_name=p1; group_name=p1_1; project_id=5; pgv_pvi=1445688320; Phpstorm-e4311aeb=e3ecb2d2-64ad-427e-a502-9b52cf11c2cf; pgv_si=s6388928512',
)
[ info ] [ PARAM ] array (
  'count_n' => '',
  'sex' => '3',
  'age_group' => '9',
  'game_experience' => '13',
  'game_year' => '6',
  'status' => '1',
)
[ info ] [ RUN ] app\demo\controller\Hello->sortData[ C:\xampp\htdocs\tp5\application\demo\controller\Hello.php ]
[ info ] [ DB ] INIT mysql
[ info ] [ LOG ] INIT File
[ sql ] [ DB ] CONNECT:[ UseTime:0.002000s ] mysql:dbname=sort;host=localhost;port=3306;charset=utf8
[ sql ] [ SQL ] select id,emoi,scl,High_alpha,gamma,tag from data WHERE test_id IN (SELECT test_id FROM test WHERE status_ = '1' AND u_id IN (SELECT u_id FROM tester WHERE u_sex_id = '3'AND u_age_id = '9'AND u_year_id='6' AND u_experience_id = '13')) [ RunTime:0.001000s ]

---------------------------------------------------------------
[ 2017-03-07T16:31:40+08:00 ] ::1 ::1 POST /tp5/public/index.php/demo/hello/adddata.html
[ log ] localhost/tp5/public/index.php/demo/hello/adddata.html [运行时间：0.050003s][吞吐率：20.00req/s] [内存消耗：1,592.52kb] [文件加载：41]
[ info ] [ LANG ] C:\xampp\htdocs\tp5\thinkphp\lang\zh-cn.php
[ info ] [ ROUTE ] array (
  'type' => 'module',
  'module' => 
  array (
    0 => 'demo',
    1 => 'hello',
    2 => 'adddata',
  ),
)
[ info ] [ HEADER ] array (
  'host' => 'localhost',
  'connection' => 'keep-alive',
  'content-length' => '50',
  'accept' => '*/*',
  'origin' => 'http://localhost',
  'x-requested-with' => 'XMLHttpRequest',
  'user-agent' => 'Mozilla/5.0 (Windows NT 6.1; WOW64) AppleWebKit/537.36 (KHTML, like Gecko) Chrome/53.0.2785.89 Safari/537.36',
  'content-type' => 'application/x-www-form-urlencoded; charset=UTF-8',
  'referer' => 'http://localhost/tp5/public/index.php/demo/hello/sort.html',
  'accept-encoding' => 'gzip, deflate',
  'accept-language' => 'zh-CN,zh;q=0.8',
  'cookie' => 'project_name=p1; group_name=p1_1; project_id=5; pgv_pvi=1445688320; Phpstorm-e4311aeb=e3ecb2d2-64ad-427e-a502-9b52cf11c2cf; pgv_si=s6388928512',
)
[ info ] [ PARAM ] array (
  'id' => '["27","30","32","34"]',
)
[ info ] [ RUN ] app\demo\controller\Hello->addData[ C:\xampp\htdocs\tp5\application\demo\controller\Hello.php ]
[ info ] [ DB ] INIT mysql
[ info ] [ LOG ] INIT File
[ sql ] [ DB ] CONNECT:[ UseTime:0.012001s ] mysql:dbname=sort;host=localhost;port=3306;charset=utf8
[ sql ] [ SQL ] select group_id from group_ WHERE group_name = 'p1_1' [ RunTime:0.001000s ]
[ sql ] [ SQL ] select count(id) AS id from group_test WHERE group_id = '29'AND test_id = '27' [ RunTime:0.000000s ]
[ sql ] [ SQL ] select count(id) AS id from group_test WHERE group_id = '29'AND test_id = '30' [ RunTime:0.000000s ]
[ sql ] [ SQL ] select count(id) AS id from group_test WHERE group_id = '29'AND test_id = '32' [ RunTime:0.001000s ]
[ sql ] [ SQL ] select count(id) AS id from group_test WHERE group_id = '29'AND test_id = '34' [ RunTime:0.000000s ]

---------------------------------------------------------------
[ 2017-03-07T16:31:43+08:00 ] ::1 ::1 GET /tp5/public/index.php/demo/hello/sort.html
[ log ] localhost/tp5/public/index.php/demo/hello/sort.html [运行时间：0.051003s][吞吐率：19.61req/s] [内存消耗：1,679.24kb] [文件加载：43]
[ info ] [ LANG ] C:\xampp\htdocs\tp5\thinkphp\lang\zh-cn.php
[ info ] [ ROUTE ] array (
  'type' => 'module',
  'module' => 
  array (
    0 => 'demo',
    1 => 'hello',
    2 => 'sort',
  ),
)
[ info ] [ HEADER ] array (
  'host' => 'localhost',
  'connection' => 'keep-alive',
  'cache-control' => 'max-age=0',
  'upgrade-insecure-requests' => '1',
  'user-agent' => 'Mozilla/5.0 (Windows NT 6.1; WOW64) AppleWebKit/537.36 (KHTML, like Gecko) Chrome/53.0.2785.89 Safari/537.36',
  'accept' => 'text/html,application/xhtml+xml,application/xml;q=0.9,image/webp,*/*;q=0.8',
  'referer' => 'http://localhost/tp5/public/index.php/demo/hello/sort.html',
  'accept-encoding' => 'gzip, deflate, sdch',
  'accept-language' => 'zh-CN,zh;q=0.8',
  'cookie' => 'project_name=p1; group_name=p1_1; project_id=5; pgv_pvi=1445688320; Phpstorm-e4311aeb=e3ecb2d2-64ad-427e-a502-9b52cf11c2cf; pgv_si=s6388928512',
)
[ info ] [ PARAM ] array (
)
[ info ] [ RUN ] app\demo\controller\Hello->sort[ C:\xampp\htdocs\tp5\application\demo\controller\Hello.php ]
[ info ] [ DB ] INIT mysql
[ info ] [ VIEW ] C:\xampp\htdocs\tp5\public/../application/demo\view\hello\sort.html [ array (
  0 => 'tester',
  1 => 'game',
  2 => 'game_type',
  3 => 'terminal_type',
  4 => 'sex',
  5 => 'age_group',
  6 => 'game_experience',
  7 => 'game_year',
  8 => 'status',
  9 => 'group_n',
  10 => 'data',
) ]
[ info ] [ LOG ] INIT File
[ sql ] [ DB ] CONNECT:[ UseTime:0.002000s ] mysql:dbname=sort;host=localhost;port=3306;charset=utf8
[ sql ] [ SQL ] select u_id,u_name from tester [ RunTime:0.000000s ]
[ sql ] [ SQL ] select g_id,g_name from game [ RunTime:0.001000s ]
[ sql ] [ SQL ] select id,value from attr where name = "game_type" [ RunTime:0.000000s ]
[ sql ] [ SQL ] select id,value from attr where name = "terminal_type" [ RunTime:0.000000s ]
[ sql ] [ SQL ] select id,value from attr where name = "sex_type" [ RunTime:0.001000s ]
[ sql ] [ SQL ] select id,value from attr where name = "age_type" [ RunTime:0.000000s ]
[ sql ] [ SQL ] select id,value from attr where name = "game_experience" [ RunTime:0.000000s ]
[ sql ] [ SQL ] select id,value from attr where name = "game_year" [ RunTime:0.000000s ]
[ sql ] [ SQL ] select DISTINCT status_ from test [ RunTime:0.001000s ]
[ sql ] [ SQL ] select group_id from group_ WHERE group_name = 'p1_1' [ RunTime:0.000000s ]
[ sql ] [ SQL ] select emoi,scl,High_alpha,gamma,tag from data WHERE id in (SELECT test_id FROM group_test WHERE group_id = '29') [ RunTime:0.001001s ]

---------------------------------------------------------------
[ 2017-03-07T16:32:20+08:00 ] ::1 ::1 POST /tp5/public/index.php/demo/hello/addgroup.html
[ log ] localhost/tp5/public/index.php/demo/hello/addgroup.html [运行时间：0.233013s][吞吐率：4.29req/s] [内存消耗：1,590.66kb] [文件加载：41]
[ info ] [ LANG ] C:\xampp\htdocs\tp5\thinkphp\lang\zh-cn.php
[ info ] [ ROUTE ] array (
  'type' => 'module',
  'module' => 
  array (
    0 => 'demo',
    1 => 'hello',
    2 => 'addgroup',
  ),
)
[ info ] [ HEADER ] array (
  'host' => 'localhost',
  'connection' => 'keep-alive',
  'content-length' => '31',
  'accept' => 'application/json, text/javascript, */*; q=0.01',
  'origin' => 'http://localhost',
  'x-requested-with' => 'XMLHttpRequest',
  'user-agent' => 'Mozilla/5.0 (Windows NT 6.1; WOW64) AppleWebKit/537.36 (KHTML, like Gecko) Chrome/53.0.2785.89 Safari/537.36',
  'content-type' => 'application/x-www-form-urlencoded; charset=UTF-8',
  'referer' => 'http://localhost/tp5/public/index.php/demo/hello/group.html',
  'accept-encoding' => 'gzip, deflate',
  'accept-language' => 'zh-CN,zh;q=0.8',
  'cookie' => 'project_name=p1; group_name=p1_1; project_id=5; pgv_pvi=1445688320; Phpstorm-e4311aeb=e3ecb2d2-64ad-427e-a502-9b52cf11c2cf; pgv_si=s6388928512',
)
[ info ] [ PARAM ] array (
  'project_name' => '大招',
)
[ info ] [ RUN ] app\demo\controller\Hello->addGroup[ C:\xampp\htdocs\tp5\application\demo\controller\Hello.php ]
[ info ] [ DB ] INIT mysql
[ info ] [ LOG ] INIT File
[ sql ] [ DB ] CONNECT:[ UseTime:0.012001s ] mysql:dbname=sort;host=localhost;port=3306;charset=utf8
[ sql ] [ SQL ] insert into group_ (group_name) VALUE ('大招') [ RunTime:0.095005s ]
[ sql ] [ SQL ] select project_id from project WHERE project_name = 'p1' [ RunTime:0.001000s ]
[ sql ] [ SQL ] select group_id from group_ WHERE group_name ='大招' [ RunTime:0.019001s ]
[ sql ] [ SQL ] insert into project_group (project_id,group_id) VALUES ('5','30') [ RunTime:0.061004s ]

---------------------------------------------------------------
[ 2017-03-07T16:32:23+08:00 ] ::1 ::1 GET /tp5/public/index.php/demo/hello/group.html
[ log ] localhost/tp5/public/index.php/demo/hello/group.html [运行时间：0.058003s][吞吐率：17.24req/s] [内存消耗：1,653.56kb] [文件加载：43]
[ info ] [ LANG ] C:\xampp\htdocs\tp5\thinkphp\lang\zh-cn.php
[ info ] [ ROUTE ] array (
  'type' => 'module',
  'module' => 
  array (
    0 => 'demo',
    1 => 'hello',
    2 => 'group',
  ),
)
[ info ] [ HEADER ] array (
  'host' => 'localhost',
  'connection' => 'keep-alive',
  'cache-control' => 'max-age=0',
  'upgrade-insecure-requests' => '1',
  'user-agent' => 'Mozilla/5.0 (Windows NT 6.1; WOW64) AppleWebKit/537.36 (KHTML, like Gecko) Chrome/53.0.2785.89 Safari/537.36',
  'accept' => 'text/html,application/xhtml+xml,application/xml;q=0.9,image/webp,*/*;q=0.8',
  'referer' => 'http://localhost/tp5/public/index.php/demo/hello/group.html',
  'accept-encoding' => 'gzip, deflate, sdch',
  'accept-language' => 'zh-CN,zh;q=0.8',
  'cookie' => 'project_name=p1; group_name=p1_1; project_id=5; pgv_pvi=1445688320; Phpstorm-e4311aeb=e3ecb2d2-64ad-427e-a502-9b52cf11c2cf; pgv_si=s6388928512',
)
[ info ] [ PARAM ] array (
)
[ info ] [ RUN ] app\demo\controller\Hello->group[ C:\xampp\htdocs\tp5\application\demo\controller\Hello.php ]
[ info ] [ DB ] INIT mysql
[ info ] [ VIEW ] C:\xampp\htdocs\tp5\public/../application/demo\view\hello\group.html [ array (
  0 => 'project_n',
  1 => 'project_id',
  2 => 'group_name',
) ]
[ info ] [ LOG ] INIT File
[ sql ] [ DB ] CONNECT:[ UseTime:0.011001s ] mysql:dbname=sort;host=localhost;port=3306;charset=utf8
[ sql ] [ SQL ] select project_id from project WHERE project_name = 'p1' [ RunTime:0.007000s ]
[ sql ] [ SQL ] select group_name from group_ WHERE group_id IN (SELECT group_id FROM project_group WHERE project_id = '5') [ RunTime:0.000000s ]

---------------------------------------------------------------
[ 2017-03-07T16:32:24+08:00 ] ::1 ::1 GET /tp5/public/index.php/demo/hello/sort.html
[ log ] localhost/tp5/public/index.php/demo/hello/sort.html [运行时间：0.065003s][吞吐率：15.38req/s] [内存消耗：1,679.16kb] [文件加载：43]
[ info ] [ LANG ] C:\xampp\htdocs\tp5\thinkphp\lang\zh-cn.php
[ info ] [ ROUTE ] array (
  'type' => 'module',
  'module' => 
  array (
    0 => 'demo',
    1 => 'hello',
    2 => 'sort',
  ),
)
[ info ] [ HEADER ] array (
  'host' => 'localhost',
  'connection' => 'keep-alive',
  'upgrade-insecure-requests' => '1',
  'user-agent' => 'Mozilla/5.0 (Windows NT 6.1; WOW64) AppleWebKit/537.36 (KHTML, like Gecko) Chrome/53.0.2785.89 Safari/537.36',
  'accept' => 'text/html,application/xhtml+xml,application/xml;q=0.9,image/webp,*/*;q=0.8',
  'referer' => 'http://localhost/tp5/public/index.php/demo/hello/group.html',
  'accept-encoding' => 'gzip, deflate, sdch',
  'accept-language' => 'zh-CN,zh;q=0.8',
  'cookie' => 'project_name=p1; group_name=p1_1; project_id=5; pgv_pvi=1445688320; Phpstorm-e4311aeb=e3ecb2d2-64ad-427e-a502-9b52cf11c2cf; pgv_si=s6388928512',
)
[ info ] [ PARAM ] array (
)
[ info ] [ RUN ] app\demo\controller\Hello->sort[ C:\xampp\htdocs\tp5\application\demo\controller\Hello.php ]
[ info ] [ DB ] INIT mysql
[ info ] [ VIEW ] C:\xampp\htdocs\tp5\public/../application/demo\view\hello\sort.html [ array (
  0 => 'tester',
  1 => 'game',
  2 => 'game_type',
  3 => 'terminal_type',
  4 => 'sex',
  5 => 'age_group',
  6 => 'game_experience',
  7 => 'game_year',
  8 => 'status',
  9 => 'group_n',
  10 => 'data',
) ]
[ info ] [ LOG ] INIT File
[ sql ] [ DB ] CONNECT:[ UseTime:0.011001s ] mysql:dbname=sort;host=localhost;port=3306;charset=utf8
[ sql ] [ SQL ] select u_id,u_name from tester [ RunTime:0.000000s ]
[ sql ] [ SQL ] select g_id,g_name from game [ RunTime:0.000000s ]
[ sql ] [ SQL ] select id,value from attr where name = "game_type" [ RunTime:0.001000s ]
[ sql ] [ SQL ] select id,value from attr where name = "terminal_type" [ RunTime:0.000000s ]
[ sql ] [ SQL ] select id,value from attr where name = "sex_type" [ RunTime:0.000000s ]
[ sql ] [ SQL ] select id,value from attr where name = "age_type" [ RunTime:0.000000s ]
[ sql ] [ SQL ] select id,value from attr where name = "game_experience" [ RunTime:0.000000s ]
[ sql ] [ SQL ] select id,value from attr where name = "game_year" [ RunTime:0.000000s ]
[ sql ] [ SQL ] select DISTINCT status_ from test [ RunTime:0.000000s ]
[ sql ] [ SQL ] select group_id from group_ WHERE group_name = 'p1_1' [ RunTime:0.000000s ]
[ sql ] [ SQL ] select emoi,scl,High_alpha,gamma,tag from data WHERE id in (SELECT test_id FROM group_test WHERE group_id = '29') [ RunTime:0.000000s ]

---------------------------------------------------------------
[ 2017-03-07T16:32:27+08:00 ] ::1 ::1 GET /tp5/public/index.php/demo/hello/sort.html
[ log ] localhost/tp5/public/index.php/demo/hello/sort.html [运行时间：0.053003s][吞吐率：18.87req/s] [内存消耗：1,667.20kb] [文件加载：43]
[ info ] [ LANG ] C:\xampp\htdocs\tp5\thinkphp\lang\zh-cn.php
[ info ] [ ROUTE ] array (
  'type' => 'module',
  'module' => 
  array (
    0 => 'demo',
    1 => 'hello',
    2 => 'sort',
  ),
)
[ info ] [ HEADER ] array (
  'host' => 'localhost',
  'connection' => 'keep-alive',
  'upgrade-insecure-requests' => '1',
  'user-agent' => 'Mozilla/5.0 (Windows NT 6.1; WOW64) AppleWebKit/537.36 (KHTML, like Gecko) Chrome/53.0.2785.89 Safari/537.36',
  'accept' => 'text/html,application/xhtml+xml,application/xml;q=0.9,image/webp,*/*;q=0.8',
  'referer' => 'http://localhost/tp5/public/index.php/demo/hello/group.html',
  'accept-encoding' => 'gzip, deflate, sdch',
  'accept-language' => 'zh-CN,zh;q=0.8',
  'cookie' => 'project_name=p1; group_name=%E5%A4%A7%E6%8B%9B; project_id=5; pgv_pvi=1445688320; Phpstorm-e4311aeb=e3ecb2d2-64ad-427e-a502-9b52cf11c2cf; pgv_si=s6388928512',
)
[ info ] [ PARAM ] array (
)
[ info ] [ RUN ] app\demo\controller\Hello->sort[ C:\xampp\htdocs\tp5\application\demo\controller\Hello.php ]
[ info ] [ DB ] INIT mysql
[ info ] [ VIEW ] C:\xampp\htdocs\tp5\public/../application/demo\view\hello\sort.html [ array (
  0 => 'tester',
  1 => 'game',
  2 => 'game_type',
  3 => 'terminal_type',
  4 => 'sex',
  5 => 'age_group',
  6 => 'game_experience',
  7 => 'game_year',
  8 => 'status',
  9 => 'group_n',
  10 => 'data',
) ]
[ info ] [ LOG ] INIT File
[ sql ] [ DB ] CONNECT:[ UseTime:0.011001s ] mysql:dbname=sort;host=localhost;port=3306;charset=utf8
[ sql ] [ SQL ] select u_id,u_name from tester [ RunTime:0.001000s ]
[ sql ] [ SQL ] select g_id,g_name from game [ RunTime:0.000000s ]
[ sql ] [ SQL ] select id,value from attr where name = "game_type" [ RunTime:0.000000s ]
[ sql ] [ SQL ] select id,value from attr where name = "terminal_type" [ RunTime:0.001000s ]
[ sql ] [ SQL ] select id,value from attr where name = "sex_type" [ RunTime:0.000000s ]
[ sql ] [ SQL ] select id,value from attr where name = "age_type" [ RunTime:0.000000s ]
[ sql ] [ SQL ] select id,value from attr where name = "game_experience" [ RunTime:0.000000s ]
[ sql ] [ SQL ] select id,value from attr where name = "game_year" [ RunTime:0.001000s ]
[ sql ] [ SQL ] select DISTINCT status_ from test [ RunTime:0.000000s ]
[ sql ] [ SQL ] select group_id from group_ WHERE group_name = '大招' [ RunTime:0.000000s ]
[ sql ] [ SQL ] select emoi,scl,High_alpha,gamma,tag from data WHERE id in (SELECT test_id FROM group_test WHERE group_id = '30') [ RunTime:0.000000s ]

---------------------------------------------------------------
[ 2017-03-07T16:32:35+08:00 ] ::1 ::1 POST /tp5/public/index.php/demo/hello/sortdata.html
[ log ] localhost/tp5/public/index.php/demo/hello/sortdata.html [运行时间：0.040002s][吞吐率：25.00req/s] [内存消耗：1,581.74kb] [文件加载：40]
[ info ] [ LANG ] C:\xampp\htdocs\tp5\thinkphp\lang\zh-cn.php
[ info ] [ ROUTE ] array (
  'type' => 'module',
  'module' => 
  array (
    0 => 'demo',
    1 => 'hello',
    2 => 'sortdata',
  ),
)
[ info ] [ HEADER ] array (
  'host' => 'localhost',
  'connection' => 'keep-alive',
  'content-length' => '66',
  'accept' => 'application/json, text/javascript, */*; q=0.01',
  'origin' => 'http://localhost',
  'x-requested-with' => 'XMLHttpRequest',
  'user-agent' => 'Mozilla/5.0 (Windows NT 6.1; WOW64) AppleWebKit/537.36 (KHTML, like Gecko) Chrome/53.0.2785.89 Safari/537.36',
  'content-type' => 'application/x-www-form-urlencoded; charset=UTF-8',
  'referer' => 'http://localhost/tp5/public/index.php/demo/hello/sort.html',
  'accept-encoding' => 'gzip, deflate',
  'accept-language' => 'zh-CN,zh;q=0.8',
  'cookie' => 'project_name=p1; group_name=%E5%A4%A7%E6%8B%9B; project_id=5; pgv_pvi=1445688320; Phpstorm-e4311aeb=e3ecb2d2-64ad-427e-a502-9b52cf11c2cf; pgv_si=s6388928512',
)
[ info ] [ PARAM ] array (
  'count_n' => '',
  'sex' => '3',
  'age_group' => '9',
  'game_experience' => '13',
  'game_year' => '6',
  'status' => '1',
)
[ info ] [ RUN ] app\demo\controller\Hello->sortData[ C:\xampp\htdocs\tp5\application\demo\controller\Hello.php ]
[ info ] [ DB ] INIT mysql
[ info ] [ LOG ] INIT File
[ sql ] [ DB ] CONNECT:[ UseTime:0.002000s ] mysql:dbname=sort;host=localhost;port=3306;charset=utf8
[ sql ] [ SQL ] select id,emoi,scl,High_alpha,gamma,tag from data WHERE test_id IN (SELECT test_id FROM test WHERE status_ = '1' AND u_id IN (SELECT u_id FROM tester WHERE u_sex_id = '3'AND u_age_id = '9'AND u_year_id='6' AND u_experience_id = '13')) [ RunTime:0.000000s ]

---------------------------------------------------------------
[ 2017-03-07T16:32:41+08:00 ] ::1 ::1 POST /tp5/public/index.php/demo/hello/adddata.html
[ log ] localhost/tp5/public/index.php/demo/hello/adddata.html [运行时间：0.198012s][吞吐率：5.05req/s] [内存消耗：1,591.66kb] [文件加载：41]
[ info ] [ LANG ] C:\xampp\htdocs\tp5\thinkphp\lang\zh-cn.php
[ info ] [ ROUTE ] array (
  'type' => 'module',
  'module' => 
  array (
    0 => 'demo',
    1 => 'hello',
    2 => 'adddata',
  ),
)
[ info ] [ HEADER ] array (
  'host' => 'localhost',
  'connection' => 'keep-alive',
  'content-length' => '50',
  'accept' => '*/*',
  'origin' => 'http://localhost',
  'x-requested-with' => 'XMLHttpRequest',
  'user-agent' => 'Mozilla/5.0 (Windows NT 6.1; WOW64) AppleWebKit/537.36 (KHTML, like Gecko) Chrome/53.0.2785.89 Safari/537.36',
  'content-type' => 'application/x-www-form-urlencoded; charset=UTF-8',
  'referer' => 'http://localhost/tp5/public/index.php/demo/hello/sort.html',
  'accept-encoding' => 'gzip, deflate',
  'accept-language' => 'zh-CN,zh;q=0.8',
  'cookie' => 'project_name=p1; group_name=%E5%A4%A7%E6%8B%9B; project_id=5; pgv_pvi=1445688320; Phpstorm-e4311aeb=e3ecb2d2-64ad-427e-a502-9b52cf11c2cf; pgv_si=s6388928512',
)
[ info ] [ PARAM ] array (
  'id' => '["26","28","31","33"]',
)
[ info ] [ RUN ] app\demo\controller\Hello->addData[ C:\xampp\htdocs\tp5\application\demo\controller\Hello.php ]
[ info ] [ DB ] INIT mysql
[ info ] [ LOG ] INIT File
[ sql ] [ DB ] CONNECT:[ UseTime:0.011000s ] mysql:dbname=sort;host=localhost;port=3306;charset=utf8
[ sql ] [ SQL ] select group_id from group_ WHERE group_name = '大招' [ RunTime:0.000000s ]
[ sql ] [ SQL ] select count(id) AS id from group_test WHERE group_id = '30'AND test_id = '26' [ RunTime:0.000000s ]
[ sql ] [ SQL ] insert into group_test (group_id,test_id) VALUES ('30','26') [ RunTime:0.037003s ]
[ sql ] [ SQL ] select count(id) AS id from group_test WHERE group_id = '30'AND test_id = '28' [ RunTime:0.000000s ]
[ sql ] [ SQL ] insert into group_test (group_id,test_id) VALUES ('30','28') [ RunTime:0.023001s ]
[ sql ] [ SQL ] select count(id) AS id from group_test WHERE group_id = '30'AND test_id = '31' [ RunTime:0.001000s ]
[ sql ] [ SQL ] insert into group_test (group_id,test_id) VALUES ('30','31') [ RunTime:0.025001s ]
[ sql ] [ SQL ] select count(id) AS id from group_test WHERE group_id = '30'AND test_id = '33' [ RunTime:0.001000s ]
[ sql ] [ SQL ] insert into group_test (group_id,test_id) VALUES ('30','33') [ RunTime:0.049003s ]

---------------------------------------------------------------
[ 2017-03-07T16:32:44+08:00 ] ::1 ::1 GET /tp5/public/index.php/demo/hello/sort.html
[ log ] localhost/tp5/public/index.php/demo/hello/sort.html [运行时间：0.054003s][吞吐率：18.52req/s] [内存消耗：1,670.50kb] [文件加载：43]
[ info ] [ LANG ] C:\xampp\htdocs\tp5\thinkphp\lang\zh-cn.php
[ info ] [ ROUTE ] array (
  'type' => 'module',
  'module' => 
  array (
    0 => 'demo',
    1 => 'hello',
    2 => 'sort',
  ),
)
[ info ] [ HEADER ] array (
  'host' => 'localhost',
  'connection' => 'keep-alive',
  'cache-control' => 'max-age=0',
  'upgrade-insecure-requests' => '1',
  'user-agent' => 'Mozilla/5.0 (Windows NT 6.1; WOW64) AppleWebKit/537.36 (KHTML, like Gecko) Chrome/53.0.2785.89 Safari/537.36',
  'accept' => 'text/html,application/xhtml+xml,application/xml;q=0.9,image/webp,*/*;q=0.8',
  'referer' => 'http://localhost/tp5/public/index.php/demo/hello/sort.html',
  'accept-encoding' => 'gzip, deflate, sdch',
  'accept-language' => 'zh-CN,zh;q=0.8',
  'cookie' => 'project_name=p1; group_name=%E5%A4%A7%E6%8B%9B; project_id=5; pgv_pvi=1445688320; Phpstorm-e4311aeb=e3ecb2d2-64ad-427e-a502-9b52cf11c2cf; pgv_si=s6388928512',
)
[ info ] [ PARAM ] array (
)
[ info ] [ RUN ] app\demo\controller\Hello->sort[ C:\xampp\htdocs\tp5\application\demo\controller\Hello.php ]
[ info ] [ DB ] INIT mysql
[ info ] [ VIEW ] C:\xampp\htdocs\tp5\public/../application/demo\view\hello\sort.html [ array (
  0 => 'tester',
  1 => 'game',
  2 => 'game_type',
  3 => 'terminal_type',
  4 => 'sex',
  5 => 'age_group',
  6 => 'game_experience',
  7 => 'game_year',
  8 => 'status',
  9 => 'group_n',
  10 => 'data',
) ]
[ info ] [ LOG ] INIT File
[ sql ] [ DB ] CONNECT:[ UseTime:0.002000s ] mysql:dbname=sort;host=localhost;port=3306;charset=utf8
[ sql ] [ SQL ] select u_id,u_name from tester [ RunTime:0.000000s ]
[ sql ] [ SQL ] select g_id,g_name from game [ RunTime:0.000000s ]
[ sql ] [ SQL ] select id,value from attr where name = "game_type" [ RunTime:0.001000s ]
[ sql ] [ SQL ] select id,value from attr where name = "terminal_type" [ RunTime:0.000000s ]
[ sql ] [ SQL ] select id,value from attr where name = "sex_type" [ RunTime:0.000000s ]
[ sql ] [ SQL ] select id,value from attr where name = "age_type" [ RunTime:0.001000s ]
[ sql ] [ SQL ] select id,value from attr where name = "game_experience" [ RunTime:0.000000s ]
[ sql ] [ SQL ] select id,value from attr where name = "game_year" [ RunTime:0.000000s ]
[ sql ] [ SQL ] select DISTINCT status_ from test [ RunTime:0.001000s ]
[ sql ] [ SQL ] select group_id from group_ WHERE group_name = '大招' [ RunTime:0.001000s ]
[ sql ] [ SQL ] select emoi,scl,High_alpha,gamma,tag from data WHERE id in (SELECT test_id FROM group_test WHERE group_id = '30') [ RunTime:0.000000s ]

---------------------------------------------------------------
[ 2017-03-07T16:33:06+08:00 ] ::1 ::1 POST /tp5/public/index.php/demo/hello/data_get.html
[ log ] localhost/tp5/public/index.php/demo/hello/data_get.html [运行时间：0.055003s][吞吐率：18.18req/s] [内存消耗：1,594.12kb] [文件加载：41]
[ info ] [ LANG ] C:\xampp\htdocs\tp5\thinkphp\lang\zh-cn.php
[ info ] [ ROUTE ] array (
  'type' => 'module',
  'module' => 
  array (
    0 => 'demo',
    1 => 'hello',
    2 => 'data_get',
  ),
)
[ info ] [ HEADER ] array (
  'host' => 'localhost',
  'connection' => 'keep-alive',
  'content-length' => '10',
  'accept' => 'application/json, text/javascript, */*; q=0.01',
  'origin' => 'http://localhost',
  'x-requested-with' => 'XMLHttpRequest',
  'user-agent' => 'Mozilla/5.0 (Windows NT 6.1; WOW64) AppleWebKit/537.36 (KHTML, like Gecko) Chrome/53.0.2785.89 Safari/537.36',
  'content-type' => 'application/x-www-form-urlencoded; charset=UTF-8',
  'referer' => 'http://localhost/tp5/public/index.php/demo/hello/sort.html',
  'accept-encoding' => 'gzip, deflate',
  'accept-language' => 'zh-CN,zh;q=0.8',
  'cookie' => 'project_name=p1; group_name=%E5%A4%A7%E6%8B%9B; project_id=5; pgv_pvi=1445688320; Phpstorm-e4311aeb=e3ecb2d2-64ad-427e-a502-9b52cf11c2cf; pgv_si=s6388928512',
)
[ info ] [ PARAM ] array (
  'count_n' => '20',
)
[ info ] [ RUN ] app\demo\controller\Hello->data_get[ C:\xampp\htdocs\tp5\application\demo\controller\Hello.php ]
[ info ] [ DB ] INIT mysql
[ info ] [ LOG ] INIT File
[ sql ] [ DB ] CONNECT:[ UseTime:0.013000s ] mysql:dbname=sort;host=localhost;port=3306;charset=utf8
[ sql ] [ SQL ] select group_id from group_ WHERE group_name = '大招' [ RunTime:0.001000s ]
[ sql ] [ SQL ] select emoi,scl,High_alpha,gamma from data WHERE id in (SELECT test_id FROM group_test WHERE group_id = '30') [ RunTime:0.000000s ]

---------------------------------------------------------------
[ 2017-03-07T16:33:15+08:00 ] ::1 ::1 POST /tp5/public/index.php/demo/hello/data_get.html
[ log ] localhost/tp5/public/index.php/demo/hello/data_get.html [运行时间：0.055003s][吞吐率：18.18req/s] [内存消耗：1,639.28kb] [文件加载：45]
[ info ] [ LANG ] C:\xampp\htdocs\tp5\thinkphp\lang\zh-cn.php
[ info ] [ ROUTE ] array (
  'type' => 'module',
  'module' => 
  array (
    0 => 'demo',
    1 => 'hello',
    2 => 'data_get',
  ),
)
[ info ] [ HEADER ] array (
  'host' => 'localhost',
  'connection' => 'keep-alive',
  'content-length' => '11',
  'accept' => 'application/json, text/javascript, */*; q=0.01',
  'origin' => 'http://localhost',
  'x-requested-with' => 'XMLHttpRequest',
  'user-agent' => 'Mozilla/5.0 (Windows NT 6.1; WOW64) AppleWebKit/537.36 (KHTML, like Gecko) Chrome/53.0.2785.89 Safari/537.36',
  'content-type' => 'application/x-www-form-urlencoded; charset=UTF-8',
  'referer' => 'http://localhost/tp5/public/index.php/demo/hello/sort.html',
  'accept-encoding' => 'gzip, deflate',
  'accept-language' => 'zh-CN,zh;q=0.8',
  'cookie' => 'project_name=p1; group_name=%E5%A4%A7%E6%8B%9B; project_id=5; pgv_pvi=1445688320; Phpstorm-e4311aeb=e3ecb2d2-64ad-427e-a502-9b52cf11c2cf; pgv_si=s6388928512',
)
[ info ] [ PARAM ] array (
  'count_n' => '100',
)
[ info ] [ RUN ] app\demo\controller\Hello->data_get[ C:\xampp\htdocs\tp5\application\demo\controller\Hello.php ]
[ info ] [ DB ] INIT mysql
[ info ] [ LOG ] INIT File
[ sql ] [ DB ] CONNECT:[ UseTime:0.012000s ] mysql:dbname=sort;host=localhost;port=3306;charset=utf8
[ sql ] [ SQL ] select group_id from group_ WHERE group_name = '大招' [ RunTime:0.000000s ]
[ sql ] [ SQL ] select emoi,scl,High_alpha,gamma from data WHERE id in (SELECT test_id FROM group_test WHERE group_id = '30') [ RunTime:0.001001s ]
[ error ] [8]未定义数组下标: 4[C:\xampp\htdocs\tp5\application\demo\controller\Hello.php:571]

---------------------------------------------------------------
[ 2017-03-07T16:33:20+08:00 ] ::1 ::1 POST /tp5/public/index.php/demo/hello/data_get.html
[ log ] localhost/tp5/public/index.php/demo/hello/data_get.html [运行时间：0.062004s][吞吐率：16.13req/s] [内存消耗：1,639.28kb] [文件加载：45]
[ info ] [ LANG ] C:\xampp\htdocs\tp5\thinkphp\lang\zh-cn.php
[ info ] [ ROUTE ] array (
  'type' => 'module',
  'module' => 
  array (
    0 => 'demo',
    1 => 'hello',
    2 => 'data_get',
  ),
)
[ info ] [ HEADER ] array (
  'host' => 'localhost',
  'connection' => 'keep-alive',
  'content-length' => '11',
  'accept' => 'application/json, text/javascript, */*; q=0.01',
  'origin' => 'http://localhost',
  'x-requested-with' => 'XMLHttpRequest',
  'user-agent' => 'Mozilla/5.0 (Windows NT 6.1; WOW64) AppleWebKit/537.36 (KHTML, like Gecko) Chrome/53.0.2785.89 Safari/537.36',
  'content-type' => 'application/x-www-form-urlencoded; charset=UTF-8',
  'referer' => 'http://localhost/tp5/public/index.php/demo/hello/sort.html',
  'accept-encoding' => 'gzip, deflate',
  'accept-language' => 'zh-CN,zh;q=0.8',
  'cookie' => 'project_name=p1; group_name=%E5%A4%A7%E6%8B%9B; project_id=5; pgv_pvi=1445688320; Phpstorm-e4311aeb=e3ecb2d2-64ad-427e-a502-9b52cf11c2cf; pgv_si=s6388928512',
)
[ info ] [ PARAM ] array (
  'count_n' => '100',
)
[ info ] [ RUN ] app\demo\controller\Hello->data_get[ C:\xampp\htdocs\tp5\application\demo\controller\Hello.php ]
[ info ] [ DB ] INIT mysql
[ info ] [ LOG ] INIT File
[ sql ] [ DB ] CONNECT:[ UseTime:0.013000s ] mysql:dbname=sort;host=localhost;port=3306;charset=utf8
[ sql ] [ SQL ] select group_id from group_ WHERE group_name = '大招' [ RunTime:0.000000s ]
[ sql ] [ SQL ] select emoi,scl,High_alpha,gamma from data WHERE id in (SELECT test_id FROM group_test WHERE group_id = '30') [ RunTime:0.000000s ]
[ error ] [8]未定义数组下标: 4[C:\xampp\htdocs\tp5\application\demo\controller\Hello.php:571]

---------------------------------------------------------------
[ 2017-03-07T16:33:35+08:00 ] ::1 ::1 POST /tp5/public/index.php/demo/hello/data_get.html
[ log ] localhost/tp5/public/index.php/demo/hello/data_get.html [运行时间：0.079004s][吞吐率：12.66req/s] [内存消耗：1,639.28kb] [文件加载：45]
[ info ] [ LANG ] C:\xampp\htdocs\tp5\thinkphp\lang\zh-cn.php
[ info ] [ ROUTE ] array (
  'type' => 'module',
  'module' => 
  array (
    0 => 'demo',
    1 => 'hello',
    2 => 'data_get',
  ),
)
[ info ] [ HEADER ] array (
  'host' => 'localhost',
  'connection' => 'keep-alive',
  'content-length' => '10',
  'accept' => 'application/json, text/javascript, */*; q=0.01',
  'origin' => 'http://localhost',
  'x-requested-with' => 'XMLHttpRequest',
  'user-agent' => 'Mozilla/5.0 (Windows NT 6.1; WOW64) AppleWebKit/537.36 (KHTML, like Gecko) Chrome/53.0.2785.89 Safari/537.36',
  'content-type' => 'application/x-www-form-urlencoded; charset=UTF-8',
  'referer' => 'http://localhost/tp5/public/index.php/demo/hello/sort.html',
  'accept-encoding' => 'gzip, deflate',
  'accept-language' => 'zh-CN,zh;q=0.8',
  'cookie' => 'project_name=p1; group_name=%E5%A4%A7%E6%8B%9B; project_id=5; pgv_pvi=1445688320; Phpstorm-e4311aeb=e3ecb2d2-64ad-427e-a502-9b52cf11c2cf; pgv_si=s6388928512',
)
[ info ] [ PARAM ] array (
  'count_n' => '99',
)
[ info ] [ RUN ] app\demo\controller\Hello->data_get[ C:\xampp\htdocs\tp5\application\demo\controller\Hello.php ]
[ info ] [ DB ] INIT mysql
[ info ] [ LOG ] INIT File
[ sql ] [ DB ] CONNECT:[ UseTime:0.014001s ] mysql:dbname=sort;host=localhost;port=3306;charset=utf8
[ sql ] [ SQL ] select group_id from group_ WHERE group_name = '大招' [ RunTime:0.001000s ]
[ sql ] [ SQL ] select emoi,scl,High_alpha,gamma from data WHERE id in (SELECT test_id FROM group_test WHERE group_id = '30') [ RunTime:0.001000s ]
[ error ] [8]未定义数组下标: 4[C:\xampp\htdocs\tp5\application\demo\controller\Hello.php:586]

---------------------------------------------------------------
[ 2017-03-07T16:34:19+08:00 ] ::1 ::1 POST /tp5/public/index.php/demo/hello/data_get.html
[ log ] localhost/tp5/public/index.php/demo/hello/data_get.html [运行时间：0.058004s][吞吐率：17.24req/s] [内存消耗：1,594.12kb] [文件加载：41]
[ info ] [ LANG ] C:\xampp\htdocs\tp5\thinkphp\lang\zh-cn.php
[ info ] [ ROUTE ] array (
  'type' => 'module',
  'module' => 
  array (
    0 => 'demo',
    1 => 'hello',
    2 => 'data_get',
  ),
)
[ info ] [ HEADER ] array (
  'host' => 'localhost',
  'connection' => 'keep-alive',
  'content-length' => '9',
  'accept' => 'application/json, text/javascript, */*; q=0.01',
  'origin' => 'http://localhost',
  'x-requested-with' => 'XMLHttpRequest',
  'user-agent' => 'Mozilla/5.0 (Windows NT 6.1; WOW64) AppleWebKit/537.36 (KHTML, like Gecko) Chrome/53.0.2785.89 Safari/537.36',
  'content-type' => 'application/x-www-form-urlencoded; charset=UTF-8',
  'referer' => 'http://localhost/tp5/public/index.php/demo/hello/sort.html',
  'accept-encoding' => 'gzip, deflate',
  'accept-language' => 'zh-CN,zh;q=0.8',
  'cookie' => 'project_name=p1; group_name=%E5%A4%A7%E6%8B%9B; project_id=5; pgv_pvi=1445688320; Phpstorm-e4311aeb=e3ecb2d2-64ad-427e-a502-9b52cf11c2cf; pgv_si=s6388928512',
)
[ info ] [ PARAM ] array (
  'count_n' => '1',
)
[ info ] [ RUN ] app\demo\controller\Hello->data_get[ C:\xampp\htdocs\tp5\application\demo\controller\Hello.php ]
[ info ] [ DB ] INIT mysql
[ info ] [ LOG ] INIT File
[ sql ] [ DB ] CONNECT:[ UseTime:0.013001s ] mysql:dbname=sort;host=localhost;port=3306;charset=utf8
[ sql ] [ SQL ] select group_id from group_ WHERE group_name = '大招' [ RunTime:0.001000s ]
[ sql ] [ SQL ] select emoi,scl,High_alpha,gamma from data WHERE id in (SELECT test_id FROM group_test WHERE group_id = '30') [ RunTime:0.000000s ]

---------------------------------------------------------------
[ 2017-03-07T16:34:23+08:00 ] ::1 ::1 POST /tp5/public/index.php/demo/hello/data_get.html
[ log ] localhost/tp5/public/index.php/demo/hello/data_get.html [运行时间：0.071004s][吞吐率：14.08req/s] [内存消耗：1,594.12kb] [文件加载：41]
[ info ] [ LANG ] C:\xampp\htdocs\tp5\thinkphp\lang\zh-cn.php
[ info ] [ ROUTE ] array (
  'type' => 'module',
  'module' => 
  array (
    0 => 'demo',
    1 => 'hello',
    2 => 'data_get',
  ),
)
[ info ] [ HEADER ] array (
  'host' => 'localhost',
  'connection' => 'keep-alive',
  'content-length' => '9',
  'accept' => 'application/json, text/javascript, */*; q=0.01',
  'origin' => 'http://localhost',
  'x-requested-with' => 'XMLHttpRequest',
  'user-agent' => 'Mozilla/5.0 (Windows NT 6.1; WOW64) AppleWebKit/537.36 (KHTML, like Gecko) Chrome/53.0.2785.89 Safari/537.36',
  'content-type' => 'application/x-www-form-urlencoded; charset=UTF-8',
  'referer' => 'http://localhost/tp5/public/index.php/demo/hello/sort.html',
  'accept-encoding' => 'gzip, deflate',
  'accept-language' => 'zh-CN,zh;q=0.8',
  'cookie' => 'project_name=p1; group_name=%E5%A4%A7%E6%8B%9B; project_id=5; pgv_pvi=1445688320; Phpstorm-e4311aeb=e3ecb2d2-64ad-427e-a502-9b52cf11c2cf; pgv_si=s6388928512',
)
[ info ] [ PARAM ] array (
  'count_n' => '1',
)
[ info ] [ RUN ] app\demo\controller\Hello->data_get[ C:\xampp\htdocs\tp5\application\demo\controller\Hello.php ]
[ info ] [ DB ] INIT mysql
[ info ] [ LOG ] INIT File
[ sql ] [ DB ] CONNECT:[ UseTime:0.012001s ] mysql:dbname=sort;host=localhost;port=3306;charset=utf8
[ sql ] [ SQL ] select group_id from group_ WHERE group_name = '大招' [ RunTime:0.000000s ]
[ sql ] [ SQL ] select emoi,scl,High_alpha,gamma from data WHERE id in (SELECT test_id FROM group_test WHERE group_id = '30') [ RunTime:0.001000s ]

---------------------------------------------------------------
[ 2017-03-07T16:35:07+08:00 ] ::1 ::1 POST /tp5/public/index.php/demo/hello/data_get.html
[ log ] localhost/tp5/public/index.php/demo/hello/data_get.html [运行时间：0.072004s][吞吐率：13.89req/s] [内存消耗：1,594.12kb] [文件加载：41]
[ info ] [ LANG ] C:\xampp\htdocs\tp5\thinkphp\lang\zh-cn.php
[ info ] [ ROUTE ] array (
  'type' => 'module',
  'module' => 
  array (
    0 => 'demo',
    1 => 'hello',
    2 => 'data_get',
  ),
)
[ info ] [ HEADER ] array (
  'host' => 'localhost',
  'connection' => 'keep-alive',
  'content-length' => '9',
  'accept' => 'application/json, text/javascript, */*; q=0.01',
  'origin' => 'http://localhost',
  'x-requested-with' => 'XMLHttpRequest',
  'user-agent' => 'Mozilla/5.0 (Windows NT 6.1; WOW64) AppleWebKit/537.36 (KHTML, like Gecko) Chrome/53.0.2785.89 Safari/537.36',
  'content-type' => 'application/x-www-form-urlencoded; charset=UTF-8',
  'referer' => 'http://localhost/tp5/public/index.php/demo/hello/sort.html',
  'accept-encoding' => 'gzip, deflate',
  'accept-language' => 'zh-CN,zh;q=0.8',
  'cookie' => 'project_name=p1; group_name=%E5%A4%A7%E6%8B%9B; project_id=5; pgv_pvi=1445688320; Phpstorm-e4311aeb=e3ecb2d2-64ad-427e-a502-9b52cf11c2cf; pgv_si=s6388928512',
)
[ info ] [ PARAM ] array (
  'count_n' => '1',
)
[ info ] [ RUN ] app\demo\controller\Hello->data_get[ C:\xampp\htdocs\tp5\application\demo\controller\Hello.php ]
[ info ] [ DB ] INIT mysql
[ info ] [ LOG ] INIT File
[ sql ] [ DB ] CONNECT:[ UseTime:0.014000s ] mysql:dbname=sort;host=localhost;port=3306;charset=utf8
[ sql ] [ SQL ] select group_id from group_ WHERE group_name = '大招' [ RunTime:0.001000s ]
[ sql ] [ SQL ] select emoi,scl,High_alpha,gamma from data WHERE id in (SELECT test_id FROM group_test WHERE group_id = '30') [ RunTime:0.001001s ]

---------------------------------------------------------------
[ 2017-03-07T16:35:19+08:00 ] ::1 ::1 POST /tp5/public/index.php/demo/hello/data_get.html
[ log ] localhost/tp5/public/index.php/demo/hello/data_get.html [运行时间：0.069004s][吞吐率：14.49req/s] [内存消耗：1,594.12kb] [文件加载：41]
[ info ] [ LANG ] C:\xampp\htdocs\tp5\thinkphp\lang\zh-cn.php
[ info ] [ ROUTE ] array (
  'type' => 'module',
  'module' => 
  array (
    0 => 'demo',
    1 => 'hello',
    2 => 'data_get',
  ),
)
[ info ] [ HEADER ] array (
  'host' => 'localhost',
  'connection' => 'keep-alive',
  'content-length' => '9',
  'accept' => 'application/json, text/javascript, */*; q=0.01',
  'origin' => 'http://localhost',
  'x-requested-with' => 'XMLHttpRequest',
  'user-agent' => 'Mozilla/5.0 (Windows NT 6.1; WOW64) AppleWebKit/537.36 (KHTML, like Gecko) Chrome/53.0.2785.89 Safari/537.36',
  'content-type' => 'application/x-www-form-urlencoded; charset=UTF-8',
  'referer' => 'http://localhost/tp5/public/index.php/demo/hello/sort.html',
  'accept-encoding' => 'gzip, deflate',
  'accept-language' => 'zh-CN,zh;q=0.8',
  'cookie' => 'project_name=p1; group_name=%E5%A4%A7%E6%8B%9B; project_id=5; pgv_pvi=1445688320; Phpstorm-e4311aeb=e3ecb2d2-64ad-427e-a502-9b52cf11c2cf; pgv_si=s6388928512',
)
[ info ] [ PARAM ] array (
  'count_n' => '1',
)
[ info ] [ RUN ] app\demo\controller\Hello->data_get[ C:\xampp\htdocs\tp5\application\demo\controller\Hello.php ]
[ info ] [ DB ] INIT mysql
[ info ] [ LOG ] INIT File
[ sql ] [ DB ] CONNECT:[ UseTime:0.012001s ] mysql:dbname=sort;host=localhost;port=3306;charset=utf8
[ sql ] [ SQL ] select group_id from group_ WHERE group_name = '大招' [ RunTime:0.000000s ]
[ sql ] [ SQL ] select emoi,scl,High_alpha,gamma from data WHERE id in (SELECT test_id FROM group_test WHERE group_id = '30') [ RunTime:0.000000s ]

---------------------------------------------------------------
[ 2017-03-07T16:35:21+08:00 ] ::1 ::1 GET /tp5/public/index.php/demo/hello/sort.html
[ log ] localhost/tp5/public/index.php/demo/hello/sort.html [运行时间：0.049003s][吞吐率：20.41req/s] [内存消耗：1,670.50kb] [文件加载：43]
[ info ] [ LANG ] C:\xampp\htdocs\tp5\thinkphp\lang\zh-cn.php
[ info ] [ ROUTE ] array (
  'type' => 'module',
  'module' => 
  array (
    0 => 'demo',
    1 => 'hello',
    2 => 'sort',
  ),
)
[ info ] [ HEADER ] array (
  'host' => 'localhost',
  'connection' => 'keep-alive',
  'cache-control' => 'max-age=0',
  'upgrade-insecure-requests' => '1',
  'user-agent' => 'Mozilla/5.0 (Windows NT 6.1; WOW64) AppleWebKit/537.36 (KHTML, like Gecko) Chrome/53.0.2785.89 Safari/537.36',
  'accept' => 'text/html,application/xhtml+xml,application/xml;q=0.9,image/webp,*/*;q=0.8',
  'referer' => 'http://localhost/tp5/public/index.php/demo/hello/sort.html',
  'accept-encoding' => 'gzip, deflate, sdch',
  'accept-language' => 'zh-CN,zh;q=0.8',
  'cookie' => 'project_name=p1; group_name=%E5%A4%A7%E6%8B%9B; project_id=5; pgv_pvi=1445688320; Phpstorm-e4311aeb=e3ecb2d2-64ad-427e-a502-9b52cf11c2cf; pgv_si=s6388928512',
)
[ info ] [ PARAM ] array (
)
[ info ] [ RUN ] app\demo\controller\Hello->sort[ C:\xampp\htdocs\tp5\application\demo\controller\Hello.php ]
[ info ] [ DB ] INIT mysql
[ info ] [ VIEW ] C:\xampp\htdocs\tp5\public/../application/demo\view\hello\sort.html [ array (
  0 => 'tester',
  1 => 'game',
  2 => 'game_type',
  3 => 'terminal_type',
  4 => 'sex',
  5 => 'age_group',
  6 => 'game_experience',
  7 => 'game_year',
  8 => 'status',
  9 => 'group_n',
  10 => 'data',
) ]
[ info ] [ LOG ] INIT File
[ sql ] [ DB ] CONNECT:[ UseTime:0.011001s ] mysql:dbname=sort;host=localhost;port=3306;charset=utf8
[ sql ] [ SQL ] select u_id,u_name from tester [ RunTime:0.001000s ]
[ sql ] [ SQL ] select g_id,g_name from game [ RunTime:0.000000s ]
[ sql ] [ SQL ] select id,value from attr where name = "game_type" [ RunTime:0.000000s ]
[ sql ] [ SQL ] select id,value from attr where name = "terminal_type" [ RunTime:0.001000s ]
[ sql ] [ SQL ] select id,value from attr where name = "sex_type" [ RunTime:0.000000s ]
[ sql ] [ SQL ] select id,value from attr where name = "age_type" [ RunTime:0.000000s ]
[ sql ] [ SQL ] select id,value from attr where name = "game_experience" [ RunTime:0.001000s ]
[ sql ] [ SQL ] select id,value from attr where name = "game_year" [ RunTime:0.000000s ]
[ sql ] [ SQL ] select DISTINCT status_ from test [ RunTime:0.000000s ]
[ sql ] [ SQL ] select group_id from group_ WHERE group_name = '大招' [ RunTime:0.000000s ]
[ sql ] [ SQL ] select emoi,scl,High_alpha,gamma,tag from data WHERE id in (SELECT test_id FROM group_test WHERE group_id = '30') [ RunTime:0.001000s ]

---------------------------------------------------------------
[ 2017-03-07T16:35:25+08:00 ] ::1 ::1 POST /tp5/public/index.php/demo/hello/data_get.html
[ log ] localhost/tp5/public/index.php/demo/hello/data_get.html [运行时间：0.066003s][吞吐率：15.15req/s] [内存消耗：1,639.28kb] [文件加载：45]
[ info ] [ LANG ] C:\xampp\htdocs\tp5\thinkphp\lang\zh-cn.php
[ info ] [ ROUTE ] array (
  'type' => 'module',
  'module' => 
  array (
    0 => 'demo',
    1 => 'hello',
    2 => 'data_get',
  ),
)
[ info ] [ HEADER ] array (
  'host' => 'localhost',
  'connection' => 'keep-alive',
  'content-length' => '11',
  'accept' => 'application/json, text/javascript, */*; q=0.01',
  'origin' => 'http://localhost',
  'x-requested-with' => 'XMLHttpRequest',
  'user-agent' => 'Mozilla/5.0 (Windows NT 6.1; WOW64) AppleWebKit/537.36 (KHTML, like Gecko) Chrome/53.0.2785.89 Safari/537.36',
  'content-type' => 'application/x-www-form-urlencoded; charset=UTF-8',
  'referer' => 'http://localhost/tp5/public/index.php/demo/hello/sort.html',
  'accept-encoding' => 'gzip, deflate',
  'accept-language' => 'zh-CN,zh;q=0.8',
  'cookie' => 'project_name=p1; group_name=%E5%A4%A7%E6%8B%9B; project_id=5; pgv_pvi=1445688320; Phpstorm-e4311aeb=e3ecb2d2-64ad-427e-a502-9b52cf11c2cf; pgv_si=s6388928512',
)
[ info ] [ PARAM ] array (
  'count_n' => '100',
)
[ info ] [ RUN ] app\demo\controller\Hello->data_get[ C:\xampp\htdocs\tp5\application\demo\controller\Hello.php ]
[ info ] [ DB ] INIT mysql
[ info ] [ LOG ] INIT File
[ sql ] [ DB ] CONNECT:[ UseTime:0.012001s ] mysql:dbname=sort;host=localhost;port=3306;charset=utf8
[ sql ] [ SQL ] select group_id from group_ WHERE group_name = '大招' [ RunTime:0.001000s ]
[ sql ] [ SQL ] select emoi,scl,High_alpha,gamma from data WHERE id in (SELECT test_id FROM group_test WHERE group_id = '30') [ RunTime:0.000000s ]
[ error ] [8]未定义数组下标: 4[C:\xampp\htdocs\tp5\application\demo\controller\Hello.php:571]

---------------------------------------------------------------
[ 2017-03-07T16:37:24+08:00 ] ::1 ::1 GET /tp5/public/index.php/demo/hello/sort.html
[ log ] localhost/tp5/public/index.php/demo/hello/sort.html [运行时间：0.046002s][吞吐率：21.74req/s] [内存消耗：1,827.08kb] [文件加载：45]
[ info ] [ LANG ] C:\xampp\htdocs\tp5\thinkphp\lang\zh-cn.php
[ info ] [ ROUTE ] array (
  'type' => 'module',
  'module' => 
  array (
    0 => 'demo',
    1 => 'hello',
    2 => 'sort',
  ),
)
[ info ] [ HEADER ] array (
  'host' => 'localhost',
  'connection' => 'keep-alive',
  'cache-control' => 'max-age=0',
  'upgrade-insecure-requests' => '1',
  'user-agent' => 'Mozilla/5.0 (Windows NT 6.1; WOW64) AppleWebKit/537.36 (KHTML, like Gecko) Chrome/53.0.2785.89 Safari/537.36',
  'accept' => 'text/html,application/xhtml+xml,application/xml;q=0.9,image/webp,*/*;q=0.8',
  'referer' => 'http://localhost/tp5/public/index.php/demo/hello/sort.html',
  'accept-encoding' => 'gzip, deflate, sdch',
  'accept-language' => 'zh-CN,zh;q=0.8',
  'cookie' => 'project_name=p1; group_name=%E5%A4%A7%E6%8B%9B; project_id=5; pgv_pvi=1445688320; Phpstorm-e4311aeb=e3ecb2d2-64ad-427e-a502-9b52cf11c2cf; pgv_si=s6388928512',
)
[ info ] [ PARAM ] array (
)
[ info ] [ RUN ] app\demo\controller\Hello->sort[ C:\xampp\htdocs\tp5\application\demo\controller\Hello.php ]
[ info ] [ DB ] INIT mysql
[ info ] [ VIEW ] C:\xampp\htdocs\tp5\public/../application/demo\view\hello\sort.html [ array (
  0 => 'tester',
  1 => 'game',
  2 => 'game_type',
  3 => 'terminal_type',
  4 => 'sex',
  5 => 'age_group',
  6 => 'game_experience',
  7 => 'game_year',
  8 => 'status',
  9 => 'group_n',
  10 => 'data',
) ]
[ info ] [ LOG ] INIT File
[ sql ] [ DB ] CONNECT:[ UseTime:0.012001s ] mysql:dbname=sort;host=localhost;port=3306;charset=utf8
[ sql ] [ SQL ] select u_id,u_name from tester [ RunTime:0.001000s ]
[ sql ] [ SQL ] select g_id,g_name from game [ RunTime:0.000000s ]
[ sql ] [ SQL ] select id,value from attr where name = "game_type" [ RunTime:0.000000s ]
[ sql ] [ SQL ] select id,value from attr where name = "terminal_type" [ RunTime:0.001000s ]
[ sql ] [ SQL ] select id,value from attr where name = "sex_type" [ RunTime:0.000000s ]
[ sql ] [ SQL ] select id,value from attr where name = "age_type" [ RunTime:0.000000s ]
[ sql ] [ SQL ] select id,value from attr where name = "game_experience" [ RunTime:0.000000s ]
[ sql ] [ SQL ] select id,value from attr where name = "game_year" [ RunTime:0.000000s ]
[ sql ] [ SQL ] select DISTINCT status_ from test [ RunTime:0.000000s ]
[ sql ] [ SQL ] select group_id from group_ WHERE group_name = '大招' [ RunTime:0.001000s ]
[ sql ] [ SQL ] select emoi,scl,High_alpha,gamma,tag from data WHERE id in (SELECT test_id FROM group_test WHERE group_id = '30') [ RunTime:0.000000s ]

---------------------------------------------------------------
[ 2017-03-07T16:37:27+08:00 ] ::1 ::1 POST /tp5/public/index.php/demo/hello/data_get.html
[ log ] localhost/tp5/public/index.php/demo/hello/data_get.html [运行时间：0.061003s][吞吐率：16.39req/s] [内存消耗：1,639.28kb] [文件加载：45]
[ info ] [ LANG ] C:\xampp\htdocs\tp5\thinkphp\lang\zh-cn.php
[ info ] [ ROUTE ] array (
  'type' => 'module',
  'module' => 
  array (
    0 => 'demo',
    1 => 'hello',
    2 => 'data_get',
  ),
)
[ info ] [ HEADER ] array (
  'host' => 'localhost',
  'connection' => 'keep-alive',
  'content-length' => '11',
  'accept' => 'application/json, text/javascript, */*; q=0.01',
  'origin' => 'http://localhost',
  'x-requested-with' => 'XMLHttpRequest',
  'user-agent' => 'Mozilla/5.0 (Windows NT 6.1; WOW64) AppleWebKit/537.36 (KHTML, like Gecko) Chrome/53.0.2785.89 Safari/537.36',
  'content-type' => 'application/x-www-form-urlencoded; charset=UTF-8',
  'referer' => 'http://localhost/tp5/public/index.php/demo/hello/sort.html',
  'accept-encoding' => 'gzip, deflate',
  'accept-language' => 'zh-CN,zh;q=0.8',
  'cookie' => 'project_name=p1; group_name=%E5%A4%A7%E6%8B%9B; project_id=5; pgv_pvi=1445688320; Phpstorm-e4311aeb=e3ecb2d2-64ad-427e-a502-9b52cf11c2cf; pgv_si=s6388928512',
)
[ info ] [ PARAM ] array (
  'count_n' => '100',
)
[ info ] [ RUN ] app\demo\controller\Hello->data_get[ C:\xampp\htdocs\tp5\application\demo\controller\Hello.php ]
[ info ] [ DB ] INIT mysql
[ info ] [ LOG ] INIT File
[ sql ] [ DB ] CONNECT:[ UseTime:0.003001s ] mysql:dbname=sort;host=localhost;port=3306;charset=utf8
[ sql ] [ SQL ] select group_id from group_ WHERE group_name = '大招' [ RunTime:0.000000s ]
[ sql ] [ SQL ] select emoi,scl,High_alpha,gamma from data WHERE id in (SELECT test_id FROM group_test WHERE group_id = '30') [ RunTime:0.001000s ]
[ error ] [8]未定义数组下标: 4[C:\xampp\htdocs\tp5\application\demo\controller\Hello.php:571]

---------------------------------------------------------------
[ 2017-03-07T16:37:27+08:00 ] ::1 ::1 POST /tp5/public/index.php/demo/hello/data_get.html
[ log ] localhost/tp5/public/index.php/demo/hello/data_get.html [运行时间：0.048003s][吞吐率：20.83req/s] [内存消耗：1,639.45kb] [文件加载：45]
[ info ] [ LANG ] C:\xampp\htdocs\tp5\thinkphp\lang\zh-cn.php
[ info ] [ ROUTE ] array (
  'type' => 'module',
  'module' => 
  array (
    0 => 'demo',
    1 => 'hello',
    2 => 'data_get',
  ),
)
[ info ] [ HEADER ] array (
  'host' => 'localhost',
  'connection' => 'keep-alive',
  'content-length' => '11',
  'cache-control' => 'max-age=0',
  'origin' => 'http://localhost',
  'upgrade-insecure-requests' => '1',
  'user-agent' => 'Mozilla/5.0 (Windows NT 6.1; WOW64) AppleWebKit/537.36 (KHTML, like Gecko) Chrome/53.0.2785.89 Safari/537.36',
  'content-type' => 'application/x-www-form-urlencoded',
  'accept' => 'text/html,application/xhtml+xml,application/xml;q=0.9,image/webp,*/*;q=0.8',
  'referer' => 'http://localhost/tp5/public/index.php/demo/hello/sort.html',
  'accept-encoding' => 'gzip, deflate',
  'accept-language' => 'zh-CN,zh;q=0.8',
  'cookie' => 'project_name=p1; group_name=%E5%A4%A7%E6%8B%9B; project_id=5; pgv_pvi=1445688320; Phpstorm-e4311aeb=e3ecb2d2-64ad-427e-a502-9b52cf11c2cf; pgv_si=s6388928512',
)
[ info ] [ PARAM ] array (
  'count_n' => '100',
)
[ info ] [ RUN ] app\demo\controller\Hello->data_get[ C:\xampp\htdocs\tp5\application\demo\controller\Hello.php ]
[ info ] [ DB ] INIT mysql
[ info ] [ LOG ] INIT File
[ sql ] [ DB ] CONNECT:[ UseTime:0.003000s ] mysql:dbname=sort;host=localhost;port=3306;charset=utf8
[ sql ] [ SQL ] select group_id from group_ WHERE group_name = '大招' [ RunTime:0.000000s ]
[ sql ] [ SQL ] select emoi,scl,High_alpha,gamma from data WHERE id in (SELECT test_id FROM group_test WHERE group_id = '30') [ RunTime:0.000000s ]
[ error ] [8]未定义数组下标: 4[C:\xampp\htdocs\tp5\application\demo\controller\Hello.php:571]

---------------------------------------------------------------
[ 2017-03-07T16:37:47+08:00 ] ::1 ::1 POST /tp5/public/index.php/demo/hello/data_get.html
[ log ] localhost/tp5/public/index.php/demo/hello/data_get.html [运行时间：0.047003s][吞吐率：21.28req/s] [内存消耗：1,594.08kb] [文件加载：41]
[ info ] [ LANG ] C:\xampp\htdocs\tp5\thinkphp\lang\zh-cn.php
[ info ] [ ROUTE ] array (
  'type' => 'module',
  'module' => 
  array (
    0 => 'demo',
    1 => 'hello',
    2 => 'data_get',
  ),
)
[ info ] [ HEADER ] array (
  'host' => 'localhost',
  'connection' => 'keep-alive',
  'content-length' => '10',
  'accept' => 'application/json, text/javascript, */*; q=0.01',
  'origin' => 'http://localhost',
  'x-requested-with' => 'XMLHttpRequest',
  'user-agent' => 'Mozilla/5.0 (Windows NT 6.1; WOW64) AppleWebKit/537.36 (KHTML, like Gecko) Chrome/53.0.2785.89 Safari/537.36',
  'content-type' => 'application/x-www-form-urlencoded; charset=UTF-8',
  'referer' => 'http://localhost/tp5/public/index.php/demo/hello/sort.html',
  'accept-encoding' => 'gzip, deflate',
  'accept-language' => 'zh-CN,zh;q=0.8',
  'cookie' => 'project_name=p1; group_name=%E5%A4%A7%E6%8B%9B; project_id=5; pgv_pvi=1445688320; Phpstorm-e4311aeb=e3ecb2d2-64ad-427e-a502-9b52cf11c2cf; pgv_si=s6388928512',
)
[ info ] [ PARAM ] array (
  'count_n' => '10',
)
[ info ] [ RUN ] app\demo\controller\Hello->data_get[ C:\xampp\htdocs\tp5\application\demo\controller\Hello.php ]
[ info ] [ DB ] INIT mysql
[ info ] [ LOG ] INIT File
[ sql ] [ DB ] CONNECT:[ UseTime:0.011001s ] mysql:dbname=sort;host=localhost;port=3306;charset=utf8
[ sql ] [ SQL ] select group_id from group_ WHERE group_name = '大招' [ RunTime:0.001000s ]
[ sql ] [ SQL ] select emoi,scl,High_alpha,gamma from data WHERE id in (SELECT test_id FROM group_test WHERE group_id = '30') [ RunTime:0.000000s ]

---------------------------------------------------------------
[ 2017-03-07T16:37:47+08:00 ] ::1 ::1 POST /tp5/public/index.php/demo/hello/data_get.html
[ log ] localhost/tp5/public/index.php/demo/hello/data_get.html [运行时间：0.030002s][吞吐率：33.33req/s] [内存消耗：1,594.27kb] [文件加载：41]
[ info ] [ LANG ] C:\xampp\htdocs\tp5\thinkphp\lang\zh-cn.php
[ info ] [ ROUTE ] array (
  'type' => 'module',
  'module' => 
  array (
    0 => 'demo',
    1 => 'hello',
    2 => 'data_get',
  ),
)
[ info ] [ HEADER ] array (
  'host' => 'localhost',
  'connection' => 'keep-alive',
  'content-length' => '10',
  'cache-control' => 'max-age=0',
  'origin' => 'http://localhost',
  'upgrade-insecure-requests' => '1',
  'user-agent' => 'Mozilla/5.0 (Windows NT 6.1; WOW64) AppleWebKit/537.36 (KHTML, like Gecko) Chrome/53.0.2785.89 Safari/537.36',
  'content-type' => 'application/x-www-form-urlencoded',
  'accept' => 'text/html,application/xhtml+xml,application/xml;q=0.9,image/webp,*/*;q=0.8',
  'referer' => 'http://localhost/tp5/public/index.php/demo/hello/sort.html',
  'accept-encoding' => 'gzip, deflate',
  'accept-language' => 'zh-CN,zh;q=0.8',
  'cookie' => 'project_name=p1; group_name=%E5%A4%A7%E6%8B%9B; project_id=5; pgv_pvi=1445688320; Phpstorm-e4311aeb=e3ecb2d2-64ad-427e-a502-9b52cf11c2cf; pgv_si=s6388928512',
)
[ info ] [ PARAM ] array (
  'count_n' => '10',
)
[ info ] [ RUN ] app\demo\controller\Hello->data_get[ C:\xampp\htdocs\tp5\application\demo\controller\Hello.php ]
[ info ] [ DB ] INIT mysql
[ info ] [ LOG ] INIT File
[ sql ] [ DB ] CONNECT:[ UseTime:0.001000s ] mysql:dbname=sort;host=localhost;port=3306;charset=utf8
[ sql ] [ SQL ] select group_id from group_ WHERE group_name = '大招' [ RunTime:0.001000s ]
[ sql ] [ SQL ] select emoi,scl,High_alpha,gamma from data WHERE id in (SELECT test_id FROM group_test WHERE group_id = '30') [ RunTime:0.000000s ]

---------------------------------------------------------------
[ 2017-03-07T16:38:00+08:00 ] ::1 ::1 POST /tp5/public/index.php/demo/hello/data_get.html
[ log ] localhost/tp5/public/index.php/demo/hello/data_get.html [运行时间：0.038002s][吞吐率：26.31req/s] [内存消耗：1,639.45kb] [文件加载：45]
[ info ] [ LANG ] C:\xampp\htdocs\tp5\thinkphp\lang\zh-cn.php
[ info ] [ ROUTE ] array (
  'type' => 'module',
  'module' => 
  array (
    0 => 'demo',
    1 => 'hello',
    2 => 'data_get',
  ),
)
[ info ] [ HEADER ] array (
  'host' => 'localhost',
  'connection' => 'keep-alive',
  'content-length' => '11',
  'cache-control' => 'max-age=0',
  'origin' => 'http://localhost',
  'upgrade-insecure-requests' => '1',
  'user-agent' => 'Mozilla/5.0 (Windows NT 6.1; WOW64) AppleWebKit/537.36 (KHTML, like Gecko) Chrome/53.0.2785.89 Safari/537.36',
  'content-type' => 'application/x-www-form-urlencoded',
  'accept' => 'text/html,application/xhtml+xml,application/xml;q=0.9,image/webp,*/*;q=0.8',
  'referer' => 'http://localhost/tp5/public/index.php/demo/hello/sort.html',
  'accept-encoding' => 'gzip, deflate',
  'accept-language' => 'zh-CN,zh;q=0.8',
  'cookie' => 'project_name=p1; group_name=%E5%A4%A7%E6%8B%9B; project_id=5; pgv_pvi=1445688320; Phpstorm-e4311aeb=e3ecb2d2-64ad-427e-a502-9b52cf11c2cf; pgv_si=s6388928512',
)
[ info ] [ PARAM ] array (
  'count_n' => '100',
)
[ info ] [ RUN ] app\demo\controller\Hello->data_get[ C:\xampp\htdocs\tp5\application\demo\controller\Hello.php ]
[ info ] [ DB ] INIT mysql
[ info ] [ LOG ] INIT File
[ sql ] [ DB ] CONNECT:[ UseTime:0.002000s ] mysql:dbname=sort;host=localhost;port=3306;charset=utf8
[ sql ] [ SQL ] select group_id from group_ WHERE group_name = '大招' [ RunTime:0.001000s ]
[ sql ] [ SQL ] select emoi,scl,High_alpha,gamma from data WHERE id in (SELECT test_id FROM group_test WHERE group_id = '30') [ RunTime:0.000000s ]
[ error ] [8]未定义数组下标: 4[C:\xampp\htdocs\tp5\application\demo\controller\Hello.php:571]

---------------------------------------------------------------
[ 2017-03-07T16:38:00+08:00 ] ::1 ::1 POST /tp5/public/index.php/demo/hello/data_get.html
[ log ] localhost/tp5/public/index.php/demo/hello/data_get.html [运行时间：0.054003s][吞吐率：18.52req/s] [内存消耗：1,639.28kb] [文件加载：45]
[ info ] [ LANG ] C:\xampp\htdocs\tp5\thinkphp\lang\zh-cn.php
[ info ] [ ROUTE ] array (
  'type' => 'module',
  'module' => 
  array (
    0 => 'demo',
    1 => 'hello',
    2 => 'data_get',
  ),
)
[ info ] [ HEADER ] array (
  'host' => 'localhost',
  'connection' => 'keep-alive',
  'content-length' => '11',
  'accept' => 'application/json, text/javascript, */*; q=0.01',
  'origin' => 'http://localhost',
  'x-requested-with' => 'XMLHttpRequest',
  'user-agent' => 'Mozilla/5.0 (Windows NT 6.1; WOW64) AppleWebKit/537.36 (KHTML, like Gecko) Chrome/53.0.2785.89 Safari/537.36',
  'content-type' => 'application/x-www-form-urlencoded; charset=UTF-8',
  'referer' => 'http://localhost/tp5/public/index.php/demo/hello/sort.html',
  'accept-encoding' => 'gzip, deflate',
  'accept-language' => 'zh-CN,zh;q=0.8',
  'cookie' => 'project_name=p1; group_name=%E5%A4%A7%E6%8B%9B; project_id=5; pgv_pvi=1445688320; Phpstorm-e4311aeb=e3ecb2d2-64ad-427e-a502-9b52cf11c2cf; pgv_si=s6388928512',
)
[ info ] [ PARAM ] array (
  'count_n' => '100',
)
[ info ] [ RUN ] app\demo\controller\Hello->data_get[ C:\xampp\htdocs\tp5\application\demo\controller\Hello.php ]
[ info ] [ DB ] INIT mysql
[ info ] [ LOG ] INIT File
[ sql ] [ DB ] CONNECT:[ UseTime:0.012001s ] mysql:dbname=sort;host=localhost;port=3306;charset=utf8
[ sql ] [ SQL ] select group_id from group_ WHERE group_name = '大招' [ RunTime:0.001000s ]
[ sql ] [ SQL ] select emoi,scl,High_alpha,gamma from data WHERE id in (SELECT test_id FROM group_test WHERE group_id = '30') [ RunTime:0.000000s ]
[ error ] [8]未定义数组下标: 4[C:\xampp\htdocs\tp5\application\demo\controller\Hello.php:571]

---------------------------------------------------------------
[ 2017-03-07T16:42:44+08:00 ] ::1 ::1 POST /tp5/public/index.php/demo/hello/data_get.html
[ log ] localhost/tp5/public/index.php/demo/hello/data_get.html [运行时间：0.072004s][吞吐率：13.89req/s] [内存消耗：1,639.27kb] [文件加载：45]
[ info ] [ LANG ] C:\xampp\htdocs\tp5\thinkphp\lang\zh-cn.php
[ info ] [ ROUTE ] array (
  'type' => 'module',
  'module' => 
  array (
    0 => 'demo',
    1 => 'hello',
    2 => 'data_get',
  ),
)
[ info ] [ HEADER ] array (
  'host' => 'localhost',
  'connection' => 'keep-alive',
  'content-length' => '10',
  'accept' => 'application/json, text/javascript, */*; q=0.01',
  'origin' => 'http://localhost',
  'x-requested-with' => 'XMLHttpRequest',
  'user-agent' => 'Mozilla/5.0 (Windows NT 6.1; WOW64) AppleWebKit/537.36 (KHTML, like Gecko) Chrome/53.0.2785.89 Safari/537.36',
  'content-type' => 'application/x-www-form-urlencoded; charset=UTF-8',
  'referer' => 'http://localhost/tp5/public/index.php/demo/hello/sort.html',
  'accept-encoding' => 'gzip, deflate',
  'accept-language' => 'zh-CN,zh;q=0.8',
  'cookie' => 'project_name=p1; group_name=%E5%A4%A7%E6%8B%9B; project_id=5; pgv_pvi=1445688320; Phpstorm-e4311aeb=e3ecb2d2-64ad-427e-a502-9b52cf11c2cf; pgv_si=s6388928512',
)
[ info ] [ PARAM ] array (
  'count_n' => '99',
)
[ info ] [ RUN ] app\demo\controller\Hello->data_get[ C:\xampp\htdocs\tp5\application\demo\controller\Hello.php ]
[ info ] [ DB ] INIT mysql
[ info ] [ LOG ] INIT File
[ sql ] [ DB ] CONNECT:[ UseTime:0.013001s ] mysql:dbname=sort;host=localhost;port=3306;charset=utf8
[ sql ] [ SQL ] select group_id from group_ WHERE group_name = '大招' [ RunTime:0.001000s ]
[ sql ] [ SQL ] select emoi,scl,High_alpha,gamma from data WHERE id in (SELECT test_id FROM group_test WHERE group_id = '30') [ RunTime:0.000000s ]
[ error ] [8]未定义数组下标: 4[C:\xampp\htdocs\tp5\application\demo\controller\Hello.php:586]

---------------------------------------------------------------
[ 2017-03-07T16:42:44+08:00 ] ::1 ::1 POST /tp5/public/index.php/demo/hello/data_get.html
[ log ] localhost/tp5/public/index.php/demo/hello/data_get.html [运行时间：0.059003s][吞吐率：16.95req/s] [内存消耗：1,639.42kb] [文件加载：45]
[ info ] [ LANG ] C:\xampp\htdocs\tp5\thinkphp\lang\zh-cn.php
[ info ] [ ROUTE ] array (
  'type' => 'module',
  'module' => 
  array (
    0 => 'demo',
    1 => 'hello',
    2 => 'data_get',
  ),
)
[ info ] [ HEADER ] array (
  'host' => 'localhost',
  'connection' => 'keep-alive',
  'content-length' => '10',
  'cache-control' => 'max-age=0',
  'origin' => 'http://localhost',
  'upgrade-insecure-requests' => '1',
  'user-agent' => 'Mozilla/5.0 (Windows NT 6.1; WOW64) AppleWebKit/537.36 (KHTML, like Gecko) Chrome/53.0.2785.89 Safari/537.36',
  'content-type' => 'application/x-www-form-urlencoded',
  'accept' => 'text/html,application/xhtml+xml,application/xml;q=0.9,image/webp,*/*;q=0.8',
  'referer' => 'http://localhost/tp5/public/index.php/demo/hello/sort.html',
  'accept-encoding' => 'gzip, deflate',
  'accept-language' => 'zh-CN,zh;q=0.8',
  'cookie' => 'project_name=p1; group_name=%E5%A4%A7%E6%8B%9B; project_id=5; pgv_pvi=1445688320; Phpstorm-e4311aeb=e3ecb2d2-64ad-427e-a502-9b52cf11c2cf; pgv_si=s6388928512',
)
[ info ] [ PARAM ] array (
  'count_n' => '99',
)
[ info ] [ RUN ] app\demo\controller\Hello->data_get[ C:\xampp\htdocs\tp5\application\demo\controller\Hello.php ]
[ info ] [ DB ] INIT mysql
[ info ] [ LOG ] INIT File
[ sql ] [ DB ] CONNECT:[ UseTime:0.011001s ] mysql:dbname=sort;host=localhost;port=3306;charset=utf8
[ sql ] [ SQL ] select group_id from group_ WHERE group_name = '大招' [ RunTime:0.000000s ]
[ sql ] [ SQL ] select emoi,scl,High_alpha,gamma from data WHERE id in (SELECT test_id FROM group_test WHERE group_id = '30') [ RunTime:0.000000s ]
[ error ] [8]未定义数组下标: 4[C:\xampp\htdocs\tp5\application\demo\controller\Hello.php:586]

---------------------------------------------------------------
[ 2017-03-07T16:52:17+08:00 ] ::1 ::1 POST /tp5/public/index.php/demo/hello/data_get.html
[ log ] localhost/tp5/public/index.php/demo/hello/data_get.html [运行时间：0.041002s][吞吐率：24.39req/s] [内存消耗：1,594.72kb] [文件加载：41]
[ info ] [ LANG ] C:\xampp\htdocs\tp5\thinkphp\lang\zh-cn.php
[ info ] [ ROUTE ] array (
  'type' => 'module',
  'module' => 
  array (
    0 => 'demo',
    1 => 'hello',
    2 => 'data_get',
  ),
)
[ info ] [ HEADER ] array (
  'host' => 'localhost',
  'connection' => 'keep-alive',
  'content-length' => '10',
  'cache-control' => 'max-age=0',
  'origin' => 'http://localhost',
  'upgrade-insecure-requests' => '1',
  'user-agent' => 'Mozilla/5.0 (Windows NT 6.1; WOW64) AppleWebKit/537.36 (KHTML, like Gecko) Chrome/53.0.2785.89 Safari/537.36',
  'content-type' => 'application/x-www-form-urlencoded',
  'accept' => 'text/html,application/xhtml+xml,application/xml;q=0.9,image/webp,*/*;q=0.8',
  'referer' => 'http://localhost/tp5/public/index.php/demo/hello/sort.html',
  'accept-encoding' => 'gzip, deflate',
  'accept-language' => 'zh-CN,zh;q=0.8',
  'cookie' => 'project_name=p1; group_name=%E5%A4%A7%E6%8B%9B; project_id=5; pgv_pvi=1445688320; Phpstorm-e4311aeb=e3ecb2d2-64ad-427e-a502-9b52cf11c2cf; pgv_si=s6388928512',
)
[ info ] [ PARAM ] array (
  'count_n' => '99',
)
[ info ] [ RUN ] app\demo\controller\Hello->data_get[ C:\xampp\htdocs\tp5\application\demo\controller\Hello.php ]
[ info ] [ DB ] INIT mysql
[ info ] [ LOG ] INIT File
[ sql ] [ DB ] CONNECT:[ UseTime:0.003000s ] mysql:dbname=sort;host=localhost;port=3306;charset=utf8
[ sql ] [ SQL ] select group_id from group_ WHERE group_name = '大招' [ RunTime:0.000000s ]
[ sql ] [ SQL ] select emoi,scl,High_alpha,gamma from data WHERE id in (SELECT test_id FROM group_test WHERE group_id = '30') [ RunTime:0.000000s ]

---------------------------------------------------------------
[ 2017-03-07T16:52:24+08:00 ] ::1 ::1 POST /tp5/public/index.php/demo/hello/data_get.html
[ log ] localhost/tp5/public/index.php/demo/hello/data_get.html [运行时间：0.034002s][吞吐率：29.41req/s] [内存消耗：1,594.47kb] [文件加载：41]
[ info ] [ LANG ] C:\xampp\htdocs\tp5\thinkphp\lang\zh-cn.php
[ info ] [ ROUTE ] array (
  'type' => 'module',
  'module' => 
  array (
    0 => 'demo',
    1 => 'hello',
    2 => 'data_get',
  ),
)
[ info ] [ HEADER ] array (
  'host' => 'localhost',
  'connection' => 'keep-alive',
  'content-length' => '11',
  'accept' => 'application/json, text/javascript, */*; q=0.01',
  'origin' => 'http://localhost',
  'x-requested-with' => 'XMLHttpRequest',
  'user-agent' => 'Mozilla/5.0 (Windows NT 6.1; WOW64) AppleWebKit/537.36 (KHTML, like Gecko) Chrome/53.0.2785.89 Safari/537.36',
  'content-type' => 'application/x-www-form-urlencoded; charset=UTF-8',
  'referer' => 'http://localhost/tp5/public/index.php/demo/hello/sort.html',
  'accept-encoding' => 'gzip, deflate',
  'accept-language' => 'zh-CN,zh;q=0.8',
  'cookie' => 'project_name=p1; group_name=%E5%A4%A7%E6%8B%9B; project_id=5; pgv_pvi=1445688320; Phpstorm-e4311aeb=e3ecb2d2-64ad-427e-a502-9b52cf11c2cf; pgv_si=s6388928512',
)
[ info ] [ PARAM ] array (
  'count_n' => '100',
)
[ info ] [ RUN ] app\demo\controller\Hello->data_get[ C:\xampp\htdocs\tp5\application\demo\controller\Hello.php ]
[ info ] [ DB ] INIT mysql
[ info ] [ LOG ] INIT File
[ sql ] [ DB ] CONNECT:[ UseTime:0.002000s ] mysql:dbname=sort;host=localhost;port=3306;charset=utf8
[ sql ] [ SQL ] select group_id from group_ WHERE group_name = '大招' [ RunTime:0.000000s ]
[ sql ] [ SQL ] select emoi,scl,High_alpha,gamma from data WHERE id in (SELECT test_id FROM group_test WHERE group_id = '30') [ RunTime:0.000000s ]

---------------------------------------------------------------
[ 2017-03-07T16:52:24+08:00 ] ::1 ::1 POST /tp5/public/index.php/demo/hello/data_get.html
[ log ] localhost/tp5/public/index.php/demo/hello/data_get.html [运行时间：0.030002s][吞吐率：33.33req/s] [内存消耗：1,594.72kb] [文件加载：41]
[ info ] [ LANG ] C:\xampp\htdocs\tp5\thinkphp\lang\zh-cn.php
[ info ] [ ROUTE ] array (
  'type' => 'module',
  'module' => 
  array (
    0 => 'demo',
    1 => 'hello',
    2 => 'data_get',
  ),
)
[ info ] [ HEADER ] array (
  'host' => 'localhost',
  'connection' => 'keep-alive',
  'content-length' => '11',
  'cache-control' => 'max-age=0',
  'origin' => 'http://localhost',
  'upgrade-insecure-requests' => '1',
  'user-agent' => 'Mozilla/5.0 (Windows NT 6.1; WOW64) AppleWebKit/537.36 (KHTML, like Gecko) Chrome/53.0.2785.89 Safari/537.36',
  'content-type' => 'application/x-www-form-urlencoded',
  'accept' => 'text/html,application/xhtml+xml,application/xml;q=0.9,image/webp,*/*;q=0.8',
  'referer' => 'http://localhost/tp5/public/index.php/demo/hello/sort.html',
  'accept-encoding' => 'gzip, deflate',
  'accept-language' => 'zh-CN,zh;q=0.8',
  'cookie' => 'project_name=p1; group_name=%E5%A4%A7%E6%8B%9B; project_id=5; pgv_pvi=1445688320; Phpstorm-e4311aeb=e3ecb2d2-64ad-427e-a502-9b52cf11c2cf; pgv_si=s6388928512',
)
[ info ] [ PARAM ] array (
  'count_n' => '100',
)
[ info ] [ RUN ] app\demo\controller\Hello->data_get[ C:\xampp\htdocs\tp5\application\demo\controller\Hello.php ]
[ info ] [ DB ] INIT mysql
[ info ] [ LOG ] INIT File
[ sql ] [ DB ] CONNECT:[ UseTime:0.002000s ] mysql:dbname=sort;host=localhost;port=3306;charset=utf8
[ sql ] [ SQL ] select group_id from group_ WHERE group_name = '大招' [ RunTime:0.000000s ]
[ sql ] [ SQL ] select emoi,scl,High_alpha,gamma from data WHERE id in (SELECT test_id FROM group_test WHERE group_id = '30') [ RunTime:0.001000s ]

---------------------------------------------------------------
[ 2017-03-07T16:53:46+08:00 ] ::1 ::1 POST /tp5/public/index.php/demo/hello/data_get.html
[ log ] localhost/tp5/public/index.php/demo/hello/data_get.html [运行时间：0.049003s][吞吐率：20.41req/s] [内存消耗：1,594.49kb] [文件加载：41]
[ info ] [ LANG ] C:\xampp\htdocs\tp5\thinkphp\lang\zh-cn.php
[ info ] [ ROUTE ] array (
  'type' => 'module',
  'module' => 
  array (
    0 => 'demo',
    1 => 'hello',
    2 => 'data_get',
  ),
)
[ info ] [ HEADER ] array (
  'host' => 'localhost',
  'connection' => 'keep-alive',
  'content-length' => '9',
  'accept' => 'application/json, text/javascript, */*; q=0.01',
  'origin' => 'http://localhost',
  'x-requested-with' => 'XMLHttpRequest',
  'user-agent' => 'Mozilla/5.0 (Windows NT 6.1; WOW64) AppleWebKit/537.36 (KHTML, like Gecko) Chrome/53.0.2785.89 Safari/537.36',
  'content-type' => 'application/x-www-form-urlencoded; charset=UTF-8',
  'referer' => 'http://localhost/tp5/public/index.php/demo/hello/sort.html',
  'accept-encoding' => 'gzip, deflate',
  'accept-language' => 'zh-CN,zh;q=0.8',
  'cookie' => 'project_name=p1; group_name=%E5%A4%A7%E6%8B%9B; project_id=5; pgv_pvi=1445688320; Phpstorm-e4311aeb=e3ecb2d2-64ad-427e-a502-9b52cf11c2cf; pgv_si=s6388928512',
)
[ info ] [ PARAM ] array (
  'count_n' => '8',
)
[ info ] [ RUN ] app\demo\controller\Hello->data_get[ C:\xampp\htdocs\tp5\application\demo\controller\Hello.php ]
[ info ] [ DB ] INIT mysql
[ info ] [ LOG ] INIT File
[ sql ] [ DB ] CONNECT:[ UseTime:0.002000s ] mysql:dbname=sort;host=localhost;port=3306;charset=utf8
[ sql ] [ SQL ] select group_id from group_ WHERE group_name = '大招' [ RunTime:0.001000s ]
[ sql ] [ SQL ] select emoi,scl,High_alpha,gamma from data WHERE id in (SELECT test_id FROM group_test WHERE group_id = '30') [ RunTime:0.000000s ]

---------------------------------------------------------------
[ 2017-03-07T16:53:46+08:00 ] ::1 ::1 POST /tp5/public/index.php/demo/hello/data_get.html
[ log ] localhost/tp5/public/index.php/demo/hello/data_get.html [运行时间：0.044002s][吞吐率：22.73req/s] [内存消耗：1,594.65kb] [文件加载：41]
[ info ] [ LANG ] C:\xampp\htdocs\tp5\thinkphp\lang\zh-cn.php
[ info ] [ ROUTE ] array (
  'type' => 'module',
  'module' => 
  array (
    0 => 'demo',
    1 => 'hello',
    2 => 'data_get',
  ),
)
[ info ] [ HEADER ] array (
  'host' => 'localhost',
  'connection' => 'keep-alive',
  'content-length' => '9',
  'cache-control' => 'max-age=0',
  'origin' => 'http://localhost',
  'upgrade-insecure-requests' => '1',
  'user-agent' => 'Mozilla/5.0 (Windows NT 6.1; WOW64) AppleWebKit/537.36 (KHTML, like Gecko) Chrome/53.0.2785.89 Safari/537.36',
  'content-type' => 'application/x-www-form-urlencoded',
  'accept' => 'text/html,application/xhtml+xml,application/xml;q=0.9,image/webp,*/*;q=0.8',
  'referer' => 'http://localhost/tp5/public/index.php/demo/hello/sort.html',
  'accept-encoding' => 'gzip, deflate',
  'accept-language' => 'zh-CN,zh;q=0.8',
  'cookie' => 'project_name=p1; group_name=%E5%A4%A7%E6%8B%9B; project_id=5; pgv_pvi=1445688320; Phpstorm-e4311aeb=e3ecb2d2-64ad-427e-a502-9b52cf11c2cf; pgv_si=s6388928512',
)
[ info ] [ PARAM ] array (
  'count_n' => '8',
)
[ info ] [ RUN ] app\demo\controller\Hello->data_get[ C:\xampp\htdocs\tp5\application\demo\controller\Hello.php ]
[ info ] [ DB ] INIT mysql
[ info ] [ LOG ] INIT File
[ sql ] [ DB ] CONNECT:[ UseTime:0.003000s ] mysql:dbname=sort;host=localhost;port=3306;charset=utf8
[ sql ] [ SQL ] select group_id from group_ WHERE group_name = '大招' [ RunTime:0.001000s ]
[ sql ] [ SQL ] select emoi,scl,High_alpha,gamma from data WHERE id in (SELECT test_id FROM group_test WHERE group_id = '30') [ RunTime:0.001000s ]

---------------------------------------------------------------
[ 2017-03-07T16:54:50+08:00 ] ::1 ::1 POST /tp5/public/index.php/demo/hello/data_get.html
[ log ] localhost/tp5/public/index.php/demo/hello/data_get.html [运行时间：0.046003s][吞吐率：21.74req/s] [内存消耗：1,594.90kb] [文件加载：41]
[ info ] [ LANG ] C:\xampp\htdocs\tp5\thinkphp\lang\zh-cn.php
[ info ] [ ROUTE ] array (
  'type' => 'module',
  'module' => 
  array (
    0 => 'demo',
    1 => 'hello',
    2 => 'data_get',
  ),
)
[ info ] [ HEADER ] array (
  'host' => 'localhost',
  'connection' => 'keep-alive',
  'content-length' => '9',
  'cache-control' => 'max-age=0',
  'origin' => 'http://localhost',
  'upgrade-insecure-requests' => '1',
  'user-agent' => 'Mozilla/5.0 (Windows NT 6.1; WOW64) AppleWebKit/537.36 (KHTML, like Gecko) Chrome/53.0.2785.89 Safari/537.36',
  'content-type' => 'application/x-www-form-urlencoded',
  'accept' => 'text/html,application/xhtml+xml,application/xml;q=0.9,image/webp,*/*;q=0.8',
  'referer' => 'http://localhost/tp5/public/index.php/demo/hello/sort.html',
  'accept-encoding' => 'gzip, deflate',
  'accept-language' => 'zh-CN,zh;q=0.8',
  'cookie' => 'project_name=p1; group_name=%E5%A4%A7%E6%8B%9B; project_id=5; pgv_pvi=1445688320; Phpstorm-e4311aeb=e3ecb2d2-64ad-427e-a502-9b52cf11c2cf; pgv_si=s6388928512',
)
[ info ] [ PARAM ] array (
  'count_n' => '8',
)
[ info ] [ RUN ] app\demo\controller\Hello->data_get[ C:\xampp\htdocs\tp5\application\demo\controller\Hello.php ]
[ info ] [ DB ] INIT mysql
[ info ] [ LOG ] INIT File
[ sql ] [ DB ] CONNECT:[ UseTime:0.002000s ] mysql:dbname=sort;host=localhost;port=3306;charset=utf8
[ sql ] [ SQL ] select group_id from group_ WHERE group_name = '大招' [ RunTime:0.000000s ]
[ sql ] [ SQL ] select emoi,scl,High_alpha,gamma from data WHERE id in (SELECT test_id FROM group_test WHERE group_id = '30') [ RunTime:0.000000s ]

---------------------------------------------------------------
[ 2017-03-07T16:55:09+08:00 ] ::1 ::1 POST /tp5/public/index.php/demo/hello/data_get.html
[ log ] localhost/tp5/public/index.php/demo/hello/data_get.html [运行时间：0.055004s][吞吐率：18.18req/s] [内存消耗：1,594.77kb] [文件加载：41]
[ info ] [ LANG ] C:\xampp\htdocs\tp5\thinkphp\lang\zh-cn.php
[ info ] [ ROUTE ] array (
  'type' => 'module',
  'module' => 
  array (
    0 => 'demo',
    1 => 'hello',
    2 => 'data_get',
  ),
)
[ info ] [ HEADER ] array (
  'host' => 'localhost',
  'connection' => 'keep-alive',
  'content-length' => '11',
  'accept' => 'application/json, text/javascript, */*; q=0.01',
  'origin' => 'http://localhost',
  'x-requested-with' => 'XMLHttpRequest',
  'user-agent' => 'Mozilla/5.0 (Windows NT 6.1; WOW64) AppleWebKit/537.36 (KHTML, like Gecko) Chrome/53.0.2785.89 Safari/537.36',
  'content-type' => 'application/x-www-form-urlencoded; charset=UTF-8',
  'referer' => 'http://localhost/tp5/public/index.php/demo/hello/sort.html',
  'accept-encoding' => 'gzip, deflate',
  'accept-language' => 'zh-CN,zh;q=0.8',
  'cookie' => 'project_name=p1; group_name=%E5%A4%A7%E6%8B%9B; project_id=5; pgv_pvi=1445688320; Phpstorm-e4311aeb=e3ecb2d2-64ad-427e-a502-9b52cf11c2cf; pgv_si=s6388928512',
)
[ info ] [ PARAM ] array (
  'count_n' => '100',
)
[ info ] [ RUN ] app\demo\controller\Hello->data_get[ C:\xampp\htdocs\tp5\application\demo\controller\Hello.php ]
[ info ] [ DB ] INIT mysql
[ info ] [ LOG ] INIT File
[ sql ] [ DB ] CONNECT:[ UseTime:0.002000s ] mysql:dbname=sort;host=localhost;port=3306;charset=utf8
[ sql ] [ SQL ] select group_id from group_ WHERE group_name = '大招' [ RunTime:0.000000s ]
[ sql ] [ SQL ] select emoi,scl,High_alpha,gamma from data WHERE id in (SELECT test_id FROM group_test WHERE group_id = '30') [ RunTime:0.000000s ]

---------------------------------------------------------------
[ 2017-03-07T16:55:09+08:00 ] ::1 ::1 POST /tp5/public/index.php/demo/hello/data_get.html
[ log ] localhost/tp5/public/index.php/demo/hello/data_get.html [运行时间：0.051003s][吞吐率：19.61req/s] [内存消耗：1,594.98kb] [文件加载：41]
[ info ] [ LANG ] C:\xampp\htdocs\tp5\thinkphp\lang\zh-cn.php
[ info ] [ ROUTE ] array (
  'type' => 'module',
  'module' => 
  array (
    0 => 'demo',
    1 => 'hello',
    2 => 'data_get',
  ),
)
[ info ] [ HEADER ] array (
  'host' => 'localhost',
  'connection' => 'keep-alive',
  'content-length' => '11',
  'cache-control' => 'max-age=0',
  'origin' => 'http://localhost',
  'upgrade-insecure-requests' => '1',
  'user-agent' => 'Mozilla/5.0 (Windows NT 6.1; WOW64) AppleWebKit/537.36 (KHTML, like Gecko) Chrome/53.0.2785.89 Safari/537.36',
  'content-type' => 'application/x-www-form-urlencoded',
  'accept' => 'text/html,application/xhtml+xml,application/xml;q=0.9,image/webp,*/*;q=0.8',
  'referer' => 'http://localhost/tp5/public/index.php/demo/hello/sort.html',
  'accept-encoding' => 'gzip, deflate',
  'accept-language' => 'zh-CN,zh;q=0.8',
  'cookie' => 'project_name=p1; group_name=%E5%A4%A7%E6%8B%9B; project_id=5; pgv_pvi=1445688320; Phpstorm-e4311aeb=e3ecb2d2-64ad-427e-a502-9b52cf11c2cf; pgv_si=s6388928512',
)
[ info ] [ PARAM ] array (
  'count_n' => '100',
)
[ info ] [ RUN ] app\demo\controller\Hello->data_get[ C:\xampp\htdocs\tp5\application\demo\controller\Hello.php ]
[ info ] [ DB ] INIT mysql
[ info ] [ LOG ] INIT File
[ sql ] [ DB ] CONNECT:[ UseTime:0.012001s ] mysql:dbname=sort;host=localhost;port=3306;charset=utf8
[ sql ] [ SQL ] select group_id from group_ WHERE group_name = '大招' [ RunTime:0.001000s ]
[ sql ] [ SQL ] select emoi,scl,High_alpha,gamma from data WHERE id in (SELECT test_id FROM group_test WHERE group_id = '30') [ RunTime:0.000000s ]

---------------------------------------------------------------
[ 2017-03-07T16:55:47+08:00 ] ::1 ::1 POST /tp5/public/index.php/demo/hello/data_get.html
[ log ] localhost/tp5/public/index.php/demo/hello/data_get.html [运行时间：0.037003s][吞吐率：27.02req/s] [内存消耗：1,594.98kb] [文件加载：41]
[ info ] [ LANG ] C:\xampp\htdocs\tp5\thinkphp\lang\zh-cn.php
[ info ] [ ROUTE ] array (
  'type' => 'module',
  'module' => 
  array (
    0 => 'demo',
    1 => 'hello',
    2 => 'data_get',
  ),
)
[ info ] [ HEADER ] array (
  'host' => 'localhost',
  'connection' => 'keep-alive',
  'content-length' => '11',
  'cache-control' => 'max-age=0',
  'origin' => 'http://localhost',
  'upgrade-insecure-requests' => '1',
  'user-agent' => 'Mozilla/5.0 (Windows NT 6.1; WOW64) AppleWebKit/537.36 (KHTML, like Gecko) Chrome/53.0.2785.89 Safari/537.36',
  'content-type' => 'application/x-www-form-urlencoded',
  'accept' => 'text/html,application/xhtml+xml,application/xml;q=0.9,image/webp,*/*;q=0.8',
  'referer' => 'http://localhost/tp5/public/index.php/demo/hello/sort.html',
  'accept-encoding' => 'gzip, deflate',
  'accept-language' => 'zh-CN,zh;q=0.8',
  'cookie' => 'project_name=p1; group_name=%E5%A4%A7%E6%8B%9B; project_id=5; pgv_pvi=1445688320; Phpstorm-e4311aeb=e3ecb2d2-64ad-427e-a502-9b52cf11c2cf; pgv_si=s6388928512',
)
[ info ] [ PARAM ] array (
  'count_n' => '100',
)
[ info ] [ RUN ] app\demo\controller\Hello->data_get[ C:\xampp\htdocs\tp5\application\demo\controller\Hello.php ]
[ info ] [ DB ] INIT mysql
[ info ] [ LOG ] INIT File
[ sql ] [ DB ] CONNECT:[ UseTime:0.002000s ] mysql:dbname=sort;host=localhost;port=3306;charset=utf8
[ sql ] [ SQL ] select group_id from group_ WHERE group_name = '大招' [ RunTime:0.000000s ]
[ sql ] [ SQL ] select emoi,scl,High_alpha,gamma from data WHERE id in (SELECT test_id FROM group_test WHERE group_id = '30') [ RunTime:0.001000s ]

---------------------------------------------------------------
[ 2017-03-07T16:55:47+08:00 ] ::1 ::1 POST /tp5/public/index.php/demo/hello/data_get.html
[ log ] localhost/tp5/public/index.php/demo/hello/data_get.html [运行时间：0.048003s][吞吐率：20.83req/s] [内存消耗：1,594.77kb] [文件加载：41]
[ info ] [ LANG ] C:\xampp\htdocs\tp5\thinkphp\lang\zh-cn.php
[ info ] [ ROUTE ] array (
  'type' => 'module',
  'module' => 
  array (
    0 => 'demo',
    1 => 'hello',
    2 => 'data_get',
  ),
)
[ info ] [ HEADER ] array (
  'host' => 'localhost',
  'connection' => 'keep-alive',
  'content-length' => '11',
  'accept' => 'application/json, text/javascript, */*; q=0.01',
  'origin' => 'http://localhost',
  'x-requested-with' => 'XMLHttpRequest',
  'user-agent' => 'Mozilla/5.0 (Windows NT 6.1; WOW64) AppleWebKit/537.36 (KHTML, like Gecko) Chrome/53.0.2785.89 Safari/537.36',
  'content-type' => 'application/x-www-form-urlencoded; charset=UTF-8',
  'referer' => 'http://localhost/tp5/public/index.php/demo/hello/sort.html',
  'accept-encoding' => 'gzip, deflate',
  'accept-language' => 'zh-CN,zh;q=0.8',
  'cookie' => 'project_name=p1; group_name=%E5%A4%A7%E6%8B%9B; project_id=5; pgv_pvi=1445688320; Phpstorm-e4311aeb=e3ecb2d2-64ad-427e-a502-9b52cf11c2cf; pgv_si=s6388928512',
)
[ info ] [ PARAM ] array (
  'count_n' => '100',
)
[ info ] [ RUN ] app\demo\controller\Hello->data_get[ C:\xampp\htdocs\tp5\application\demo\controller\Hello.php ]
[ info ] [ DB ] INIT mysql
[ info ] [ LOG ] INIT File
[ sql ] [ DB ] CONNECT:[ UseTime:0.012001s ] mysql:dbname=sort;host=localhost;port=3306;charset=utf8
[ sql ] [ SQL ] select group_id from group_ WHERE group_name = '大招' [ RunTime:0.001000s ]
[ sql ] [ SQL ] select emoi,scl,High_alpha,gamma from data WHERE id in (SELECT test_id FROM group_test WHERE group_id = '30') [ RunTime:0.000000s ]

---------------------------------------------------------------
