[ 2017-03-09T14:51:49+08:00 ] ::1 ::1 GET /tp5/public/index.php/demo/hello/hello.html
[ log ] localhost/tp5/public/index.php/demo/hello/hello.html [运行时间：0.365021s][吞吐率：2.74req/s] [内存消耗：1,416.66kb] [文件加载：38]
[ info ] [ LANG ] C:\xampp\htdocs\tp5\thinkphp\lang\zh-cn.php
[ info ] [ ROUTE ] array (
  'type' => 'module',
  'module' => 
  array (
    0 => 'demo',
    1 => 'hello',
    2 => 'hello',
  ),
)
[ info ] [ HEADER ] array (
  'host' => 'localhost',
  'connection' => 'keep-alive',
  'upgrade-insecure-requests' => '1',
  'user-agent' => 'Mozilla/5.0 (Windows NT 6.1; WOW64) AppleWebKit/537.36 (KHTML, like Gecko) Chrome/53.0.2785.89 Safari/537.36',
  'accept' => 'text/html,application/xhtml+xml,application/xml;q=0.9,image/webp,*/*;q=0.8',
  'accept-encoding' => 'gzip, deflate, sdch',
  'accept-language' => 'zh-CN,zh;q=0.8',
  'cookie' => 'pgv_pvi=1445688320; Phpstorm-e4311aeb=e3ecb2d2-64ad-427e-a502-9b52cf11c2cf; pgv_si=s4182810624',
)
[ info ] [ PARAM ] array (
)
[ info ] [ RUN ] app\demo\controller\Hello->hello[ C:\xampp\htdocs\tp5\application\demo\controller\Hello.php ]
[ info ] [ VIEW ] C:\xampp\htdocs\tp5\public/../application/demo\view\hello\hello.html [ array (
) ]
[ info ] [ LOG ] INIT File

---------------------------------------------------------------
[ 2017-03-09T14:51:50+08:00 ] ::1 ::1 POST /tp5/public/index.php/demo/hello/reload
[ log ] localhost/tp5/public/index.php/demo/hello/reload [运行时间：0.039002s][吞吐率：25.64req/s] [内存消耗：1,356.98kb] [文件加载：36]
[ info ] [ LANG ] C:\xampp\htdocs\tp5\thinkphp\lang\zh-cn.php
[ info ] [ ROUTE ] array (
  'type' => 'module',
  'module' => 
  array (
    0 => 'demo',
    1 => 'hello',
    2 => 'reload',
  ),
)
[ info ] [ HEADER ] array (
  'host' => 'localhost',
  'connection' => 'keep-alive',
  'content-length' => '9',
  'accept' => '*/*',
  'origin' => 'http://localhost',
  'x-requested-with' => 'XMLHttpRequest',
  'user-agent' => 'Mozilla/5.0 (Windows NT 6.1; WOW64) AppleWebKit/537.36 (KHTML, like Gecko) Chrome/53.0.2785.89 Safari/537.36',
  'content-type' => 'application/x-www-form-urlencoded; charset=UTF-8',
  'referer' => 'http://localhost/tp5/public/index.php/demo/hello/hello.html',
  'accept-encoding' => 'gzip, deflate',
  'accept-language' => 'zh-CN,zh;q=0.8',
  'cookie' => 'pgv_pvi=1445688320; Phpstorm-e4311aeb=e3ecb2d2-64ad-427e-a502-9b52cf11c2cf; pgv_si=s4182810624',
)
[ info ] [ PARAM ] array (
  'name' => 'sort',
)
[ info ] [ RUN ] app\demo\controller\Hello->reload[ C:\xampp\htdocs\tp5\application\demo\controller\Hello.php ]
[ info ] [ LOG ] INIT File

---------------------------------------------------------------
[ 2017-03-09T14:51:51+08:00 ] ::1 ::1 GET /tp5/public/index.php/demo/hello/project.html
[ log ] localhost/tp5/public/index.php/demo/hello/project.html [运行时间：0.054003s][吞吐率：18.52req/s] [内存消耗：1,629.12kb] [文件加载：42]
[ info ] [ LANG ] C:\xampp\htdocs\tp5\thinkphp\lang\zh-cn.php
[ info ] [ ROUTE ] array (
  'type' => 'module',
  'module' => 
  array (
    0 => 'demo',
    1 => 'hello',
    2 => 'project',
  ),
)
[ info ] [ HEADER ] array (
  'host' => 'localhost',
  'connection' => 'keep-alive',
  'upgrade-insecure-requests' => '1',
  'user-agent' => 'Mozilla/5.0 (Windows NT 6.1; WOW64) AppleWebKit/537.36 (KHTML, like Gecko) Chrome/53.0.2785.89 Safari/537.36',
  'accept' => 'text/html,application/xhtml+xml,application/xml;q=0.9,image/webp,*/*;q=0.8',
  'referer' => 'http://localhost/tp5/public/index.php/demo/hello/hello.html',
  'accept-encoding' => 'gzip, deflate, sdch',
  'accept-language' => 'zh-CN,zh;q=0.8',
  'cookie' => 'pgv_pvi=1445688320; Phpstorm-e4311aeb=e3ecb2d2-64ad-427e-a502-9b52cf11c2cf; pgv_si=s4182810624',
)
[ info ] [ PARAM ] array (
)
[ info ] [ RUN ] app\demo\controller\Hello->project[ C:\xampp\htdocs\tp5\application\demo\controller\Hello.php ]
[ info ] [ DB ] INIT mysql
[ info ] [ VIEW ] C:\xampp\htdocs\tp5\public/../application/demo\view\hello\project.html [ array (
  0 => 'project_name',
) ]
[ info ] [ LOG ] INIT File
[ sql ] [ DB ] CONNECT:[ UseTime:0.003000s ] mysql:dbname=sort;host=localhost;port=3306;charset=utf8
[ sql ] [ SQL ] select project_name from project [ RunTime:0.000000s ]

---------------------------------------------------------------
[ 2017-03-09T14:51:52+08:00 ] ::1 ::1 GET /tp5/public/index.php/demo/hello/group.html
[ log ] localhost/tp5/public/index.php/demo/hello/group.html [运行时间：0.075004s][吞吐率：13.33req/s] [内存消耗：1,656.76kb] [文件加载：43]
[ info ] [ LANG ] C:\xampp\htdocs\tp5\thinkphp\lang\zh-cn.php
[ info ] [ ROUTE ] array (
  'type' => 'module',
  'module' => 
  array (
    0 => 'demo',
    1 => 'hello',
    2 => 'group',
  ),
)
[ info ] [ HEADER ] array (
  'host' => 'localhost',
  'connection' => 'keep-alive',
  'upgrade-insecure-requests' => '1',
  'user-agent' => 'Mozilla/5.0 (Windows NT 6.1; WOW64) AppleWebKit/537.36 (KHTML, like Gecko) Chrome/53.0.2785.89 Safari/537.36',
  'accept' => 'text/html,application/xhtml+xml,application/xml;q=0.9,image/webp,*/*;q=0.8',
  'referer' => 'http://localhost/tp5/public/index.php/demo/hello/project.html',
  'accept-encoding' => 'gzip, deflate, sdch',
  'accept-language' => 'zh-CN,zh;q=0.8',
  'cookie' => 'project_name=p1; pgv_pvi=1445688320; Phpstorm-e4311aeb=e3ecb2d2-64ad-427e-a502-9b52cf11c2cf; pgv_si=s4182810624',
)
[ info ] [ PARAM ] array (
)
[ info ] [ RUN ] app\demo\controller\Hello->group[ C:\xampp\htdocs\tp5\application\demo\controller\Hello.php ]
[ info ] [ DB ] INIT mysql
[ info ] [ VIEW ] C:\xampp\htdocs\tp5\public/../application/demo\view\hello\group.html [ array (
  0 => 'project_n',
  1 => 'project_id',
  2 => 'group_name',
) ]
[ info ] [ LOG ] INIT File
[ sql ] [ DB ] CONNECT:[ UseTime:0.002000s ] mysql:dbname=sort;host=localhost;port=3306;charset=utf8
[ sql ] [ SQL ] select project_id from project WHERE project_name = 'p1' [ RunTime:0.001000s ]
[ sql ] [ SQL ] select group_name from group_ WHERE group_id IN (SELECT group_id FROM project_group WHERE project_id = '5') [ RunTime:0.008000s ]

---------------------------------------------------------------
[ 2017-03-09T14:51:53+08:00 ] ::1 ::1 GET /tp5/public/index.php/demo/hello/sort.html
[ log ] localhost/tp5/public/index.php/demo/hello/sort.html [运行时间：0.067004s][吞吐率：14.92req/s] [内存消耗：1,682.46kb] [文件加载：43]
[ info ] [ LANG ] C:\xampp\htdocs\tp5\thinkphp\lang\zh-cn.php
[ info ] [ ROUTE ] array (
  'type' => 'module',
  'module' => 
  array (
    0 => 'demo',
    1 => 'hello',
    2 => 'sort',
  ),
)
[ info ] [ HEADER ] array (
  'host' => 'localhost',
  'connection' => 'keep-alive',
  'upgrade-insecure-requests' => '1',
  'user-agent' => 'Mozilla/5.0 (Windows NT 6.1; WOW64) AppleWebKit/537.36 (KHTML, like Gecko) Chrome/53.0.2785.89 Safari/537.36',
  'accept' => 'text/html,application/xhtml+xml,application/xml;q=0.9,image/webp,*/*;q=0.8',
  'referer' => 'http://localhost/tp5/public/index.php/demo/hello/group.html',
  'accept-encoding' => 'gzip, deflate, sdch',
  'accept-language' => 'zh-CN,zh;q=0.8',
  'cookie' => 'project_name=p1; group_name=p1_1; project_id=5; pgv_pvi=1445688320; Phpstorm-e4311aeb=e3ecb2d2-64ad-427e-a502-9b52cf11c2cf; pgv_si=s4182810624',
)
[ info ] [ PARAM ] array (
)
[ info ] [ RUN ] app\demo\controller\Hello->sort[ C:\xampp\htdocs\tp5\application\demo\controller\Hello.php ]
[ info ] [ DB ] INIT mysql
[ info ] [ VIEW ] C:\xampp\htdocs\tp5\public/../application/demo\view\hello\sort.html [ array (
  0 => 'tester',
  1 => 'game',
  2 => 'game_type',
  3 => 'terminal_type',
  4 => 'sex',
  5 => 'age_group',
  6 => 'game_experience',
  7 => 'game_year',
  8 => 'status',
  9 => 'group_n',
  10 => 'data',
) ]
[ info ] [ LOG ] INIT File
[ sql ] [ DB ] CONNECT:[ UseTime:0.012001s ] mysql:dbname=sort;host=localhost;port=3306;charset=utf8
[ sql ] [ SQL ] select u_id,u_name from tester [ RunTime:0.001000s ]
[ sql ] [ SQL ] select g_id,g_name from game [ RunTime:0.000000s ]
[ sql ] [ SQL ] select id,value from attr where name = "game_type" [ RunTime:0.000000s ]
[ sql ] [ SQL ] select id,value from attr where name = "terminal_type" [ RunTime:0.000000s ]
[ sql ] [ SQL ] select id,value from attr where name = "sex_type" [ RunTime:0.000000s ]
[ sql ] [ SQL ] select id,value from attr where name = "age_type" [ RunTime:0.000000s ]
[ sql ] [ SQL ] select id,value from attr where name = "game_experience" [ RunTime:0.000000s ]
[ sql ] [ SQL ] select id,value from attr where name = "game_year" [ RunTime:0.000000s ]
[ sql ] [ SQL ] select DISTINCT status_ from test [ RunTime:0.000000s ]
[ sql ] [ SQL ] select group_id from group_ WHERE group_name = 'p1_1' [ RunTime:0.000000s ]
[ sql ] [ SQL ] select emoi,scl,High_alpha,gamma,tag from data WHERE id in (SELECT test_id FROM group_test WHERE group_id = '29') [ RunTime:0.000000s ]

---------------------------------------------------------------
[ 2017-03-09T14:51:54+08:00 ] ::1 ::1 POST /tp5/public/index.php/demo/hello/data_get.html
[ log ] localhost/tp5/public/index.php/demo/hello/data_get.html [运行时间：0.094005s][吞吐率：10.64req/s] [内存消耗：1,644.30kb] [文件加载：45]
[ info ] [ LANG ] C:\xampp\htdocs\tp5\thinkphp\lang\zh-cn.php
[ info ] [ ROUTE ] array (
  'type' => 'module',
  'module' => 
  array (
    0 => 'demo',
    1 => 'hello',
    2 => 'data_get',
  ),
)
[ info ] [ HEADER ] array (
  'host' => 'localhost',
  'connection' => 'keep-alive',
  'content-length' => '8',
  'accept' => 'application/json, text/javascript, */*; q=0.01',
  'origin' => 'http://localhost',
  'x-requested-with' => 'XMLHttpRequest',
  'user-agent' => 'Mozilla/5.0 (Windows NT 6.1; WOW64) AppleWebKit/537.36 (KHTML, like Gecko) Chrome/53.0.2785.89 Safari/537.36',
  'content-type' => 'application/x-www-form-urlencoded; charset=UTF-8',
  'referer' => 'http://localhost/tp5/public/index.php/demo/hello/sort.html',
  'accept-encoding' => 'gzip, deflate',
  'accept-language' => 'zh-CN,zh;q=0.8',
  'cookie' => 'project_name=p1; group_name=p1_1; project_id=5; pgv_pvi=1445688320; Phpstorm-e4311aeb=e3ecb2d2-64ad-427e-a502-9b52cf11c2cf; pgv_si=s4182810624',
)
[ info ] [ PARAM ] array (
  'count_n' => '',
)
[ info ] [ RUN ] app\demo\controller\Hello->data_get[ C:\xampp\htdocs\tp5\application\demo\controller\Hello.php ]
[ info ] [ DB ] INIT mysql
[ info ] [ LOG ] INIT File
[ sql ] [ DB ] CONNECT:[ UseTime:0.013001s ] mysql:dbname=sort;host=localhost;port=3306;charset=utf8
[ sql ] [ SQL ] select group_id from group_ WHERE group_name = 'p1_1' [ RunTime:0.001000s ]
[ sql ] [ SQL ] select emoi,scl,High_alpha,gamma from data WHERE id in (SELECT test_id FROM group_test WHERE group_id = '29') [ RunTime:0.001000s ]
[ error ] [8]未定义数组下标: -2[C:\xampp\htdocs\tp5\application\demo\controller\Hello.php:594]

---------------------------------------------------------------
[ 2017-03-09T14:51:56+08:00 ] ::1 ::1 POST /tp5/public/index.php/demo/hello/sortdata.html
[ log ] localhost/tp5/public/index.php/demo/hello/sortdata.html [运行时间：0.053003s][吞吐率：18.87req/s] [内存消耗：1,611.75kb] [文件加载：45]
[ info ] [ LANG ] C:\xampp\htdocs\tp5\thinkphp\lang\zh-cn.php
[ info ] [ ROUTE ] array (
  'type' => 'module',
  'module' => 
  array (
    0 => 'demo',
    1 => 'hello',
    2 => 'sortdata',
  ),
)
[ info ] [ HEADER ] array (
  'host' => 'localhost',
  'connection' => 'keep-alive',
  'content-length' => '66',
  'accept' => 'application/json, text/javascript, */*; q=0.01',
  'origin' => 'http://localhost',
  'x-requested-with' => 'XMLHttpRequest',
  'user-agent' => 'Mozilla/5.0 (Windows NT 6.1; WOW64) AppleWebKit/537.36 (KHTML, like Gecko) Chrome/53.0.2785.89 Safari/537.36',
  'content-type' => 'application/x-www-form-urlencoded; charset=UTF-8',
  'referer' => 'http://localhost/tp5/public/index.php/demo/hello/sort.html',
  'accept-encoding' => 'gzip, deflate',
  'accept-language' => 'zh-CN,zh;q=0.8',
  'cookie' => 'project_name=p1; group_name=p1_1; project_id=5; pgv_pvi=1445688320; Phpstorm-e4311aeb=e3ecb2d2-64ad-427e-a502-9b52cf11c2cf; pgv_si=s4182810624',
)
[ info ] [ PARAM ] array (
  'count_n' => '',
  'sex' => '3',
  'age_group' => '9',
  'game_experience' => '13',
  'game_year' => '6',
  'status' => '1',
)
[ info ] [ RUN ] app\demo\controller\Hello->sortData[ C:\xampp\htdocs\tp5\application\demo\controller\Hello.php ]
[ info ] [ DB ] INIT mysql
[ info ] [ LOG ] INIT File
[ sql ] [ DB ] CONNECT:[ UseTime:0.003001s ] mysql:dbname=sort;host=localhost;port=3306;charset=utf8
[ error ] [10501]SQLSTATE[42000]: Syntax error or access violation: 1064 You have an error in your SQL syntax; check the manual that corresponds to your MariaDB server version for the right syntax to use near ''3' ))' at line 1[C:\xampp\htdocs\tp5\thinkphp\library\think\db\Connection.php:399]

---------------------------------------------------------------
[ 2017-03-09T14:52:25+08:00 ] ::1 ::1 POST /tp5/public/index.php/demo/hello/sortdata.html
[ log ] localhost/tp5/public/index.php/demo/hello/sortdata.html [运行时间：0.049003s][吞吐率：20.41req/s] [内存消耗：1,611.75kb] [文件加载：45]
[ info ] [ LANG ] C:\xampp\htdocs\tp5\thinkphp\lang\zh-cn.php
[ info ] [ ROUTE ] array (
  'type' => 'module',
  'module' => 
  array (
    0 => 'demo',
    1 => 'hello',
    2 => 'sortdata',
  ),
)
[ info ] [ HEADER ] array (
  'host' => 'localhost',
  'connection' => 'keep-alive',
  'content-length' => '66',
  'accept' => 'application/json, text/javascript, */*; q=0.01',
  'origin' => 'http://localhost',
  'x-requested-with' => 'XMLHttpRequest',
  'user-agent' => 'Mozilla/5.0 (Windows NT 6.1; WOW64) AppleWebKit/537.36 (KHTML, like Gecko) Chrome/53.0.2785.89 Safari/537.36',
  'content-type' => 'application/x-www-form-urlencoded; charset=UTF-8',
  'referer' => 'http://localhost/tp5/public/index.php/demo/hello/sort.html',
  'accept-encoding' => 'gzip, deflate',
  'accept-language' => 'zh-CN,zh;q=0.8',
  'cookie' => 'project_name=p1; group_name=p1_1; project_id=5; pgv_pvi=1445688320; Phpstorm-e4311aeb=e3ecb2d2-64ad-427e-a502-9b52cf11c2cf; pgv_si=s4182810624',
)
[ info ] [ PARAM ] array (
  'count_n' => '',
  'sex' => '3',
  'age_group' => '9',
  'game_experience' => '13',
  'game_year' => '6',
  'status' => '1',
)
[ info ] [ RUN ] app\demo\controller\Hello->sortData[ C:\xampp\htdocs\tp5\application\demo\controller\Hello.php ]
[ info ] [ DB ] INIT mysql
[ info ] [ LOG ] INIT File
[ sql ] [ DB ] CONNECT:[ UseTime:0.002000s ] mysql:dbname=sort;host=localhost;port=3306;charset=utf8
[ error ] [10501]SQLSTATE[42000]: Syntax error or access violation: 1064 You have an error in your SQL syntax; check the manual that corresponds to your MariaDB server version for the right syntax to use near ''3' ))' at line 1[C:\xampp\htdocs\tp5\thinkphp\library\think\db\Connection.php:399]

---------------------------------------------------------------
[ 2017-03-09T14:52:29+08:00 ] ::1 ::1 GET /tp5/public/index.php/demo/hello/sort.html
[ log ] localhost/tp5/public/index.php/demo/hello/sort.html [运行时间：0.041002s][吞吐率：24.39req/s] [内存消耗：1,682.56kb] [文件加载：43]
[ info ] [ LANG ] C:\xampp\htdocs\tp5\thinkphp\lang\zh-cn.php
[ info ] [ ROUTE ] array (
  'type' => 'module',
  'module' => 
  array (
    0 => 'demo',
    1 => 'hello',
    2 => 'sort',
  ),
)
[ info ] [ HEADER ] array (
  'host' => 'localhost',
  'connection' => 'keep-alive',
  'cache-control' => 'max-age=0',
  'upgrade-insecure-requests' => '1',
  'user-agent' => 'Mozilla/5.0 (Windows NT 6.1; WOW64) AppleWebKit/537.36 (KHTML, like Gecko) Chrome/53.0.2785.89 Safari/537.36',
  'accept' => 'text/html,application/xhtml+xml,application/xml;q=0.9,image/webp,*/*;q=0.8',
  'referer' => 'http://localhost/tp5/public/index.php/demo/hello/group.html',
  'accept-encoding' => 'gzip, deflate, sdch',
  'accept-language' => 'zh-CN,zh;q=0.8',
  'cookie' => 'project_name=p1; group_name=p1_1; project_id=5; pgv_pvi=1445688320; Phpstorm-e4311aeb=e3ecb2d2-64ad-427e-a502-9b52cf11c2cf; pgv_si=s4182810624',
)
[ info ] [ PARAM ] array (
)
[ info ] [ RUN ] app\demo\controller\Hello->sort[ C:\xampp\htdocs\tp5\application\demo\controller\Hello.php ]
[ info ] [ DB ] INIT mysql
[ info ] [ VIEW ] C:\xampp\htdocs\tp5\public/../application/demo\view\hello\sort.html [ array (
  0 => 'tester',
  1 => 'game',
  2 => 'game_type',
  3 => 'terminal_type',
  4 => 'sex',
  5 => 'age_group',
  6 => 'game_experience',
  7 => 'game_year',
  8 => 'status',
  9 => 'group_n',
  10 => 'data',
) ]
[ info ] [ LOG ] INIT File
[ sql ] [ DB ] CONNECT:[ UseTime:0.002000s ] mysql:dbname=sort;host=localhost;port=3306;charset=utf8
[ sql ] [ SQL ] select u_id,u_name from tester [ RunTime:0.002000s ]
[ sql ] [ SQL ] select g_id,g_name from game [ RunTime:0.000000s ]
[ sql ] [ SQL ] select id,value from attr where name = "game_type" [ RunTime:0.000000s ]
[ sql ] [ SQL ] select id,value from attr where name = "terminal_type" [ RunTime:0.000000s ]
[ sql ] [ SQL ] select id,value from attr where name = "sex_type" [ RunTime:0.001000s ]
[ sql ] [ SQL ] select id,value from attr where name = "age_type" [ RunTime:0.000000s ]
[ sql ] [ SQL ] select id,value from attr where name = "game_experience" [ RunTime:0.000000s ]
[ sql ] [ SQL ] select id,value from attr where name = "game_year" [ RunTime:0.000000s ]
[ sql ] [ SQL ] select DISTINCT status_ from test [ RunTime:0.001000s ]
[ sql ] [ SQL ] select group_id from group_ WHERE group_name = 'p1_1' [ RunTime:0.001000s ]
[ sql ] [ SQL ] select emoi,scl,High_alpha,gamma,tag from data WHERE id in (SELECT test_id FROM group_test WHERE group_id = '29') [ RunTime:0.000000s ]

---------------------------------------------------------------
[ 2017-03-09T14:52:35+08:00 ] ::1 ::1 POST /tp5/public/index.php/demo/hello/sortdata.html
[ log ] localhost/tp5/public/index.php/demo/hello/sortdata.html [运行时间：0.045002s][吞吐率：22.22req/s] [内存消耗：1,611.72kb] [文件加载：45]
[ info ] [ LANG ] C:\xampp\htdocs\tp5\thinkphp\lang\zh-cn.php
[ info ] [ ROUTE ] array (
  'type' => 'module',
  'module' => 
  array (
    0 => 'demo',
    1 => 'hello',
    2 => 'sortdata',
  ),
)
[ info ] [ HEADER ] array (
  'host' => 'localhost',
  'connection' => 'keep-alive',
  'content-length' => '66',
  'accept' => 'application/json, text/javascript, */*; q=0.01',
  'origin' => 'http://localhost',
  'x-requested-with' => 'XMLHttpRequest',
  'user-agent' => 'Mozilla/5.0 (Windows NT 6.1; WOW64) AppleWebKit/537.36 (KHTML, like Gecko) Chrome/53.0.2785.89 Safari/537.36',
  'content-type' => 'application/x-www-form-urlencoded; charset=UTF-8',
  'referer' => 'http://localhost/tp5/public/index.php/demo/hello/sort.html',
  'accept-encoding' => 'gzip, deflate',
  'accept-language' => 'zh-CN,zh;q=0.8',
  'cookie' => 'project_name=p1; group_name=p1_1; project_id=5; pgv_pvi=1445688320; Phpstorm-e4311aeb=e3ecb2d2-64ad-427e-a502-9b52cf11c2cf; pgv_si=s4182810624',
)
[ info ] [ PARAM ] array (
  'count_n' => '',
  'sex' => '3',
  'age_group' => '9',
  'game_experience' => '13',
  'game_year' => '6',
  'status' => '1',
)
[ info ] [ RUN ] app\demo\controller\Hello->sortData[ C:\xampp\htdocs\tp5\application\demo\controller\Hello.php ]
[ info ] [ DB ] INIT mysql
[ info ] [ LOG ] INIT File
[ sql ] [ DB ] CONNECT:[ UseTime:0.003000s ] mysql:dbname=sort;host=localhost;port=3306;charset=utf8
[ error ] [10501]SQLSTATE[42000]: Syntax error or access violation: 1064 You have an error in your SQL syntax; check the manual that corresponds to your MariaDB server version for the right syntax to use near ''3' ))' at line 1[C:\xampp\htdocs\tp5\thinkphp\library\think\db\Connection.php:399]

---------------------------------------------------------------
[ 2017-03-09T14:53:34+08:00 ] ::1 ::1 GET /tp5/public/index.php/demo/hello/sort.html
[ log ] localhost/tp5/public/index.php/demo/hello/sort.html [运行时间：0.063004s][吞吐率：15.87req/s] [内存消耗：1,841.48kb] [文件加载：45]
[ info ] [ LANG ] C:\xampp\htdocs\tp5\thinkphp\lang\zh-cn.php
[ info ] [ ROUTE ] array (
  'type' => 'module',
  'module' => 
  array (
    0 => 'demo',
    1 => 'hello',
    2 => 'sort',
  ),
)
[ info ] [ HEADER ] array (
  'host' => 'localhost',
  'connection' => 'keep-alive',
  'cache-control' => 'max-age=0',
  'upgrade-insecure-requests' => '1',
  'user-agent' => 'Mozilla/5.0 (Windows NT 6.1; WOW64) AppleWebKit/537.36 (KHTML, like Gecko) Chrome/53.0.2785.89 Safari/537.36',
  'accept' => 'text/html,application/xhtml+xml,application/xml;q=0.9,image/webp,*/*;q=0.8',
  'referer' => 'http://localhost/tp5/public/index.php/demo/hello/group.html',
  'accept-encoding' => 'gzip, deflate, sdch',
  'accept-language' => 'zh-CN,zh;q=0.8',
  'cookie' => 'project_name=p1; group_name=p1_1; project_id=5; pgv_pvi=1445688320; Phpstorm-e4311aeb=e3ecb2d2-64ad-427e-a502-9b52cf11c2cf; pgv_si=s4182810624',
)
[ info ] [ PARAM ] array (
)
[ info ] [ RUN ] app\demo\controller\Hello->sort[ C:\xampp\htdocs\tp5\application\demo\controller\Hello.php ]
[ info ] [ DB ] INIT mysql
[ info ] [ VIEW ] C:\xampp\htdocs\tp5\public/../application/demo\view\hello\sort.html [ array (
  0 => 'tester',
  1 => 'game',
  2 => 'game_type',
  3 => 'terminal_type',
  4 => 'sex',
  5 => 'age_group',
  6 => 'game_experience',
  7 => 'game_year',
  8 => 'status',
  9 => 'group_n',
  10 => 'data',
) ]
[ info ] [ LOG ] INIT File
[ sql ] [ DB ] CONNECT:[ UseTime:0.012001s ] mysql:dbname=sort;host=localhost;port=3306;charset=utf8
[ sql ] [ SQL ] select u_id,u_name from tester [ RunTime:0.000000s ]
[ sql ] [ SQL ] select g_id,g_name from game [ RunTime:0.000000s ]
[ sql ] [ SQL ] select id,value from attr where name = "game_type" [ RunTime:0.000000s ]
[ sql ] [ SQL ] select id,value from attr where name = "terminal_type" [ RunTime:0.001000s ]
[ sql ] [ SQL ] select id,value from attr where name = "sex_type" [ RunTime:0.000000s ]
[ sql ] [ SQL ] select id,value from attr where name = "age_type" [ RunTime:0.000000s ]
[ sql ] [ SQL ] select id,value from attr where name = "game_experience" [ RunTime:0.001000s ]
[ sql ] [ SQL ] select id,value from attr where name = "game_year" [ RunTime:0.000000s ]
[ sql ] [ SQL ] select DISTINCT status_ from test [ RunTime:0.000000s ]
[ sql ] [ SQL ] select group_id from group_ WHERE group_name = 'p1_1' [ RunTime:0.000000s ]
[ sql ] [ SQL ] select emoi,scl,High_alpha,gamma,tag from data WHERE id in (SELECT test_id FROM group_test WHERE group_id = '29') [ RunTime:0.000000s ]

---------------------------------------------------------------
[ 2017-03-09T14:53:39+08:00 ] ::1 ::1 POST /tp5/public/index.php/demo/hello/sortdata.html
[ log ] localhost/tp5/public/index.php/demo/hello/sortdata.html [运行时间：0.046003s][吞吐率：21.74req/s] [内存消耗：1,611.75kb] [文件加载：45]
[ info ] [ LANG ] C:\xampp\htdocs\tp5\thinkphp\lang\zh-cn.php
[ info ] [ ROUTE ] array (
  'type' => 'module',
  'module' => 
  array (
    0 => 'demo',
    1 => 'hello',
    2 => 'sortdata',
  ),
)
[ info ] [ HEADER ] array (
  'host' => 'localhost',
  'connection' => 'keep-alive',
  'content-length' => '66',
  'accept' => 'application/json, text/javascript, */*; q=0.01',
  'origin' => 'http://localhost',
  'x-requested-with' => 'XMLHttpRequest',
  'user-agent' => 'Mozilla/5.0 (Windows NT 6.1; WOW64) AppleWebKit/537.36 (KHTML, like Gecko) Chrome/53.0.2785.89 Safari/537.36',
  'content-type' => 'application/x-www-form-urlencoded; charset=UTF-8',
  'referer' => 'http://localhost/tp5/public/index.php/demo/hello/sort.html',
  'accept-encoding' => 'gzip, deflate',
  'accept-language' => 'zh-CN,zh;q=0.8',
  'cookie' => 'project_name=p1; group_name=p1_1; project_id=5; pgv_pvi=1445688320; Phpstorm-e4311aeb=e3ecb2d2-64ad-427e-a502-9b52cf11c2cf; pgv_si=s4182810624',
)
[ info ] [ PARAM ] array (
  'count_n' => '',
  'sex' => '3',
  'age_group' => '9',
  'game_experience' => '13',
  'game_year' => '6',
  'status' => '1',
)
[ info ] [ RUN ] app\demo\controller\Hello->sortData[ C:\xampp\htdocs\tp5\application\demo\controller\Hello.php ]
[ info ] [ DB ] INIT mysql
[ info ] [ LOG ] INIT File
[ sql ] [ DB ] CONNECT:[ UseTime:0.002000s ] mysql:dbname=sort;host=localhost;port=3306;charset=utf8
[ error ] [10501]SQLSTATE[42000]: Syntax error or access violation: 1064 You have an error in your SQL syntax; check the manual that corresponds to your MariaDB server version for the right syntax to use near ''3' ))' at line 1[C:\xampp\htdocs\tp5\thinkphp\library\think\db\Connection.php:399]

---------------------------------------------------------------
[ 2017-03-09T14:53:39+08:00 ] ::1 ::1 POST /tp5/public/index.php/demo/hello/sortdata.html
[ log ] localhost/tp5/public/index.php/demo/hello/sortdata.html [运行时间：0.041002s][吞吐率：24.39req/s] [内存消耗：1,611.70kb] [文件加载：45]
[ info ] [ LANG ] C:\xampp\htdocs\tp5\thinkphp\lang\zh-cn.php
[ info ] [ ROUTE ] array (
  'type' => 'module',
  'module' => 
  array (
    0 => 'demo',
    1 => 'hello',
    2 => 'sortdata',
  ),
)
[ info ] [ HEADER ] array (
  'host' => 'localhost',
  'connection' => 'keep-alive',
  'content-length' => '57',
  'cache-control' => 'max-age=0',
  'origin' => 'http://localhost',
  'upgrade-insecure-requests' => '1',
  'user-agent' => 'Mozilla/5.0 (Windows NT 6.1; WOW64) AppleWebKit/537.36 (KHTML, like Gecko) Chrome/53.0.2785.89 Safari/537.36',
  'content-type' => 'application/x-www-form-urlencoded',
  'accept' => 'text/html,application/xhtml+xml,application/xml;q=0.9,image/webp,*/*;q=0.8',
  'referer' => 'http://localhost/tp5/public/index.php/demo/hello/sort.html',
  'accept-encoding' => 'gzip, deflate',
  'accept-language' => 'zh-CN,zh;q=0.8',
  'cookie' => 'project_name=p1; group_name=p1_1; project_id=5; pgv_pvi=1445688320; Phpstorm-e4311aeb=e3ecb2d2-64ad-427e-a502-9b52cf11c2cf; pgv_si=s4182810624',
)
[ info ] [ PARAM ] array (
  'sex' => '3',
  'age_group' => '9',
  'game_experience' => '13',
  'game_year' => '6',
  'status' => '1',
)
[ info ] [ RUN ] app\demo\controller\Hello->sortData[ C:\xampp\htdocs\tp5\application\demo\controller\Hello.php ]
[ info ] [ DB ] INIT mysql
[ info ] [ LOG ] INIT File
[ sql ] [ DB ] CONNECT:[ UseTime:0.002000s ] mysql:dbname=sort;host=localhost;port=3306;charset=utf8
[ error ] [10501]SQLSTATE[42000]: Syntax error or access violation: 1064 You have an error in your SQL syntax; check the manual that corresponds to your MariaDB server version for the right syntax to use near ''3' ))' at line 1[C:\xampp\htdocs\tp5\thinkphp\library\think\db\Connection.php:399]

---------------------------------------------------------------
[ 2017-03-09T14:55:02+08:00 ] ::1 ::1 POST /tp5/public/index.php/demo/hello/sortdata.html
[ log ] localhost/tp5/public/index.php/demo/hello/sortdata.html [运行时间：0.038003s][吞吐率：26.31req/s] [内存消耗：1,611.77kb] [文件加载：45]
[ info ] [ LANG ] C:\xampp\htdocs\tp5\thinkphp\lang\zh-cn.php
[ info ] [ ROUTE ] array (
  'type' => 'module',
  'module' => 
  array (
    0 => 'demo',
    1 => 'hello',
    2 => 'sortdata',
  ),
)
[ info ] [ HEADER ] array (
  'host' => 'localhost',
  'connection' => 'keep-alive',
  'content-length' => '57',
  'cache-control' => 'max-age=0',
  'origin' => 'http://localhost',
  'upgrade-insecure-requests' => '1',
  'user-agent' => 'Mozilla/5.0 (Windows NT 6.1; WOW64) AppleWebKit/537.36 (KHTML, like Gecko) Chrome/53.0.2785.89 Safari/537.36',
  'content-type' => 'application/x-www-form-urlencoded',
  'accept' => 'text/html,application/xhtml+xml,application/xml;q=0.9,image/webp,*/*;q=0.8',
  'referer' => 'http://localhost/tp5/public/index.php/demo/hello/sort.html',
  'accept-encoding' => 'gzip, deflate',
  'accept-language' => 'zh-CN,zh;q=0.8',
  'cookie' => 'project_name=p1; group_name=p1_1; project_id=5; pgv_pvi=1445688320; Phpstorm-e4311aeb=e3ecb2d2-64ad-427e-a502-9b52cf11c2cf; pgv_si=s4182810624',
)
[ info ] [ PARAM ] array (
  'sex' => '3',
  'age_group' => '9',
  'game_experience' => '13',
  'game_year' => '6',
  'status' => '1',
)
[ info ] [ RUN ] app\demo\controller\Hello->sortData[ C:\xampp\htdocs\tp5\application\demo\controller\Hello.php ]
[ info ] [ DB ] INIT mysql
[ info ] [ LOG ] INIT File
[ sql ] [ DB ] CONNECT:[ UseTime:0.002000s ] mysql:dbname=sort;host=localhost;port=3306;charset=utf8
[ error ] [10501]SQLSTATE[42000]: Syntax error or access violation: 1064 You have an error in your SQL syntax; check the manual that corresponds to your MariaDB server version for the right syntax to use near ''3' ))' at line 1[C:\xampp\htdocs\tp5\thinkphp\library\think\db\Connection.php:399]

---------------------------------------------------------------
[ 2017-03-09T14:55:02+08:00 ] ::1 ::1 POST /tp5/public/index.php/demo/hello/sortdata.html
[ log ] localhost/tp5/public/index.php/demo/hello/sortdata.html [运行时间：0.056003s][吞吐率：17.86req/s] [内存消耗：1,611.76kb] [文件加载：45]
[ info ] [ LANG ] C:\xampp\htdocs\tp5\thinkphp\lang\zh-cn.php
[ info ] [ ROUTE ] array (
  'type' => 'module',
  'module' => 
  array (
    0 => 'demo',
    1 => 'hello',
    2 => 'sortdata',
  ),
)
[ info ] [ HEADER ] array (
  'host' => 'localhost',
  'connection' => 'keep-alive',
  'content-length' => '66',
  'accept' => 'application/json, text/javascript, */*; q=0.01',
  'origin' => 'http://localhost',
  'x-requested-with' => 'XMLHttpRequest',
  'user-agent' => 'Mozilla/5.0 (Windows NT 6.1; WOW64) AppleWebKit/537.36 (KHTML, like Gecko) Chrome/53.0.2785.89 Safari/537.36',
  'content-type' => 'application/x-www-form-urlencoded; charset=UTF-8',
  'referer' => 'http://localhost/tp5/public/index.php/demo/hello/sort.html',
  'accept-encoding' => 'gzip, deflate',
  'accept-language' => 'zh-CN,zh;q=0.8',
  'cookie' => 'project_name=p1; group_name=p1_1; project_id=5; pgv_pvi=1445688320; Phpstorm-e4311aeb=e3ecb2d2-64ad-427e-a502-9b52cf11c2cf; pgv_si=s4182810624',
)
[ info ] [ PARAM ] array (
  'count_n' => '',
  'sex' => '3',
  'age_group' => '9',
  'game_experience' => '13',
  'game_year' => '6',
  'status' => '1',
)
[ info ] [ RUN ] app\demo\controller\Hello->sortData[ C:\xampp\htdocs\tp5\application\demo\controller\Hello.php ]
[ info ] [ DB ] INIT mysql
[ info ] [ LOG ] INIT File
[ sql ] [ DB ] CONNECT:[ UseTime:0.011001s ] mysql:dbname=sort;host=localhost;port=3306;charset=utf8
[ error ] [10501]SQLSTATE[42000]: Syntax error or access violation: 1064 You have an error in your SQL syntax; check the manual that corresponds to your MariaDB server version for the right syntax to use near ''3' ))' at line 1[C:\xampp\htdocs\tp5\thinkphp\library\think\db\Connection.php:399]

---------------------------------------------------------------
[ 2017-03-09T14:55:05+08:00 ] ::1 ::1 GET /tp5/public/index.php/demo/hello/sort.html
[ log ] localhost/tp5/public/index.php/demo/hello/sort.html [运行时间：0.065004s][吞吐率：15.38req/s] [内存消耗：1,682.60kb] [文件加载：43]
[ info ] [ LANG ] C:\xampp\htdocs\tp5\thinkphp\lang\zh-cn.php
[ info ] [ ROUTE ] array (
  'type' => 'module',
  'module' => 
  array (
    0 => 'demo',
    1 => 'hello',
    2 => 'sort',
  ),
)
[ info ] [ HEADER ] array (
  'host' => 'localhost',
  'connection' => 'keep-alive',
  'cache-control' => 'max-age=0',
  'upgrade-insecure-requests' => '1',
  'user-agent' => 'Mozilla/5.0 (Windows NT 6.1; WOW64) AppleWebKit/537.36 (KHTML, like Gecko) Chrome/53.0.2785.89 Safari/537.36',
  'accept' => 'text/html,application/xhtml+xml,application/xml;q=0.9,image/webp,*/*;q=0.8',
  'referer' => 'http://localhost/tp5/public/index.php/demo/hello/group.html',
  'accept-encoding' => 'gzip, deflate, sdch',
  'accept-language' => 'zh-CN,zh;q=0.8',
  'cookie' => 'project_name=p1; group_name=p1_1; project_id=5; pgv_pvi=1445688320; Phpstorm-e4311aeb=e3ecb2d2-64ad-427e-a502-9b52cf11c2cf; pgv_si=s4182810624',
)
[ info ] [ PARAM ] array (
)
[ info ] [ RUN ] app\demo\controller\Hello->sort[ C:\xampp\htdocs\tp5\application\demo\controller\Hello.php ]
[ info ] [ DB ] INIT mysql
[ info ] [ VIEW ] C:\xampp\htdocs\tp5\public/../application/demo\view\hello\sort.html [ array (
  0 => 'tester',
  1 => 'game',
  2 => 'game_type',
  3 => 'terminal_type',
  4 => 'sex',
  5 => 'age_group',
  6 => 'game_experience',
  7 => 'game_year',
  8 => 'status',
  9 => 'group_n',
  10 => 'data',
) ]
[ info ] [ LOG ] INIT File
[ sql ] [ DB ] CONNECT:[ UseTime:0.011001s ] mysql:dbname=sort;host=localhost;port=3306;charset=utf8
[ sql ] [ SQL ] select u_id,u_name from tester [ RunTime:0.000000s ]
[ sql ] [ SQL ] select g_id,g_name from game [ RunTime:0.000000s ]
[ sql ] [ SQL ] select id,value from attr where name = "game_type" [ RunTime:0.001000s ]
[ sql ] [ SQL ] select id,value from attr where name = "terminal_type" [ RunTime:0.000000s ]
[ sql ] [ SQL ] select id,value from attr where name = "sex_type" [ RunTime:0.000000s ]
[ sql ] [ SQL ] select id,value from attr where name = "age_type" [ RunTime:0.001000s ]
[ sql ] [ SQL ] select id,value from attr where name = "game_experience" [ RunTime:0.000000s ]
[ sql ] [ SQL ] select id,value from attr where name = "game_year" [ RunTime:0.000000s ]
[ sql ] [ SQL ] select DISTINCT status_ from test [ RunTime:0.000000s ]
[ sql ] [ SQL ] select group_id from group_ WHERE group_name = 'p1_1' [ RunTime:0.000000s ]
[ sql ] [ SQL ] select emoi,scl,High_alpha,gamma,tag from data WHERE id in (SELECT test_id FROM group_test WHERE group_id = '29') [ RunTime:0.000000s ]

---------------------------------------------------------------
[ 2017-03-09T14:55:08+08:00 ] ::1 ::1 POST /tp5/public/index.php/demo/hello/sortdata.html
[ log ] localhost/tp5/public/index.php/demo/hello/sortdata.html [运行时间：0.052003s][吞吐率：19.23req/s] [内存消耗：1,611.76kb] [文件加载：45]
[ info ] [ LANG ] C:\xampp\htdocs\tp5\thinkphp\lang\zh-cn.php
[ info ] [ ROUTE ] array (
  'type' => 'module',
  'module' => 
  array (
    0 => 'demo',
    1 => 'hello',
    2 => 'sortdata',
  ),
)
[ info ] [ HEADER ] array (
  'host' => 'localhost',
  'connection' => 'keep-alive',
  'content-length' => '66',
  'accept' => 'application/json, text/javascript, */*; q=0.01',
  'origin' => 'http://localhost',
  'x-requested-with' => 'XMLHttpRequest',
  'user-agent' => 'Mozilla/5.0 (Windows NT 6.1; WOW64) AppleWebKit/537.36 (KHTML, like Gecko) Chrome/53.0.2785.89 Safari/537.36',
  'content-type' => 'application/x-www-form-urlencoded; charset=UTF-8',
  'referer' => 'http://localhost/tp5/public/index.php/demo/hello/sort.html',
  'accept-encoding' => 'gzip, deflate',
  'accept-language' => 'zh-CN,zh;q=0.8',
  'cookie' => 'project_name=p1; group_name=p1_1; project_id=5; pgv_pvi=1445688320; Phpstorm-e4311aeb=e3ecb2d2-64ad-427e-a502-9b52cf11c2cf; pgv_si=s4182810624',
)
[ info ] [ PARAM ] array (
  'count_n' => '',
  'sex' => '3',
  'age_group' => '9',
  'game_experience' => '13',
  'game_year' => '6',
  'status' => '1',
)
[ info ] [ RUN ] app\demo\controller\Hello->sortData[ C:\xampp\htdocs\tp5\application\demo\controller\Hello.php ]
[ info ] [ DB ] INIT mysql
[ info ] [ LOG ] INIT File
[ sql ] [ DB ] CONNECT:[ UseTime:0.012001s ] mysql:dbname=sort;host=localhost;port=3306;charset=utf8
[ error ] [10501]SQLSTATE[42000]: Syntax error or access violation: 1064 You have an error in your SQL syntax; check the manual that corresponds to your MariaDB server version for the right syntax to use near ''3' ))' at line 1[C:\xampp\htdocs\tp5\thinkphp\library\think\db\Connection.php:399]

---------------------------------------------------------------
[ 2017-03-09T14:55:09+08:00 ] ::1 ::1 POST /tp5/public/index.php/demo/hello/sortdata.html
[ log ] localhost/tp5/public/index.php/demo/hello/sortdata.html [运行时间：0.055003s][吞吐率：18.18req/s] [内存消耗：1,611.77kb] [文件加载：45]
[ info ] [ LANG ] C:\xampp\htdocs\tp5\thinkphp\lang\zh-cn.php
[ info ] [ ROUTE ] array (
  'type' => 'module',
  'module' => 
  array (
    0 => 'demo',
    1 => 'hello',
    2 => 'sortdata',
  ),
)
[ info ] [ HEADER ] array (
  'host' => 'localhost',
  'connection' => 'keep-alive',
  'content-length' => '57',
  'cache-control' => 'max-age=0',
  'origin' => 'http://localhost',
  'upgrade-insecure-requests' => '1',
  'user-agent' => 'Mozilla/5.0 (Windows NT 6.1; WOW64) AppleWebKit/537.36 (KHTML, like Gecko) Chrome/53.0.2785.89 Safari/537.36',
  'content-type' => 'application/x-www-form-urlencoded',
  'accept' => 'text/html,application/xhtml+xml,application/xml;q=0.9,image/webp,*/*;q=0.8',
  'referer' => 'http://localhost/tp5/public/index.php/demo/hello/sort.html',
  'accept-encoding' => 'gzip, deflate',
  'accept-language' => 'zh-CN,zh;q=0.8',
  'cookie' => 'project_name=p1; group_name=p1_1; project_id=5; pgv_pvi=1445688320; Phpstorm-e4311aeb=e3ecb2d2-64ad-427e-a502-9b52cf11c2cf; pgv_si=s4182810624',
)
[ info ] [ PARAM ] array (
  'sex' => '3',
  'age_group' => '9',
  'game_experience' => '13',
  'game_year' => '6',
  'status' => '1',
)
[ info ] [ RUN ] app\demo\controller\Hello->sortData[ C:\xampp\htdocs\tp5\application\demo\controller\Hello.php ]
[ info ] [ DB ] INIT mysql
[ info ] [ LOG ] INIT File
[ sql ] [ DB ] CONNECT:[ UseTime:0.002001s ] mysql:dbname=sort;host=localhost;port=3306;charset=utf8
[ error ] [10501]SQLSTATE[42000]: Syntax error or access violation: 1064 You have an error in your SQL syntax; check the manual that corresponds to your MariaDB server version for the right syntax to use near ''3' ))' at line 1[C:\xampp\htdocs\tp5\thinkphp\library\think\db\Connection.php:399]

---------------------------------------------------------------
[ 2017-03-09T15:11:55+08:00 ] ::1 ::1 POST /tp5/public/index.php/demo/hello/sortdata.html
[ log ] localhost/tp5/public/index.php/demo/hello/sortdata.html [运行时间：0.049003s][吞吐率：20.41req/s] [内存消耗：1,611.77kb] [文件加载：45]
[ info ] [ LANG ] C:\xampp\htdocs\tp5\thinkphp\lang\zh-cn.php
[ info ] [ ROUTE ] array (
  'type' => 'module',
  'module' => 
  array (
    0 => 'demo',
    1 => 'hello',
    2 => 'sortdata',
  ),
)
[ info ] [ HEADER ] array (
  'host' => 'localhost',
  'connection' => 'keep-alive',
  'content-length' => '57',
  'cache-control' => 'max-age=0',
  'origin' => 'http://localhost',
  'upgrade-insecure-requests' => '1',
  'user-agent' => 'Mozilla/5.0 (Windows NT 6.1; WOW64) AppleWebKit/537.36 (KHTML, like Gecko) Chrome/53.0.2785.89 Safari/537.36',
  'content-type' => 'application/x-www-form-urlencoded',
  'accept' => 'text/html,application/xhtml+xml,application/xml;q=0.9,image/webp,*/*;q=0.8',
  'referer' => 'http://localhost/tp5/public/index.php/demo/hello/sort.html',
  'accept-encoding' => 'gzip, deflate',
  'accept-language' => 'zh-CN,zh;q=0.8',
  'cookie' => 'project_name=p1; group_name=p1_1; project_id=5; pgv_pvi=1445688320; Phpstorm-e4311aeb=e3ecb2d2-64ad-427e-a502-9b52cf11c2cf; pgv_si=s4182810624',
)
[ info ] [ PARAM ] array (
  'sex' => '3',
  'age_group' => '9',
  'game_experience' => '13',
  'game_year' => '6',
  'status' => '1',
)
[ info ] [ RUN ] app\demo\controller\Hello->sortData[ C:\xampp\htdocs\tp5\application\demo\controller\Hello.php ]
[ info ] [ DB ] INIT mysql
[ info ] [ LOG ] INIT File
[ sql ] [ DB ] CONNECT:[ UseTime:0.001000s ] mysql:dbname=sort;host=localhost;port=3306;charset=utf8
[ error ] [10501]SQLSTATE[42000]: Syntax error or access violation: 1064 You have an error in your SQL syntax; check the manual that corresponds to your MariaDB server version for the right syntax to use near '= '3' ))' at line 1[C:\xampp\htdocs\tp5\thinkphp\library\think\db\Connection.php:399]

---------------------------------------------------------------
[ 2017-03-09T15:12:00+08:00 ] ::1 ::1 POST /tp5/public/index.php/demo/hello/sortdata.html
[ log ] localhost/tp5/public/index.php/demo/hello/sortdata.html [运行时间：0.060004s][吞吐率：16.67req/s] [内存消耗：1,611.79kb] [文件加载：45]
[ info ] [ LANG ] C:\xampp\htdocs\tp5\thinkphp\lang\zh-cn.php
[ info ] [ ROUTE ] array (
  'type' => 'module',
  'module' => 
  array (
    0 => 'demo',
    1 => 'hello',
    2 => 'sortdata',
  ),
)
[ info ] [ HEADER ] array (
  'host' => 'localhost',
  'connection' => 'keep-alive',
  'content-length' => '66',
  'accept' => 'application/json, text/javascript, */*; q=0.01',
  'origin' => 'http://localhost',
  'x-requested-with' => 'XMLHttpRequest',
  'user-agent' => 'Mozilla/5.0 (Windows NT 6.1; WOW64) AppleWebKit/537.36 (KHTML, like Gecko) Chrome/53.0.2785.89 Safari/537.36',
  'content-type' => 'application/x-www-form-urlencoded; charset=UTF-8',
  'referer' => 'http://localhost/tp5/public/index.php/demo/hello/sort.html',
  'accept-encoding' => 'gzip, deflate',
  'accept-language' => 'zh-CN,zh;q=0.8',
  'cookie' => 'project_name=p1; group_name=p1_1; project_id=5; pgv_pvi=1445688320; Phpstorm-e4311aeb=e3ecb2d2-64ad-427e-a502-9b52cf11c2cf; pgv_si=s4182810624',
)
[ info ] [ PARAM ] array (
  'count_n' => '',
  'sex' => '3',
  'age_group' => '9',
  'game_experience' => '13',
  'game_year' => '6',
  'status' => '1',
)
[ info ] [ RUN ] app\demo\controller\Hello->sortData[ C:\xampp\htdocs\tp5\application\demo\controller\Hello.php ]
[ info ] [ DB ] INIT mysql
[ info ] [ LOG ] INIT File
[ sql ] [ DB ] CONNECT:[ UseTime:0.012001s ] mysql:dbname=sort;host=localhost;port=3306;charset=utf8
[ error ] [10501]SQLSTATE[42000]: Syntax error or access violation: 1064 You have an error in your SQL syntax; check the manual that corresponds to your MariaDB server version for the right syntax to use near '= '3' ))' at line 1[C:\xampp\htdocs\tp5\thinkphp\library\think\db\Connection.php:399]

---------------------------------------------------------------
[ 2017-03-09T15:12:02+08:00 ] ::1 ::1 POST /tp5/public/index.php/demo/hello/sortdata.html
[ log ] localhost/tp5/public/index.php/demo/hello/sortdata.html [运行时间：0.063003s][吞吐率：15.87req/s] [内存消耗：1,611.77kb] [文件加载：45]
[ info ] [ LANG ] C:\xampp\htdocs\tp5\thinkphp\lang\zh-cn.php
[ info ] [ ROUTE ] array (
  'type' => 'module',
  'module' => 
  array (
    0 => 'demo',
    1 => 'hello',
    2 => 'sortdata',
  ),
)
[ info ] [ HEADER ] array (
  'host' => 'localhost',
  'connection' => 'keep-alive',
  'content-length' => '57',
  'cache-control' => 'max-age=0',
  'origin' => 'http://localhost',
  'upgrade-insecure-requests' => '1',
  'user-agent' => 'Mozilla/5.0 (Windows NT 6.1; WOW64) AppleWebKit/537.36 (KHTML, like Gecko) Chrome/53.0.2785.89 Safari/537.36',
  'content-type' => 'application/x-www-form-urlencoded',
  'accept' => 'text/html,application/xhtml+xml,application/xml;q=0.9,image/webp,*/*;q=0.8',
  'referer' => 'http://localhost/tp5/public/index.php/demo/hello/sort.html',
  'accept-encoding' => 'gzip, deflate',
  'accept-language' => 'zh-CN,zh;q=0.8',
  'cookie' => 'project_name=p1; group_name=p1_1; project_id=5; pgv_pvi=1445688320; Phpstorm-e4311aeb=e3ecb2d2-64ad-427e-a502-9b52cf11c2cf; pgv_si=s4182810624',
)
[ info ] [ PARAM ] array (
  'sex' => '3',
  'age_group' => '9',
  'game_experience' => '13',
  'game_year' => '6',
  'status' => '1',
)
[ info ] [ RUN ] app\demo\controller\Hello->sortData[ C:\xampp\htdocs\tp5\application\demo\controller\Hello.php ]
[ info ] [ DB ] INIT mysql
[ info ] [ LOG ] INIT File
[ sql ] [ DB ] CONNECT:[ UseTime:0.011001s ] mysql:dbname=sort;host=localhost;port=3306;charset=utf8
[ error ] [10501]SQLSTATE[42000]: Syntax error or access violation: 1064 You have an error in your SQL syntax; check the manual that corresponds to your MariaDB server version for the right syntax to use near '= '3' ))' at line 1[C:\xampp\htdocs\tp5\thinkphp\library\think\db\Connection.php:399]

---------------------------------------------------------------
[ 2017-03-09T15:12:35+08:00 ] ::1 ::1 POST /tp5/public/index.php/demo/hello/sortdata.html
[ log ] localhost/tp5/public/index.php/demo/hello/sortdata.html [运行时间：0.045003s][吞吐率：22.22req/s] [内存消耗：1,584.99kb] [文件加载：40]
[ info ] [ LANG ] C:\xampp\htdocs\tp5\thinkphp\lang\zh-cn.php
[ info ] [ ROUTE ] array (
  'type' => 'module',
  'module' => 
  array (
    0 => 'demo',
    1 => 'hello',
    2 => 'sortdata',
  ),
)
[ info ] [ HEADER ] array (
  'host' => 'localhost',
  'connection' => 'keep-alive',
  'content-length' => '57',
  'cache-control' => 'max-age=0',
  'origin' => 'http://localhost',
  'upgrade-insecure-requests' => '1',
  'user-agent' => 'Mozilla/5.0 (Windows NT 6.1; WOW64) AppleWebKit/537.36 (KHTML, like Gecko) Chrome/53.0.2785.89 Safari/537.36',
  'content-type' => 'application/x-www-form-urlencoded',
  'accept' => 'text/html,application/xhtml+xml,application/xml;q=0.9,image/webp,*/*;q=0.8',
  'referer' => 'http://localhost/tp5/public/index.php/demo/hello/sort.html',
  'accept-encoding' => 'gzip, deflate',
  'accept-language' => 'zh-CN,zh;q=0.8',
  'cookie' => 'project_name=p1; group_name=p1_1; project_id=5; pgv_pvi=1445688320; Phpstorm-e4311aeb=e3ecb2d2-64ad-427e-a502-9b52cf11c2cf; pgv_si=s4182810624',
)
[ info ] [ PARAM ] array (
  'sex' => '3',
  'age_group' => '9',
  'game_experience' => '13',
  'game_year' => '6',
  'status' => '1',
)
[ info ] [ RUN ] app\demo\controller\Hello->sortData[ C:\xampp\htdocs\tp5\application\demo\controller\Hello.php ]
[ info ] [ DB ] INIT mysql
[ info ] [ LOG ] INIT File
[ sql ] [ DB ] CONNECT:[ UseTime:0.001000s ] mysql:dbname=sort;host=localhost;port=3306;charset=utf8
[ sql ] [ SQL ] select id,emoi,scl,High_alpha,gamma,tag from data WHERE test_id IN (SELECT test_id FROM test WHERE status_ = '1' AND u_id IN (SELECT u_id FROM tester  WHERE u_sex_id = '3' )) [ RunTime:0.001001s ]

---------------------------------------------------------------
[ 2017-03-09T15:27:52+08:00 ] ::1 ::1 POST /tp5/public/index.php/demo/hello/sortdata.html
[ log ] localhost/tp5/public/index.php/demo/hello/sortdata.html [运行时间：0.051003s][吞吐率：19.61req/s] [内存消耗：1,585.88kb] [文件加载：40]
[ info ] [ LANG ] C:\xampp\htdocs\tp5\thinkphp\lang\zh-cn.php
[ info ] [ ROUTE ] array (
  'type' => 'module',
  'module' => 
  array (
    0 => 'demo',
    1 => 'hello',
    2 => 'sortdata',
  ),
)
[ info ] [ HEADER ] array (
  'host' => 'localhost',
  'connection' => 'keep-alive',
  'content-length' => '57',
  'cache-control' => 'max-age=0',
  'origin' => 'http://localhost',
  'upgrade-insecure-requests' => '1',
  'user-agent' => 'Mozilla/5.0 (Windows NT 6.1; WOW64) AppleWebKit/537.36 (KHTML, like Gecko) Chrome/53.0.2785.89 Safari/537.36',
  'content-type' => 'application/x-www-form-urlencoded',
  'accept' => 'text/html,application/xhtml+xml,application/xml;q=0.9,image/webp,*/*;q=0.8',
  'referer' => 'http://localhost/tp5/public/index.php/demo/hello/sort.html',
  'accept-encoding' => 'gzip, deflate',
  'accept-language' => 'zh-CN,zh;q=0.8',
  'cookie' => 'project_name=p1; group_name=p1_1; project_id=5; pgv_pvi=1445688320; Phpstorm-e4311aeb=e3ecb2d2-64ad-427e-a502-9b52cf11c2cf; pgv_si=s4182810624',
)
[ info ] [ PARAM ] array (
  'sex' => '3',
  'age_group' => '9',
  'game_experience' => '13',
  'game_year' => '6',
  'status' => '1',
)
[ info ] [ RUN ] app\demo\controller\Hello->sortData[ C:\xampp\htdocs\tp5\application\demo\controller\Hello.php ]
[ info ] [ DB ] INIT mysql
[ info ] [ LOG ] INIT File
[ sql ] [ DB ] CONNECT:[ UseTime:0.012001s ] mysql:dbname=sort;host=localhost;port=3306;charset=utf8
[ sql ] [ SQL ] select id,emoi,scl,High_alpha,gamma,tag from data WHERE test_id IN (SELECT test_id FROM test WHERE status_ = '1' AND u_id IN (SELECT u_id FROM tester  WHERE u_experience_id = '13' AND u_year_id='6' )) [ RunTime:0.000000s ]

---------------------------------------------------------------
[ 2017-03-09T15:28:03+08:00 ] ::1 ::1 POST /tp5/public/index.php/demo/hello/sortdata.html
[ log ] localhost/tp5/public/index.php/demo/hello/sortdata.html [运行时间：0.042003s][吞吐率：23.81req/s] [内存消耗：1,585.86kb] [文件加载：40]
[ info ] [ LANG ] C:\xampp\htdocs\tp5\thinkphp\lang\zh-cn.php
[ info ] [ ROUTE ] array (
  'type' => 'module',
  'module' => 
  array (
    0 => 'demo',
    1 => 'hello',
    2 => 'sortdata',
  ),
)
[ info ] [ HEADER ] array (
  'host' => 'localhost',
  'connection' => 'keep-alive',
  'content-length' => '66',
  'accept' => 'application/json, text/javascript, */*; q=0.01',
  'origin' => 'http://localhost',
  'x-requested-with' => 'XMLHttpRequest',
  'user-agent' => 'Mozilla/5.0 (Windows NT 6.1; WOW64) AppleWebKit/537.36 (KHTML, like Gecko) Chrome/53.0.2785.89 Safari/537.36',
  'content-type' => 'application/x-www-form-urlencoded; charset=UTF-8',
  'referer' => 'http://localhost/tp5/public/index.php/demo/hello/sort.html',
  'accept-encoding' => 'gzip, deflate',
  'accept-language' => 'zh-CN,zh;q=0.8',
  'cookie' => 'project_name=p1; group_name=p1_1; project_id=5; pgv_pvi=1445688320; Phpstorm-e4311aeb=e3ecb2d2-64ad-427e-a502-9b52cf11c2cf; pgv_si=s4182810624',
)
[ info ] [ PARAM ] array (
  'count_n' => '',
  'sex' => '3',
  'age_group' => '9',
  'game_experience' => '13',
  'game_year' => '6',
  'status' => '1',
)
[ info ] [ RUN ] app\demo\controller\Hello->sortData[ C:\xampp\htdocs\tp5\application\demo\controller\Hello.php ]
[ info ] [ DB ] INIT mysql
[ info ] [ LOG ] INIT File
[ sql ] [ DB ] CONNECT:[ UseTime:0.003000s ] mysql:dbname=sort;host=localhost;port=3306;charset=utf8
[ sql ] [ SQL ] select id,emoi,scl,High_alpha,gamma,tag from data WHERE test_id IN (SELECT test_id FROM test WHERE status_ = '1' AND u_id IN (SELECT u_id FROM tester  WHERE u_experience_id = '13' AND u_year_id='6' )) [ RunTime:0.001001s ]

---------------------------------------------------------------
[ 2017-03-09T15:28:05+08:00 ] ::1 ::1 POST /tp5/public/index.php/demo/hello/sortdata.html
[ log ] localhost/tp5/public/index.php/demo/hello/sortdata.html [运行时间：0.050002s][吞吐率：20.00req/s] [内存消耗：1,585.88kb] [文件加载：40]
[ info ] [ LANG ] C:\xampp\htdocs\tp5\thinkphp\lang\zh-cn.php
[ info ] [ ROUTE ] array (
  'type' => 'module',
  'module' => 
  array (
    0 => 'demo',
    1 => 'hello',
    2 => 'sortdata',
  ),
)
[ info ] [ HEADER ] array (
  'host' => 'localhost',
  'connection' => 'keep-alive',
  'content-length' => '57',
  'cache-control' => 'max-age=0',
  'origin' => 'http://localhost',
  'upgrade-insecure-requests' => '1',
  'user-agent' => 'Mozilla/5.0 (Windows NT 6.1; WOW64) AppleWebKit/537.36 (KHTML, like Gecko) Chrome/53.0.2785.89 Safari/537.36',
  'content-type' => 'application/x-www-form-urlencoded',
  'accept' => 'text/html,application/xhtml+xml,application/xml;q=0.9,image/webp,*/*;q=0.8',
  'referer' => 'http://localhost/tp5/public/index.php/demo/hello/sort.html',
  'accept-encoding' => 'gzip, deflate',
  'accept-language' => 'zh-CN,zh;q=0.8',
  'cookie' => 'project_name=p1; group_name=p1_1; project_id=5; pgv_pvi=1445688320; Phpstorm-e4311aeb=e3ecb2d2-64ad-427e-a502-9b52cf11c2cf; pgv_si=s4182810624',
)
[ info ] [ PARAM ] array (
  'sex' => '3',
  'age_group' => '9',
  'game_experience' => '13',
  'game_year' => '6',
  'status' => '1',
)
[ info ] [ RUN ] app\demo\controller\Hello->sortData[ C:\xampp\htdocs\tp5\application\demo\controller\Hello.php ]
[ info ] [ DB ] INIT mysql
[ info ] [ LOG ] INIT File
[ sql ] [ DB ] CONNECT:[ UseTime:0.002000s ] mysql:dbname=sort;host=localhost;port=3306;charset=utf8
[ sql ] [ SQL ] select id,emoi,scl,High_alpha,gamma,tag from data WHERE test_id IN (SELECT test_id FROM test WHERE status_ = '1' AND u_id IN (SELECT u_id FROM tester  WHERE u_experience_id = '13' AND u_year_id='6' )) [ RunTime:0.001000s ]

---------------------------------------------------------------
[ 2017-03-09T15:33:09+08:00 ] ::1 ::1 POST /tp5/public/index.php/demo/hello/sortdata.html
[ log ] localhost/tp5/public/index.php/demo/hello/sortdata.html [运行时间：0.043002s][吞吐率：23.25req/s] [内存消耗：1,586.04kb] [文件加载：40]
[ info ] [ LANG ] C:\xampp\htdocs\tp5\thinkphp\lang\zh-cn.php
[ info ] [ ROUTE ] array (
  'type' => 'module',
  'module' => 
  array (
    0 => 'demo',
    1 => 'hello',
    2 => 'sortdata',
  ),
)
[ info ] [ HEADER ] array (
  'host' => 'localhost',
  'connection' => 'keep-alive',
  'content-length' => '57',
  'cache-control' => 'max-age=0',
  'origin' => 'http://localhost',
  'upgrade-insecure-requests' => '1',
  'user-agent' => 'Mozilla/5.0 (Windows NT 6.1; WOW64) AppleWebKit/537.36 (KHTML, like Gecko) Chrome/53.0.2785.89 Safari/537.36',
  'content-type' => 'application/x-www-form-urlencoded',
  'accept' => 'text/html,application/xhtml+xml,application/xml;q=0.9,image/webp,*/*;q=0.8',
  'referer' => 'http://localhost/tp5/public/index.php/demo/hello/sort.html',
  'accept-encoding' => 'gzip, deflate',
  'accept-language' => 'zh-CN,zh;q=0.8',
  'cookie' => 'project_name=p1; group_name=p1_1; project_id=5; pgv_pvi=1445688320; Phpstorm-e4311aeb=e3ecb2d2-64ad-427e-a502-9b52cf11c2cf; pgv_si=s4182810624',
)
[ info ] [ PARAM ] array (
  'sex' => '3',
  'age_group' => '9',
  'game_experience' => '13',
  'game_year' => '6',
  'status' => '1',
)
[ info ] [ RUN ] app\demo\controller\Hello->sortData[ C:\xampp\htdocs\tp5\application\demo\controller\Hello.php ]
[ info ] [ DB ] INIT mysql
[ info ] [ LOG ] INIT File
[ sql ] [ DB ] CONNECT:[ UseTime:0.002000s ] mysql:dbname=sort;host=localhost;port=3306;charset=utf8
[ sql ] [ SQL ] select id,emoi,scl,High_alpha,gamma,tag from data WHERE test_id IN (SELECT test_id FROM test WHERE status_ = '1' AND u_id IN (SELECT u_id FROM tester  WHERE u_sex_id = '3' AND u_age_id = '9' AND u_experience_id = '13' AND u_year_id='6' )) [ RunTime:0.001000s ]

---------------------------------------------------------------
[ 2017-03-09T15:47:46+08:00 ] ::1 ::1 POST /tp5/public/index.php/demo/hello/sortdata.html
[ log ] localhost/tp5/public/index.php/demo/hello/sortdata.html [运行时间：0.040002s][吞吐率：25.00req/s] [内存消耗：1,609.93kb] [文件加载：45]
[ info ] [ LANG ] C:\xampp\htdocs\tp5\thinkphp\lang\zh-cn.php
[ info ] [ ROUTE ] array (
  'type' => 'module',
  'module' => 
  array (
    0 => 'demo',
    1 => 'hello',
    2 => 'sortdata',
  ),
)
[ info ] [ HEADER ] array (
  'host' => 'localhost',
  'connection' => 'keep-alive',
  'content-length' => '57',
  'cache-control' => 'max-age=0',
  'origin' => 'http://localhost',
  'upgrade-insecure-requests' => '1',
  'user-agent' => 'Mozilla/5.0 (Windows NT 6.1; WOW64) AppleWebKit/537.36 (KHTML, like Gecko) Chrome/53.0.2785.89 Safari/537.36',
  'content-type' => 'application/x-www-form-urlencoded',
  'accept' => 'text/html,application/xhtml+xml,application/xml;q=0.9,image/webp,*/*;q=0.8',
  'referer' => 'http://localhost/tp5/public/index.php/demo/hello/sort.html',
  'accept-encoding' => 'gzip, deflate',
  'accept-language' => 'zh-CN,zh;q=0.8',
  'cookie' => 'project_name=p1; group_name=p1_1; project_id=5; pgv_pvi=1445688320; Phpstorm-e4311aeb=e3ecb2d2-64ad-427e-a502-9b52cf11c2cf; pgv_si=s4182810624',
)
[ info ] [ PARAM ] array (
  'sex' => '3',
  'age_group' => '9',
  'game_experience' => '13',
  'game_year' => '6',
  'status' => '1',
)
[ info ] [ RUN ] app\demo\controller\Hello->sortData[ C:\xampp\htdocs\tp5\application\demo\controller\Hello.php ]
[ info ] [ DB ] INIT mysql
[ info ] [ LOG ] INIT File
[ sql ] [ DB ] CONNECT:[ UseTime:0.003000s ] mysql:dbname=sort;host=localhost;port=3306;charset=utf8
[ error ] [10501]SQLSTATE[42000]: Syntax error or access violation: 1064 You have an error in your SQL syntax; check the manual that corresponds to your MariaDB server version for the right syntax to use near '))' at line 1[C:\xampp\htdocs\tp5\thinkphp\library\think\db\Connection.php:399]

---------------------------------------------------------------
[ 2017-03-09T15:48:10+08:00 ] ::1 ::1 POST /tp5/public/index.php/demo/hello/sortdata.html
[ log ] localhost/tp5/public/index.php/demo/hello/sortdata.html [运行时间：0.049003s][吞吐率：20.41req/s] [内存消耗：1,583.04kb] [文件加载：40]
[ info ] [ LANG ] C:\xampp\htdocs\tp5\thinkphp\lang\zh-cn.php
[ info ] [ ROUTE ] array (
  'type' => 'module',
  'module' => 
  array (
    0 => 'demo',
    1 => 'hello',
    2 => 'sortdata',
  ),
)
[ info ] [ HEADER ] array (
  'host' => 'localhost',
  'connection' => 'keep-alive',
  'content-length' => '57',
  'cache-control' => 'max-age=0',
  'origin' => 'http://localhost',
  'upgrade-insecure-requests' => '1',
  'user-agent' => 'Mozilla/5.0 (Windows NT 6.1; WOW64) AppleWebKit/537.36 (KHTML, like Gecko) Chrome/53.0.2785.89 Safari/537.36',
  'content-type' => 'application/x-www-form-urlencoded',
  'accept' => 'text/html,application/xhtml+xml,application/xml;q=0.9,image/webp,*/*;q=0.8',
  'referer' => 'http://localhost/tp5/public/index.php/demo/hello/sort.html',
  'accept-encoding' => 'gzip, deflate',
  'accept-language' => 'zh-CN,zh;q=0.8',
  'cookie' => 'project_name=p1; group_name=p1_1; project_id=5; pgv_pvi=1445688320; Phpstorm-e4311aeb=e3ecb2d2-64ad-427e-a502-9b52cf11c2cf; pgv_si=s4182810624',
)
[ info ] [ PARAM ] array (
  'sex' => '3',
  'age_group' => '9',
  'game_experience' => '13',
  'game_year' => '6',
  'status' => '1',
)
[ info ] [ RUN ] app\demo\controller\Hello->sortData[ C:\xampp\htdocs\tp5\application\demo\controller\Hello.php ]
[ info ] [ DB ] INIT mysql
[ info ] [ LOG ] INIT File
[ sql ] [ DB ] CONNECT:[ UseTime:0.012001s ] mysql:dbname=sort;host=localhost;port=3306;charset=utf8
[ sql ] [ SQL ] select id,emoi,scl,High_alpha,gamma,tag from data WHERE test_id IN (SELECT test_id FROM test WHERE status_ = '1' AND u_id IN (SELECT u_id FROM tester  )) [ RunTime:0.001000s ]

---------------------------------------------------------------
[ 2017-03-09T15:49:41+08:00 ] ::1 ::1 POST /tp5/public/index.php/demo/hello/sortdata.html
[ log ] localhost/tp5/public/index.php/demo/hello/sortdata.html [运行时间：0.046002s][吞吐率：21.74req/s] [内存消耗：1,683.45kb] [文件加载：40]
[ info ] [ LANG ] C:\xampp\htdocs\tp5\thinkphp\lang\zh-cn.php
[ info ] [ ROUTE ] array (
  'type' => 'module',
  'module' => 
  array (
    0 => 'demo',
    1 => 'hello',
    2 => 'sortdata',
  ),
)
[ info ] [ HEADER ] array (
  'host' => 'localhost',
  'connection' => 'keep-alive',
  'content-length' => '57',
  'cache-control' => 'max-age=0',
  'origin' => 'http://localhost',
  'upgrade-insecure-requests' => '1',
  'user-agent' => 'Mozilla/5.0 (Windows NT 6.1; WOW64) AppleWebKit/537.36 (KHTML, like Gecko) Chrome/53.0.2785.89 Safari/537.36',
  'content-type' => 'application/x-www-form-urlencoded',
  'accept' => 'text/html,application/xhtml+xml,application/xml;q=0.9,image/webp,*/*;q=0.8',
  'referer' => 'http://localhost/tp5/public/index.php/demo/hello/sort.html',
  'accept-encoding' => 'gzip, deflate',
  'accept-language' => 'zh-CN,zh;q=0.8',
  'cookie' => 'project_name=p1; group_name=p1_1; project_id=5; pgv_pvi=1445688320; Phpstorm-e4311aeb=e3ecb2d2-64ad-427e-a502-9b52cf11c2cf; pgv_si=s4182810624',
)
[ info ] [ PARAM ] array (
  'sex' => '3',
  'age_group' => '9',
  'game_experience' => '13',
  'game_year' => '6',
  'status' => '1',
)
[ info ] [ RUN ] app\demo\controller\Hello->sortData[ C:\xampp\htdocs\tp5\application\demo\controller\Hello.php ]
[ info ] [ DB ] INIT mysql
[ info ] [ LOG ] INIT File
[ sql ] [ DB ] CONNECT:[ UseTime:0.003000s ] mysql:dbname=sort;host=localhost;port=3306;charset=utf8
[ sql ] [ SQL ] select id,emoi,scl,High_alpha,gamma,tag from data WHERE test_id IN (SELECT test_id FROM test WHERE u_id IN (SELECT u_id FROM tester  )) [ RunTime:0.001000s ]

---------------------------------------------------------------
[ 2017-03-09T16:01:16+08:00 ] ::1 ::1 POST /tp5/public/index.php/demo/hello/sortdata.html
[ log ] localhost/tp5/public/index.php/demo/hello/sortdata.html [运行时间：0.060003s][吞吐率：16.67req/s] [内存消耗：1,610.30kb] [文件加载：45]
[ info ] [ LANG ] C:\xampp\htdocs\tp5\thinkphp\lang\zh-cn.php
[ info ] [ ROUTE ] array (
  'type' => 'module',
  'module' => 
  array (
    0 => 'demo',
    1 => 'hello',
    2 => 'sortdata',
  ),
)
[ info ] [ HEADER ] array (
  'host' => 'localhost',
  'connection' => 'keep-alive',
  'content-length' => '57',
  'cache-control' => 'max-age=0',
  'origin' => 'http://localhost',
  'upgrade-insecure-requests' => '1',
  'user-agent' => 'Mozilla/5.0 (Windows NT 6.1; WOW64) AppleWebKit/537.36 (KHTML, like Gecko) Chrome/53.0.2785.89 Safari/537.36',
  'content-type' => 'application/x-www-form-urlencoded',
  'accept' => 'text/html,application/xhtml+xml,application/xml;q=0.9,image/webp,*/*;q=0.8',
  'referer' => 'http://localhost/tp5/public/index.php/demo/hello/sort.html',
  'accept-encoding' => 'gzip, deflate',
  'accept-language' => 'zh-CN,zh;q=0.8',
  'cookie' => 'project_name=p1; group_name=p1_1; project_id=5; pgv_pvi=1445688320; Phpstorm-e4311aeb=e3ecb2d2-64ad-427e-a502-9b52cf11c2cf; pgv_si=s4182810624',
)
[ info ] [ PARAM ] array (
  'sex' => '3',
  'age_group' => '9',
  'game_experience' => '13',
  'game_year' => '6',
  'status' => '1',
)
[ info ] [ RUN ] app\demo\controller\Hello->sortData[ C:\xampp\htdocs\tp5\application\demo\controller\Hello.php ]
[ info ] [ DB ] INIT mysql
[ info ] [ LOG ] INIT File
[ sql ] [ DB ] CONNECT:[ UseTime:0.003001s ] mysql:dbname=sort;host=localhost;port=3306;charset=utf8
[ error ] [10501]SQLSTATE[42000]: Syntax error or access violation: 1064 You have an error in your SQL syntax; check the manual that corresponds to your MariaDB server version for the right syntax to use near '))' at line 1[C:\xampp\htdocs\tp5\thinkphp\library\think\db\Connection.php:399]

---------------------------------------------------------------
[ 2017-03-09T16:01:44+08:00 ] ::1 ::1 POST /tp5/public/index.php/demo/hello/sortdata.html
[ log ] localhost/tp5/public/index.php/demo/hello/sortdata.html [运行时间：0.027001s][吞吐率：37.04req/s] [内存消耗：1,404.44kb] [文件加载：40]
[ info ] [ LANG ] C:\xampp\htdocs\tp5\thinkphp\lang\zh-cn.php
[ info ] [ ROUTE ] array (
  'type' => 'module',
  'module' => 
  array (
    0 => 'demo',
    1 => 'hello',
    2 => 'sortdata',
  ),
)
[ info ] [ HEADER ] array (
  'host' => 'localhost',
  'connection' => 'keep-alive',
  'content-length' => '57',
  'cache-control' => 'max-age=0',
  'origin' => 'http://localhost',
  'upgrade-insecure-requests' => '1',
  'user-agent' => 'Mozilla/5.0 (Windows NT 6.1; WOW64) AppleWebKit/537.36 (KHTML, like Gecko) Chrome/53.0.2785.89 Safari/537.36',
  'content-type' => 'application/x-www-form-urlencoded',
  'accept' => 'text/html,application/xhtml+xml,application/xml;q=0.9,image/webp,*/*;q=0.8',
  'referer' => 'http://localhost/tp5/public/index.php/demo/hello/sort.html',
  'accept-encoding' => 'gzip, deflate',
  'accept-language' => 'zh-CN,zh;q=0.8',
  'cookie' => 'project_name=p1; group_name=p1_1; project_id=5; pgv_pvi=1445688320; Phpstorm-e4311aeb=e3ecb2d2-64ad-427e-a502-9b52cf11c2cf; pgv_si=s4182810624',
)
[ info ] [ PARAM ] array (
  'sex' => '3',
  'age_group' => '9',
  'game_experience' => '13',
  'game_year' => '6',
  'status' => '1',
)
[ info ] [ RUN ] app\demo\controller\Hello->sortData[ C:\xampp\htdocs\tp5\application\demo\controller\Hello.php ]
[ info ] [ LOG ] INIT File
[ error ] [8]未定义变量: str[C:\xampp\htdocs\tp5\application\demo\controller\Hello.php:494]

---------------------------------------------------------------
[ 2017-03-09T16:02:17+08:00 ] ::1 ::1 POST /tp5/public/index.php/demo/hello/sortdata.html
[ log ] localhost/tp5/public/index.php/demo/hello/sortdata.html [运行时间：0.057003s][吞吐率：17.54req/s] [内存消耗：1,586.38kb] [文件加载：40]
[ info ] [ LANG ] C:\xampp\htdocs\tp5\thinkphp\lang\zh-cn.php
[ info ] [ ROUTE ] array (
  'type' => 'module',
  'module' => 
  array (
    0 => 'demo',
    1 => 'hello',
    2 => 'sortdata',
  ),
)
[ info ] [ HEADER ] array (
  'host' => 'localhost',
  'connection' => 'keep-alive',
  'content-length' => '57',
  'cache-control' => 'max-age=0',
  'origin' => 'http://localhost',
  'upgrade-insecure-requests' => '1',
  'user-agent' => 'Mozilla/5.0 (Windows NT 6.1; WOW64) AppleWebKit/537.36 (KHTML, like Gecko) Chrome/53.0.2785.89 Safari/537.36',
  'content-type' => 'application/x-www-form-urlencoded',
  'accept' => 'text/html,application/xhtml+xml,application/xml;q=0.9,image/webp,*/*;q=0.8',
  'referer' => 'http://localhost/tp5/public/index.php/demo/hello/sort.html',
  'accept-encoding' => 'gzip, deflate',
  'accept-language' => 'zh-CN,zh;q=0.8',
  'cookie' => 'project_name=p1; group_name=p1_1; project_id=5; pgv_pvi=1445688320; Phpstorm-e4311aeb=e3ecb2d2-64ad-427e-a502-9b52cf11c2cf; pgv_si=s4182810624',
)
[ info ] [ PARAM ] array (
  'sex' => '3',
  'age_group' => '9',
  'game_experience' => '13',
  'game_year' => '6',
  'status' => '1',
)
[ info ] [ RUN ] app\demo\controller\Hello->sortData[ C:\xampp\htdocs\tp5\application\demo\controller\Hello.php ]
[ info ] [ DB ] INIT mysql
[ info ] [ LOG ] INIT File
[ sql ] [ DB ] CONNECT:[ UseTime:0.011001s ] mysql:dbname=sort;host=localhost;port=3306;charset=utf8
[ sql ] [ SQL ] select id,emoi,scl,High_alpha,gamma,tag from data WHERE test_id IN (SELECT test_id FROM test WHERE status_ = '1' AND u_id IN (SELECT u_id FROM tester  WHERE u_sex_id = '3' AND u_age_id = '9' AND u_experience_id = '13' AND u_year_id='6' )) [ RunTime:0.000000s ]

---------------------------------------------------------------
