[ 2017-03-14T17:30:34+08:00 ] ::1 ::1 GET /tp5/public/index.php/demo/hello/upload.html
[ log ] localhost/tp5/public/index.php/demo/hello/upload.html [运行时间：0.044002s][吞吐率：22.73req/s] [内存消耗：1,633.34kb] [文件加载：42]
[ info ] [ LANG ] C:\xampp\htdocs\tp5\thinkphp\lang\zh-cn.php
[ info ] [ ROUTE ] array (
  'type' => 'module',
  'module' => 
  array (
    0 => 'demo',
    1 => 'hello',
    2 => 'upload',
  ),
)
[ info ] [ HEADER ] array (
  'host' => 'localhost',
  'connection' => 'keep-alive',
  'cache-control' => 'max-age=0',
  'upgrade-insecure-requests' => '1',
  'user-agent' => 'Mozilla/5.0 (Windows NT 6.1; WOW64) AppleWebKit/537.36 (KHTML, like Gecko) Chrome/53.0.2785.89 Safari/537.36',
  'accept' => 'text/html,application/xhtml+xml,application/xml;q=0.9,image/webp,*/*;q=0.8',
  'referer' => 'http://localhost/tp5/public/index.php/demo/hello/upload.html',
  'accept-encoding' => 'gzip, deflate, sdch',
  'accept-language' => 'zh-CN,zh;q=0.8',
  'cookie' => 'project_name=p1; group_name=p1_1; project_id=5; pgv_pvi=1445688320; Phpstorm-e4311aeb=e3ecb2d2-64ad-427e-a502-9b52cf11c2cf',
)
[ info ] [ PARAM ] array (
)
[ info ] [ RUN ] app\demo\controller\Hello->upload[ C:\xampp\htdocs\tp5\application\demo\controller\Hello.php ]
[ info ] [ DB ] INIT mysql
[ info ] [ VIEW ] C:\xampp\htdocs\tp5\public/../application/demo\view\hello\upload.html [ array (
  0 => 'tester',
  1 => 'game',
) ]
[ info ] [ LOG ] INIT File
[ sql ] [ DB ] CONNECT:[ UseTime:0.001000s ] mysql:dbname=sort;host=localhost;port=3306;charset=utf8
[ sql ] [ SQL ] select u_id,u_name from tester [ RunTime:0.000000s ]
[ sql ] [ SQL ] select g_id,g_name from game [ RunTime:0.000000s ]

---------------------------------------------------------------
[ 2017-03-14T17:30:35+08:00 ] ::1 ::1 GET /tp5/public/index.php/demo/hello/project.html
[ log ] localhost/tp5/public/index.php/demo/hello/project.html [运行时间：0.074004s][吞吐率：13.51req/s] [内存消耗：1,630.23kb] [文件加载：42]
[ info ] [ LANG ] C:\xampp\htdocs\tp5\thinkphp\lang\zh-cn.php
[ info ] [ ROUTE ] array (
  'type' => 'module',
  'module' => 
  array (
    0 => 'demo',
    1 => 'hello',
    2 => 'project',
  ),
)
[ info ] [ HEADER ] array (
  'host' => 'localhost',
  'connection' => 'keep-alive',
  'upgrade-insecure-requests' => '1',
  'user-agent' => 'Mozilla/5.0 (Windows NT 6.1; WOW64) AppleWebKit/537.36 (KHTML, like Gecko) Chrome/53.0.2785.89 Safari/537.36',
  'accept' => 'text/html,application/xhtml+xml,application/xml;q=0.9,image/webp,*/*;q=0.8',
  'referer' => 'http://localhost/tp5/public/index.php/demo/hello/upload.html',
  'accept-encoding' => 'gzip, deflate, sdch',
  'accept-language' => 'zh-CN,zh;q=0.8',
  'cookie' => 'project_name=p1; group_name=p1_1; project_id=5; pgv_pvi=1445688320; Phpstorm-e4311aeb=e3ecb2d2-64ad-427e-a502-9b52cf11c2cf',
)
[ info ] [ PARAM ] array (
)
[ info ] [ RUN ] app\demo\controller\Hello->project[ C:\xampp\htdocs\tp5\application\demo\controller\Hello.php ]
[ info ] [ DB ] INIT mysql
[ info ] [ VIEW ] C:\xampp\htdocs\tp5\public/../application/demo\view\hello\project.html [ array (
  0 => 'project_name',
) ]
[ info ] [ LOG ] INIT File
[ sql ] [ DB ] CONNECT:[ UseTime:0.012001s ] mysql:dbname=sort;host=localhost;port=3306;charset=utf8
[ sql ] [ SQL ] select project_name from project [ RunTime:0.000000s ]

---------------------------------------------------------------
[ 2017-03-14T17:30:37+08:00 ] ::1 ::1 GET /tp5/public/index.php/demo/hello/group.html
[ log ] localhost/tp5/public/index.php/demo/hello/group.html [运行时间：0.074004s][吞吐率：13.51req/s] [内存消耗：1,657.81kb] [文件加载：43]
[ info ] [ LANG ] C:\xampp\htdocs\tp5\thinkphp\lang\zh-cn.php
[ info ] [ ROUTE ] array (
  'type' => 'module',
  'module' => 
  array (
    0 => 'demo',
    1 => 'hello',
    2 => 'group',
  ),
)
[ info ] [ HEADER ] array (
  'host' => 'localhost',
  'connection' => 'keep-alive',
  'upgrade-insecure-requests' => '1',
  'user-agent' => 'Mozilla/5.0 (Windows NT 6.1; WOW64) AppleWebKit/537.36 (KHTML, like Gecko) Chrome/53.0.2785.89 Safari/537.36',
  'accept' => 'text/html,application/xhtml+xml,application/xml;q=0.9,image/webp,*/*;q=0.8',
  'referer' => 'http://localhost/tp5/public/index.php/demo/hello/project.html',
  'accept-encoding' => 'gzip, deflate, sdch',
  'accept-language' => 'zh-CN,zh;q=0.8',
  'cookie' => 'group_name=p1_1; project_id=5; project_name=p1; pgv_pvi=1445688320; Phpstorm-e4311aeb=e3ecb2d2-64ad-427e-a502-9b52cf11c2cf',
)
[ info ] [ PARAM ] array (
)
[ info ] [ RUN ] app\demo\controller\Hello->group[ C:\xampp\htdocs\tp5\application\demo\controller\Hello.php ]
[ info ] [ DB ] INIT mysql
[ info ] [ VIEW ] C:\xampp\htdocs\tp5\public/../application/demo\view\hello\group.html [ array (
  0 => 'project_n',
  1 => 'project_id',
  2 => 'group_name',
) ]
[ info ] [ LOG ] INIT File
[ sql ] [ DB ] CONNECT:[ UseTime:0.012001s ] mysql:dbname=sort;host=localhost;port=3306;charset=utf8
[ sql ] [ SQL ] select project_id from project WHERE project_name = 'p1' [ RunTime:0.000000s ]
[ sql ] [ SQL ] select group_name from group_ WHERE group_id IN (SELECT group_id FROM project_group WHERE project_id = '5') [ RunTime:0.000000s ]

---------------------------------------------------------------
[ 2017-03-14T17:30:38+08:00 ] ::1 ::1 GET /tp5/public/index.php/demo/hello/sort.html
[ log ] localhost/tp5/public/index.php/demo/hello/sort.html [运行时间：0.044002s][吞吐率：22.73req/s] [内存消耗：1,671.28kb] [文件加载：43]
[ info ] [ LANG ] C:\xampp\htdocs\tp5\thinkphp\lang\zh-cn.php
[ info ] [ ROUTE ] array (
  'type' => 'module',
  'module' => 
  array (
    0 => 'demo',
    1 => 'hello',
    2 => 'sort',
  ),
)
[ info ] [ HEADER ] array (
  'host' => 'localhost',
  'connection' => 'keep-alive',
  'upgrade-insecure-requests' => '1',
  'user-agent' => 'Mozilla/5.0 (Windows NT 6.1; WOW64) AppleWebKit/537.36 (KHTML, like Gecko) Chrome/53.0.2785.89 Safari/537.36',
  'accept' => 'text/html,application/xhtml+xml,application/xml;q=0.9,image/webp,*/*;q=0.8',
  'referer' => 'http://localhost/tp5/public/index.php/demo/hello/group.html',
  'accept-encoding' => 'gzip, deflate, sdch',
  'accept-language' => 'zh-CN,zh;q=0.8',
  'cookie' => 'project_name=p1; group_name=p1_1; project_id=5; pgv_pvi=1445688320; Phpstorm-e4311aeb=e3ecb2d2-64ad-427e-a502-9b52cf11c2cf',
)
[ info ] [ PARAM ] array (
)
[ info ] [ RUN ] app\demo\controller\Hello->sort[ C:\xampp\htdocs\tp5\application\demo\controller\Hello.php ]
[ info ] [ DB ] INIT mysql
[ info ] [ VIEW ] C:\xampp\htdocs\tp5\public/../application/demo\view\hello\sort.html [ array (
  0 => 'tester',
  1 => 'game',
  2 => 'game_type',
  3 => 'terminal_type',
  4 => 'sex',
  5 => 'age_group',
  6 => 'game_experience',
  7 => 'game_year',
  8 => 'status',
  9 => 'group_n',
  10 => 'data',
) ]
[ info ] [ LOG ] INIT File
[ sql ] [ DB ] CONNECT:[ UseTime:0.012001s ] mysql:dbname=sort;host=localhost;port=3306;charset=utf8
[ sql ] [ SQL ] select u_id,u_name from tester [ RunTime:0.000000s ]
[ sql ] [ SQL ] select g_id,g_name from game [ RunTime:0.000000s ]
[ sql ] [ SQL ] select id,value from attr where name = "game_type" [ RunTime:0.001000s ]
[ sql ] [ SQL ] select id,value from attr where name = "terminal_type" [ RunTime:0.000000s ]
[ sql ] [ SQL ] select id,value from attr where name = "sex_type" [ RunTime:0.000000s ]
[ sql ] [ SQL ] select id,value from attr where name = "age_type" [ RunTime:0.000000s ]
[ sql ] [ SQL ] select id,value from attr where name = "game_experience" [ RunTime:0.000000s ]
[ sql ] [ SQL ] select id,value from attr where name = "game_year" [ RunTime:0.000000s ]
[ sql ] [ SQL ] select DISTINCT status_ from test [ RunTime:0.000000s ]
[ sql ] [ SQL ] select group_id from group_ WHERE group_name = 'p1_1' [ RunTime:0.000000s ]
[ sql ] [ SQL ] select emoi,scl,High_alpha,gamma,tag from data WHERE id in (SELECT test_id FROM group_test WHERE group_id = '29') [ RunTime:0.000000s ]

---------------------------------------------------------------
[ 2017-03-14T17:30:40+08:00 ] ::1 ::1 POST /tp5/public/index.php/demo/hello/sortdata.html
[ log ] localhost/tp5/public/index.php/demo/hello/sortdata.html [运行时间：0.045003s][吞吐率：22.22req/s] [内存消耗：1,593.16kb] [文件加载：40]
[ info ] [ LANG ] C:\xampp\htdocs\tp5\thinkphp\lang\zh-cn.php
[ info ] [ ROUTE ] array (
  'type' => 'module',
  'module' => 
  array (
    0 => 'demo',
    1 => 'hello',
    2 => 'sortdata',
  ),
)
[ info ] [ HEADER ] array (
  'host' => 'localhost',
  'connection' => 'keep-alive',
  'content-length' => '66',
  'accept' => 'application/json, text/javascript, */*; q=0.01',
  'origin' => 'http://localhost',
  'x-requested-with' => 'XMLHttpRequest',
  'user-agent' => 'Mozilla/5.0 (Windows NT 6.1; WOW64) AppleWebKit/537.36 (KHTML, like Gecko) Chrome/53.0.2785.89 Safari/537.36',
  'content-type' => 'application/x-www-form-urlencoded; charset=UTF-8',
  'referer' => 'http://localhost/tp5/public/index.php/demo/hello/sort.html',
  'accept-encoding' => 'gzip, deflate',
  'accept-language' => 'zh-CN,zh;q=0.8',
  'cookie' => 'project_name=p1; group_name=p1_1; project_id=5; pgv_pvi=1445688320; Phpstorm-e4311aeb=e3ecb2d2-64ad-427e-a502-9b52cf11c2cf',
)
[ info ] [ PARAM ] array (
  'count_n' => '',
  'sex' => '3',
  'age_group' => '9',
  'game_experience' => '13',
  'game_year' => '6',
  'status' => '1',
)
[ info ] [ RUN ] app\demo\controller\Hello->sortData[ C:\xampp\htdocs\tp5\application\demo\controller\Hello.php ]
[ info ] [ DB ] INIT mysql
[ info ] [ LOG ] INIT File
[ sql ] [ DB ] CONNECT:[ UseTime:0.012000s ] mysql:dbname=sort;host=localhost;port=3306;charset=utf8
[ sql ] [ SQL ] select game.g_name,data.id,data.emoi,data.scl,data.High_alpha,data.gamma,data.tag 
                                          from game,data 
                                WHERE game.g_id IN (SELECT g_id FROM test WHERE test_id = data.test_id) AND data.test_id IN 
                                (SELECT test_id FROM test WHERE status_ = '1' AND u_id IN (SELECT u_id FROM tester  WHERE u_sex_id = '3' AND u_age_id = '9' AND u_experience_id = '13' AND u_year_id='6' )) [ RunTime:0.000000s ]

---------------------------------------------------------------
