[ 2017-03-30T16:18:26+08:00 ] ::1 ::1 POST /tp5/public/index.php/demo/hello/sortdata.html
[ log ] localhost/tp5/public/index.php/demo/hello/sortdata.html [运行时间：0.056003s][吞吐率：17.86req/s] [内存消耗：1,590.59kb] [文件加载：40]
[ info ] [ LANG ] C:\xampp\htdocs\tp5\thinkphp\lang\zh-cn.php
[ info ] [ ROUTE ] array (
  'type' => 'module',
  'module' => 
  array (
    0 => 'demo',
    1 => 'hello',
    2 => 'sortdata',
  ),
)
[ info ] [ HEADER ] array (
  'host' => 'localhost',
  'connection' => 'keep-alive',
  'content-length' => '66',
  'accept' => 'application/json, text/javascript, */*; q=0.01',
  'origin' => 'http://localhost',
  'x-requested-with' => 'XMLHttpRequest',
  'user-agent' => 'Mozilla/5.0 (Windows NT 6.1; WOW64) AppleWebKit/537.36 (KHTML, like Gecko) Chrome/53.0.2785.89 Safari/537.36',
  'content-type' => 'application/x-www-form-urlencoded; charset=UTF-8',
  'referer' => 'http://localhost/tp5/public/index.php/demo/hello/sort.html',
  'accept-encoding' => 'gzip, deflate',
  'accept-language' => 'zh-CN,zh;q=0.8',
  'cookie' => 'project_name=p1; group_name=p1_1; project_id=5; pgv_pvi=1445688320; Phpstorm-e4311aeb=e3ecb2d2-64ad-427e-a502-9b52cf11c2cf',
)
[ info ] [ PARAM ] array (
  'count_n' => '',
  'sex' => '3',
  'age_group' => '9',
  'game_experience' => '13',
  'game_year' => '6',
  'status' => '2',
)
[ info ] [ RUN ] app\demo\controller\Hello->sortData[ C:\xampp\htdocs\tp5\application\demo\controller\Hello.php ]
[ info ] [ DB ] INIT mysql
[ info ] [ LOG ] INIT File
[ sql ] [ DB ] CONNECT:[ UseTime:0.012001s ] mysql:dbname=sort;host=localhost;port=3306;charset=utf8
[ sql ] [ SQL ] select game.g_name,data_.test_id,data_.emoi,data_.scl,data_.High_alpha,data_.gamma,data_.tag 
                                          from game,data_ 
                                WHERE game.g_id IN (SELECT g_id FROM test WHERE test_id = data_.test_id) AND data_.test_id IN 
                                (SELECT test_id FROM test WHERE status_ = '2' AND u_id IN (SELECT u_id FROM tester  WHERE u_sex_id = '3' AND u_age_id = '9' AND u_experience_id = '13' AND u_year_id='6' )) [ RunTime:0.001000s ]

---------------------------------------------------------------
[ 2017-03-30T16:18:31+08:00 ] ::1 ::1 POST /tp5/public/index.php/demo/hello/adddata.html
[ log ] localhost/tp5/public/index.php/demo/hello/adddata.html [运行时间：0.070004s][吞吐率：14.28req/s] [内存消耗：1,597.59kb] [文件加载：41]
[ info ] [ LANG ] C:\xampp\htdocs\tp5\thinkphp\lang\zh-cn.php
[ info ] [ ROUTE ] array (
  'type' => 'module',
  'module' => 
  array (
    0 => 'demo',
    1 => 'hello',
    2 => 'adddata',
  ),
)
[ info ] [ HEADER ] array (
  'host' => 'localhost',
  'connection' => 'keep-alive',
  'content-length' => '39',
  'accept' => '*/*',
  'origin' => 'http://localhost',
  'x-requested-with' => 'XMLHttpRequest',
  'user-agent' => 'Mozilla/5.0 (Windows NT 6.1; WOW64) AppleWebKit/537.36 (KHTML, like Gecko) Chrome/53.0.2785.89 Safari/537.36',
  'content-type' => 'application/x-www-form-urlencoded; charset=UTF-8',
  'referer' => 'http://localhost/tp5/public/index.php/demo/hello/sort.html',
  'accept-encoding' => 'gzip, deflate',
  'accept-language' => 'zh-CN,zh;q=0.8',
  'cookie' => 'project_name=p1; group_name=p1_1; project_id=5; pgv_pvi=1445688320; Phpstorm-e4311aeb=e3ecb2d2-64ad-427e-a502-9b52cf11c2cf',
)
[ info ] [ PARAM ] array (
  'id' => '["12","12","12"]',
)
[ info ] [ RUN ] app\demo\controller\Hello->addData[ C:\xampp\htdocs\tp5\application\demo\controller\Hello.php ]
[ info ] [ DB ] INIT mysql
[ info ] [ LOG ] INIT File
[ sql ] [ DB ] CONNECT:[ UseTime:0.002000s ] mysql:dbname=sort;host=localhost;port=3306;charset=utf8
[ sql ] [ SQL ] select group_id from group_ WHERE group_name = 'p1_1' [ RunTime:0.000000s ]
[ sql ] [ SQL ] select count(id) AS id from group_test WHERE group_id = '29'AND test_id = '12' [ RunTime:0.001000s ]
[ sql ] [ SQL ] insert into group_test (group_id,test_id) VALUES ('29','12') [ RunTime:0.037002s ]
[ sql ] [ SQL ] select count(id) AS id from group_test WHERE group_id = '29'AND test_id = '12' [ RunTime:0.000000s ]
[ sql ] [ SQL ] select count(id) AS id from group_test WHERE group_id = '29'AND test_id = '12' [ RunTime:0.000000s ]

---------------------------------------------------------------
[ 2017-03-30T16:18:35+08:00 ] ::1 ::1 GET /tp5/public/index.php/demo/hello/sort.html
[ log ] localhost/tp5/public/index.php/demo/hello/sort.html [运行时间：0.053003s][吞吐率：18.87req/s] [内存消耗：1,722.63kb] [文件加载：43]
[ info ] [ LANG ] C:\xampp\htdocs\tp5\thinkphp\lang\zh-cn.php
[ info ] [ ROUTE ] array (
  'type' => 'module',
  'module' => 
  array (
    0 => 'demo',
    1 => 'hello',
    2 => 'sort',
  ),
)
[ info ] [ HEADER ] array (
  'host' => 'localhost',
  'connection' => 'keep-alive',
  'cache-control' => 'max-age=0',
  'upgrade-insecure-requests' => '1',
  'user-agent' => 'Mozilla/5.0 (Windows NT 6.1; WOW64) AppleWebKit/537.36 (KHTML, like Gecko) Chrome/53.0.2785.89 Safari/537.36',
  'accept' => 'text/html,application/xhtml+xml,application/xml;q=0.9,image/webp,*/*;q=0.8',
  'referer' => 'http://localhost/tp5/public/index.php/demo/hello/group.html',
  'accept-encoding' => 'gzip, deflate, sdch',
  'accept-language' => 'zh-CN,zh;q=0.8',
  'cookie' => 'project_name=p1; group_name=p1_1; project_id=5; pgv_pvi=1445688320; Phpstorm-e4311aeb=e3ecb2d2-64ad-427e-a502-9b52cf11c2cf',
)
[ info ] [ PARAM ] array (
)
[ info ] [ RUN ] app\demo\controller\Hello->sort[ C:\xampp\htdocs\tp5\application\demo\controller\Hello.php ]
[ info ] [ DB ] INIT mysql
[ info ] [ VIEW ] C:\xampp\htdocs\tp5\public/../application/demo\view\hello\sort.html [ array (
  0 => 'tester',
  1 => 'game',
  2 => 'game_type',
  3 => 'terminal_type',
  4 => 'sex',
  5 => 'age_group',
  6 => 'game_experience',
  7 => 'game_year',
  8 => 'status',
  9 => 'group_n',
  10 => 'data',
) ]
[ info ] [ LOG ] INIT File
[ sql ] [ DB ] CONNECT:[ UseTime:0.003000s ] mysql:dbname=sort;host=localhost;port=3306;charset=utf8
[ sql ] [ SQL ] select u_id,u_name from tester [ RunTime:0.001000s ]
[ sql ] [ SQL ] select g_id,g_name from game [ RunTime:0.000000s ]
[ sql ] [ SQL ] select id,value from attr where name = "game_type" [ RunTime:0.000000s ]
[ sql ] [ SQL ] select id,value from attr where name = "terminal_type" [ RunTime:0.000000s ]
[ sql ] [ SQL ] select id,value from attr where name = "sex_type" [ RunTime:0.000000s ]
[ sql ] [ SQL ] select id,value from attr where name = "age_type" [ RunTime:0.000000s ]
[ sql ] [ SQL ] select id,value from attr where name = "game_experience" [ RunTime:0.000000s ]
[ sql ] [ SQL ] select id,value from attr where name = "game_year" [ RunTime:0.000000s ]
[ sql ] [ SQL ] select DISTINCT status_ from test [ RunTime:0.001000s ]
[ sql ] [ SQL ] select group_id from group_ WHERE group_name = 'p1_1' [ RunTime:0.000000s ]
[ sql ] [ SQL ] select game.g_name,data_.emoi,data_.scl,data_.High_alpha,data_.gamma,data_.tag FROM 
                                     game,data_ 
                                     WHERE 
                                data_.test_id IN (SELECT test_id FROM group_test WHERE group_id = '29') 
                                AND game.g_id IN (SELECT g_id FROM test WHERE test_id = data_.test_id) [ RunTime:0.000000s ]

---------------------------------------------------------------
[ 2017-03-30T16:21:14+08:00 ] ::1 ::1 GET /tp5/public/index.php/demo/hello/sort.html
[ log ] localhost/tp5/public/index.php/demo/hello/sort.html [运行时间：0.049003s][吞吐率：20.41req/s] [内存消耗：1,722.55kb] [文件加载：43]
[ info ] [ LANG ] C:\xampp\htdocs\tp5\thinkphp\lang\zh-cn.php
[ info ] [ ROUTE ] array (
  'type' => 'module',
  'module' => 
  array (
    0 => 'demo',
    1 => 'hello',
    2 => 'sort',
  ),
)
[ info ] [ HEADER ] array (
  'host' => 'localhost',
  'connection' => 'keep-alive',
  'cache-control' => 'max-age=0',
  'upgrade-insecure-requests' => '1',
  'user-agent' => 'Mozilla/5.0 (Windows NT 6.1; WOW64) AppleWebKit/537.36 (KHTML, like Gecko) Chrome/53.0.2785.89 Safari/537.36',
  'accept' => 'text/html,application/xhtml+xml,application/xml;q=0.9,image/webp,*/*;q=0.8',
  'referer' => 'http://localhost/tp5/public/index.php/demo/hello/group.html',
  'accept-encoding' => 'gzip, deflate, sdch',
  'accept-language' => 'zh-CN,zh;q=0.8',
  'cookie' => 'project_name=p1; group_name=p1_1; project_id=5; pgv_pvi=1445688320; Phpstorm-e4311aeb=e3ecb2d2-64ad-427e-a502-9b52cf11c2cf',
)
[ info ] [ PARAM ] array (
)
[ info ] [ RUN ] app\demo\controller\Hello->sort[ C:\xampp\htdocs\tp5\application\demo\controller\Hello.php ]
[ info ] [ DB ] INIT mysql
[ info ] [ VIEW ] C:\xampp\htdocs\tp5\public/../application/demo\view\hello\sort.html [ array (
  0 => 'tester',
  1 => 'game',
  2 => 'game_type',
  3 => 'terminal_type',
  4 => 'sex',
  5 => 'age_group',
  6 => 'game_experience',
  7 => 'game_year',
  8 => 'status',
  9 => 'group_n',
  10 => 'data',
) ]
[ info ] [ LOG ] INIT File
[ sql ] [ DB ] CONNECT:[ UseTime:0.003000s ] mysql:dbname=sort;host=localhost;port=3306;charset=utf8
[ sql ] [ SQL ] select u_id,u_name from tester [ RunTime:0.001000s ]
[ sql ] [ SQL ] select g_id,g_name from game [ RunTime:0.000000s ]
[ sql ] [ SQL ] select id,value from attr where name = "game_type" [ RunTime:0.000000s ]
[ sql ] [ SQL ] select id,value from attr where name = "terminal_type" [ RunTime:0.000000s ]
[ sql ] [ SQL ] select id,value from attr where name = "sex_type" [ RunTime:0.001000s ]
[ sql ] [ SQL ] select id,value from attr where name = "age_type" [ RunTime:0.000000s ]
[ sql ] [ SQL ] select id,value from attr where name = "game_experience" [ RunTime:0.000000s ]
[ sql ] [ SQL ] select id,value from attr where name = "game_year" [ RunTime:0.000000s ]
[ sql ] [ SQL ] select DISTINCT status_ from test [ RunTime:0.000000s ]
[ sql ] [ SQL ] select group_id from group_ WHERE group_name = 'p1_1' [ RunTime:0.000000s ]
[ sql ] [ SQL ] select game.g_name,data_.emoi,data_.scl,data_.High_alpha,data_.gamma,data_.tag FROM 
                                     game,data_ 
                                     WHERE 
                                data_.test_id IN (SELECT test_id FROM group_test WHERE group_id = '29') 
                                AND game.g_id IN (SELECT g_id FROM test WHERE test_id = data_.test_id) [ RunTime:0.001001s ]

---------------------------------------------------------------
[ 2017-03-30T16:21:19+08:00 ] ::1 ::1 POST /tp5/public/index.php/demo/hello/sortdata.html
[ log ] localhost/tp5/public/index.php/demo/hello/sortdata.html [运行时间：0.045003s][吞吐率：22.22req/s] [内存消耗：1,594.81kb] [文件加载：40]
[ info ] [ LANG ] C:\xampp\htdocs\tp5\thinkphp\lang\zh-cn.php
[ info ] [ ROUTE ] array (
  'type' => 'module',
  'module' => 
  array (
    0 => 'demo',
    1 => 'hello',
    2 => 'sortdata',
  ),
)
[ info ] [ HEADER ] array (
  'host' => 'localhost',
  'connection' => 'keep-alive',
  'content-length' => '66',
  'accept' => 'application/json, text/javascript, */*; q=0.01',
  'origin' => 'http://localhost',
  'x-requested-with' => 'XMLHttpRequest',
  'user-agent' => 'Mozilla/5.0 (Windows NT 6.1; WOW64) AppleWebKit/537.36 (KHTML, like Gecko) Chrome/53.0.2785.89 Safari/537.36',
  'content-type' => 'application/x-www-form-urlencoded; charset=UTF-8',
  'referer' => 'http://localhost/tp5/public/index.php/demo/hello/sort.html',
  'accept-encoding' => 'gzip, deflate',
  'accept-language' => 'zh-CN,zh;q=0.8',
  'cookie' => 'project_name=p1; group_name=p1_1; project_id=5; pgv_pvi=1445688320; Phpstorm-e4311aeb=e3ecb2d2-64ad-427e-a502-9b52cf11c2cf',
)
[ info ] [ PARAM ] array (
  'count_n' => '',
  'sex' => '3',
  'age_group' => '9',
  'game_experience' => '13',
  'game_year' => '6',
  'status' => '1',
)
[ info ] [ RUN ] app\demo\controller\Hello->sortData[ C:\xampp\htdocs\tp5\application\demo\controller\Hello.php ]
[ info ] [ DB ] INIT mysql
[ info ] [ LOG ] INIT File
[ sql ] [ DB ] CONNECT:[ UseTime:0.011001s ] mysql:dbname=sort;host=localhost;port=3306;charset=utf8
[ sql ] [ SQL ] select game.g_name,data_.id,data_.emoi,data_.scl,data_.High_alpha,data_.gamma,data_.tag 
                                          from game,data_ 
                                WHERE game.g_id IN (SELECT g_id FROM test WHERE test_id = data_.test_id) AND data_.test_id IN 
                                (SELECT test_id FROM test WHERE status_ = '1' AND u_id IN (SELECT u_id FROM tester  WHERE u_sex_id = '3' AND u_age_id = '9' AND u_experience_id = '13' AND u_year_id='6' )) [ RunTime:0.001000s ]

---------------------------------------------------------------
[ 2017-03-30T16:21:46+08:00 ] ::1 ::1 GET /tp5/public/index.php/demo/hello/sort.html
[ log ] localhost/tp5/public/index.php/demo/hello/sort.html [运行时间：0.030002s][吞吐率：33.33req/s] [内存消耗：1,887.02kb] [文件加载：45]
[ info ] [ LANG ] C:\xampp\htdocs\tp5\thinkphp\lang\zh-cn.php
[ info ] [ ROUTE ] array (
  'type' => 'module',
  'module' => 
  array (
    0 => 'demo',
    1 => 'hello',
    2 => 'sort',
  ),
)
[ info ] [ HEADER ] array (
  'host' => 'localhost',
  'connection' => 'keep-alive',
  'cache-control' => 'max-age=0',
  'upgrade-insecure-requests' => '1',
  'user-agent' => 'Mozilla/5.0 (Windows NT 6.1; WOW64) AppleWebKit/537.36 (KHTML, like Gecko) Chrome/53.0.2785.89 Safari/537.36',
  'accept' => 'text/html,application/xhtml+xml,application/xml;q=0.9,image/webp,*/*;q=0.8',
  'referer' => 'http://localhost/tp5/public/index.php/demo/hello/group.html',
  'accept-encoding' => 'gzip, deflate, sdch',
  'accept-language' => 'zh-CN,zh;q=0.8',
  'cookie' => 'project_name=p1; group_name=p1_1; project_id=5; pgv_pvi=1445688320; Phpstorm-e4311aeb=e3ecb2d2-64ad-427e-a502-9b52cf11c2cf',
)
[ info ] [ PARAM ] array (
)
[ info ] [ RUN ] app\demo\controller\Hello->sort[ C:\xampp\htdocs\tp5\application\demo\controller\Hello.php ]
[ info ] [ DB ] INIT mysql
[ info ] [ VIEW ] C:\xampp\htdocs\tp5\public/../application/demo\view\hello\sort.html [ array (
  0 => 'tester',
  1 => 'game',
  2 => 'game_type',
  3 => 'terminal_type',
  4 => 'sex',
  5 => 'age_group',
  6 => 'game_experience',
  7 => 'game_year',
  8 => 'status',
  9 => 'group_n',
  10 => 'data',
) ]
[ info ] [ LOG ] INIT File
[ sql ] [ DB ] CONNECT:[ UseTime:0.002000s ] mysql:dbname=sort;host=localhost;port=3306;charset=utf8
[ sql ] [ SQL ] select u_id,u_name from tester [ RunTime:0.000000s ]
[ sql ] [ SQL ] select g_id,g_name from game [ RunTime:0.001000s ]
[ sql ] [ SQL ] select id,value from attr where name = "game_type" [ RunTime:0.000000s ]
[ sql ] [ SQL ] select id,value from attr where name = "terminal_type" [ RunTime:0.000000s ]
[ sql ] [ SQL ] select id,value from attr where name = "sex_type" [ RunTime:0.000000s ]
[ sql ] [ SQL ] select id,value from attr where name = "age_type" [ RunTime:0.001000s ]
[ sql ] [ SQL ] select id,value from attr where name = "game_experience" [ RunTime:0.000000s ]
[ sql ] [ SQL ] select id,value from attr where name = "game_year" [ RunTime:0.000000s ]
[ sql ] [ SQL ] select DISTINCT status_ from test [ RunTime:0.000000s ]
[ sql ] [ SQL ] select group_id from group_ WHERE group_name = 'p1_1' [ RunTime:0.000000s ]
[ sql ] [ SQL ] select game.g_name,data_.emoi,data_.scl,data_.High_alpha,data_.gamma,data_.tag FROM 
                                     game,data_ 
                                     WHERE 
                                data_.test_id IN (SELECT test_id FROM group_test WHERE group_id = '29') 
                                AND game.g_id IN (SELECT g_id FROM test WHERE test_id = data_.test_id) [ RunTime:0.000000s ]

---------------------------------------------------------------
[ 2017-03-30T16:21:51+08:00 ] ::1 ::1 POST /tp5/public/index.php/demo/hello/sortdata.html
[ log ] localhost/tp5/public/index.php/demo/hello/sortdata.html [运行时间：0.044003s][吞吐率：22.73req/s] [内存消耗：1,594.81kb] [文件加载：40]
[ info ] [ LANG ] C:\xampp\htdocs\tp5\thinkphp\lang\zh-cn.php
[ info ] [ ROUTE ] array (
  'type' => 'module',
  'module' => 
  array (
    0 => 'demo',
    1 => 'hello',
    2 => 'sortdata',
  ),
)
[ info ] [ HEADER ] array (
  'host' => 'localhost',
  'connection' => 'keep-alive',
  'content-length' => '66',
  'accept' => 'application/json, text/javascript, */*; q=0.01',
  'origin' => 'http://localhost',
  'x-requested-with' => 'XMLHttpRequest',
  'user-agent' => 'Mozilla/5.0 (Windows NT 6.1; WOW64) AppleWebKit/537.36 (KHTML, like Gecko) Chrome/53.0.2785.89 Safari/537.36',
  'content-type' => 'application/x-www-form-urlencoded; charset=UTF-8',
  'referer' => 'http://localhost/tp5/public/index.php/demo/hello/sort.html',
  'accept-encoding' => 'gzip, deflate',
  'accept-language' => 'zh-CN,zh;q=0.8',
  'cookie' => 'project_name=p1; group_name=p1_1; project_id=5; pgv_pvi=1445688320; Phpstorm-e4311aeb=e3ecb2d2-64ad-427e-a502-9b52cf11c2cf',
)
[ info ] [ PARAM ] array (
  'count_n' => '',
  'sex' => '3',
  'age_group' => '9',
  'game_experience' => '13',
  'game_year' => '6',
  'status' => '1',
)
[ info ] [ RUN ] app\demo\controller\Hello->sortData[ C:\xampp\htdocs\tp5\application\demo\controller\Hello.php ]
[ info ] [ DB ] INIT mysql
[ info ] [ LOG ] INIT File
[ sql ] [ DB ] CONNECT:[ UseTime:0.001001s ] mysql:dbname=sort;host=localhost;port=3306;charset=utf8
[ sql ] [ SQL ] select game.g_name,data_.id,data_.emoi,data_.scl,data_.High_alpha,data_.gamma,data_.tag 
                                          from game,data_ 
                                WHERE game.g_id IN (SELECT g_id FROM test WHERE test_id = data_.test_id) AND data_.test_id IN 
                                (SELECT test_id FROM test WHERE status_ = '1' AND u_id IN (SELECT u_id FROM tester  WHERE u_sex_id = '3' AND u_age_id = '9' AND u_experience_id = '13' AND u_year_id='6' )) [ RunTime:0.001000s ]

---------------------------------------------------------------
[ 2017-03-30T16:23:25+08:00 ] ::1 ::1 GET /tp5/public/index.php/demo/hello/sort.html
[ log ] localhost/tp5/public/index.php/demo/hello/sort.html [运行时间：0.061004s][吞吐率：16.39req/s] [内存消耗：1,679.55kb] [文件加载：43]
[ info ] [ LANG ] C:\xampp\htdocs\tp5\thinkphp\lang\zh-cn.php
[ info ] [ ROUTE ] array (
  'type' => 'module',
  'module' => 
  array (
    0 => 'demo',
    1 => 'hello',
    2 => 'sort',
  ),
)
[ info ] [ HEADER ] array (
  'host' => 'localhost',
  'connection' => 'keep-alive',
  'cache-control' => 'max-age=0',
  'upgrade-insecure-requests' => '1',
  'user-agent' => 'Mozilla/5.0 (Windows NT 6.1; WOW64) AppleWebKit/537.36 (KHTML, like Gecko) Chrome/53.0.2785.89 Safari/537.36',
  'accept' => 'text/html,application/xhtml+xml,application/xml;q=0.9,image/webp,*/*;q=0.8',
  'referer' => 'http://localhost/tp5/public/index.php/demo/hello/group.html',
  'accept-encoding' => 'gzip, deflate, sdch',
  'accept-language' => 'zh-CN,zh;q=0.8',
  'cookie' => 'project_name=p1; group_name=p1_1; project_id=5; pgv_pvi=1445688320; Phpstorm-e4311aeb=e3ecb2d2-64ad-427e-a502-9b52cf11c2cf',
)
[ info ] [ PARAM ] array (
)
[ info ] [ RUN ] app\demo\controller\Hello->sort[ C:\xampp\htdocs\tp5\application\demo\controller\Hello.php ]
[ info ] [ DB ] INIT mysql
[ info ] [ VIEW ] C:\xampp\htdocs\tp5\public/../application/demo\view\hello\sort.html [ array (
  0 => 'tester',
  1 => 'game',
  2 => 'game_type',
  3 => 'terminal_type',
  4 => 'sex',
  5 => 'age_group',
  6 => 'game_experience',
  7 => 'game_year',
  8 => 'status',
  9 => 'group_n',
  10 => 'data',
) ]
[ info ] [ LOG ] INIT File
[ sql ] [ DB ] CONNECT:[ UseTime:0.011000s ] mysql:dbname=sort;host=localhost;port=3306;charset=utf8
[ sql ] [ SQL ] select u_id,u_name from tester [ RunTime:0.000000s ]
[ sql ] [ SQL ] select g_id,g_name from game [ RunTime:0.000000s ]
[ sql ] [ SQL ] select id,value from attr where name = "game_type" [ RunTime:0.000000s ]
[ sql ] [ SQL ] select id,value from attr where name = "terminal_type" [ RunTime:0.001000s ]
[ sql ] [ SQL ] select id,value from attr where name = "sex_type" [ RunTime:0.000000s ]
[ sql ] [ SQL ] select id,value from attr where name = "age_type" [ RunTime:0.000000s ]
[ sql ] [ SQL ] select id,value from attr where name = "game_experience" [ RunTime:0.000000s ]
[ sql ] [ SQL ] select id,value from attr where name = "game_year" [ RunTime:0.000000s ]
[ sql ] [ SQL ] select DISTINCT status_ from test [ RunTime:0.001000s ]
[ sql ] [ SQL ] select group_id from group_ WHERE group_name = 'p1_1' [ RunTime:0.001000s ]
[ sql ] [ SQL ] select game.g_name,data_.emoi,data_.scl,data_.High_alpha,data_.gamma,data_.tag FROM 
                                     game,data_ 
                                     WHERE 
                                data_.id IN (SELECT test_id FROM group_test WHERE group_id = '29') 
                                AND game.g_id IN (SELECT g_id FROM test WHERE test_id = data_.test_id) [ RunTime:0.000000s ]

---------------------------------------------------------------
[ 2017-03-30T16:23:31+08:00 ] ::1 ::1 POST /tp5/public/index.php/demo/hello/sortdata.html
[ log ] localhost/tp5/public/index.php/demo/hello/sortdata.html [运行时间：0.043002s][吞吐率：23.25req/s] [内存消耗：1,594.77kb] [文件加载：40]
[ info ] [ LANG ] C:\xampp\htdocs\tp5\thinkphp\lang\zh-cn.php
[ info ] [ ROUTE ] array (
  'type' => 'module',
  'module' => 
  array (
    0 => 'demo',
    1 => 'hello',
    2 => 'sortdata',
  ),
)
[ info ] [ HEADER ] array (
  'host' => 'localhost',
  'connection' => 'keep-alive',
  'content-length' => '66',
  'accept' => 'application/json, text/javascript, */*; q=0.01',
  'origin' => 'http://localhost',
  'x-requested-with' => 'XMLHttpRequest',
  'user-agent' => 'Mozilla/5.0 (Windows NT 6.1; WOW64) AppleWebKit/537.36 (KHTML, like Gecko) Chrome/53.0.2785.89 Safari/537.36',
  'content-type' => 'application/x-www-form-urlencoded; charset=UTF-8',
  'referer' => 'http://localhost/tp5/public/index.php/demo/hello/sort.html',
  'accept-encoding' => 'gzip, deflate',
  'accept-language' => 'zh-CN,zh;q=0.8',
  'cookie' => 'project_name=p1; group_name=p1_1; project_id=5; pgv_pvi=1445688320; Phpstorm-e4311aeb=e3ecb2d2-64ad-427e-a502-9b52cf11c2cf',
)
[ info ] [ PARAM ] array (
  'count_n' => '',
  'sex' => '3',
  'age_group' => '9',
  'game_experience' => '13',
  'game_year' => '6',
  'status' => '1',
)
[ info ] [ RUN ] app\demo\controller\Hello->sortData[ C:\xampp\htdocs\tp5\application\demo\controller\Hello.php ]
[ info ] [ DB ] INIT mysql
[ info ] [ LOG ] INIT File
[ sql ] [ DB ] CONNECT:[ UseTime:0.012001s ] mysql:dbname=sort;host=localhost;port=3306;charset=utf8
[ sql ] [ SQL ] select game.g_name,data_.id,data_.emoi,data_.scl,data_.High_alpha,data_.gamma,data_.tag 
                                          from game,data_ 
                                WHERE game.g_id IN (SELECT g_id FROM test WHERE test_id = data_.test_id) AND data_.test_id IN 
                                (SELECT test_id FROM test WHERE status_ = '1' AND u_id IN (SELECT u_id FROM tester  WHERE u_sex_id = '3' AND u_age_id = '9' AND u_experience_id = '13' AND u_year_id='6' )) [ RunTime:0.001000s ]

---------------------------------------------------------------
[ 2017-03-30T16:23:38+08:00 ] ::1 ::1 POST /tp5/public/index.php/demo/hello/sortdata.html
[ log ] localhost/tp5/public/index.php/demo/hello/sortdata.html [运行时间：0.042003s][吞吐率：23.81req/s] [内存消耗：1,590.45kb] [文件加载：40]
[ info ] [ LANG ] C:\xampp\htdocs\tp5\thinkphp\lang\zh-cn.php
[ info ] [ ROUTE ] array (
  'type' => 'module',
  'module' => 
  array (
    0 => 'demo',
    1 => 'hello',
    2 => 'sortdata',
  ),
)
[ info ] [ HEADER ] array (
  'host' => 'localhost',
  'connection' => 'keep-alive',
  'content-length' => '66',
  'accept' => 'application/json, text/javascript, */*; q=0.01',
  'origin' => 'http://localhost',
  'x-requested-with' => 'XMLHttpRequest',
  'user-agent' => 'Mozilla/5.0 (Windows NT 6.1; WOW64) AppleWebKit/537.36 (KHTML, like Gecko) Chrome/53.0.2785.89 Safari/537.36',
  'content-type' => 'application/x-www-form-urlencoded; charset=UTF-8',
  'referer' => 'http://localhost/tp5/public/index.php/demo/hello/sort.html',
  'accept-encoding' => 'gzip, deflate',
  'accept-language' => 'zh-CN,zh;q=0.8',
  'cookie' => 'project_name=p1; group_name=p1_1; project_id=5; pgv_pvi=1445688320; Phpstorm-e4311aeb=e3ecb2d2-64ad-427e-a502-9b52cf11c2cf',
)
[ info ] [ PARAM ] array (
  'count_n' => '',
  'sex' => '3',
  'age_group' => '9',
  'game_experience' => '13',
  'game_year' => '6',
  'status' => '2',
)
[ info ] [ RUN ] app\demo\controller\Hello->sortData[ C:\xampp\htdocs\tp5\application\demo\controller\Hello.php ]
[ info ] [ DB ] INIT mysql
[ info ] [ LOG ] INIT File
[ sql ] [ DB ] CONNECT:[ UseTime:0.002000s ] mysql:dbname=sort;host=localhost;port=3306;charset=utf8
[ sql ] [ SQL ] select game.g_name,data_.id,data_.emoi,data_.scl,data_.High_alpha,data_.gamma,data_.tag 
                                          from game,data_ 
                                WHERE game.g_id IN (SELECT g_id FROM test WHERE test_id = data_.test_id) AND data_.test_id IN 
                                (SELECT test_id FROM test WHERE status_ = '2' AND u_id IN (SELECT u_id FROM tester  WHERE u_sex_id = '3' AND u_age_id = '9' AND u_experience_id = '13' AND u_year_id='6' )) [ RunTime:0.001000s ]

---------------------------------------------------------------
[ 2017-03-30T16:23:42+08:00 ] ::1 ::1 POST /tp5/public/index.php/demo/hello/adddata.html
[ log ] localhost/tp5/public/index.php/demo/hello/adddata.html [运行时间：0.111006s][吞吐率：9.01req/s] [内存消耗：1,595.66kb] [文件加载：41]
[ info ] [ LANG ] C:\xampp\htdocs\tp5\thinkphp\lang\zh-cn.php
[ info ] [ ROUTE ] array (
  'type' => 'module',
  'module' => 
  array (
    0 => 'demo',
    1 => 'hello',
    2 => 'adddata',
  ),
)
[ info ] [ HEADER ] array (
  'host' => 'localhost',
  'connection' => 'keep-alive',
  'content-length' => '28',
  'accept' => '*/*',
  'origin' => 'http://localhost',
  'x-requested-with' => 'XMLHttpRequest',
  'user-agent' => 'Mozilla/5.0 (Windows NT 6.1; WOW64) AppleWebKit/537.36 (KHTML, like Gecko) Chrome/53.0.2785.89 Safari/537.36',
  'content-type' => 'application/x-www-form-urlencoded; charset=UTF-8',
  'referer' => 'http://localhost/tp5/public/index.php/demo/hello/sort.html',
  'accept-encoding' => 'gzip, deflate',
  'accept-language' => 'zh-CN,zh;q=0.8',
  'cookie' => 'project_name=p1; group_name=p1_1; project_id=5; pgv_pvi=1445688320; Phpstorm-e4311aeb=e3ecb2d2-64ad-427e-a502-9b52cf11c2cf',
)
[ info ] [ PARAM ] array (
  'id' => '["20","21"]',
)
[ info ] [ RUN ] app\demo\controller\Hello->addData[ C:\xampp\htdocs\tp5\application\demo\controller\Hello.php ]
[ info ] [ DB ] INIT mysql
[ info ] [ LOG ] INIT File
[ sql ] [ DB ] CONNECT:[ UseTime:0.001000s ] mysql:dbname=sort;host=localhost;port=3306;charset=utf8
[ sql ] [ SQL ] select group_id from group_ WHERE group_name = 'p1_1' [ RunTime:0.000000s ]
[ sql ] [ SQL ] select count(id) AS id from group_test WHERE group_id = '29'AND test_id = '20' [ RunTime:0.000000s ]
[ sql ] [ SQL ] insert into group_test (group_id,test_id) VALUES ('29','20') [ RunTime:0.021001s ]
[ sql ] [ SQL ] select count(id) AS id from group_test WHERE group_id = '29'AND test_id = '21' [ RunTime:0.001000s ]
[ sql ] [ SQL ] insert into group_test (group_id,test_id) VALUES ('29','21') [ RunTime:0.050003s ]

---------------------------------------------------------------
[ 2017-03-30T16:23:49+08:00 ] ::1 ::1 GET /tp5/public/index.php/demo/hello/sort.html
[ log ] localhost/tp5/public/index.php/demo/hello/sort.html [运行时间：0.052003s][吞吐率：19.23req/s] [内存消耗：1,681.38kb] [文件加载：43]
[ info ] [ LANG ] C:\xampp\htdocs\tp5\thinkphp\lang\zh-cn.php
[ info ] [ ROUTE ] array (
  'type' => 'module',
  'module' => 
  array (
    0 => 'demo',
    1 => 'hello',
    2 => 'sort',
  ),
)
[ info ] [ HEADER ] array (
  'host' => 'localhost',
  'connection' => 'keep-alive',
  'cache-control' => 'max-age=0',
  'upgrade-insecure-requests' => '1',
  'user-agent' => 'Mozilla/5.0 (Windows NT 6.1; WOW64) AppleWebKit/537.36 (KHTML, like Gecko) Chrome/53.0.2785.89 Safari/537.36',
  'accept' => 'text/html,application/xhtml+xml,application/xml;q=0.9,image/webp,*/*;q=0.8',
  'referer' => 'http://localhost/tp5/public/index.php/demo/hello/group.html',
  'accept-encoding' => 'gzip, deflate, sdch',
  'accept-language' => 'zh-CN,zh;q=0.8',
  'cookie' => 'project_name=p1; group_name=p1_1; project_id=5; pgv_pvi=1445688320; Phpstorm-e4311aeb=e3ecb2d2-64ad-427e-a502-9b52cf11c2cf',
)
[ info ] [ PARAM ] array (
)
[ info ] [ RUN ] app\demo\controller\Hello->sort[ C:\xampp\htdocs\tp5\application\demo\controller\Hello.php ]
[ info ] [ DB ] INIT mysql
[ info ] [ VIEW ] C:\xampp\htdocs\tp5\public/../application/demo\view\hello\sort.html [ array (
  0 => 'tester',
  1 => 'game',
  2 => 'game_type',
  3 => 'terminal_type',
  4 => 'sex',
  5 => 'age_group',
  6 => 'game_experience',
  7 => 'game_year',
  8 => 'status',
  9 => 'group_n',
  10 => 'data',
) ]
[ info ] [ LOG ] INIT File
[ sql ] [ DB ] CONNECT:[ UseTime:0.002000s ] mysql:dbname=sort;host=localhost;port=3306;charset=utf8
[ sql ] [ SQL ] select u_id,u_name from tester [ RunTime:0.000000s ]
[ sql ] [ SQL ] select g_id,g_name from game [ RunTime:0.000000s ]
[ sql ] [ SQL ] select id,value from attr where name = "game_type" [ RunTime:0.001000s ]
[ sql ] [ SQL ] select id,value from attr where name = "terminal_type" [ RunTime:0.000000s ]
[ sql ] [ SQL ] select id,value from attr where name = "sex_type" [ RunTime:0.000000s ]
[ sql ] [ SQL ] select id,value from attr where name = "age_type" [ RunTime:0.000000s ]
[ sql ] [ SQL ] select id,value from attr where name = "game_experience" [ RunTime:0.000000s ]
[ sql ] [ SQL ] select id,value from attr where name = "game_year" [ RunTime:0.000000s ]
[ sql ] [ SQL ] select DISTINCT status_ from test [ RunTime:0.000000s ]
[ sql ] [ SQL ] select group_id from group_ WHERE group_name = 'p1_1' [ RunTime:0.000000s ]
[ sql ] [ SQL ] select game.g_name,data_.emoi,data_.scl,data_.High_alpha,data_.gamma,data_.tag FROM 
                                     game,data_ 
                                     WHERE 
                                data_.id IN (SELECT test_id FROM group_test WHERE group_id = '29') 
                                AND game.g_id IN (SELECT g_id FROM test WHERE test_id = data_.test_id) [ RunTime:0.000000s ]

---------------------------------------------------------------
[ 2017-03-30T16:24:03+08:00 ] ::1 ::1 POST /tp5/public/index.php/demo/hello/data_get.html
[ log ] localhost/tp5/public/index.php/demo/hello/data_get.html [运行时间：0.052003s][吞吐率：19.23req/s] [内存消耗：1,599.56kb] [文件加载：41]
[ info ] [ LANG ] C:\xampp\htdocs\tp5\thinkphp\lang\zh-cn.php
[ info ] [ ROUTE ] array (
  'type' => 'module',
  'module' => 
  array (
    0 => 'demo',
    1 => 'hello',
    2 => 'data_get',
  ),
)
[ info ] [ HEADER ] array (
  'host' => 'localhost',
  'connection' => 'keep-alive',
  'content-length' => '10',
  'accept' => 'application/json, text/javascript, */*; q=0.01',
  'origin' => 'http://localhost',
  'x-requested-with' => 'XMLHttpRequest',
  'user-agent' => 'Mozilla/5.0 (Windows NT 6.1; WOW64) AppleWebKit/537.36 (KHTML, like Gecko) Chrome/53.0.2785.89 Safari/537.36',
  'content-type' => 'application/x-www-form-urlencoded; charset=UTF-8',
  'referer' => 'http://localhost/tp5/public/index.php/demo/hello/sort.html',
  'accept-encoding' => 'gzip, deflate',
  'accept-language' => 'zh-CN,zh;q=0.8',
  'cookie' => 'project_name=p1; group_name=p1_1; project_id=5; pgv_pvi=1445688320; Phpstorm-e4311aeb=e3ecb2d2-64ad-427e-a502-9b52cf11c2cf',
)
[ info ] [ PARAM ] array (
  'count_n' => '10',
)
[ info ] [ RUN ] app\demo\controller\Hello->data_get[ C:\xampp\htdocs\tp5\application\demo\controller\Hello.php ]
[ info ] [ DB ] INIT mysql
[ info ] [ LOG ] INIT File
[ sql ] [ DB ] CONNECT:[ UseTime:0.011000s ] mysql:dbname=sort;host=localhost;port=3306;charset=utf8
[ sql ] [ SQL ] select group_id from group_ WHERE group_name = 'p1_1' [ RunTime:0.001000s ]
[ sql ] [ SQL ] select emoi,scl,High_alpha,gamma from data_ WHERE id in (SELECT test_id FROM group_test WHERE group_id = '29') [ RunTime:0.000000s ]

---------------------------------------------------------------
[ 2017-03-30T16:35:14+08:00 ] ::1 ::1 GET /tp5/public/index.php/demo/hello/sort.html
[ log ] localhost/tp5/public/index.php/demo/hello/sort.html [运行时间：0.088005s][吞吐率：11.36req/s] [内存消耗：1,720.63kb] [文件加载：43]
[ info ] [ LANG ] C:\xampp\htdocs\tp5\thinkphp\lang\zh-cn.php
[ info ] [ ROUTE ] array (
  'type' => 'module',
  'module' => 
  array (
    0 => 'demo',
    1 => 'hello',
    2 => 'sort',
  ),
)
[ info ] [ HEADER ] array (
  'host' => 'localhost',
  'connection' => 'keep-alive',
  'cache-control' => 'max-age=0',
  'upgrade-insecure-requests' => '1',
  'user-agent' => 'Mozilla/5.0 (Windows NT 6.1; WOW64) AppleWebKit/537.36 (KHTML, like Gecko) Chrome/53.0.2785.89 Safari/537.36',
  'accept' => 'text/html,application/xhtml+xml,application/xml;q=0.9,image/webp,*/*;q=0.8',
  'referer' => 'http://localhost/tp5/public/index.php/demo/hello/group.html',
  'accept-encoding' => 'gzip, deflate, sdch',
  'accept-language' => 'zh-CN,zh;q=0.8',
  'cookie' => 'project_name=p1; group_name=p1_1; project_id=5; pgv_pvi=1445688320; Phpstorm-e4311aeb=e3ecb2d2-64ad-427e-a502-9b52cf11c2cf',
)
[ info ] [ PARAM ] array (
)
[ info ] [ RUN ] app\demo\controller\Hello->sort[ C:\xampp\htdocs\tp5\application\demo\controller\Hello.php ]
[ info ] [ DB ] INIT mysql
[ info ] [ VIEW ] C:\xampp\htdocs\tp5\public/../application/demo\view\hello\sort.html [ array (
  0 => 'tester',
  1 => 'game',
  2 => 'game_type',
  3 => 'terminal_type',
  4 => 'sex',
  5 => 'age_group',
  6 => 'game_experience',
  7 => 'game_year',
  8 => 'status',
  9 => 'group_n',
  10 => 'data',
) ]
[ info ] [ LOG ] INIT File
[ sql ] [ DB ] CONNECT:[ UseTime:0.004000s ] mysql:dbname=sort;host=localhost;port=3306;charset=utf8
[ sql ] [ SQL ] select u_id,u_name from tester [ RunTime:0.001000s ]
[ sql ] [ SQL ] select g_id,g_name from game [ RunTime:0.000000s ]
[ sql ] [ SQL ] select id,value from attr where name = "game_type" [ RunTime:0.001000s ]
[ sql ] [ SQL ] select id,value from attr where name = "terminal_type" [ RunTime:0.000000s ]
[ sql ] [ SQL ] select id,value from attr where name = "sex_type" [ RunTime:0.000000s ]
[ sql ] [ SQL ] select id,value from attr where name = "age_type" [ RunTime:0.001000s ]
[ sql ] [ SQL ] select id,value from attr where name = "game_experience" [ RunTime:0.000000s ]
[ sql ] [ SQL ] select id,value from attr where name = "game_year" [ RunTime:0.001000s ]
[ sql ] [ SQL ] select DISTINCT status_ from test [ RunTime:0.001001s ]
[ sql ] [ SQL ] select group_id from group_ WHERE group_name = 'p1_1' [ RunTime:0.001000s ]
[ sql ] [ SQL ] select game.g_name,data_.emoi,data_.scl,data_.High_alpha,data_.gamma,data_.tag FROM 
                                     game,data_ 
                                     WHERE 
                                data_.id IN (SELECT test_id FROM group_test WHERE group_id = '29') 
                                AND game.g_id IN (SELECT g_id FROM test WHERE test_id IN (SELECT test_id FROM data_ WHERE id = data_.id)) [ RunTime:0.001000s ]

---------------------------------------------------------------
[ 2017-03-30T16:37:50+08:00 ] ::1 ::1 GET /tp5/public/index.php/demo/hello/sort.html
[ log ] localhost/tp5/public/index.php/demo/hello/sort.html [运行时间：0.050003s][吞吐率：20.00req/s] [内存消耗：1,659.31kb] [文件加载：46]
[ info ] [ LANG ] C:\xampp\htdocs\tp5\thinkphp\lang\zh-cn.php
[ info ] [ ROUTE ] array (
  'type' => 'module',
  'module' => 
  array (
    0 => 'demo',
    1 => 'hello',
    2 => 'sort',
  ),
)
[ info ] [ HEADER ] array (
  'host' => 'localhost',
  'connection' => 'keep-alive',
  'cache-control' => 'max-age=0',
  'upgrade-insecure-requests' => '1',
  'user-agent' => 'Mozilla/5.0 (Windows NT 6.1; WOW64) AppleWebKit/537.36 (KHTML, like Gecko) Chrome/53.0.2785.89 Safari/537.36',
  'accept' => 'text/html,application/xhtml+xml,application/xml;q=0.9,image/webp,*/*;q=0.8',
  'referer' => 'http://localhost/tp5/public/index.php/demo/hello/group.html',
  'accept-encoding' => 'gzip, deflate, sdch',
  'accept-language' => 'zh-CN,zh;q=0.8',
  'cookie' => 'project_name=p1; group_name=p1_1; project_id=5; pgv_pvi=1445688320; Phpstorm-e4311aeb=e3ecb2d2-64ad-427e-a502-9b52cf11c2cf',
)
[ info ] [ PARAM ] array (
)
[ info ] [ RUN ] app\demo\controller\Hello->sort[ C:\xampp\htdocs\tp5\application\demo\controller\Hello.php ]
[ info ] [ DB ] INIT mysql
[ info ] [ LOG ] INIT File
[ sql ] [ DB ] CONNECT:[ UseTime:0.012001s ] mysql:dbname=sort;host=localhost;port=3306;charset=utf8
[ sql ] [ SQL ] select u_id,u_name from tester [ RunTime:0.001000s ]
[ sql ] [ SQL ] select g_id,g_name from game [ RunTime:0.000000s ]
[ sql ] [ SQL ] select id,value from attr where name = "game_type" [ RunTime:0.000000s ]
[ sql ] [ SQL ] select id,value from attr where name = "terminal_type" [ RunTime:0.000000s ]
[ sql ] [ SQL ] select id,value from attr where name = "sex_type" [ RunTime:0.000000s ]
[ sql ] [ SQL ] select id,value from attr where name = "age_type" [ RunTime:0.000000s ]
[ sql ] [ SQL ] select id,value from attr where name = "game_experience" [ RunTime:0.001000s ]
[ sql ] [ SQL ] select id,value from attr where name = "game_year" [ RunTime:0.000000s ]
[ sql ] [ SQL ] select DISTINCT status_ from test [ RunTime:0.000000s ]
[ sql ] [ SQL ] select group_id from group_ WHERE group_name = 'p1_1' [ RunTime:0.001000s ]
[ error ] [10501]SQLSTATE[21000]: Cardinality violation: 1242 Subquery returns more than 1 row[C:\xampp\htdocs\tp5\thinkphp\library\think\db\Connection.php:399]

---------------------------------------------------------------
[ 2017-03-30T16:40:20+08:00 ] ::1 ::1 GET /tp5/public/index.php/demo/hello/sort.html
[ log ] localhost/tp5/public/index.php/demo/hello/sort.html [运行时间：0.043003s][吞吐率：23.25req/s] [内存消耗：1,659.31kb] [文件加载：46]
[ info ] [ LANG ] C:\xampp\htdocs\tp5\thinkphp\lang\zh-cn.php
[ info ] [ ROUTE ] array (
  'type' => 'module',
  'module' => 
  array (
    0 => 'demo',
    1 => 'hello',
    2 => 'sort',
  ),
)
[ info ] [ HEADER ] array (
  'host' => 'localhost',
  'connection' => 'keep-alive',
  'cache-control' => 'max-age=0',
  'upgrade-insecure-requests' => '1',
  'user-agent' => 'Mozilla/5.0 (Windows NT 6.1; WOW64) AppleWebKit/537.36 (KHTML, like Gecko) Chrome/53.0.2785.89 Safari/537.36',
  'accept' => 'text/html,application/xhtml+xml,application/xml;q=0.9,image/webp,*/*;q=0.8',
  'referer' => 'http://localhost/tp5/public/index.php/demo/hello/group.html',
  'accept-encoding' => 'gzip, deflate, sdch',
  'accept-language' => 'zh-CN,zh;q=0.8',
  'cookie' => 'project_name=p1; group_name=p1_1; project_id=5; pgv_pvi=1445688320; Phpstorm-e4311aeb=e3ecb2d2-64ad-427e-a502-9b52cf11c2cf',
)
[ info ] [ PARAM ] array (
)
[ info ] [ RUN ] app\demo\controller\Hello->sort[ C:\xampp\htdocs\tp5\application\demo\controller\Hello.php ]
[ info ] [ DB ] INIT mysql
[ info ] [ LOG ] INIT File
[ sql ] [ DB ] CONNECT:[ UseTime:0.002000s ] mysql:dbname=sort;host=localhost;port=3306;charset=utf8
[ sql ] [ SQL ] select u_id,u_name from tester [ RunTime:0.000000s ]
[ sql ] [ SQL ] select g_id,g_name from game [ RunTime:0.000000s ]
[ sql ] [ SQL ] select id,value from attr where name = "game_type" [ RunTime:0.001000s ]
[ sql ] [ SQL ] select id,value from attr where name = "terminal_type" [ RunTime:0.000000s ]
[ sql ] [ SQL ] select id,value from attr where name = "sex_type" [ RunTime:0.000000s ]
[ sql ] [ SQL ] select id,value from attr where name = "age_type" [ RunTime:0.001000s ]
[ sql ] [ SQL ] select id,value from attr where name = "game_experience" [ RunTime:0.000000s ]
[ sql ] [ SQL ] select id,value from attr where name = "game_year" [ RunTime:0.000000s ]
[ sql ] [ SQL ] select DISTINCT status_ from test [ RunTime:0.001001s ]
[ sql ] [ SQL ] select group_id from group_ WHERE group_name = 'p1_1' [ RunTime:0.000000s ]
[ error ] [10501]SQLSTATE[21000]: Cardinality violation: 1242 Subquery returns more than 1 row[C:\xampp\htdocs\tp5\thinkphp\library\think\db\Connection.php:399]

---------------------------------------------------------------
[ 2017-03-30T16:40:55+08:00 ] ::1 ::1 GET /tp5/public/index.php/demo/hello/sort.html
[ log ] localhost/tp5/public/index.php/demo/hello/sort.html [运行时间：0.056003s][吞吐率：17.86req/s] [内存消耗：1,720.63kb] [文件加载：43]
[ info ] [ LANG ] C:\xampp\htdocs\tp5\thinkphp\lang\zh-cn.php
[ info ] [ ROUTE ] array (
  'type' => 'module',
  'module' => 
  array (
    0 => 'demo',
    1 => 'hello',
    2 => 'sort',
  ),
)
[ info ] [ HEADER ] array (
  'host' => 'localhost',
  'connection' => 'keep-alive',
  'cache-control' => 'max-age=0',
  'upgrade-insecure-requests' => '1',
  'user-agent' => 'Mozilla/5.0 (Windows NT 6.1; WOW64) AppleWebKit/537.36 (KHTML, like Gecko) Chrome/53.0.2785.89 Safari/537.36',
  'accept' => 'text/html,application/xhtml+xml,application/xml;q=0.9,image/webp,*/*;q=0.8',
  'referer' => 'http://localhost/tp5/public/index.php/demo/hello/group.html',
  'accept-encoding' => 'gzip, deflate, sdch',
  'accept-language' => 'zh-CN,zh;q=0.8',
  'cookie' => 'project_name=p1; group_name=p1_1; project_id=5; pgv_pvi=1445688320; Phpstorm-e4311aeb=e3ecb2d2-64ad-427e-a502-9b52cf11c2cf',
)
[ info ] [ PARAM ] array (
)
[ info ] [ RUN ] app\demo\controller\Hello->sort[ C:\xampp\htdocs\tp5\application\demo\controller\Hello.php ]
[ info ] [ DB ] INIT mysql
[ info ] [ VIEW ] C:\xampp\htdocs\tp5\public/../application/demo\view\hello\sort.html [ array (
  0 => 'tester',
  1 => 'game',
  2 => 'game_type',
  3 => 'terminal_type',
  4 => 'sex',
  5 => 'age_group',
  6 => 'game_experience',
  7 => 'game_year',
  8 => 'status',
  9 => 'group_n',
  10 => 'data',
) ]
[ info ] [ LOG ] INIT File
[ sql ] [ DB ] CONNECT:[ UseTime:0.011001s ] mysql:dbname=sort;host=localhost;port=3306;charset=utf8
[ sql ] [ SQL ] select u_id,u_name from tester [ RunTime:0.000000s ]
[ sql ] [ SQL ] select g_id,g_name from game [ RunTime:0.000000s ]
[ sql ] [ SQL ] select id,value from attr where name = "game_type" [ RunTime:0.001000s ]
[ sql ] [ SQL ] select id,value from attr where name = "terminal_type" [ RunTime:0.000000s ]
[ sql ] [ SQL ] select id,value from attr where name = "sex_type" [ RunTime:0.000000s ]
[ sql ] [ SQL ] select id,value from attr where name = "age_type" [ RunTime:0.001000s ]
[ sql ] [ SQL ] select id,value from attr where name = "game_experience" [ RunTime:0.000000s ]
[ sql ] [ SQL ] select id,value from attr where name = "game_year" [ RunTime:0.000000s ]
[ sql ] [ SQL ] select DISTINCT status_ from test [ RunTime:0.000000s ]
[ sql ] [ SQL ] select group_id from group_ WHERE group_name = 'p1_1' [ RunTime:0.000000s ]
[ sql ] [ SQL ] select game.g_name,data_.emoi,data_.scl,data_.High_alpha,data_.gamma,data_.tag FROM 
                                     game,data_ 
                                     WHERE 
                                data_.id IN (SELECT test_id FROM group_test WHERE group_id = '29') 
                                AND game.g_id IN (SELECT g_id FROM test WHERE test_id IN (SELECT test_id FROM data_ WHERE id = data_.id)) [ RunTime:0.001000s ]

---------------------------------------------------------------
[ 2017-03-30T16:42:11+08:00 ] ::1 ::1 GET /tp5/public/index.php/demo/hello/sort.html
[ log ] localhost/tp5/public/index.php/demo/hello/sort.html [运行时间：0.069004s][吞吐率：14.49req/s] [内存消耗：1,652.10kb] [文件加载：46]
[ info ] [ LANG ] C:\xampp\htdocs\tp5\thinkphp\lang\zh-cn.php
[ info ] [ ROUTE ] array (
  'type' => 'module',
  'module' => 
  array (
    0 => 'demo',
    1 => 'hello',
    2 => 'sort',
  ),
)
[ info ] [ HEADER ] array (
  'host' => 'localhost',
  'connection' => 'keep-alive',
  'cache-control' => 'max-age=0',
  'upgrade-insecure-requests' => '1',
  'user-agent' => 'Mozilla/5.0 (Windows NT 6.1; WOW64) AppleWebKit/537.36 (KHTML, like Gecko) Chrome/53.0.2785.89 Safari/537.36',
  'accept' => 'text/html,application/xhtml+xml,application/xml;q=0.9,image/webp,*/*;q=0.8',
  'referer' => 'http://localhost/tp5/public/index.php/demo/hello/group.html',
  'accept-encoding' => 'gzip, deflate, sdch',
  'accept-language' => 'zh-CN,zh;q=0.8',
  'cookie' => 'project_name=p1; group_name=p1_1; project_id=5; pgv_pvi=1445688320; Phpstorm-e4311aeb=e3ecb2d2-64ad-427e-a502-9b52cf11c2cf',
)
[ info ] [ PARAM ] array (
)
[ info ] [ RUN ] app\demo\controller\Hello->sort[ C:\xampp\htdocs\tp5\application\demo\controller\Hello.php ]
[ info ] [ DB ] INIT mysql
[ info ] [ LOG ] INIT File
[ sql ] [ DB ] CONNECT:[ UseTime:0.012001s ] mysql:dbname=sort;host=localhost;port=3306;charset=utf8
[ sql ] [ SQL ] select u_id,u_name from tester [ RunTime:0.000000s ]
[ sql ] [ SQL ] select g_id,g_name from game [ RunTime:0.001000s ]
[ sql ] [ SQL ] select id,value from attr where name = "game_type" [ RunTime:0.000000s ]
[ sql ] [ SQL ] select id,value from attr where name = "terminal_type" [ RunTime:0.001000s ]
[ sql ] [ SQL ] select id,value from attr where name = "sex_type" [ RunTime:0.000000s ]
[ sql ] [ SQL ] select id,value from attr where name = "age_type" [ RunTime:0.000000s ]
[ sql ] [ SQL ] select id,value from attr where name = "game_experience" [ RunTime:0.001000s ]
[ sql ] [ SQL ] select id,value from attr where name = "game_year" [ RunTime:0.000000s ]
[ sql ] [ SQL ] select DISTINCT status_ from test [ RunTime:0.000000s ]
[ sql ] [ SQL ] select group_id from group_ WHERE group_name = 'p1_1' [ RunTime:0.001000s ]
[ error ] [10501]SQLSTATE[42S22]: Column not found: 1054 Unknown column 'data.test_id' in 'where clause'[C:\xampp\htdocs\tp5\thinkphp\library\think\db\Connection.php:399]

---------------------------------------------------------------
[ 2017-03-30T16:42:31+08:00 ] ::1 ::1 GET /tp5/public/index.php/demo/hello/sort.html
[ log ] localhost/tp5/public/index.php/demo/hello/sort.html [运行时间：0.073004s][吞吐率：13.70req/s] [内存消耗：1,681.38kb] [文件加载：43]
[ info ] [ LANG ] C:\xampp\htdocs\tp5\thinkphp\lang\zh-cn.php
[ info ] [ ROUTE ] array (
  'type' => 'module',
  'module' => 
  array (
    0 => 'demo',
    1 => 'hello',
    2 => 'sort',
  ),
)
[ info ] [ HEADER ] array (
  'host' => 'localhost',
  'connection' => 'keep-alive',
  'cache-control' => 'max-age=0',
  'upgrade-insecure-requests' => '1',
  'user-agent' => 'Mozilla/5.0 (Windows NT 6.1; WOW64) AppleWebKit/537.36 (KHTML, like Gecko) Chrome/53.0.2785.89 Safari/537.36',
  'accept' => 'text/html,application/xhtml+xml,application/xml;q=0.9,image/webp,*/*;q=0.8',
  'referer' => 'http://localhost/tp5/public/index.php/demo/hello/group.html',
  'accept-encoding' => 'gzip, deflate, sdch',
  'accept-language' => 'zh-CN,zh;q=0.8',
  'cookie' => 'project_name=p1; group_name=p1_1; project_id=5; pgv_pvi=1445688320; Phpstorm-e4311aeb=e3ecb2d2-64ad-427e-a502-9b52cf11c2cf',
)
[ info ] [ PARAM ] array (
)
[ info ] [ RUN ] app\demo\controller\Hello->sort[ C:\xampp\htdocs\tp5\application\demo\controller\Hello.php ]
[ info ] [ DB ] INIT mysql
[ info ] [ VIEW ] C:\xampp\htdocs\tp5\public/../application/demo\view\hello\sort.html [ array (
  0 => 'tester',
  1 => 'game',
  2 => 'game_type',
  3 => 'terminal_type',
  4 => 'sex',
  5 => 'age_group',
  6 => 'game_experience',
  7 => 'game_year',
  8 => 'status',
  9 => 'group_n',
  10 => 'data',
) ]
[ info ] [ LOG ] INIT File
[ sql ] [ DB ] CONNECT:[ UseTime:0.012001s ] mysql:dbname=sort;host=localhost;port=3306;charset=utf8
[ sql ] [ SQL ] select u_id,u_name from tester [ RunTime:0.000000s ]
[ sql ] [ SQL ] select g_id,g_name from game [ RunTime:0.001000s ]
[ sql ] [ SQL ] select id,value from attr where name = "game_type" [ RunTime:0.000000s ]
[ sql ] [ SQL ] select id,value from attr where name = "terminal_type" [ RunTime:0.001000s ]
[ sql ] [ SQL ] select id,value from attr where name = "sex_type" [ RunTime:0.000000s ]
[ sql ] [ SQL ] select id,value from attr where name = "age_type" [ RunTime:0.000000s ]
[ sql ] [ SQL ] select id,value from attr where name = "game_experience" [ RunTime:0.001000s ]
[ sql ] [ SQL ] select id,value from attr where name = "game_year" [ RunTime:0.000000s ]
[ sql ] [ SQL ] select DISTINCT status_ from test [ RunTime:0.000000s ]
[ sql ] [ SQL ] select group_id from group_ WHERE group_name = 'p1_1' [ RunTime:0.001000s ]
[ sql ] [ SQL ] select game.g_name,data_.emoi,data_.scl,data_.High_alpha,data_.gamma,data_.tag FROM 
                                     game,data_ 
                                     WHERE 
                                data_.id IN (SELECT test_id FROM group_test WHERE group_id = '29') 
                                AND game.g_id IN (SELECT g_id FROM test WHERE test_id = data_.test_id) [ RunTime:0.000000s ]

---------------------------------------------------------------
[ 2017-03-30T16:43:09+08:00 ] ::1 ::1 GET /tp5/public/index.php/demo/hello/sort.html
[ log ] localhost/tp5/public/index.php/demo/hello/sort.html [运行时间：0.053003s][吞吐率：18.87req/s] [内存消耗：1,674.74kb] [文件加载：43]
[ info ] [ LANG ] C:\xampp\htdocs\tp5\thinkphp\lang\zh-cn.php
[ info ] [ ROUTE ] array (
  'type' => 'module',
  'module' => 
  array (
    0 => 'demo',
    1 => 'hello',
    2 => 'sort',
  ),
)
[ info ] [ HEADER ] array (
  'host' => 'localhost',
  'connection' => 'keep-alive',
  'cache-control' => 'max-age=0',
  'upgrade-insecure-requests' => '1',
  'user-agent' => 'Mozilla/5.0 (Windows NT 6.1; WOW64) AppleWebKit/537.36 (KHTML, like Gecko) Chrome/53.0.2785.89 Safari/537.36',
  'accept' => 'text/html,application/xhtml+xml,application/xml;q=0.9,image/webp,*/*;q=0.8',
  'referer' => 'http://localhost/tp5/public/index.php/demo/hello/group.html',
  'accept-encoding' => 'gzip, deflate, sdch',
  'accept-language' => 'zh-CN,zh;q=0.8',
  'cookie' => 'project_name=p1; group_name=p1_1; project_id=5; pgv_pvi=1445688320; Phpstorm-e4311aeb=e3ecb2d2-64ad-427e-a502-9b52cf11c2cf',
)
[ info ] [ PARAM ] array (
)
[ info ] [ RUN ] app\demo\controller\Hello->sort[ C:\xampp\htdocs\tp5\application\demo\controller\Hello.php ]
[ info ] [ DB ] INIT mysql
[ info ] [ VIEW ] C:\xampp\htdocs\tp5\public/../application/demo\view\hello\sort.html [ array (
  0 => 'tester',
  1 => 'game',
  2 => 'game_type',
  3 => 'terminal_type',
  4 => 'sex',
  5 => 'age_group',
  6 => 'game_experience',
  7 => 'game_year',
  8 => 'status',
  9 => 'group_n',
  10 => 'data',
) ]
[ info ] [ LOG ] INIT File
[ sql ] [ DB ] CONNECT:[ UseTime:0.012001s ] mysql:dbname=sort;host=localhost;port=3306;charset=utf8
[ sql ] [ SQL ] select u_id,u_name from tester [ RunTime:0.000000s ]
[ sql ] [ SQL ] select g_id,g_name from game [ RunTime:0.000000s ]
[ sql ] [ SQL ] select id,value from attr where name = "game_type" [ RunTime:0.000000s ]
[ sql ] [ SQL ] select id,value from attr where name = "terminal_type" [ RunTime:0.000000s ]
[ sql ] [ SQL ] select id,value from attr where name = "sex_type" [ RunTime:0.000000s ]
[ sql ] [ SQL ] select id,value from attr where name = "age_type" [ RunTime:0.000000s ]
[ sql ] [ SQL ] select id,value from attr where name = "game_experience" [ RunTime:0.000000s ]
[ sql ] [ SQL ] select id,value from attr where name = "game_year" [ RunTime:0.000000s ]
[ sql ] [ SQL ] select DISTINCT status_ from test [ RunTime:0.000000s ]
[ sql ] [ SQL ] select group_id from group_ WHERE group_name = 'p1_1' [ RunTime:0.000000s ]
[ sql ] [ SQL ] select game.g_name,data_.emoi,data_.scl,data_.High_alpha,data_.gamma,data_.tag FROM 
                                     game,data_ 
                                     WHERE 
                                data_.id IN (SELECT data_.test_id FROM group_test WHERE group_id = '29') 
                                AND game.g_id IN (SELECT g_id FROM test WHERE test_id = data_.test_id) [ RunTime:0.000000s ]

---------------------------------------------------------------
[ 2017-03-30T16:43:11+08:00 ] ::1 ::1 GET /tp5/public/index.php/demo/hello/sort.html
[ log ] localhost/tp5/public/index.php/demo/hello/sort.html [运行时间：0.072004s][吞吐率：13.89req/s] [内存消耗：1,674.74kb] [文件加载：43]
[ info ] [ LANG ] C:\xampp\htdocs\tp5\thinkphp\lang\zh-cn.php
[ info ] [ ROUTE ] array (
  'type' => 'module',
  'module' => 
  array (
    0 => 'demo',
    1 => 'hello',
    2 => 'sort',
  ),
)
[ info ] [ HEADER ] array (
  'host' => 'localhost',
  'connection' => 'keep-alive',
  'cache-control' => 'max-age=0',
  'upgrade-insecure-requests' => '1',
  'user-agent' => 'Mozilla/5.0 (Windows NT 6.1; WOW64) AppleWebKit/537.36 (KHTML, like Gecko) Chrome/53.0.2785.89 Safari/537.36',
  'accept' => 'text/html,application/xhtml+xml,application/xml;q=0.9,image/webp,*/*;q=0.8',
  'referer' => 'http://localhost/tp5/public/index.php/demo/hello/group.html',
  'accept-encoding' => 'gzip, deflate, sdch',
  'accept-language' => 'zh-CN,zh;q=0.8',
  'cookie' => 'project_name=p1; group_name=p1_1; project_id=5; pgv_pvi=1445688320; Phpstorm-e4311aeb=e3ecb2d2-64ad-427e-a502-9b52cf11c2cf',
)
[ info ] [ PARAM ] array (
)
[ info ] [ RUN ] app\demo\controller\Hello->sort[ C:\xampp\htdocs\tp5\application\demo\controller\Hello.php ]
[ info ] [ DB ] INIT mysql
[ info ] [ VIEW ] C:\xampp\htdocs\tp5\public/../application/demo\view\hello\sort.html [ array (
  0 => 'tester',
  1 => 'game',
  2 => 'game_type',
  3 => 'terminal_type',
  4 => 'sex',
  5 => 'age_group',
  6 => 'game_experience',
  7 => 'game_year',
  8 => 'status',
  9 => 'group_n',
  10 => 'data',
) ]
[ info ] [ LOG ] INIT File
[ sql ] [ DB ] CONNECT:[ UseTime:0.012000s ] mysql:dbname=sort;host=localhost;port=3306;charset=utf8
[ sql ] [ SQL ] select u_id,u_name from tester [ RunTime:0.001000s ]
[ sql ] [ SQL ] select g_id,g_name from game [ RunTime:0.000000s ]
[ sql ] [ SQL ] select id,value from attr where name = "game_type" [ RunTime:0.000000s ]
[ sql ] [ SQL ] select id,value from attr where name = "terminal_type" [ RunTime:0.001000s ]
[ sql ] [ SQL ] select id,value from attr where name = "sex_type" [ RunTime:0.000000s ]
[ sql ] [ SQL ] select id,value from attr where name = "age_type" [ RunTime:0.000000s ]
[ sql ] [ SQL ] select id,value from attr where name = "game_experience" [ RunTime:0.001000s ]
[ sql ] [ SQL ] select id,value from attr where name = "game_year" [ RunTime:0.000000s ]
[ sql ] [ SQL ] select DISTINCT status_ from test [ RunTime:0.000000s ]
[ sql ] [ SQL ] select group_id from group_ WHERE group_name = 'p1_1' [ RunTime:0.000000s ]
[ sql ] [ SQL ] select game.g_name,data_.emoi,data_.scl,data_.High_alpha,data_.gamma,data_.tag FROM 
                                     game,data_ 
                                     WHERE 
                                data_.id IN (SELECT data_.test_id FROM group_test WHERE group_id = '29') 
                                AND game.g_id IN (SELECT g_id FROM test WHERE test_id = data_.test_id) [ RunTime:0.000000s ]

---------------------------------------------------------------
[ 2017-03-30T16:44:22+08:00 ] ::1 ::1 GET /tp5/public/index.php/demo/hello/sort.html
[ log ] localhost/tp5/public/index.php/demo/hello/sort.html [运行时间：0.064004s][吞吐率：15.62req/s] [内存消耗：1,720.39kb] [文件加载：43]
[ info ] [ LANG ] C:\xampp\htdocs\tp5\thinkphp\lang\zh-cn.php
[ info ] [ ROUTE ] array (
  'type' => 'module',
  'module' => 
  array (
    0 => 'demo',
    1 => 'hello',
    2 => 'sort',
  ),
)
[ info ] [ HEADER ] array (
  'host' => 'localhost',
  'connection' => 'keep-alive',
  'cache-control' => 'max-age=0',
  'upgrade-insecure-requests' => '1',
  'user-agent' => 'Mozilla/5.0 (Windows NT 6.1; WOW64) AppleWebKit/537.36 (KHTML, like Gecko) Chrome/53.0.2785.89 Safari/537.36',
  'accept' => 'text/html,application/xhtml+xml,application/xml;q=0.9,image/webp,*/*;q=0.8',
  'referer' => 'http://localhost/tp5/public/index.php/demo/hello/group.html',
  'accept-encoding' => 'gzip, deflate, sdch',
  'accept-language' => 'zh-CN,zh;q=0.8',
  'cookie' => 'project_name=p1; group_name=p1_1; project_id=5; pgv_pvi=1445688320; Phpstorm-e4311aeb=e3ecb2d2-64ad-427e-a502-9b52cf11c2cf',
)
[ info ] [ PARAM ] array (
)
[ info ] [ RUN ] app\demo\controller\Hello->sort[ C:\xampp\htdocs\tp5\application\demo\controller\Hello.php ]
[ info ] [ DB ] INIT mysql
[ info ] [ VIEW ] C:\xampp\htdocs\tp5\public/../application/demo\view\hello\sort.html [ array (
  0 => 'tester',
  1 => 'game',
  2 => 'game_type',
  3 => 'terminal_type',
  4 => 'sex',
  5 => 'age_group',
  6 => 'game_experience',
  7 => 'game_year',
  8 => 'status',
  9 => 'group_n',
  10 => 'data',
) ]
[ info ] [ LOG ] INIT File
[ sql ] [ DB ] CONNECT:[ UseTime:0.012001s ] mysql:dbname=sort;host=localhost;port=3306;charset=utf8
[ sql ] [ SQL ] select u_id,u_name from tester [ RunTime:0.000000s ]
[ sql ] [ SQL ] select g_id,g_name from game [ RunTime:0.000000s ]
[ sql ] [ SQL ] select id,value from attr where name = "game_type" [ RunTime:0.000000s ]
[ sql ] [ SQL ] select id,value from attr where name = "terminal_type" [ RunTime:0.001000s ]
[ sql ] [ SQL ] select id,value from attr where name = "sex_type" [ RunTime:0.000000s ]
[ sql ] [ SQL ] select id,value from attr where name = "age_type" [ RunTime:0.001000s ]
[ sql ] [ SQL ] select id,value from attr where name = "game_experience" [ RunTime:0.000000s ]
[ sql ] [ SQL ] select id,value from attr where name = "game_year" [ RunTime:0.000000s ]
[ sql ] [ SQL ] select DISTINCT status_ from test [ RunTime:0.001000s ]
[ sql ] [ SQL ] select group_id from group_ WHERE group_name = 'p1_1' [ RunTime:0.000000s ]
[ sql ] [ SQL ] select game.g_name,data_.emoi,data_.scl,data_.High_alpha,data_.gamma,data_.tag FROM 
                                     game,data_ 
                                     WHERE 
                                data_.id IN (SELECT test_id FROM group_test WHERE group_id = '29') 
                                AND game.g_id IN (SELECT g_id FROM test WHERE test_id = test_id) [ RunTime:0.001000s ]

---------------------------------------------------------------
[ 2017-03-30T16:45:45+08:00 ] ::1 ::1 GET /tp5/public/index.php/demo/hello/sort.html
[ log ] localhost/tp5/public/index.php/demo/hello/sort.html [运行时间：0.068004s][吞吐率：14.71req/s] [内存消耗：1,681.38kb] [文件加载：43]
[ info ] [ LANG ] C:\xampp\htdocs\tp5\thinkphp\lang\zh-cn.php
[ info ] [ ROUTE ] array (
  'type' => 'module',
  'module' => 
  array (
    0 => 'demo',
    1 => 'hello',
    2 => 'sort',
  ),
)
[ info ] [ HEADER ] array (
  'host' => 'localhost',
  'connection' => 'keep-alive',
  'cache-control' => 'max-age=0',
  'upgrade-insecure-requests' => '1',
  'user-agent' => 'Mozilla/5.0 (Windows NT 6.1; WOW64) AppleWebKit/537.36 (KHTML, like Gecko) Chrome/53.0.2785.89 Safari/537.36',
  'accept' => 'text/html,application/xhtml+xml,application/xml;q=0.9,image/webp,*/*;q=0.8',
  'referer' => 'http://localhost/tp5/public/index.php/demo/hello/group.html',
  'accept-encoding' => 'gzip, deflate, sdch',
  'accept-language' => 'zh-CN,zh;q=0.8',
  'cookie' => 'project_name=p1; group_name=p1_1; project_id=5; pgv_pvi=1445688320; Phpstorm-e4311aeb=e3ecb2d2-64ad-427e-a502-9b52cf11c2cf',
)
[ info ] [ PARAM ] array (
)
[ info ] [ RUN ] app\demo\controller\Hello->sort[ C:\xampp\htdocs\tp5\application\demo\controller\Hello.php ]
[ info ] [ DB ] INIT mysql
[ info ] [ VIEW ] C:\xampp\htdocs\tp5\public/../application/demo\view\hello\sort.html [ array (
  0 => 'tester',
  1 => 'game',
  2 => 'game_type',
  3 => 'terminal_type',
  4 => 'sex',
  5 => 'age_group',
  6 => 'game_experience',
  7 => 'game_year',
  8 => 'status',
  9 => 'group_n',
  10 => 'data',
) ]
[ info ] [ LOG ] INIT File
[ sql ] [ DB ] CONNECT:[ UseTime:0.012001s ] mysql:dbname=sort;host=localhost;port=3306;charset=utf8
[ sql ] [ SQL ] select u_id,u_name from tester [ RunTime:0.000000s ]
[ sql ] [ SQL ] select g_id,g_name from game [ RunTime:0.000000s ]
[ sql ] [ SQL ] select id,value from attr where name = "game_type" [ RunTime:0.000000s ]
[ sql ] [ SQL ] select id,value from attr where name = "terminal_type" [ RunTime:0.000000s ]
[ sql ] [ SQL ] select id,value from attr where name = "sex_type" [ RunTime:0.000000s ]
[ sql ] [ SQL ] select id,value from attr where name = "age_type" [ RunTime:0.000000s ]
[ sql ] [ SQL ] select id,value from attr where name = "game_experience" [ RunTime:0.000000s ]
[ sql ] [ SQL ] select id,value from attr where name = "game_year" [ RunTime:0.000000s ]
[ sql ] [ SQL ] select DISTINCT status_ from test [ RunTime:0.000000s ]
[ sql ] [ SQL ] select group_id from group_ WHERE group_name = 'p1_1' [ RunTime:0.000000s ]
[ sql ] [ SQL ] select game.g_name,data_.emoi,data_.scl,data_.High_alpha,data_.gamma,data_.tag FROM 
                                     game,data_ 
                                     WHERE 
                                data_.id IN (SELECT test_id FROM group_test WHERE group_id = '29') 
                                AND game.g_id IN (SELECT g_id FROM test WHERE test_id = data_.test_id) [ RunTime:0.001000s ]

---------------------------------------------------------------
[ 2017-03-30T16:47:48+08:00 ] ::1 ::1 GET /tp5/public/index.php/demo/hello/sort.html
[ log ] localhost/tp5/public/index.php/demo/hello/sort.html [运行时间：0.042002s][吞吐率：23.81req/s] [内存消耗：1,678.54kb] [文件加载：43]
[ info ] [ LANG ] C:\xampp\htdocs\tp5\thinkphp\lang\zh-cn.php
[ info ] [ ROUTE ] array (
  'type' => 'module',
  'module' => 
  array (
    0 => 'demo',
    1 => 'hello',
    2 => 'sort',
  ),
)
[ info ] [ HEADER ] array (
  'host' => 'localhost',
  'connection' => 'keep-alive',
  'cache-control' => 'max-age=0',
  'upgrade-insecure-requests' => '1',
  'user-agent' => 'Mozilla/5.0 (Windows NT 6.1; WOW64) AppleWebKit/537.36 (KHTML, like Gecko) Chrome/53.0.2785.89 Safari/537.36',
  'accept' => 'text/html,application/xhtml+xml,application/xml;q=0.9,image/webp,*/*;q=0.8',
  'referer' => 'http://localhost/tp5/public/index.php/demo/hello/group.html',
  'accept-encoding' => 'gzip, deflate, sdch',
  'accept-language' => 'zh-CN,zh;q=0.8',
  'cookie' => 'project_name=p1; group_name=p1_1; project_id=5; pgv_pvi=1445688320; Phpstorm-e4311aeb=e3ecb2d2-64ad-427e-a502-9b52cf11c2cf',
)
[ info ] [ PARAM ] array (
)
[ info ] [ RUN ] app\demo\controller\Hello->sort[ C:\xampp\htdocs\tp5\application\demo\controller\Hello.php ]
[ info ] [ DB ] INIT mysql
[ info ] [ VIEW ] C:\xampp\htdocs\tp5\public/../application/demo\view\hello\sort.html [ array (
  0 => 'tester',
  1 => 'game',
  2 => 'game_type',
  3 => 'terminal_type',
  4 => 'sex',
  5 => 'age_group',
  6 => 'game_experience',
  7 => 'game_year',
  8 => 'status',
  9 => 'group_n',
  10 => 'data',
) ]
[ info ] [ LOG ] INIT File
[ sql ] [ DB ] CONNECT:[ UseTime:0.011001s ] mysql:dbname=sort;host=localhost;port=3306;charset=utf8
[ sql ] [ SQL ] select u_id,u_name from tester [ RunTime:0.000000s ]
[ sql ] [ SQL ] select g_id,g_name from game [ RunTime:0.000000s ]
[ sql ] [ SQL ] select id,value from attr where name = "game_type" [ RunTime:0.000000s ]
[ sql ] [ SQL ] select id,value from attr where name = "terminal_type" [ RunTime:0.000000s ]
[ sql ] [ SQL ] select id,value from attr where name = "sex_type" [ RunTime:0.000000s ]
[ sql ] [ SQL ] select id,value from attr where name = "age_type" [ RunTime:0.000000s ]
[ sql ] [ SQL ] select id,value from attr where name = "game_experience" [ RunTime:0.000000s ]
[ sql ] [ SQL ] select id,value from attr where name = "game_year" [ RunTime:0.000000s ]
[ sql ] [ SQL ] select DISTINCT status_ from test [ RunTime:0.000000s ]
[ sql ] [ SQL ] select group_id from group_ WHERE group_name = 'p1_1' [ RunTime:0.001000s ]
[ sql ] [ SQL ] select game.g_name,data_.emoi,data_.scl,data_.High_alpha,data_.gamma,data_.tag FROM 
                                     game,data_ 
                                     WHERE 
                                data_.id IN (SELECT test_id FROM group_test WHERE group_id = '29') 
                                AND game.g_id IN (SELECT g_id FROM test WHERE test_id = data_.id) [ RunTime:0.000000s ]

---------------------------------------------------------------
[ 2017-03-30T16:47:58+08:00 ] ::1 ::1 GET /tp5/public/index.php/demo/hello/sort.html
[ log ] localhost/tp5/public/index.php/demo/hello/sort.html [运行时间：0.034002s][吞吐率：29.41req/s] [内存消耗：1,681.38kb] [文件加载：43]
[ info ] [ LANG ] C:\xampp\htdocs\tp5\thinkphp\lang\zh-cn.php
[ info ] [ ROUTE ] array (
  'type' => 'module',
  'module' => 
  array (
    0 => 'demo',
    1 => 'hello',
    2 => 'sort',
  ),
)
[ info ] [ HEADER ] array (
  'host' => 'localhost',
  'connection' => 'keep-alive',
  'cache-control' => 'max-age=0',
  'upgrade-insecure-requests' => '1',
  'user-agent' => 'Mozilla/5.0 (Windows NT 6.1; WOW64) AppleWebKit/537.36 (KHTML, like Gecko) Chrome/53.0.2785.89 Safari/537.36',
  'accept' => 'text/html,application/xhtml+xml,application/xml;q=0.9,image/webp,*/*;q=0.8',
  'referer' => 'http://localhost/tp5/public/index.php/demo/hello/group.html',
  'accept-encoding' => 'gzip, deflate, sdch',
  'accept-language' => 'zh-CN,zh;q=0.8',
  'cookie' => 'project_name=p1; group_name=p1_1; project_id=5; pgv_pvi=1445688320; Phpstorm-e4311aeb=e3ecb2d2-64ad-427e-a502-9b52cf11c2cf',
)
[ info ] [ PARAM ] array (
)
[ info ] [ RUN ] app\demo\controller\Hello->sort[ C:\xampp\htdocs\tp5\application\demo\controller\Hello.php ]
[ info ] [ DB ] INIT mysql
[ info ] [ VIEW ] C:\xampp\htdocs\tp5\public/../application/demo\view\hello\sort.html [ array (
  0 => 'tester',
  1 => 'game',
  2 => 'game_type',
  3 => 'terminal_type',
  4 => 'sex',
  5 => 'age_group',
  6 => 'game_experience',
  7 => 'game_year',
  8 => 'status',
  9 => 'group_n',
  10 => 'data',
) ]
[ info ] [ LOG ] INIT File
[ sql ] [ DB ] CONNECT:[ UseTime:0.001000s ] mysql:dbname=sort;host=localhost;port=3306;charset=utf8
[ sql ] [ SQL ] select u_id,u_name from tester [ RunTime:0.000000s ]
[ sql ] [ SQL ] select g_id,g_name from game [ RunTime:0.001000s ]
[ sql ] [ SQL ] select id,value from attr where name = "game_type" [ RunTime:0.000000s ]
[ sql ] [ SQL ] select id,value from attr where name = "terminal_type" [ RunTime:0.000000s ]
[ sql ] [ SQL ] select id,value from attr where name = "sex_type" [ RunTime:0.001000s ]
[ sql ] [ SQL ] select id,value from attr where name = "age_type" [ RunTime:0.000000s ]
[ sql ] [ SQL ] select id,value from attr where name = "game_experience" [ RunTime:0.000000s ]
[ sql ] [ SQL ] select id,value from attr where name = "game_year" [ RunTime:0.000000s ]
[ sql ] [ SQL ] select DISTINCT status_ from test [ RunTime:0.000000s ]
[ sql ] [ SQL ] select group_id from group_ WHERE group_name = 'p1_1' [ RunTime:0.001000s ]
[ sql ] [ SQL ] select game.g_name,data_.emoi,data_.scl,data_.High_alpha,data_.gamma,data_.tag FROM 
                                     game,data_ 
                                     WHERE 
                                data_.id IN (SELECT test_id FROM group_test WHERE group_id = '29') 
                                AND game.g_id IN (SELECT g_id FROM test WHERE test_id = data_.test_id) [ RunTime:0.000000s ]

---------------------------------------------------------------
[ 2017-03-30T16:48:26+08:00 ] ::1 ::1 GET /tp5/public/index.php/demo/hello/sort.html
[ log ] localhost/tp5/public/index.php/demo/hello/sort.html [运行时间：0.080004s][吞吐率：12.50req/s] [内存消耗：1,673.62kb] [文件加载：43]
[ info ] [ LANG ] C:\xampp\htdocs\tp5\thinkphp\lang\zh-cn.php
[ info ] [ ROUTE ] array (
  'type' => 'module',
  'module' => 
  array (
    0 => 'demo',
    1 => 'hello',
    2 => 'sort',
  ),
)
[ info ] [ HEADER ] array (
  'host' => 'localhost',
  'connection' => 'keep-alive',
  'upgrade-insecure-requests' => '1',
  'user-agent' => 'Mozilla/5.0 (Windows NT 6.1; WOW64) AppleWebKit/537.36 (KHTML, like Gecko) Chrome/53.0.2785.89 Safari/537.36',
  'accept' => 'text/html,application/xhtml+xml,application/xml;q=0.9,image/webp,*/*;q=0.8',
  'referer' => 'http://localhost/tp5/public/index.php/demo/hello/group.html',
  'accept-encoding' => 'gzip, deflate, sdch',
  'accept-language' => 'zh-CN,zh;q=0.8',
  'cookie' => 'project_name=p1; group_name=%E5%A4%A7%E6%8B%9B; project_id=5; pgv_pvi=1445688320; Phpstorm-e4311aeb=e3ecb2d2-64ad-427e-a502-9b52cf11c2cf',
)
[ info ] [ PARAM ] array (
)
[ info ] [ RUN ] app\demo\controller\Hello->sort[ C:\xampp\htdocs\tp5\application\demo\controller\Hello.php ]
[ info ] [ DB ] INIT mysql
[ info ] [ VIEW ] C:\xampp\htdocs\tp5\public/../application/demo\view\hello\sort.html [ array (
  0 => 'tester',
  1 => 'game',
  2 => 'game_type',
  3 => 'terminal_type',
  4 => 'sex',
  5 => 'age_group',
  6 => 'game_experience',
  7 => 'game_year',
  8 => 'status',
  9 => 'group_n',
  10 => 'data',
) ]
[ info ] [ LOG ] INIT File
[ sql ] [ DB ] CONNECT:[ UseTime:0.012001s ] mysql:dbname=sort;host=localhost;port=3306;charset=utf8
[ sql ] [ SQL ] select u_id,u_name from tester [ RunTime:0.001000s ]
[ sql ] [ SQL ] select g_id,g_name from game [ RunTime:0.000000s ]
[ sql ] [ SQL ] select id,value from attr where name = "game_type" [ RunTime:0.000000s ]
[ sql ] [ SQL ] select id,value from attr where name = "terminal_type" [ RunTime:0.001000s ]
[ sql ] [ SQL ] select id,value from attr where name = "sex_type" [ RunTime:0.000000s ]
[ sql ] [ SQL ] select id,value from attr where name = "age_type" [ RunTime:0.000000s ]
[ sql ] [ SQL ] select id,value from attr where name = "game_experience" [ RunTime:0.001000s ]
[ sql ] [ SQL ] select id,value from attr where name = "game_year" [ RunTime:0.000000s ]
[ sql ] [ SQL ] select DISTINCT status_ from test [ RunTime:0.000000s ]
[ sql ] [ SQL ] select group_id from group_ WHERE group_name = '大招' [ RunTime:0.009001s ]
[ sql ] [ SQL ] select game.g_name,data_.emoi,data_.scl,data_.High_alpha,data_.gamma,data_.tag FROM 
                                     game,data_ 
                                     WHERE 
                                data_.id IN (SELECT test_id FROM group_test WHERE group_id = '30') 
                                AND game.g_id IN (SELECT g_id FROM test WHERE test_id = data_.test_id) [ RunTime:0.001000s ]

---------------------------------------------------------------
[ 2017-03-30T16:48:29+08:00 ] ::1 ::1 POST /tp5/public/index.php/demo/hello/sortdata.html
[ log ] localhost/tp5/public/index.php/demo/hello/sortdata.html [运行时间：0.039002s][吞吐率：25.64req/s] [内存消耗：1,594.84kb] [文件加载：40]
[ info ] [ LANG ] C:\xampp\htdocs\tp5\thinkphp\lang\zh-cn.php
[ info ] [ ROUTE ] array (
  'type' => 'module',
  'module' => 
  array (
    0 => 'demo',
    1 => 'hello',
    2 => 'sortdata',
  ),
)
[ info ] [ HEADER ] array (
  'host' => 'localhost',
  'connection' => 'keep-alive',
  'content-length' => '66',
  'accept' => 'application/json, text/javascript, */*; q=0.01',
  'origin' => 'http://localhost',
  'x-requested-with' => 'XMLHttpRequest',
  'user-agent' => 'Mozilla/5.0 (Windows NT 6.1; WOW64) AppleWebKit/537.36 (KHTML, like Gecko) Chrome/53.0.2785.89 Safari/537.36',
  'content-type' => 'application/x-www-form-urlencoded; charset=UTF-8',
  'referer' => 'http://localhost/tp5/public/index.php/demo/hello/sort.html',
  'accept-encoding' => 'gzip, deflate',
  'accept-language' => 'zh-CN,zh;q=0.8',
  'cookie' => 'project_name=p1; group_name=%E5%A4%A7%E6%8B%9B; project_id=5; pgv_pvi=1445688320; Phpstorm-e4311aeb=e3ecb2d2-64ad-427e-a502-9b52cf11c2cf',
)
[ info ] [ PARAM ] array (
  'count_n' => '',
  'sex' => '3',
  'age_group' => '9',
  'game_experience' => '13',
  'game_year' => '6',
  'status' => '1',
)
[ info ] [ RUN ] app\demo\controller\Hello->sortData[ C:\xampp\htdocs\tp5\application\demo\controller\Hello.php ]
[ info ] [ DB ] INIT mysql
[ info ] [ LOG ] INIT File
[ sql ] [ DB ] CONNECT:[ UseTime:0.002000s ] mysql:dbname=sort;host=localhost;port=3306;charset=utf8
[ sql ] [ SQL ] select game.g_name,data_.id,data_.emoi,data_.scl,data_.High_alpha,data_.gamma,data_.tag 
                                          from game,data_ 
                                WHERE game.g_id IN (SELECT g_id FROM test WHERE test_id = data_.test_id) AND data_.test_id IN 
                                (SELECT test_id FROM test WHERE status_ = '1' AND u_id IN (SELECT u_id FROM tester  WHERE u_sex_id = '3' AND u_age_id = '9' AND u_experience_id = '13' AND u_year_id='6' )) [ RunTime:0.000000s ]

---------------------------------------------------------------
[ 2017-03-30T16:48:33+08:00 ] ::1 ::1 POST /tp5/public/index.php/demo/hello/adddata.html
[ log ] localhost/tp5/public/index.php/demo/hello/adddata.html [运行时间：0.098006s][吞吐率：10.20req/s] [内存消耗：1,595.33kb] [文件加载：41]
[ info ] [ LANG ] C:\xampp\htdocs\tp5\thinkphp\lang\zh-cn.php
[ info ] [ ROUTE ] array (
  'type' => 'module',
  'module' => 
  array (
    0 => 'demo',
    1 => 'hello',
    2 => 'adddata',
  ),
)
[ info ] [ HEADER ] array (
  'host' => 'localhost',
  'connection' => 'keep-alive',
  'content-length' => '16',
  'accept' => '*/*',
  'origin' => 'http://localhost',
  'x-requested-with' => 'XMLHttpRequest',
  'user-agent' => 'Mozilla/5.0 (Windows NT 6.1; WOW64) AppleWebKit/537.36 (KHTML, like Gecko) Chrome/53.0.2785.89 Safari/537.36',
  'content-type' => 'application/x-www-form-urlencoded; charset=UTF-8',
  'referer' => 'http://localhost/tp5/public/index.php/demo/hello/sort.html',
  'accept-encoding' => 'gzip, deflate',
  'accept-language' => 'zh-CN,zh;q=0.8',
  'cookie' => 'project_name=p1; group_name=%E5%A4%A7%E6%8B%9B; project_id=5; pgv_pvi=1445688320; Phpstorm-e4311aeb=e3ecb2d2-64ad-427e-a502-9b52cf11c2cf',
)
[ info ] [ PARAM ] array (
  'id' => '["1"]',
)
[ info ] [ RUN ] app\demo\controller\Hello->addData[ C:\xampp\htdocs\tp5\application\demo\controller\Hello.php ]
[ info ] [ DB ] INIT mysql
[ info ] [ LOG ] INIT File
[ sql ] [ DB ] CONNECT:[ UseTime:0.002000s ] mysql:dbname=sort;host=localhost;port=3306;charset=utf8
[ sql ] [ SQL ] select group_id from group_ WHERE group_name = '大招' [ RunTime:0.000000s ]
[ sql ] [ SQL ] select count(id) AS id from group_test WHERE group_id = '30'AND test_id = '1' [ RunTime:0.001000s ]
[ sql ] [ SQL ] insert into group_test (group_id,test_id) VALUES ('30','1') [ RunTime:0.039002s ]

---------------------------------------------------------------
[ 2017-03-30T16:48:35+08:00 ] ::1 ::1 GET /tp5/public/index.php/demo/hello/sort.html
[ log ] localhost/tp5/public/index.php/demo/hello/sort.html [运行时间：0.097006s][吞吐率：10.31req/s] [内存消耗：1,674.75kb] [文件加载：43]
[ info ] [ LANG ] C:\xampp\htdocs\tp5\thinkphp\lang\zh-cn.php
[ info ] [ ROUTE ] array (
  'type' => 'module',
  'module' => 
  array (
    0 => 'demo',
    1 => 'hello',
    2 => 'sort',
  ),
)
[ info ] [ HEADER ] array (
  'host' => 'localhost',
  'connection' => 'keep-alive',
  'cache-control' => 'max-age=0',
  'upgrade-insecure-requests' => '1',
  'user-agent' => 'Mozilla/5.0 (Windows NT 6.1; WOW64) AppleWebKit/537.36 (KHTML, like Gecko) Chrome/53.0.2785.89 Safari/537.36',
  'accept' => 'text/html,application/xhtml+xml,application/xml;q=0.9,image/webp,*/*;q=0.8',
  'referer' => 'http://localhost/tp5/public/index.php/demo/hello/group.html',
  'accept-encoding' => 'gzip, deflate, sdch',
  'accept-language' => 'zh-CN,zh;q=0.8',
  'cookie' => 'project_name=p1; group_name=%E5%A4%A7%E6%8B%9B; project_id=5; pgv_pvi=1445688320; Phpstorm-e4311aeb=e3ecb2d2-64ad-427e-a502-9b52cf11c2cf',
)
[ info ] [ PARAM ] array (
)
[ info ] [ RUN ] app\demo\controller\Hello->sort[ C:\xampp\htdocs\tp5\application\demo\controller\Hello.php ]
[ info ] [ DB ] INIT mysql
[ info ] [ VIEW ] C:\xampp\htdocs\tp5\public/../application/demo\view\hello\sort.html [ array (
  0 => 'tester',
  1 => 'game',
  2 => 'game_type',
  3 => 'terminal_type',
  4 => 'sex',
  5 => 'age_group',
  6 => 'game_experience',
  7 => 'game_year',
  8 => 'status',
  9 => 'group_n',
  10 => 'data',
) ]
[ info ] [ LOG ] INIT File
[ sql ] [ DB ] CONNECT:[ UseTime:0.013001s ] mysql:dbname=sort;host=localhost;port=3306;charset=utf8
[ sql ] [ SQL ] select u_id,u_name from tester [ RunTime:0.001000s ]
[ sql ] [ SQL ] select g_id,g_name from game [ RunTime:0.000000s ]
[ sql ] [ SQL ] select id,value from attr where name = "game_type" [ RunTime:0.000000s ]
[ sql ] [ SQL ] select id,value from attr where name = "terminal_type" [ RunTime:0.000000s ]
[ sql ] [ SQL ] select id,value from attr where name = "sex_type" [ RunTime:0.000000s ]
[ sql ] [ SQL ] select id,value from attr where name = "age_type" [ RunTime:0.000000s ]
[ sql ] [ SQL ] select id,value from attr where name = "game_experience" [ RunTime:0.000000s ]
[ sql ] [ SQL ] select id,value from attr where name = "game_year" [ RunTime:0.001000s ]
[ sql ] [ SQL ] select DISTINCT status_ from test [ RunTime:0.000000s ]
[ sql ] [ SQL ] select group_id from group_ WHERE group_name = '大招' [ RunTime:0.001000s ]
[ sql ] [ SQL ] select game.g_name,data_.emoi,data_.scl,data_.High_alpha,data_.gamma,data_.tag FROM 
                                     game,data_ 
                                     WHERE 
                                data_.id IN (SELECT test_id FROM group_test WHERE group_id = '30') 
                                AND game.g_id IN (SELECT g_id FROM test WHERE test_id = data_.test_id) [ RunTime:0.000000s ]

---------------------------------------------------------------
[ 2017-03-30T16:48:42+08:00 ] ::1 ::1 POST /tp5/public/index.php/demo/hello/sortdata.html
[ log ] localhost/tp5/public/index.php/demo/hello/sortdata.html [运行时间：0.043003s][吞吐率：23.25req/s] [内存消耗：1,590.52kb] [文件加载：40]
[ info ] [ LANG ] C:\xampp\htdocs\tp5\thinkphp\lang\zh-cn.php
[ info ] [ ROUTE ] array (
  'type' => 'module',
  'module' => 
  array (
    0 => 'demo',
    1 => 'hello',
    2 => 'sortdata',
  ),
)
[ info ] [ HEADER ] array (
  'host' => 'localhost',
  'connection' => 'keep-alive',
  'content-length' => '66',
  'accept' => 'application/json, text/javascript, */*; q=0.01',
  'origin' => 'http://localhost',
  'x-requested-with' => 'XMLHttpRequest',
  'user-agent' => 'Mozilla/5.0 (Windows NT 6.1; WOW64) AppleWebKit/537.36 (KHTML, like Gecko) Chrome/53.0.2785.89 Safari/537.36',
  'content-type' => 'application/x-www-form-urlencoded; charset=UTF-8',
  'referer' => 'http://localhost/tp5/public/index.php/demo/hello/sort.html',
  'accept-encoding' => 'gzip, deflate',
  'accept-language' => 'zh-CN,zh;q=0.8',
  'cookie' => 'project_name=p1; group_name=%E5%A4%A7%E6%8B%9B; project_id=5; pgv_pvi=1445688320; Phpstorm-e4311aeb=e3ecb2d2-64ad-427e-a502-9b52cf11c2cf',
)
[ info ] [ PARAM ] array (
  'count_n' => '',
  'sex' => '3',
  'age_group' => '9',
  'game_experience' => '13',
  'game_year' => '6',
  'status' => '2',
)
[ info ] [ RUN ] app\demo\controller\Hello->sortData[ C:\xampp\htdocs\tp5\application\demo\controller\Hello.php ]
[ info ] [ DB ] INIT mysql
[ info ] [ LOG ] INIT File
[ sql ] [ DB ] CONNECT:[ UseTime:0.002000s ] mysql:dbname=sort;host=localhost;port=3306;charset=utf8
[ sql ] [ SQL ] select game.g_name,data_.id,data_.emoi,data_.scl,data_.High_alpha,data_.gamma,data_.tag 
                                          from game,data_ 
                                WHERE game.g_id IN (SELECT g_id FROM test WHERE test_id = data_.test_id) AND data_.test_id IN 
                                (SELECT test_id FROM test WHERE status_ = '2' AND u_id IN (SELECT u_id FROM tester  WHERE u_sex_id = '3' AND u_age_id = '9' AND u_experience_id = '13' AND u_year_id='6' )) [ RunTime:0.000000s ]

---------------------------------------------------------------
[ 2017-03-30T16:48:46+08:00 ] ::1 ::1 POST /tp5/public/index.php/demo/hello/adddata.html
[ log ] localhost/tp5/public/index.php/demo/hello/adddata.html [运行时间：0.077005s][吞吐率：12.99req/s] [内存消耗：1,595.32kb] [文件加载：41]
[ info ] [ LANG ] C:\xampp\htdocs\tp5\thinkphp\lang\zh-cn.php
[ info ] [ ROUTE ] array (
  'type' => 'module',
  'module' => 
  array (
    0 => 'demo',
    1 => 'hello',
    2 => 'adddata',
  ),
)
[ info ] [ HEADER ] array (
  'host' => 'localhost',
  'connection' => 'keep-alive',
  'content-length' => '17',
  'accept' => '*/*',
  'origin' => 'http://localhost',
  'x-requested-with' => 'XMLHttpRequest',
  'user-agent' => 'Mozilla/5.0 (Windows NT 6.1; WOW64) AppleWebKit/537.36 (KHTML, like Gecko) Chrome/53.0.2785.89 Safari/537.36',
  'content-type' => 'application/x-www-form-urlencoded; charset=UTF-8',
  'referer' => 'http://localhost/tp5/public/index.php/demo/hello/sort.html',
  'accept-encoding' => 'gzip, deflate',
  'accept-language' => 'zh-CN,zh;q=0.8',
  'cookie' => 'project_name=p1; group_name=%E5%A4%A7%E6%8B%9B; project_id=5; pgv_pvi=1445688320; Phpstorm-e4311aeb=e3ecb2d2-64ad-427e-a502-9b52cf11c2cf',
)
[ info ] [ PARAM ] array (
  'id' => '["20"]',
)
[ info ] [ RUN ] app\demo\controller\Hello->addData[ C:\xampp\htdocs\tp5\application\demo\controller\Hello.php ]
[ info ] [ DB ] INIT mysql
[ info ] [ LOG ] INIT File
[ sql ] [ DB ] CONNECT:[ UseTime:0.002000s ] mysql:dbname=sort;host=localhost;port=3306;charset=utf8
[ sql ] [ SQL ] select group_id from group_ WHERE group_name = '大招' [ RunTime:0.000000s ]
[ sql ] [ SQL ] select count(id) AS id from group_test WHERE group_id = '30'AND test_id = '20' [ RunTime:0.000000s ]
[ sql ] [ SQL ] insert into group_test (group_id,test_id) VALUES ('30','20') [ RunTime:0.040003s ]

---------------------------------------------------------------
[ 2017-03-30T16:48:47+08:00 ] ::1 ::1 GET /tp5/public/index.php/demo/hello/sort.html
[ log ] localhost/tp5/public/index.php/demo/hello/sort.html [运行时间：0.050003s][吞吐率：20.00req/s] [内存消耗：1,675.66kb] [文件加载：43]
[ info ] [ LANG ] C:\xampp\htdocs\tp5\thinkphp\lang\zh-cn.php
[ info ] [ ROUTE ] array (
  'type' => 'module',
  'module' => 
  array (
    0 => 'demo',
    1 => 'hello',
    2 => 'sort',
  ),
)
[ info ] [ HEADER ] array (
  'host' => 'localhost',
  'connection' => 'keep-alive',
  'cache-control' => 'max-age=0',
  'upgrade-insecure-requests' => '1',
  'user-agent' => 'Mozilla/5.0 (Windows NT 6.1; WOW64) AppleWebKit/537.36 (KHTML, like Gecko) Chrome/53.0.2785.89 Safari/537.36',
  'accept' => 'text/html,application/xhtml+xml,application/xml;q=0.9,image/webp,*/*;q=0.8',
  'referer' => 'http://localhost/tp5/public/index.php/demo/hello/group.html',
  'accept-encoding' => 'gzip, deflate, sdch',
  'accept-language' => 'zh-CN,zh;q=0.8',
  'cookie' => 'project_name=p1; group_name=%E5%A4%A7%E6%8B%9B; project_id=5; pgv_pvi=1445688320; Phpstorm-e4311aeb=e3ecb2d2-64ad-427e-a502-9b52cf11c2cf',
)
[ info ] [ PARAM ] array (
)
[ info ] [ RUN ] app\demo\controller\Hello->sort[ C:\xampp\htdocs\tp5\application\demo\controller\Hello.php ]
[ info ] [ DB ] INIT mysql
[ info ] [ VIEW ] C:\xampp\htdocs\tp5\public/../application/demo\view\hello\sort.html [ array (
  0 => 'tester',
  1 => 'game',
  2 => 'game_type',
  3 => 'terminal_type',
  4 => 'sex',
  5 => 'age_group',
  6 => 'game_experience',
  7 => 'game_year',
  8 => 'status',
  9 => 'group_n',
  10 => 'data',
) ]
[ info ] [ LOG ] INIT File
[ sql ] [ DB ] CONNECT:[ UseTime:0.002000s ] mysql:dbname=sort;host=localhost;port=3306;charset=utf8
[ sql ] [ SQL ] select u_id,u_name from tester [ RunTime:0.001000s ]
[ sql ] [ SQL ] select g_id,g_name from game [ RunTime:0.000000s ]
[ sql ] [ SQL ] select id,value from attr where name = "game_type" [ RunTime:0.000000s ]
[ sql ] [ SQL ] select id,value from attr where name = "terminal_type" [ RunTime:0.000000s ]
[ sql ] [ SQL ] select id,value from attr where name = "sex_type" [ RunTime:0.000000s ]
[ sql ] [ SQL ] select id,value from attr where name = "age_type" [ RunTime:0.001000s ]
[ sql ] [ SQL ] select id,value from attr where name = "game_experience" [ RunTime:0.000000s ]
[ sql ] [ SQL ] select id,value from attr where name = "game_year" [ RunTime:0.000000s ]
[ sql ] [ SQL ] select DISTINCT status_ from test [ RunTime:0.000000s ]
[ sql ] [ SQL ] select group_id from group_ WHERE group_name = '大招' [ RunTime:0.000000s ]
[ sql ] [ SQL ] select game.g_name,data_.emoi,data_.scl,data_.High_alpha,data_.gamma,data_.tag FROM 
                                     game,data_ 
                                     WHERE 
                                data_.id IN (SELECT test_id FROM group_test WHERE group_id = '30') 
                                AND game.g_id IN (SELECT g_id FROM test WHERE test_id = data_.test_id) [ RunTime:0.000000s ]

---------------------------------------------------------------
[ 2017-03-30T16:53:48+08:00 ] ::1 ::1 GET /tp5/public/index.php/demo/hello/project.html
[ log ] localhost/tp5/public/index.php/demo/hello/project.html [运行时间：0.077005s][吞吐率：12.99req/s] [内存消耗：1,630.75kb] [文件加载：42]
[ info ] [ LANG ] C:\xampp\htdocs\tp5\thinkphp\lang\zh-cn.php
[ info ] [ ROUTE ] array (
  'type' => 'module',
  'module' => 
  array (
    0 => 'demo',
    1 => 'hello',
    2 => 'project',
  ),
)
[ info ] [ HEADER ] array (
  'host' => 'localhost',
  'connection' => 'keep-alive',
  'upgrade-insecure-requests' => '1',
  'user-agent' => 'Mozilla/5.0 (Windows NT 6.1; WOW64) AppleWebKit/537.36 (KHTML, like Gecko) Chrome/53.0.2785.89 Safari/537.36',
  'accept' => 'text/html,application/xhtml+xml,application/xml;q=0.9,image/webp,*/*;q=0.8',
  'referer' => 'http://localhost/tp5/public/index.php/demo/hello/sort.html',
  'accept-encoding' => 'gzip, deflate, sdch',
  'accept-language' => 'zh-CN,zh;q=0.8',
  'cookie' => 'project_name=p1; group_name=%E5%A4%A7%E6%8B%9B; project_id=5; pgv_pvi=1445688320; Phpstorm-e4311aeb=e3ecb2d2-64ad-427e-a502-9b52cf11c2cf',
)
[ info ] [ PARAM ] array (
)
[ info ] [ RUN ] app\demo\controller\Hello->project[ C:\xampp\htdocs\tp5\application\demo\controller\Hello.php ]
[ info ] [ DB ] INIT mysql
[ info ] [ VIEW ] C:\xampp\htdocs\tp5\public/../application/demo\view\hello\project.html [ array (
  0 => 'project_name',
) ]
[ info ] [ LOG ] INIT File
[ sql ] [ DB ] CONNECT:[ UseTime:0.003000s ] mysql:dbname=sort;host=localhost;port=3306;charset=utf8
[ sql ] [ SQL ] select project_name from project [ RunTime:0.001000s ]

---------------------------------------------------------------
[ 2017-03-30T16:53:50+08:00 ] ::1 ::1 GET /tp5/public/index.php/demo/hello/group.html
[ log ] localhost/tp5/public/index.php/demo/hello/group.html [运行时间：0.096005s][吞吐率：10.42req/s] [内存消耗：1,658.29kb] [文件加载：43]
[ info ] [ LANG ] C:\xampp\htdocs\tp5\thinkphp\lang\zh-cn.php
[ info ] [ ROUTE ] array (
  'type' => 'module',
  'module' => 
  array (
    0 => 'demo',
    1 => 'hello',
    2 => 'group',
  ),
)
[ info ] [ HEADER ] array (
  'host' => 'localhost',
  'connection' => 'keep-alive',
  'upgrade-insecure-requests' => '1',
  'user-agent' => 'Mozilla/5.0 (Windows NT 6.1; WOW64) AppleWebKit/537.36 (KHTML, like Gecko) Chrome/53.0.2785.89 Safari/537.36',
  'accept' => 'text/html,application/xhtml+xml,application/xml;q=0.9,image/webp,*/*;q=0.8',
  'referer' => 'http://localhost/tp5/public/index.php/demo/hello/project.html',
  'accept-encoding' => 'gzip, deflate, sdch',
  'accept-language' => 'zh-CN,zh;q=0.8',
  'cookie' => 'group_name=%E5%A4%A7%E6%8B%9B; project_id=5; project_name=p1; pgv_pvi=1445688320; Phpstorm-e4311aeb=e3ecb2d2-64ad-427e-a502-9b52cf11c2cf',
)
[ info ] [ PARAM ] array (
)
[ info ] [ RUN ] app\demo\controller\Hello->group[ C:\xampp\htdocs\tp5\application\demo\controller\Hello.php ]
[ info ] [ DB ] INIT mysql
[ info ] [ VIEW ] C:\xampp\htdocs\tp5\public/../application/demo\view\hello\group.html [ array (
  0 => 'project_n',
  1 => 'project_id',
  2 => 'group_name',
) ]
[ info ] [ LOG ] INIT File
[ sql ] [ DB ] CONNECT:[ UseTime:0.013000s ] mysql:dbname=sort;host=localhost;port=3306;charset=utf8
[ sql ] [ SQL ] select project_id from project WHERE project_name = 'p1' [ RunTime:0.001000s ]
[ sql ] [ SQL ] select group_name from group_ WHERE group_id IN (SELECT group_id FROM project_group WHERE project_id = '5') [ RunTime:0.000000s ]

---------------------------------------------------------------
[ 2017-03-30T16:53:51+08:00 ] ::1 ::1 GET /tp5/public/index.php/demo/hello/sort.html
[ log ] localhost/tp5/public/index.php/demo/hello/sort.html [运行时间：0.094005s][吞吐率：10.64req/s] [内存消耗：1,681.23kb] [文件加载：43]
[ info ] [ LANG ] C:\xampp\htdocs\tp5\thinkphp\lang\zh-cn.php
[ info ] [ ROUTE ] array (
  'type' => 'module',
  'module' => 
  array (
    0 => 'demo',
    1 => 'hello',
    2 => 'sort',
  ),
)
[ info ] [ HEADER ] array (
  'host' => 'localhost',
  'connection' => 'keep-alive',
  'upgrade-insecure-requests' => '1',
  'user-agent' => 'Mozilla/5.0 (Windows NT 6.1; WOW64) AppleWebKit/537.36 (KHTML, like Gecko) Chrome/53.0.2785.89 Safari/537.36',
  'accept' => 'text/html,application/xhtml+xml,application/xml;q=0.9,image/webp,*/*;q=0.8',
  'referer' => 'http://localhost/tp5/public/index.php/demo/hello/group.html',
  'accept-encoding' => 'gzip, deflate, sdch',
  'accept-language' => 'zh-CN,zh;q=0.8',
  'cookie' => 'project_name=p1; group_name=p1_1; project_id=5; pgv_pvi=1445688320; Phpstorm-e4311aeb=e3ecb2d2-64ad-427e-a502-9b52cf11c2cf',
)
[ info ] [ PARAM ] array (
)
[ info ] [ RUN ] app\demo\controller\Hello->sort[ C:\xampp\htdocs\tp5\application\demo\controller\Hello.php ]
[ info ] [ DB ] INIT mysql
[ info ] [ VIEW ] C:\xampp\htdocs\tp5\public/../application/demo\view\hello\sort.html [ array (
  0 => 'tester',
  1 => 'game',
  2 => 'game_type',
  3 => 'terminal_type',
  4 => 'sex',
  5 => 'age_group',
  6 => 'game_experience',
  7 => 'game_year',
  8 => 'status',
  9 => 'group_n',
  10 => 'data',
) ]
[ info ] [ LOG ] INIT File
[ sql ] [ DB ] CONNECT:[ UseTime:0.013001s ] mysql:dbname=sort;host=localhost;port=3306;charset=utf8
[ sql ] [ SQL ] select u_id,u_name from tester [ RunTime:0.001000s ]
[ sql ] [ SQL ] select g_id,g_name from game [ RunTime:0.000000s ]
[ sql ] [ SQL ] select id,value from attr where name = "game_type" [ RunTime:0.000000s ]
[ sql ] [ SQL ] select id,value from attr where name = "terminal_type" [ RunTime:0.000000s ]
[ sql ] [ SQL ] select id,value from attr where name = "sex_type" [ RunTime:0.000000s ]
[ sql ] [ SQL ] select id,value from attr where name = "age_type" [ RunTime:0.000000s ]
[ sql ] [ SQL ] select id,value from attr where name = "game_experience" [ RunTime:0.001000s ]
[ sql ] [ SQL ] select id,value from attr where name = "game_year" [ RunTime:0.000000s ]
[ sql ] [ SQL ] select DISTINCT status_ from test [ RunTime:0.001000s ]
[ sql ] [ SQL ] select group_id from group_ WHERE group_name = 'p1_1' [ RunTime:0.000000s ]
[ sql ] [ SQL ] select game.g_name,data_.emoi,data_.scl,data_.High_alpha,data_.gamma,data_.tag FROM 
                                     game,data_ 
                                     WHERE 
                                data_.id IN (SELECT test_id FROM group_test WHERE group_id = '29') 
                                AND game.g_id IN (SELECT g_id FROM test WHERE test_id = data_.test_id) [ RunTime:0.001000s ]

---------------------------------------------------------------
[ 2017-03-30T16:54:17+08:00 ] ::1 ::1 POST /tp5/public/index.php/demo/hello/sortdata.html
[ log ] localhost/tp5/public/index.php/demo/hello/sortdata.html [运行时间：0.052003s][吞吐率：19.23req/s] [内存消耗：1,594.77kb] [文件加载：40]
[ info ] [ LANG ] C:\xampp\htdocs\tp5\thinkphp\lang\zh-cn.php
[ info ] [ ROUTE ] array (
  'type' => 'module',
  'module' => 
  array (
    0 => 'demo',
    1 => 'hello',
    2 => 'sortdata',
  ),
)
[ info ] [ HEADER ] array (
  'host' => 'localhost',
  'connection' => 'keep-alive',
  'content-length' => '66',
  'accept' => 'application/json, text/javascript, */*; q=0.01',
  'origin' => 'http://localhost',
  'x-requested-with' => 'XMLHttpRequest',
  'user-agent' => 'Mozilla/5.0 (Windows NT 6.1; WOW64) AppleWebKit/537.36 (KHTML, like Gecko) Chrome/53.0.2785.89 Safari/537.36',
  'content-type' => 'application/x-www-form-urlencoded; charset=UTF-8',
  'referer' => 'http://localhost/tp5/public/index.php/demo/hello/sort.html',
  'accept-encoding' => 'gzip, deflate',
  'accept-language' => 'zh-CN,zh;q=0.8',
  'cookie' => 'project_name=p1; group_name=p1_1; project_id=5; pgv_pvi=1445688320; Phpstorm-e4311aeb=e3ecb2d2-64ad-427e-a502-9b52cf11c2cf',
)
[ info ] [ PARAM ] array (
  'count_n' => '',
  'sex' => '3',
  'age_group' => '9',
  'game_experience' => '13',
  'game_year' => '6',
  'status' => '1',
)
[ info ] [ RUN ] app\demo\controller\Hello->sortData[ C:\xampp\htdocs\tp5\application\demo\controller\Hello.php ]
[ info ] [ DB ] INIT mysql
[ info ] [ LOG ] INIT File
[ sql ] [ DB ] CONNECT:[ UseTime:0.011000s ] mysql:dbname=sort;host=localhost;port=3306;charset=utf8
[ sql ] [ SQL ] select game.g_name,data_.id,data_.emoi,data_.scl,data_.High_alpha,data_.gamma,data_.tag 
                                          from game,data_ 
                                WHERE game.g_id IN (SELECT g_id FROM test WHERE test_id = data_.test_id) AND data_.test_id IN 
                                (SELECT test_id FROM test WHERE status_ = '1' AND u_id IN (SELECT u_id FROM tester  WHERE u_sex_id = '3' AND u_age_id = '9' AND u_experience_id = '13' AND u_year_id='6' )) [ RunTime:0.001000s ]

---------------------------------------------------------------
[ 2017-03-30T16:54:37+08:00 ] ::1 ::1 POST /tp5/public/index.php/demo/hello/adddata.html
[ log ] localhost/tp5/public/index.php/demo/hello/adddata.html [运行时间：0.112006s][吞吐率：8.93req/s] [内存消耗：1,595.16kb] [文件加载：41]
[ info ] [ LANG ] C:\xampp\htdocs\tp5\thinkphp\lang\zh-cn.php
[ info ] [ ROUTE ] array (
  'type' => 'module',
  'module' => 
  array (
    0 => 'demo',
    1 => 'hello',
    2 => 'adddata',
  ),
)
[ info ] [ HEADER ] array (
  'host' => 'localhost',
  'connection' => 'keep-alive',
  'content-length' => '16',
  'accept' => '*/*',
  'origin' => 'http://localhost',
  'x-requested-with' => 'XMLHttpRequest',
  'user-agent' => 'Mozilla/5.0 (Windows NT 6.1; WOW64) AppleWebKit/537.36 (KHTML, like Gecko) Chrome/53.0.2785.89 Safari/537.36',
  'content-type' => 'application/x-www-form-urlencoded; charset=UTF-8',
  'referer' => 'http://localhost/tp5/public/index.php/demo/hello/sort.html',
  'accept-encoding' => 'gzip, deflate',
  'accept-language' => 'zh-CN,zh;q=0.8',
  'cookie' => 'project_name=p1; group_name=p1_1; project_id=5; pgv_pvi=1445688320; Phpstorm-e4311aeb=e3ecb2d2-64ad-427e-a502-9b52cf11c2cf',
)
[ info ] [ PARAM ] array (
  'id' => '["7"]',
)
[ info ] [ RUN ] app\demo\controller\Hello->addData[ C:\xampp\htdocs\tp5\application\demo\controller\Hello.php ]
[ info ] [ DB ] INIT mysql
[ info ] [ LOG ] INIT File
[ sql ] [ DB ] CONNECT:[ UseTime:0.002001s ] mysql:dbname=sort;host=localhost;port=3306;charset=utf8
[ sql ] [ SQL ] select group_id from group_ WHERE group_name = 'p1_1' [ RunTime:0.000000s ]
[ sql ] [ SQL ] select count(id) AS id from group_test WHERE group_id = '29'AND test_id = '7' [ RunTime:0.001000s ]
[ sql ] [ SQL ] insert into group_test (group_id,test_id) VALUES ('29','7') [ RunTime:0.064003s ]

---------------------------------------------------------------
[ 2017-03-30T16:54:41+08:00 ] ::1 ::1 GET /tp5/public/index.php/demo/hello/sort.html
[ log ] localhost/tp5/public/index.php/demo/hello/sort.html [运行时间：0.086005s][吞吐率：11.63req/s] [内存消耗：1,682.41kb] [文件加载：43]
[ info ] [ LANG ] C:\xampp\htdocs\tp5\thinkphp\lang\zh-cn.php
[ info ] [ ROUTE ] array (
  'type' => 'module',
  'module' => 
  array (
    0 => 'demo',
    1 => 'hello',
    2 => 'sort',
  ),
)
[ info ] [ HEADER ] array (
  'host' => 'localhost',
  'connection' => 'keep-alive',
  'cache-control' => 'max-age=0',
  'upgrade-insecure-requests' => '1',
  'user-agent' => 'Mozilla/5.0 (Windows NT 6.1; WOW64) AppleWebKit/537.36 (KHTML, like Gecko) Chrome/53.0.2785.89 Safari/537.36',
  'accept' => 'text/html,application/xhtml+xml,application/xml;q=0.9,image/webp,*/*;q=0.8',
  'referer' => 'http://localhost/tp5/public/index.php/demo/hello/group.html',
  'accept-encoding' => 'gzip, deflate, sdch',
  'accept-language' => 'zh-CN,zh;q=0.8',
  'cookie' => 'project_name=p1; group_name=p1_1; project_id=5; pgv_pvi=1445688320; Phpstorm-e4311aeb=e3ecb2d2-64ad-427e-a502-9b52cf11c2cf',
)
[ info ] [ PARAM ] array (
)
[ info ] [ RUN ] app\demo\controller\Hello->sort[ C:\xampp\htdocs\tp5\application\demo\controller\Hello.php ]
[ info ] [ DB ] INIT mysql
[ info ] [ VIEW ] C:\xampp\htdocs\tp5\public/../application/demo\view\hello\sort.html [ array (
  0 => 'tester',
  1 => 'game',
  2 => 'game_type',
  3 => 'terminal_type',
  4 => 'sex',
  5 => 'age_group',
  6 => 'game_experience',
  7 => 'game_year',
  8 => 'status',
  9 => 'group_n',
  10 => 'data',
) ]
[ info ] [ LOG ] INIT File
[ sql ] [ DB ] CONNECT:[ UseTime:0.005001s ] mysql:dbname=sort;host=localhost;port=3306;charset=utf8
[ sql ] [ SQL ] select u_id,u_name from tester [ RunTime:0.000000s ]
[ sql ] [ SQL ] select g_id,g_name from game [ RunTime:0.001000s ]
[ sql ] [ SQL ] select id,value from attr where name = "game_type" [ RunTime:0.001000s ]
[ sql ] [ SQL ] select id,value from attr where name = "terminal_type" [ RunTime:0.000000s ]
[ sql ] [ SQL ] select id,value from attr where name = "sex_type" [ RunTime:0.001000s ]
[ sql ] [ SQL ] select id,value from attr where name = "age_type" [ RunTime:0.000000s ]
[ sql ] [ SQL ] select id,value from attr where name = "game_experience" [ RunTime:0.000000s ]
[ sql ] [ SQL ] select id,value from attr where name = "game_year" [ RunTime:0.001000s ]
[ sql ] [ SQL ] select DISTINCT status_ from test [ RunTime:0.000000s ]
[ sql ] [ SQL ] select group_id from group_ WHERE group_name = 'p1_1' [ RunTime:0.001000s ]
[ sql ] [ SQL ] select game.g_name,data_.emoi,data_.scl,data_.High_alpha,data_.gamma,data_.tag FROM 
                                     game,data_ 
                                     WHERE 
                                data_.id IN (SELECT test_id FROM group_test WHERE group_id = '29') 
                                AND game.g_id IN (SELECT g_id FROM test WHERE test_id = data_.test_id) [ RunTime:0.001000s ]

---------------------------------------------------------------
